d:\ogre-git\ogre\ogre\builds\rendersystems\direct3d11\rendersystem_direct3d11.dir\debug\ogred3d11device.obj
d:\ogre-git\ogre\ogre\builds\rendersystems\direct3d11\rendersystem_direct3d11.dir\debug\ogred3d11hardwarebuffermanager.obj
d:\ogre-git\ogre\ogre\builds\rendersystems\direct3d11\rendersystem_direct3d11.dir\debug\ogred3d11plugin.obj
d:\ogre-git\ogre\ogre\builds\rendersystems\direct3d11\rendersystem_direct3d11.dir\debug\ogred3d11enginedll.obj
d:\ogre-git\ogre\ogre\builds\rendersystems\direct3d11\rendersystem_direct3d11.dir\debug\ogred3d11mappings.obj
d:\ogre-git\ogre\ogre\builds\rendersystems\direct3d11\rendersystem_direct3d11.dir\debug\ogred3d11hlslprogram.obj
d:\ogre-git\ogre\ogre\builds\rendersystems\direct3d11\rendersystem_direct3d11.dir\debug\ogred3d11vertexdeclaration.obj
d:\ogre-git\ogre\ogre\builds\rendersystems\direct3d11\rendersystem_direct3d11.dir\debug\ogred3d11stereodrivernvidia.obj
d:\ogre-git\ogre\ogre\builds\rendersystems\direct3d11\rendersystem_direct3d11.dir\debug\ogred3d11rendertovertexbuffer.obj
d:\ogre-git\ogre\ogre\builds\rendersystems\direct3d11\rendersystem_direct3d11.dir\debug\ogred3d11hlslprogramfactory.obj
d:\ogre-git\ogre\ogre\builds\rendersystems\direct3d11\rendersystem_direct3d11.dir\debug\ogred3d11deviceresource.obj
d:\ogre-git\ogre\ogre\builds\rendersystems\direct3d11\rendersystem_direct3d11.dir\debug\ogred3d11texture.obj
d:\ogre-git\ogre\ogre\builds\rendersystems\direct3d11\rendersystem_direct3d11.dir\debug\ogred3d11hardwarebuffer.obj
d:\ogre-git\ogre\ogre\builds\rendersystems\direct3d11\rendersystem_direct3d11.dir\debug\ogred3d11videomode.obj
d:\ogre-git\ogre\ogre\builds\rendersystems\direct3d11\rendersystem_direct3d11.dir\debug\ogred3d11texturemanager.obj
d:\ogre-git\ogre\ogre\builds\rendersystems\direct3d11\rendersystem_direct3d11.dir\debug\ogred3d11renderwindow.obj
d:\ogre-git\ogre\ogre\builds\rendersystems\direct3d11\rendersystem_direct3d11.dir\debug\ogred3d11stereodriveramd.obj
d:\ogre-git\ogre\ogre\builds\rendersystems\direct3d11\rendersystem_direct3d11.dir\debug\ogred3d11multirendertarget.obj
d:\ogre-git\ogre\ogre\builds\rendersystems\direct3d11\rendersystem_direct3d11.dir\debug\ogred3d11rendersystem.obj
d:\ogre-git\ogre\ogre\builds\rendersystems\direct3d11\rendersystem_direct3d11.dir\debug\ogrensightchecker.obj
d:\ogre-git\ogre\ogre\builds\rendersystems\direct3d11\rendersystem_direct3d11.dir\debug\ogred3d11driver.obj
d:\ogre-git\ogre\ogre\builds\rendersystems\direct3d11\rendersystem_direct3d11.dir\debug\ogred3d11depthbuffer.obj
d:\ogre-git\ogre\ogre\builds\rendersystems\direct3d11\rendersystem_direct3d11.dir\debug\ogred3d11hardwareocclusionquery.obj
d:\ogre-git\ogre\ogre\builds\rendersystems\direct3d11\rendersystem_direct3d11.dir\debug\ogred3d11hardwarepixelbuffer.obj
d:\ogre-git\ogre\ogre\builds\rendersystems\direct3d11\rendersystem_direct3d11.dir\debug\ogremonitorinfo.obj
d:\ogre-git\ogre\ogre\builds\rendersystems\direct3d11\rendersystem_direct3d11.dir\debug\ogred3d11stereodriverbridge.obj
d:\ogre-git\ogre\ogre\builds\rendersystems\direct3d11\rendersystem_direct3d11.dir\debug\ogred3d11videomodelist.obj
d:\ogre-git\ogre\ogre\builds\rendersystems\direct3d11\rendersystem_direct3d11.dir\debug\ogred3d11driverlist.obj
d:\ogre-git\ogre\ogre\builds\rendersystems\direct3d11\rendersystem_direct3d11.dir\debug\vc142.pdb
d:\ogre-git\ogre\ogre\builds\rendersystems\direct3d11\rendersystem_direct3d11.dir\debug\rendersystem_direct3d11_d.ilk
d:\ogre-git\ogre\ogre\builds\bin\debug\rendersystem_direct3d11_d.dll
d:\ogre-git\ogre\ogre\builds\bin\debug\rendersystem_direct3d11_d.pdb
d:\ogre-git\ogre\ogre\builds\lib\debug\rendersystem_direct3d11_d.lib
d:\ogre-git\ogre\ogre\builds\lib\debug\rendersystem_direct3d11_d.exp
d:\ogre-git\ogre\ogre\builds\rendersystems\direct3d11\rendersystem_direct3d11.dir\debug\rendersy.08e3aeb6.tlog\cl.13636.write.1.tlog
d:\ogre-git\ogre\ogre\builds\rendersystems\direct3d11\rendersystem_direct3d11.dir\debug\rendersy.08e3aeb6.tlog\cl.command.1.tlog
d:\ogre-git\ogre\ogre\builds\rendersystems\direct3d11\rendersystem_direct3d11.dir\debug\rendersy.08e3aeb6.tlog\cl.read.1.tlog
d:\ogre-git\ogre\ogre\builds\rendersystems\direct3d11\rendersystem_direct3d11.dir\debug\rendersy.08e3aeb6.tlog\link.command.1.tlog
d:\ogre-git\ogre\ogre\builds\rendersystems\direct3d11\rendersystem_direct3d11.dir\debug\rendersy.08e3aeb6.tlog\link.read.1.tlog
d:\ogre-git\ogre\ogre\builds\rendersystems\direct3d11\rendersystem_direct3d11.dir\debug\rendersy.08e3aeb6.tlog\link.write.1.tlog
d:\ogre-git\ogre\ogre\builds\rendersystems\direct3d11\rendersystem_direct3d11.dir\debug\rendersy.08e3aeb6.tlog\rendersystem_direct3d11.write.1u.tlog
