d:\ogre-git\ogre\ogre\builds\ogremain\ogremain.dir\debug\cmake_pch.pch
d:\ogre-git\ogre\ogre\builds\ogremain\ogremain.dir\debug\vc142.pdb
d:\ogre-git\ogre\ogre\builds\ogremain\ogremain.dir\debug\cmake_pch.obj
d:\ogre-git\ogre\ogre\builds\ogremain\ogremain.dir\debug\ogrecamera.obj
d:\ogre-git\ogre\ogre\builds\ogremain\ogremain.dir\debug\ogreinstancebatchvtf.obj
d:\ogre-git\ogre\ogre\builds\ogremain\ogremain.dir\debug\ogrerenderqueuesortinggrouping.obj
d:\ogre-git\ogre\ogre\builds\ogremain\ogremain.dir\debug\ogreshadowcaster.obj
d:\ogre-git\ogre\ogre\builds\ogremain\ogremain.dir\debug\ogrecompositorchain.obj
d:\ogre-git\ogre\ogre\builds\ogremain\ogremain.dir\debug\ogreroot.obj
d:\ogre-git\ogre\ogre\builds\ogremain\ogremain.dir\debug\ogrebone.obj
d:\ogre-git\ogre\ogre\builds\ogremain\ogremain.dir\debug\ogredualquaternion.obj
d:\ogre-git\ogre\ogre\builds\ogremain\ogremain.dir\debug\ogregpuprogramparams.obj
d:\ogre-git\ogre\ogre\builds\ogremain\ogremain.dir\debug\ogrerenderable.obj
d:\ogre-git\ogre\ogre\builds\ogremain\ogremain.dir\debug\ogreshadowcamerasetupfocused.obj
d:\ogre-git\ogre\ogre\builds\ogremain\ogremain.dir\debug\ogresimplerenderable.obj
d:\ogre-git\ogre\ogre\builds\ogremain\ogremain.dir\debug\ogrevertexindexdata.obj
d:\ogre-git\ogre\ogre\builds\ogremain\ogremain.dir\debug\ogrecolourvalue.obj
d:\ogre-git\ogre\ogre\builds\ogremain\ogremain.dir\debug\ogredynlibmanager.obj
d:\ogre-git\ogre\ogre\builds\ogremain\ogremain.dir\debug\ogrelodstrategy.obj
d:\ogre-git\ogre\ogre\builds\ogremain\ogremain.dir\debug\ogrematrix4.obj
d:\ogre-git\ogre\ogre\builds\ogremain\ogremain.dir\debug\ogremurmurhash3.obj
d:\ogre-git\ogre\ogre\builds\ogremain\ogremain.dir\debug\ogreparticleemittercommands.obj
d:\ogre-git\ogre\ogre\builds\ogremain\ogremain.dir\debug\ogrerendertovertexbuffer.obj
d:\ogre-git\ogre\ogre\builds\ogremain\ogremain.dir\debug\ogrescenenode.obj
d:\ogre-git\ogre\ogre\builds\ogremain\ogremain.dir\debug\ogreskeletoninstance.obj
d:\ogre-git\ogre\ogre\builds\ogremain\ogremain.dir\debug\ogreconfigfile.obj
d:\ogre-git\ogre\ogre\builds\ogremain\ogremain.dir\debug\ogrehardwarepixelbuffer.obj
d:\ogre-git\ogre\ogre\builds\ogremain\ogremain.dir\debug\ogremeshmanager.obj
d:\ogre-git\ogre\ogre\builds\ogremain\ogremain.dir\debug\ogrepose.obj
d:\ogre-git\ogre\ogre\builds\ogremain\ogremain.dir\debug\ogreresourcebackgroundqueue.obj
d:\ogre-git\ogre\ogre\builds\ogremain\ogremain.dir\debug\ogreskeletonmanager.obj
d:\ogre-git\ogre\ogre\builds\ogremain\ogremain.dir\debug\ogreddscodec.obj
d:\ogre-git\ogre\ogre\builds\ogremain\ogremain.dir\debug\ogredefaultdebugdrawer.obj
d:\ogre-git\ogre\ogre\builds\ogremain\ogremain.dir\debug\ogreentity.obj
d:\ogre-git\ogre\ogre\builds\ogremain\ogremain.dir\debug\ogrescenemanager.obj
d:\ogre-git\ogre\ogre\builds\ogremain\ogremain.dir\debug\ogrecompositorinstance.obj
d:\ogre-git\ogre\ogre\builds\ogremain\ogremain.dir\debug\ogreshadowvolumeextrudeprogram.obj
d:\ogre-git\ogre\ogre\builds\ogremain\ogremain.dir\debug\ogredefaulthardwarebuffermanager.obj
d:\ogre-git\ogre\ogre\builds\ogremain\ogremain.dir\debug\ogreexception.obj
d:\ogre-git\ogre\ogre\builds\ogremain\ogremain.dir\debug\ogreinstancebatch.obj
d:\ogre-git\ogre\ogre\builds\ogremain\ogremain.dir\debug\ogremovableobject.obj
d:\ogre-git\ogre\ogre\builds\ogremain\ogremain.dir\debug\ogrepixelformat.obj
d:\ogre-git\ogre\ogre\builds\ogremain\ogremain.dir\debug\ogrerendersystemcapabilities.obj
d:\ogre-git\ogre\ogre\builds\ogremain\ogremain.dir\debug\ogrescenequery.obj
d:\ogre-git\ogre\ogre\builds\ogremain\ogremain.dir\debug\ogrestreamserialiser.obj
d:\ogre-git\ogre\ogre\builds\ogremain\ogremain.dir\debug\ogredatastream.obj
d:\ogre-git\ogre\ogre\builds\ogremain\ogremain.dir\debug\ogreexternaltexturesourcemanager.obj
d:\ogre-git\ogre\ogre\builds\ogremain\ogremain.dir\debug\ogrematerial.obj
d:\ogre-git\ogre\ogre\builds\ogremain\ogremain.dir\debug\ogrepolygon.obj
d:\ogre-git\ogre\ogre\builds\ogremain\ogremain.dir\debug\ogreresourcegroupmanager.obj
d:\ogre-git\ogre\ogre\builds\ogremain\ogremain.dir\debug\ogretextureunitstate.obj
d:\ogre-git\ogre\ogre\builds\ogremain\ogremain.dir\debug\ogrecompositormanager.obj
d:\ogre-git\ogre\ogre\builds\ogremain\ogremain.dir\debug\ogrewireboundingbox.obj
d:\ogre-git\ogre\ogre\builds\ogremain\ogremain.dir\debug\ogrecompositor.obj
d:\ogre-git\ogre\ogre\builds\ogremain\ogremain.dir\debug\ogrepixelcountlodstrategy.obj
d:\ogre-git\ogre\ogre\builds\ogremain\ogremain.dir\debug\ogrerenderqueue.obj
d:\ogre-git\ogre\ogre\builds\ogremain\ogremain.dir\debug\ogrerotationspline.obj
d:\ogre-git\ogre\ogre\builds\ogremain\ogremain.dir\debug\ogreshadowcamerasetupplaneoptimal.obj
d:\ogre-git\ogre\ogre\builds\ogremain\ogremain.dir\debug\ogreskyrenderer.obj
d:\ogre-git\ogre\ogre\builds\ogremain\ogremain.dir\debug\ogreaxisalignedbox.obj
d:\ogre-git\ogre\ogre\builds\ogremain\ogremain.dir\debug\ogredistancelodstrategy.obj
d:\ogre-git\ogre\ogre\builds\ogremain\ogremain.dir\debug\ogrehardwareocclusionquery.obj
d:\ogre-git\ogre\ogre\builds\ogremain\ogremain.dir\debug\ogrelight.obj
d:\ogre-git\ogre\ogre\builds\ogremain\ogremain.dir\debug\ogreoptimisedutilsse.obj
d:\ogre-git\ogre\ogre\builds\ogremain\ogremain.dir\debug\ogretagpoint.obj
d:\ogre-git\ogre\ogre\builds\ogremain\ogremain.dir\debug\ogrebillboardchain.obj
d:\ogre-git\ogre\ogre\builds\ogremain\ogremain.dir\debug\ogreinstancemanager.obj
d:\ogre-git\ogre\ogre\builds\ogremain\ogremain.dir\debug\ogrerendersystem.obj
d:\ogre-git\ogre\ogre\builds\ogremain\ogremain.dir\debug\ogretexture.obj
d:\ogre-git\ogre\ogre\builds\ogremain\ogremain.dir\debug\ogrebillboardset.obj
d:\ogre-git\ogre\ogre\builds\ogremain\ogremain.dir\debug\ogreinstancebatchshader.obj
d:\ogre-git\ogre\ogre\builds\ogremain\ogremain.dir\debug\ogremeshserializer.obj
d:\ogre-git\ogre\ogre\builds\ogremain\ogremain.dir\debug\ogrescriptparser.obj
d:\ogre-git\ogre\ogre\builds\ogremain\ogremain.dir\debug\ogresimplespline.obj
d:\ogre-git\ogre\ogre\builds\ogremain\ogremain.dir\debug\ogreviewport.obj
d:\ogre-git\ogre\ogre\builds\ogremain\ogremain.dir\debug\ogrebillboardparticlerenderer.obj
d:\ogre-git\ogre\ogre\builds\ogremain\ogremain.dir\debug\ogrehardwarebuffermanager.obj
d:\ogre-git\ogre\ogre\builds\ogremain\ogremain.dir\debug\ogreparticlesystemmanager.obj
d:\ogre-git\ogre\ogre\builds\ogremain\ogremain.dir\debug\ogreshadowtexturemanager.obj
d:\ogre-git\ogre\ogre\builds\ogremain\ogremain.dir\debug\ogreworkqueue.obj
d:\ogre-git\ogre\ogre\builds\ogremain\ogremain.dir\debug\ogreastccodec.obj
d:\ogre-git\ogre\ogre\builds\ogremain\ogremain.dir\debug\ogredeflate.obj
d:\ogre-git\ogre\ogre\builds\ogremain\ogremain.dir\debug\ogrefrustum.obj
d:\ogre-git\ogre\ogre\builds\ogremain\ogremain.dir\debug\ogrelodstrategymanager.obj
d:\ogre-git\ogre\ogre\builds\ogremain\ogremain.dir\debug\ogreoptimisedutilgeneral.obj
d:\ogre-git\ogre\ogre\builds\ogremain\ogremain.dir\debug\ogrescriptcompiler.obj
d:\ogre-git\ogre\ogre\builds\ogremain\ogremain.dir\debug\ogretimer.obj
d:\ogre-git\ogre\ogre\builds\ogremain\ogremain.dir\debug\ogrealignedallocator.obj
d:\ogre-git\ogre\ogre\builds\ogremain\ogremain.dir\debug\ogredefaultscenequeries.obj
d:\ogre-git\ogre\ogre\builds\ogremain\ogremain.dir\debug\ogreinstancebatchhw.obj
d:\ogre-git\ogre\ogre\builds\ogremain\ogremain.dir\debug\ogremeshserializerimpl.obj
d:\ogre-git\ogre\ogre\builds\ogremain\ogremain.dir\debug\ogreunifiedhighlevelgpuprogram.obj
d:\ogre-git\ogre\ogre\builds\ogremain\ogremain.dir\debug\ogrearchive.obj
d:\ogre-git\ogre\ogre\builds\ogremain\ogremain.dir\debug\ogredefaultworkqueuestandard.obj
d:\ogre-git\ogre\ogre\builds\ogremain\ogremain.dir\debug\ogreimage.obj
d:\ogre-git\ogre\ogre\builds\ogremain\ogremain.dir\debug\ogrematerialserializer.obj
d:\ogre-git\ogre\ogre\builds\ogremain\ogremain.dir\debug\ogrerectangle2d.obj
d:\ogre-git\ogre\ogre\builds\ogremain\ogremain.dir\debug\ogrerenderwindow.obj
d:\ogre-git\ogre\ogre\builds\ogremain\ogremain.dir\debug\ogrescripttranslator.obj
d:\ogre-git\ogre\ogre\builds\ogremain\ogremain.dir\debug\ogreconvexbody.obj
d:\ogre-git\ogre\ogre\builds\ogremain\ogremain.dir\debug\ogrelogmanager.obj
d:\ogre-git\ogre\ogre\builds\ogremain\ogremain.dir\debug\ogrenumerics.obj
d:\ogre-git\ogre\ogre\builds\ogremain\ogremain.dir\debug\ogrepass.obj
d:\ogre-git\ogre\ogre\builds\ogremain\ogremain.dir\debug\ogreresource.obj
d:\ogre-git\ogre\ogre\builds\ogremain\ogremain.dir\debug\ogreshadowcamerasetup.obj
d:\ogre-git\ogre\ogre\builds\ogremain\ogremain.dir\debug\ogreskeleton.obj
d:\ogre-git\ogre\ogre\builds\ogremain\ogremain.dir\debug\ogreanimationtrack.obj
d:\ogre-git\ogre\ogre\builds\ogremain\ogremain.dir\debug\ogreinstancebatchhw_vtf.obj
d:\ogre-git\ogre\ogre\builds\ogremain\ogremain.dir\debug\ogrepatchsurface.obj
d:\ogre-git\ogre\ogre\builds\ogremain\ogremain.dir\debug\ogrequaternion.obj
d:\ogre-git\ogre\ogre\builds\ogremain\ogremain.dir\debug\ogrerendersystemcapabilitiesserializer.obj
d:\ogre-git\ogre\ogre\builds\ogremain\ogremain.dir\debug\ogreuserobjectbindings.obj
d:\ogre-git\ogre\ogre\builds\ogremain\ogremain.dir\debug\ogreautoparamdatasource.obj
d:\ogre-git\ogre\ogre\builds\ogremain\ogremain.dir\debug\ogrehardwarevertexbuffer.obj
d:\ogre-git\ogre\ogre\builds\ogremain\ogremain.dir\debug\ogreparticlesystem.obj
d:\ogre-git\ogre\ogre\builds\ogremain\ogremain.dir\debug\ogretechnique.obj
d:\ogre-git\ogre\ogre\builds\ogremain\ogremain.dir\debug\ogrecompositiontargetpass.obj
d:\ogre-git\ogre\ogre\builds\ogremain\ogremain.dir\debug\ogregpuprogram.obj
d:\ogre-git\ogre\ogre\builds\ogremain\ogremain.dir\debug\ogrematrix3.obj
d:\ogre-git\ogre\ogre\builds\ogremain\ogremain.dir\debug\ogreoptimisedutil.obj
d:\ogre-git\ogre\ogre\builds\ogremain\ogremain.dir\debug\ogreribbontrail.obj
d:\ogre-git\ogre\ogre\builds\ogremain\ogremain.dir\debug\ogresubentity.obj
d:\ogre-git\ogre\ogre\builds\ogremain\ogremain.dir\debug\ogreetccodec.obj
d:\ogre-git\ogre\ogre\builds\ogremain\ogremain.dir\debug\ogrearchivemanager.obj
d:\ogre-git\ogre\ogre\builds\ogremain\ogremain.dir\debug\ogrehighlevelgpuprogram.obj
d:\ogre-git\ogre\ogre\builds\ogremain\ogremain.dir\debug\ogreparticleemitter.obj
d:\ogre-git\ogre\ogre\builds\ogremain\ogremain.dir\debug\ogreserializer.obj
d:\ogre-git\ogre\ogre\builds\ogremain\ogremain.dir\debug\ogrestringconverter.obj
d:\ogre-git\ogre\ogre\builds\ogremain\ogremain.dir\debug\ogrecodec.obj
d:\ogre-git\ogre\ogre\builds\ogremain\ogremain.dir\debug\ogrehardwareindexbuffer.obj
d:\ogre-git\ogre\ogre\builds\ogremain\ogremain.dir\debug\ogrematerialmanager.obj
d:\ogre-git\ogre\ogre\builds\ogremain\ogremain.dir\debug\ogreplatforminformation.obj
d:\ogre-git\ogre\ogre\builds\ogremain\ogremain.dir\debug\ogreresourcemanager.obj
d:\ogre-git\ogre\ogre\builds\ogremain\ogremain.dir\debug\ogretangentspacecalc.obj
d:\ogre-git\ogre\ogre\builds\ogremain\ogremain.dir\debug\ogreanimationstate.obj
d:\ogre-git\ogre\ogre\builds\ogremain\ogremain.dir\debug\ogregpuprogramusage.obj
d:\ogre-git\ogre\ogre\builds\ogremain\ogremain.dir\debug\ogremath.obj
d:\ogre-git\ogre\ogre\builds\ogremain\ogremain.dir\debug\ogremovableplane.obj
d:\ogre-git\ogre\ogre\builds\ogremain\ogremain.dir\debug\ogrepatchmesh.obj
d:\ogre-git\ogre\ogre\builds\ogremain\ogremain.dir\debug\ogreprofiler.obj
d:\ogre-git\ogre\ogre\builds\ogremain\ogremain.dir\debug\ogreshadowcamerasetuppssm.obj
d:\ogre-git\ogre\ogre\builds\ogremain\ogremain.dir\debug\ogrestring.obj
d:\ogre-git\ogre\ogre\builds\ogremain\ogremain.dir\debug\ogrecommon.obj
d:\ogre-git\ogre\ogre\builds\ogremain\ogremain.dir\debug\ogredynlib.obj
d:\ogre-git\ogre\ogre\builds\ogremain\ogremain.dir\debug\ogremesh.obj
d:\ogre-git\ogre\ogre\builds\ogremain\ogremain.dir\debug\ogrevector.obj
d:\ogre-git\ogre\ogre\builds\ogremain\ogremain.dir\debug\ogrefilesystemlayer.obj
d:\ogre-git\ogre\ogre\builds\ogremain\ogremain.dir\debug\ogreanimation.obj
d:\ogre-git\ogre\ogre\builds\ogremain\ogremain.dir\debug\ogremanualobject.obj
d:\ogre-git\ogre\ogre\builds\ogremain\ogremain.dir\debug\ogrerendersystemcapabilitiesmanager.obj
d:\ogre-git\ogre\ogre\builds\ogremain\ogremain.dir\debug\ogretexturemanager.obj
d:\ogre-git\ogre\ogre\builds\ogremain\ogremain.dir\debug\ogreanimable.obj
d:\ogre-git\ogre\ogre\builds\ogremain\ogremain.dir\debug\ogreexternaltexturesource.obj
d:\ogre-git\ogre\ogre\builds\ogremain\ogremain.dir\debug\ogrekeyframe.obj
d:\ogre-git\ogre\ogre\builds\ogremain\ogremain.dir\debug\ogrenode.obj
d:\ogre-git\ogre\ogre\builds\ogremain\ogremain.dir\debug\ogrepredefinedcontrollers.obj
d:\ogre-git\ogre\ogre\builds\ogremain\ogremain.dir\debug\ogrescenemanagerenumerator.obj
d:\ogre-git\ogre\ogre\builds\ogremain\ogremain.dir\debug\ogresubmesh.obj
d:\ogre-git\ogre\ogre\builds\ogremain\ogremain.dir\debug\ogrecompositionpass.obj
d:\ogre-git\ogre\ogre\builds\ogremain\ogremain.dir\debug\ogredepthbuffer.obj
d:\ogre-git\ogre\ogre\builds\ogremain\ogremain.dir\debug\ogreinstancedentity.obj
d:\ogre-git\ogre\ogre\builds\ogremain\ogremain.dir\debug\ogrescriptlexer.obj
d:\ogre-git\ogre\ogre\builds\ogremain\ogremain.dir\debug\ogreskeletonserializer.obj
d:\ogre-git\ogre\ogre\builds\ogremain\ogremain.dir\debug\ogrecompositiontechnique.obj
d:\ogre-git\ogre\ogre\builds\ogremain\ogremain.dir\debug\ogregpuprogrammanager.obj
d:\ogre-git\ogre\ogre\builds\ogremain\ogremain.dir\debug\ogreprefabfactory.obj
d:\ogre-git\ogre\ogre\builds\ogremain\ogremain.dir\debug\ogrerendertexture.obj
d:\ogre-git\ogre\ogre\builds\ogremain\ogremain.dir\debug\ogreshadowrenderer.obj
d:\ogre-git\ogre\ogre\builds\ogremain\ogremain.dir\debug\ogrecontrollermanager.obj
d:\ogre-git\ogre\ogre\builds\ogremain\ogremain.dir\debug\ogrelog.obj
d:\ogre-git\ogre\ogre\builds\ogremain\ogremain.dir\debug\ogreshadowcamerasetuplispsm.obj
d:\ogre-git\ogre\ogre\builds\ogremain\ogremain.dir\debug\ogrestaticgeometry.obj
d:\ogre-git\ogre\ogre\builds\ogremain\ogremain.dir\debug\ogrebillboard.obj
d:\ogre-git\ogre\ogre\builds\ogremain\ogremain.dir\debug\ogreedgelistbuilder.obj
d:\ogre-git\ogre\ogre\builds\ogremain\ogremain.dir\debug\ogrerendertarget.obj
d:\ogre-git\ogre\ogre\builds\ogremain\ogremain.dir\debug\ogrestringinterface.obj
d:\ogre-git\ogre\ogre\builds\ogremain\ogremain.dir\debug\ogrezip.obj
d:\ogre-git\ogre\ogre\builds\ogremain\ogremain.dir\debug\ogrefilesystem.obj
d:\ogre-git\ogre\ogre\builds\ogremain\ogremain.dir\debug\zip.obj
d:\ogre-git\ogre\ogre\builds\ogremain\ogremain.dir\debug\ogremain_d.ilk
d:\ogre-git\ogre\ogre\builds\bin\debug\ogremain_d.dll
d:\ogre-git\ogre\ogre\builds\bin\debug\ogremain_d.pdb
d:\ogre-git\ogre\ogre\builds\lib\debug\ogremain_d.lib
d:\ogre-git\ogre\ogre\builds\lib\debug\ogremain_d.exp
d:\ogre-git\ogre\ogre\builds\ogremain\ogremain.dir\debug\ogremain.tlog\cl.command.1.tlog
d:\ogre-git\ogre\ogre\builds\ogremain\ogremain.dir\debug\ogremain.tlog\cl.read.1.tlog
d:\ogre-git\ogre\ogre\builds\ogremain\ogremain.dir\debug\ogremain.tlog\cl.write.1.tlog
d:\ogre-git\ogre\ogre\builds\ogremain\ogremain.dir\debug\ogremain.tlog\link.command.1.tlog
d:\ogre-git\ogre\ogre\builds\ogremain\ogremain.dir\debug\ogremain.tlog\link.read.1.tlog
d:\ogre-git\ogre\ogre\builds\ogremain\ogremain.dir\debug\ogremain.tlog\link.write.1.tlog
d:\ogre-git\ogre\ogre\builds\ogremain\ogremain.dir\debug\ogremain.tlog\ogremain.write.1u.tlog
