d:\ogre-git\ogre\ogre\builds\plugins\bspscenemanager\plugin_bspscenemanager.dir\debug\ogrebspscenemanagerdll.obj
d:\ogre-git\ogre\ogre\builds\plugins\bspscenemanager\plugin_bspscenemanager.dir\debug\ogrequake3level.obj
d:\ogre-git\ogre\ogre\builds\plugins\bspscenemanager\plugin_bspscenemanager.dir\debug\ogrebspscenemanagerplugin.obj
d:\ogre-git\ogre\ogre\builds\plugins\bspscenemanager\plugin_bspscenemanager.dir\debug\ogrebspscenenode.obj
d:\ogre-git\ogre\ogre\builds\plugins\bspscenemanager\plugin_bspscenemanager.dir\debug\ogrebspscenemanager.obj
d:\ogre-git\ogre\ogre\builds\plugins\bspscenemanager\plugin_bspscenemanager.dir\debug\ogrebsplevel.obj
d:\ogre-git\ogre\ogre\builds\plugins\bspscenemanager\plugin_bspscenemanager.dir\debug\ogrebspnode.obj
d:\ogre-git\ogre\ogre\builds\plugins\bspscenemanager\plugin_bspscenemanager.dir\debug\ogrequake3shadermanager.obj
d:\ogre-git\ogre\ogre\builds\plugins\bspscenemanager\plugin_bspscenemanager.dir\debug\ogrequake3shader.obj
d:\ogre-git\ogre\ogre\builds\plugins\bspscenemanager\plugin_bspscenemanager.dir\debug\vc142.pdb
d:\ogre-git\ogre\ogre\builds\plugins\bspscenemanager\plugin_bspscenemanager.dir\debug\plugin_bspscenemanager_d.ilk
d:\ogre-git\ogre\ogre\builds\bin\debug\plugin_bspscenemanager_d.dll
d:\ogre-git\ogre\ogre\builds\bin\debug\plugin_bspscenemanager_d.pdb
d:\ogre-git\ogre\ogre\builds\lib\debug\plugin_bspscenemanager_d.lib
d:\ogre-git\ogre\ogre\builds\lib\debug\plugin_bspscenemanager_d.exp
d:\ogre-git\ogre\ogre\builds\plugins\bspscenemanager\plugin_bspscenemanager.dir\debug\plugin_b.194fdf11.tlog\cl.2308.write.1.tlog
d:\ogre-git\ogre\ogre\builds\plugins\bspscenemanager\plugin_bspscenemanager.dir\debug\plugin_b.194fdf11.tlog\cl.command.1.tlog
d:\ogre-git\ogre\ogre\builds\plugins\bspscenemanager\plugin_bspscenemanager.dir\debug\plugin_b.194fdf11.tlog\cl.read.1.tlog
d:\ogre-git\ogre\ogre\builds\plugins\bspscenemanager\plugin_bspscenemanager.dir\debug\plugin_b.194fdf11.tlog\link.command.1.tlog
d:\ogre-git\ogre\ogre\builds\plugins\bspscenemanager\plugin_bspscenemanager.dir\debug\plugin_b.194fdf11.tlog\link.read.1.tlog
d:\ogre-git\ogre\ogre\builds\plugins\bspscenemanager\plugin_bspscenemanager.dir\debug\plugin_b.194fdf11.tlog\link.write.1.tlog
d:\ogre-git\ogre\ogre\builds\plugins\bspscenemanager\plugin_bspscenemanager.dir\debug\plugin_b.194fdf11.tlog\plugin_bspscenemanager.write.1u.tlog
