d:\ogre-git\ogre\ogre\builds\plugins\particlefx\plugin_particlefx.dir\debug\ogrepointemitter.obj
d:\ogre-git\ogre\ogre\builds\plugins\particlefx\plugin_particlefx.dir\debug\ogretextureanimatoraffector.obj
d:\ogre-git\ogre\ogre\builds\plugins\particlefx\plugin_particlefx.dir\debug\ogredeflectorplaneaffector.obj
d:\ogre-git\ogre\ogre\builds\plugins\particlefx\plugin_particlefx.dir\debug\ogrehollowellipsoidemitter.obj
d:\ogre-git\ogre\ogre\builds\plugins\particlefx\plugin_particlefx.dir\debug\ogrelinearforceaffector.obj
d:\ogre-git\ogre\ogre\builds\plugins\particlefx\plugin_particlefx.dir\debug\ogreparticlefx.obj
d:\ogre-git\ogre\ogre\builds\plugins\particlefx\plugin_particlefx.dir\debug\ogreareaemitter.obj
d:\ogre-git\ogre\ogre\builds\plugins\particlefx\plugin_particlefx.dir\debug\ogreringemitter.obj
d:\ogre-git\ogre\ogre\builds\plugins\particlefx\plugin_particlefx.dir\debug\ogreparticlefxplugin.obj
d:\ogre-git\ogre\ogre\builds\plugins\particlefx\plugin_particlefx.dir\debug\ogreboxemitter.obj
d:\ogre-git\ogre\ogre\builds\plugins\particlefx\plugin_particlefx.dir\debug\ogrescaleaffector.obj
d:\ogre-git\ogre\ogre\builds\plugins\particlefx\plugin_particlefx.dir\debug\ogreellipsoidemitter.obj
d:\ogre-git\ogre\ogre\builds\plugins\particlefx\plugin_particlefx.dir\debug\ogrecolourfaderaffector2.obj
d:\ogre-git\ogre\ogre\builds\plugins\particlefx\plugin_particlefx.dir\debug\ogrecolourimageaffector.obj
d:\ogre-git\ogre\ogre\builds\plugins\particlefx\plugin_particlefx.dir\debug\ogredirectionrandomiseraffector.obj
d:\ogre-git\ogre\ogre\builds\plugins\particlefx\plugin_particlefx.dir\debug\ogrecylinderemitter.obj
d:\ogre-git\ogre\ogre\builds\plugins\particlefx\plugin_particlefx.dir\debug\ogrecolourinterpolatoraffector.obj
d:\ogre-git\ogre\ogre\builds\plugins\particlefx\plugin_particlefx.dir\debug\ogrerotationaffector.obj
d:\ogre-git\ogre\ogre\builds\plugins\particlefx\plugin_particlefx.dir\debug\ogrecolourfaderaffector.obj
d:\ogre-git\ogre\ogre\builds\plugins\particlefx\plugin_particlefx.dir\debug\vc142.pdb
d:\ogre-git\ogre\ogre\builds\plugins\particlefx\plugin_particlefx.dir\debug\plugin_particlefx_d.ilk
d:\ogre-git\ogre\ogre\builds\bin\debug\plugin_particlefx_d.dll
d:\ogre-git\ogre\ogre\builds\bin\debug\plugin_particlefx_d.pdb
d:\ogre-git\ogre\ogre\builds\lib\debug\plugin_particlefx_d.lib
d:\ogre-git\ogre\ogre\builds\lib\debug\plugin_particlefx_d.exp
d:\ogre-git\ogre\ogre\builds\plugins\particlefx\plugin_particlefx.dir\debug\plugin_p.c58d2299.tlog\cl.13692.write.1.tlog
d:\ogre-git\ogre\ogre\builds\plugins\particlefx\plugin_particlefx.dir\debug\plugin_p.c58d2299.tlog\cl.command.1.tlog
d:\ogre-git\ogre\ogre\builds\plugins\particlefx\plugin_particlefx.dir\debug\plugin_p.c58d2299.tlog\cl.read.1.tlog
d:\ogre-git\ogre\ogre\builds\plugins\particlefx\plugin_particlefx.dir\debug\plugin_p.c58d2299.tlog\link.command.1.tlog
d:\ogre-git\ogre\ogre\builds\plugins\particlefx\plugin_particlefx.dir\debug\plugin_p.c58d2299.tlog\link.read.1.tlog
d:\ogre-git\ogre\ogre\builds\plugins\particlefx\plugin_particlefx.dir\debug\plugin_p.c58d2299.tlog\link.write.1.tlog
d:\ogre-git\ogre\ogre\builds\plugins\particlefx\plugin_particlefx.dir\debug\plugin_p.c58d2299.tlog\plugin_particlefx.write.1u.tlog
