d:\ogre-git\ogre\ogre\builds\rendersystems\gl3plus\rendersystem_gl3plus.dir\debug\vc142.pdb
d:\ogre-git\ogre\ogre\builds\rendersystems\gl3plus\rendersystem_gl3plus.dir\debug\gl3w.obj
d:\ogre-git\ogre\ogre\builds\rendersystems\gl3plus\rendersystem_gl3plus.dir\debug\ogregl3plushardwarebuffermanager.obj
d:\ogre-git\ogre\ogre\builds\rendersystems\gl3plus\rendersystem_gl3plus.dir\debug\ogreglslmonolithicprogram.obj
d:\ogre-git\ogre\ogre\builds\rendersystems\gl3plus\rendersystem_gl3plus.dir\debug\ogreglslprogram.obj
d:\ogre-git\ogre\ogre\builds\rendersystems\gl3plus\rendersystem_gl3plus.dir\debug\ogregl3plusrendersystem.obj
d:\ogre-git\ogre\ogre\builds\rendersystems\gl3plus\rendersystem_gl3plus.dir\debug\ogregl3plusplugin.obj
d:\ogre-git\ogre\ogre\builds\rendersystems\gl3plus\rendersystem_gl3plus.dir\debug\ogregl3plusfborendertexture.obj
d:\ogre-git\ogre\ogre\builds\rendersystems\gl3plus\rendersystem_gl3plus.dir\debug\ogregl3plushardwareocclusionquery.obj
d:\ogre-git\ogre\ogre\builds\rendersystems\gl3plus\rendersystem_gl3plus.dir\debug\ogregl3plushardwarebuffer.obj
d:\ogre-git\ogre\ogre\builds\rendersystems\gl3plus\rendersystem_gl3plus.dir\debug\ogreglslextsupport.obj
d:\ogre-git\ogre\ogre\builds\rendersystems\gl3plus\rendersystem_gl3plus.dir\debug\ogregl3plusrendertovertexbuffer.obj
d:\ogre-git\ogre\ogre\builds\rendersystems\gl3plus\rendersystem_gl3plus.dir\debug\ogreglslseparableprogram.obj
d:\ogre-git\ogre\ogre\builds\rendersystems\gl3plus\rendersystem_gl3plus.dir\debug\ogrespirvshaderfactory.obj
d:\ogre-git\ogre\ogre\builds\rendersystems\gl3plus\rendersystem_gl3plus.dir\debug\ogregl3pluspixelformat.obj
d:\ogre-git\ogre\ogre\builds\rendersystems\gl3plus\rendersystem_gl3plus.dir\debug\ogregl3plustexture.obj
d:\ogre-git\ogre\ogre\builds\rendersystems\gl3plus\rendersystem_gl3plus.dir\debug\ogregl3plushardwarepixelbuffer.obj
d:\ogre-git\ogre\ogre\builds\rendersystems\gl3plus\rendersystem_gl3plus.dir\debug\ogregl3plusstatecachemanager.obj
d:\ogre-git\ogre\ogre\builds\rendersystems\gl3plus\rendersystem_gl3plus.dir\debug\ogregl3plustexturebuffer.obj
d:\ogre-git\ogre\ogre\builds\rendersystems\gl3plus\rendersystem_gl3plus.dir\debug\ogreglslprogrammanager.obj
d:\ogre-git\ogre\ogre\builds\rendersystems\gl3plus\rendersystem_gl3plus.dir\debug\ogreglslshader.obj
d:\ogre-git\ogre\ogre\builds\rendersystems\gl3plus\rendersystem_gl3plus.dir\debug\ogregl3plustexturemanager.obj
d:\ogre-git\ogre\ogre\builds\rendersystems\gl3plus\rendersystem_gl3plus.dir\debug\ogregl3plusframebufferobject.obj
d:\ogre-git\ogre\ogre\builds\rendersystems\gl3plus\rendersystem_gl3plus.dir\debug\ogregl3plusenginedll.obj
d:\ogre-git\ogre\ogre\builds\rendersystems\gl3plus\rendersystem_gl3plus.dir\debug\ogregl3plusfbomultirendertarget.obj
d:\ogre-git\ogre\ogre\builds\rendersystems\gl3plus\rendersystem_gl3plus.dir\debug\rendersystem_gl3plus_d.ilk
d:\ogre-git\ogre\ogre\builds\bin\debug\rendersystem_gl3plus_d.dll
d:\ogre-git\ogre\ogre\builds\bin\debug\rendersystem_gl3plus_d.pdb
d:\ogre-git\ogre\ogre\builds\lib\debug\rendersystem_gl3plus_d.lib
d:\ogre-git\ogre\ogre\builds\lib\debug\rendersystem_gl3plus_d.exp
d:\ogre-git\ogre\ogre\builds\rendersystems\gl3plus\rendersystem_gl3plus.dir\debug\rendersy.632f6d81.tlog\cl.command.1.tlog
d:\ogre-git\ogre\ogre\builds\rendersystems\gl3plus\rendersystem_gl3plus.dir\debug\rendersy.632f6d81.tlog\cl.read.1.tlog
d:\ogre-git\ogre\ogre\builds\rendersystems\gl3plus\rendersystem_gl3plus.dir\debug\rendersy.632f6d81.tlog\cl.write.1.tlog
d:\ogre-git\ogre\ogre\builds\rendersystems\gl3plus\rendersystem_gl3plus.dir\debug\rendersy.632f6d81.tlog\link.command.1.tlog
d:\ogre-git\ogre\ogre\builds\rendersystems\gl3plus\rendersystem_gl3plus.dir\debug\rendersy.632f6d81.tlog\link.read.1.tlog
d:\ogre-git\ogre\ogre\builds\rendersystems\gl3plus\rendersystem_gl3plus.dir\debug\rendersy.632f6d81.tlog\link.write.1.tlog
d:\ogre-git\ogre\ogre\builds\rendersystems\gl3plus\rendersystem_gl3plus.dir\debug\rendersy.632f6d81.tlog\rendersystem_gl3plus.write.1u.tlog
