  OgreGLSLExtSupport.cpp
  OgreGLSLMonolithicProgram.cpp
  OgreGLSLProgram.cpp
  OgreGLSLProgramManager.cpp
  OgreGLSLSeparableProgram.cpp
  OgreGLSLShader.cpp
  OgreGL3PlusEngineDll.cpp
  OgreGL3PlusFBOMultiRenderTarget.cpp
  OgreGL3PlusFBORenderTexture.cpp
  OgreGL3PlusFrameBufferObject.cpp
  OgreGL3PlusHardwareBuffer.cpp
  OgreGL3PlusHardwareBufferManager.cpp
  OgreGL3PlusHardwareOcclusionQuery.cpp
  OgreGL3PlusHardwarePixelBuffer.cpp
  OgreGL3PlusPixelFormat.cpp
  OgreGL3PlusPlugin.cpp
  OgreGL3PlusRenderSystem.cpp
  OgreGL3PlusRenderToVertexBuffer.cpp
  OgreGL3PlusStateCacheManager.cpp
  OgreGL3PlusTexture.cpp
  OgreGL3PlusTextureBuffer.cpp
  OgreGL3PlusTextureManager.cpp
  OgreSPIRVShaderFactory.cpp
D:\ogre-git\ogre\ogre\OgreMain\include\OgreCommon.h(1,1): warning C4819: 该文件包含不能在当前代码页(936)中表示的字符。请将该文件保存为 Unicode 格式以防止数据丢失 (编译源文件 D:\ogre-git\ogre\ogre\RenderSystems\GL3Plus\src\GLSL\src\OgreGLSLShader.cpp)
D:\ogre-git\ogre\ogre\OgreMain\include\OgreGpuProgramParams.h(678,1): warning C4819: 该文件包含不能在当前代码页(936)中表示的字符。请将该文件保存为 Unicode 格式以防止数据丢失 (编译源文件 D:\ogre-git\ogre\ogre\RenderSystems\GL3Plus\src\GLSL\src\OgreGLSLShader.cpp)
D:\ogre-git\ogre\ogre\OgreMain\include\OgreCommon.h(1,1): warning C4819: 该文件包含不能在当前代码页(936)中表示的字符。请将该文件保存为 Unicode 格式以防止数据丢失 (编译源文件 D:\ogre-git\ogre\ogre\RenderSystems\GL3Plus\src\OgreGL3PlusEngineDll.cpp)
D:\ogre-git\ogre\ogre\OgreMain\include\OgreCommon.h(1,1): warning C4819: 该文件包含不能在当前代码页(936)中表示的字符。请将该文件保存为 Unicode 格式以防止数据丢失 (编译源文件 D:\ogre-git\ogre\ogre\RenderSystems\GL3Plus\src\OgreGL3PlusHardwarePixelBuffer.cpp)
D:\ogre-git\ogre\ogre\OgreMain\include\OgreCommon.h(1,1): warning C4819: 该文件包含不能在当前代码页(936)中表示的字符。请将该文件保存为 Unicode 格式以防止数据丢失 (编译源文件 D:\ogre-git\ogre\ogre\RenderSystems\GL3Plus\src\GLSL\src\OgreGLSLProgram.cpp)
D:\ogre-git\ogre\ogre\OgreMain\include\OgreCommon.h(1,1): warning C4819: 该文件包含不能在当前代码页(936)中表示的字符。请将该文件保存为 Unicode 格式以防止数据丢失 (编译源文件 D:\ogre-git\ogre\ogre\RenderSystems\GL3Plus\src\GLSL\src\OgreGLSLMonolithicProgram.cpp)
D:\ogre-git\ogre\ogre\OgreMain\include\OgreCommon.h(1,1): warning C4819: 该文件包含不能在当前代码页(936)中表示的字符。请将该文件保存为 Unicode 格式以防止数据丢失 (编译源文件 D:\ogre-git\ogre\ogre\RenderSystems\GL3Plus\src\OgreGL3PlusPlugin.cpp)
D:\ogre-git\ogre\ogre\OgreMain\include\OgreGpuProgramParams.h(678,1): warning C4819: 该文件包含不能在当前代码页(936)中表示的字符。请将该文件保存为 Unicode 格式以防止数据丢失 (编译源文件 D:\ogre-git\ogre\ogre\RenderSystems\GL3Plus\src\OgreGL3PlusEngineDll.cpp)
D:\ogre-git\ogre\ogre\OgreMain\include\OgreGpuProgramParams.h(678,1): warning C4819: 该文件包含不能在当前代码页(936)中表示的字符。请将该文件保存为 Unicode 格式以防止数据丢失 (编译源文件 D:\ogre-git\ogre\ogre\RenderSystems\GL3Plus\src\OgreGL3PlusHardwarePixelBuffer.cpp)
D:\ogre-git\ogre\ogre\OgreMain\include\OgreCommon.h(1,1): warning C4819: 该文件包含不能在当前代码页(936)中表示的字符。请将该文件保存为 Unicode 格式以防止数据丢失 (编译源文件 D:\ogre-git\ogre\ogre\RenderSystems\GL3Plus\src\GLSL\src\OgreGLSLExtSupport.cpp)
D:\ogre-git\ogre\ogre\OgreMain\include\OgrePass.h(643,1): warning C4819: 该文件包含不能在当前代码页(936)中表示的字符。请将该文件保存为 Unicode 格式以防止数据丢失 (编译源文件 D:\ogre-git\ogre\ogre\RenderSystems\GL3Plus\src\GLSL\src\OgreGLSLShader.cpp)
D:\ogre-git\ogre\ogre\OgreMain\include\OgreGpuProgramParams.h(678,1): warning C4819: 该文件包含不能在当前代码页(936)中表示的字符。请将该文件保存为 Unicode 格式以防止数据丢失 (编译源文件 D:\ogre-git\ogre\ogre\RenderSystems\GL3Plus\src\GLSL\src\OgreGLSLProgram.cpp)
D:\ogre-git\ogre\ogre\OgreMain\include\OgreGpuProgramParams.h(678,1): warning C4819: 该文件包含不能在当前代码页(936)中表示的字符。请将该文件保存为 Unicode 格式以防止数据丢失 (编译源文件 D:\ogre-git\ogre\ogre\RenderSystems\GL3Plus\src\GLSL\src\OgreGLSLMonolithicProgram.cpp)
D:\ogre-git\ogre\ogre\OgreMain\include\OgreGpuProgramParams.h(678,1): warning C4819: 该文件包含不能在当前代码页(936)中表示的字符。请将该文件保存为 Unicode 格式以防止数据丢失 (编译源文件 D:\ogre-git\ogre\ogre\RenderSystems\GL3Plus\src\GLSL\src\OgreGLSLProgramManager.cpp)
D:\ogre-git\ogre\ogre\OgreMain\include\OgreGpuProgramParams.h(678,1): warning C4819: 该文件包含不能在当前代码页(936)中表示的字符。请将该文件保存为 Unicode 格式以防止数据丢失 (编译源文件 D:\ogre-git\ogre\ogre\RenderSystems\GL3Plus\src\OgreGL3PlusPlugin.cpp)
D:\ogre-git\ogre\ogre\OgreMain\include\OgreCommon.h(1,1): warning C4819: 该文件包含不能在当前代码页(936)中表示的字符。请将该文件保存为 Unicode 格式以防止数据丢失 (编译源文件 D:\ogre-git\ogre\ogre\RenderSystems\GL3Plus\src\OgreGL3PlusHardwareBuffer.cpp)
D:\ogre-git\ogre\ogre\OgreMain\include\OgreCommon.h(1,1): warning C4819: 该文件包含不能在当前代码页(936)中表示的字符。请将该文件保存为 Unicode 格式以防止数据丢失 (编译源文件 D:\ogre-git\ogre\ogre\RenderSystems\GL3Plus\src\GLSL\src\OgreGLSLProgramManager.cpp)
D:\ogre-git\ogre\ogre\OgreMain\include\OgreCommon.h(1,1): warning C4819: 该文件包含不能在当前代码页(936)中表示的字符。请将该文件保存为 Unicode 格式以防止数据丢失 (编译源文件 D:\ogre-git\ogre\ogre\RenderSystems\GL3Plus\src\OgreGL3PlusFBOMultiRenderTarget.cpp)
D:\ogre-git\ogre\ogre\OgreMain\include\OgreCommon.h(1,1): warning C4819: 该文件包含不能在当前代码页(936)中表示的字符。请将该文件保存为 Unicode 格式以防止数据丢失 (编译源文件 D:\ogre-git\ogre\ogre\RenderSystems\GL3Plus\src\OgreGL3PlusFBORenderTexture.cpp)
D:\ogre-git\ogre\ogre\OgreMain\include\OgreCommon.h(1,1): warning C4819: 该文件包含不能在当前代码页(936)中表示的字符。请将该文件保存为 Unicode 格式以防止数据丢失 (编译源文件 D:\ogre-git\ogre\ogre\RenderSystems\GL3Plus\src\OgreGL3PlusTextureManager.cpp)
D:\ogre-git\ogre\ogre\OgreMain\include\OgreGpuProgramParams.h(678,1): warning C4819: 该文件包含不能在当前代码页(936)中表示的字符。请将该文件保存为 Unicode 格式以防止数据丢失 (编译源文件 D:\ogre-git\ogre\ogre\RenderSystems\GL3Plus\src\OgreGL3PlusHardwareBuffer.cpp)
D:\ogre-git\ogre\ogre\OgreMain\include\OgreCommon.h(1,1): warning C4819: 该文件包含不能在当前代码页(936)中表示的字符。请将该文件保存为 Unicode 格式以防止数据丢失 (编译源文件 D:\ogre-git\ogre\ogre\RenderSystems\GL3Plus\src\OgreGL3PlusHardwareOcclusionQuery.cpp)
D:\ogre-git\ogre\ogre\OgreMain\include\OgreCommon.h(1,1): warning C4819: 该文件包含不能在当前代码页(936)中表示的字符。请将该文件保存为 Unicode 格式以防止数据丢失 (编译源文件 D:\ogre-git\ogre\ogre\RenderSystems\GL3Plus\src\OgreGL3PlusRenderSystem.cpp)
D:\ogre-git\ogre\ogre\OgreMain\include\OgreCommon.h(1,1): warning C4819: 该文件包含不能在当前代码页(936)中表示的字符。请将该文件保存为 Unicode 格式以防止数据丢失 (编译源文件 D:\ogre-git\ogre\ogre\RenderSystems\GL3Plus\src\OgreGL3PlusTexture.cpp)
D:\ogre-git\ogre\ogre\OgreMain\include\OgreCommon.h(1,1): warning C4819: 该文件包含不能在当前代码页(936)中表示的字符。请将该文件保存为 Unicode 格式以防止数据丢失 (编译源文件 D:\ogre-git\ogre\ogre\RenderSystems\GL3Plus\src\OgreGL3PlusRenderToVertexBuffer.cpp)
D:\ogre-git\ogre\ogre\OgreMain\include\OgrePass.h(643,1): warning C4819: 该文件包含不能在当前代码页(936)中表示的字符。请将该文件保存为 Unicode 格式以防止数据丢失 (编译源文件 D:\ogre-git\ogre\ogre\RenderSystems\GL3Plus\src\OgreGL3PlusPlugin.cpp)
D:\ogre-git\ogre\ogre\OgreMain\include\OgreCommon.h(1,1): warning C4819: 该文件包含不能在当前代码页(936)中表示的字符。请将该文件保存为 Unicode 格式以防止数据丢失 (编译源文件 D:\ogre-git\ogre\ogre\RenderSystems\GL3Plus\src\OgreGL3PlusPixelFormat.cpp)
D:\ogre-git\ogre\ogre\OgreMain\include\OgreCommon.h(1,1): warning C4819: 该文件包含不能在当前代码页(936)中表示的字符。请将该文件保存为 Unicode 格式以防止数据丢失 (编译源文件 D:\ogre-git\ogre\ogre\RenderSystems\GL3Plus\src\OgreSPIRVShaderFactory.cpp)
D:\ogre-git\ogre\ogre\OgreMain\include\OgreGpuProgramParams.h(678,1): warning C4819: 该文件包含不能在当前代码页(936)中表示的字符。请将该文件保存为 Unicode 格式以防止数据丢失 (编译源文件 D:\ogre-git\ogre\ogre\RenderSystems\GL3Plus\src\OgreGL3PlusRenderToVertexBuffer.cpp)
D:\ogre-git\ogre\ogre\OgreMain\include\OgrePass.h(643,1): warning C4819: 该文件包含不能在当前代码页(936)中表示的字符。请将该文件保存为 Unicode 格式以防止数据丢失 (编译源文件 D:\ogre-git\ogre\ogre\RenderSystems\GL3Plus\src\OgreGL3PlusEngineDll.cpp)
D:\ogre-git\ogre\ogre\OgreMain\include\OgreCommon.h(1,1): warning C4819: 该文件包含不能在当前代码页(936)中表示的字符。请将该文件保存为 Unicode 格式以防止数据丢失 (编译源文件 D:\ogre-git\ogre\ogre\RenderSystems\GL3Plus\src\OgreGL3PlusHardwareBufferManager.cpp)
D:\ogre-git\ogre\ogre\OgreMain\include\OgreGpuProgramParams.h(678,1): warning C4819: 该文件包含不能在当前代码页(936)中表示的字符。请将该文件保存为 Unicode 格式以防止数据丢失 (编译源文件 D:\ogre-git\ogre\ogre\RenderSystems\GL3Plus\src\GLSL\src\OgreGLSLExtSupport.cpp)
D:\ogre-git\ogre\ogre\OgreMain\include\OgrePass.h(643,1): warning C4819: 该文件包含不能在当前代码页(936)中表示的字符。请将该文件保存为 Unicode 格式以防止数据丢失 (编译源文件 D:\ogre-git\ogre\ogre\RenderSystems\GL3Plus\src\OgreGL3PlusRenderToVertexBuffer.cpp)
D:\ogre-git\ogre\ogre\OgreMain\include\OgreCommon.h(1,1): warning C4819: 该文件包含不能在当前代码页(936)中表示的字符。请将该文件保存为 Unicode 格式以防止数据丢失 (编译源文件 D:\ogre-git\ogre\ogre\RenderSystems\GL3Plus\src\OgreGL3PlusStateCacheManager.cpp)
D:\ogre-git\ogre\ogre\OgreMain\include\OgrePass.h(643,1): warning C4819: 该文件包含不能在当前代码页(936)中表示的字符。请将该文件保存为 Unicode 格式以防止数据丢失 (编译源文件 D:\ogre-git\ogre\ogre\RenderSystems\GL3Plus\src\GLSL\src\OgreGLSLProgram.cpp)
D:\ogre-git\ogre\ogre\OgreMain\include\OgreCommon.h(1,1): warning C4819: 该文件包含不能在当前代码页(936)中表示的字符。请将该文件保存为 Unicode 格式以防止数据丢失 (编译源文件 D:\ogre-git\ogre\ogre\RenderSystems\GL3Plus\src\GLSL\src\OgreGLSLSeparableProgram.cpp)
D:\ogre-git\ogre\ogre\OgreMain\include\OgrePass.h(643,1): warning C4819: 该文件包含不能在当前代码页(936)中表示的字符。请将该文件保存为 Unicode 格式以防止数据丢失 (编译源文件 D:\ogre-git\ogre\ogre\RenderSystems\GL3Plus\src\OgreGL3PlusHardwareBuffer.cpp)
D:\ogre-git\ogre\ogre\OgreMain\include\OgreCommon.h(1,1): warning C4819: 该文件包含不能在当前代码页(936)中表示的字符。请将该文件保存为 Unicode 格式以防止数据丢失 (编译源文件 D:\ogre-git\ogre\ogre\RenderSystems\GL3Plus\src\OgreGL3PlusTextureBuffer.cpp)
D:\ogre-git\ogre\ogre\OgreMain\include\OgreCommon.h(1,1): warning C4819: 该文件包含不能在当前代码页(936)中表示的字符。请将该文件保存为 Unicode 格式以防止数据丢失 (编译源文件 D:\ogre-git\ogre\ogre\RenderSystems\GL3Plus\src\OgreGL3PlusFrameBufferObject.cpp)
D:\ogre-git\ogre\ogre\OgreMain\include\OgreGpuProgramParams.h(678,1): warning C4819: 该文件包含不能在当前代码页(936)中表示的字符。请将该文件保存为 Unicode 格式以防止数据丢失 (编译源文件 D:\ogre-git\ogre\ogre\RenderSystems\GL3Plus\src\OgreGL3PlusPixelFormat.cpp)
D:\ogre-git\ogre\ogre\OgreMain\include\OgreGpuProgramParams.h(678,1): warning C4819: 该文件包含不能在当前代码页(936)中表示的字符。请将该文件保存为 Unicode 格式以防止数据丢失 (编译源文件 D:\ogre-git\ogre\ogre\RenderSystems\GL3Plus\src\GLSL\src\OgreGLSLSeparableProgram.cpp)
D:\ogre-git\ogre\ogre\OgreMain\include\OgreGpuProgramParams.h(678,1): warning C4819: 该文件包含不能在当前代码页(936)中表示的字符。请将该文件保存为 Unicode 格式以防止数据丢失 (编译源文件 D:\ogre-git\ogre\ogre\RenderSystems\GL3Plus\src\OgreGL3PlusTextureManager.cpp)
D:\ogre-git\ogre\ogre\OgreMain\include\OgrePass.h(643,1): warning C4819: 该文件包含不能在当前代码页(936)中表示的字符。请将该文件保存为 Unicode 格式以防止数据丢失 (编译源文件 D:\ogre-git\ogre\ogre\RenderSystems\GL3Plus\src\OgreGL3PlusHardwarePixelBuffer.cpp)
D:\ogre-git\ogre\ogre\RenderSystems\GL3Plus\src\GLSL\src\OgreGLSLShader.cpp(531,21): warning C4267: “参数”: 从“size_t”转换到“GLint”，可能丢失数据
D:\ogre-git\ogre\ogre\OgreMain\include\OgreGpuProgramParams.h(678,1): warning C4819: 该文件包含不能在当前代码页(936)中表示的字符。请将该文件保存为 Unicode 格式以防止数据丢失 (编译源文件 D:\ogre-git\ogre\ogre\RenderSystems\GL3Plus\src\OgreGL3PlusFBORenderTexture.cpp)
D:\ogre-git\ogre\ogre\OgreMain\include\OgreGpuProgramParams.h(678,1): warning C4819: 该文件包含不能在当前代码页(936)中表示的字符。请将该文件保存为 Unicode 格式以防止数据丢失 (编译源文件 D:\ogre-git\ogre\ogre\RenderSystems\GL3Plus\src\OgreGL3PlusTexture.cpp)
D:\ogre-git\ogre\ogre\OgreMain\include\OgreGpuProgramParams.h(678,1): warning C4819: 该文件包含不能在当前代码页(936)中表示的字符。请将该文件保存为 Unicode 格式以防止数据丢失 (编译源文件 D:\ogre-git\ogre\ogre\RenderSystems\GL3Plus\src\OgreGL3PlusStateCacheManager.cpp)
D:\ogre-git\ogre\ogre\OgreMain\include\OgreGpuProgramParams.h(678,1): warning C4819: 该文件包含不能在当前代码页(936)中表示的字符。请将该文件保存为 Unicode 格式以防止数据丢失 (编译源文件 D:\ogre-git\ogre\ogre\RenderSystems\GL3Plus\src\OgreSPIRVShaderFactory.cpp)
D:\ogre-git\ogre\ogre\RenderSystems\GL3Plus\src\GLSL\src\OgreGLSLProgram.cpp(103,1): warning C4267: “参数”: 从“size_t”转换到“GLsizei”，可能丢失数据
D:\ogre-git\ogre\ogre\RenderSystems\GL3Plus\src\GLSL\src\OgreGLSLProgram.cpp(116,1): warning C4267: “参数”: 从“size_t”转换到“GLuint”，可能丢失数据
D:\ogre-git\ogre\ogre\OgreMain\include\OgreGpuProgramParams.h(678,1): warning C4819: 该文件包含不能在当前代码页(936)中表示的字符。请将该文件保存为 Unicode 格式以防止数据丢失 (编译源文件 D:\ogre-git\ogre\ogre\RenderSystems\GL3Plus\src\OgreGL3PlusHardwareBufferManager.cpp)
D:\ogre-git\ogre\ogre\OgreMain\include\OgrePass.h(643,1): warning C4819: 该文件包含不能在当前代码页(936)中表示的字符。请将该文件保存为 Unicode 格式以防止数据丢失 (编译源文件 D:\ogre-git\ogre\ogre\RenderSystems\GL3Plus\src\GLSL\src\OgreGLSLExtSupport.cpp)
D:\ogre-git\ogre\ogre\OgreMain\include\OgreGpuProgramParams.h(678,1): warning C4819: 该文件包含不能在当前代码页(936)中表示的字符。请将该文件保存为 Unicode 格式以防止数据丢失 (编译源文件 D:\ogre-git\ogre\ogre\RenderSystems\GL3Plus\src\OgreGL3PlusRenderSystem.cpp)
D:\ogre-git\ogre\ogre\RenderSystems\GL3Plus\src\OgreGL3PlusRenderToVertexBuffer.cpp(125,48): warning C4267: “参数”: 从“size_t”转换到“Ogre::uint8”，可能丢失数据
D:\ogre-git\ogre\ogre\OgreMain\include\OgrePass.h(643,1): warning C4819: 该文件包含不能在当前代码页(936)中表示的字符。请将该文件保存为 Unicode 格式以防止数据丢失 (编译源文件 D:\ogre-git\ogre\ogre\RenderSystems\GL3Plus\src\OgreGL3PlusPixelFormat.cpp)
D:\ogre-git\ogre\ogre\OgreMain\include\OgreGpuProgramParams.h(678,1): warning C4819: 该文件包含不能在当前代码页(936)中表示的字符。请将该文件保存为 Unicode 格式以防止数据丢失 (编译源文件 D:\ogre-git\ogre\ogre\RenderSystems\GL3Plus\src\OgreGL3PlusTextureBuffer.cpp)
D:\ogre-git\ogre\ogre\OgreMain\include\OgreGpuProgramParams.h(678,1): warning C4819: 该文件包含不能在当前代码页(936)中表示的字符。请将该文件保存为 Unicode 格式以防止数据丢失 (编译源文件 D:\ogre-git\ogre\ogre\RenderSystems\GL3Plus\src\OgreGL3PlusFrameBufferObject.cpp)
D:\ogre-git\ogre\ogre\RenderSystems\GL3Plus\src\OgreSPIRVShaderFactory.cpp(61,5): warning C4267: “参数”: 从“size_t”转换到“GLsizei”，可能丢失数据
D:\ogre-git\ogre\ogre\OgreMain\include\OgrePass.h(643,1): warning C4819: 该文件包含不能在当前代码页(936)中表示的字符。请将该文件保存为 Unicode 格式以防止数据丢失 (编译源文件 D:\ogre-git\ogre\ogre\RenderSystems\GL3Plus\src\OgreGL3PlusHardwareBufferManager.cpp)
D:\ogre-git\ogre\ogre\RenderSystems\GL3Plus\src\GLSL\src\OgreGLSLSeparableProgram.cpp(143,106): warning C4267: “参数”: 从“size_t”转换到“int”，可能丢失数据
D:\ogre-git\ogre\ogre\RenderSystems\GL3Plus\src\GLSL\src\OgreGLSLSeparableProgram.cpp(152,1): warning C4267: “参数”: 从“size_t”转换到“GLint”，可能丢失数据
D:\ogre-git\ogre\ogre\RenderSystems\GL3Plus\src\GLSL\src\OgreGLSLSeparableProgram.cpp(156,1): warning C4267: “参数”: 从“size_t”转换到“GLint”，可能丢失数据
D:\ogre-git\ogre\ogre\RenderSystems\GL3Plus\src\GLSL\src\OgreGLSLSeparableProgram.cpp(160,1): warning C4267: “参数”: 从“size_t”转换到“GLint”，可能丢失数据
D:\ogre-git\ogre\ogre\RenderSystems\GL3Plus\src\GLSL\src\OgreGLSLSeparableProgram.cpp(164,1): warning C4267: “参数”: 从“size_t”转换到“GLint”，可能丢失数据
D:\ogre-git\ogre\ogre\RenderSystems\GL3Plus\src\GLSL\src\OgreGLSLSeparableProgram.cpp(168,1): warning C4267: “参数”: 从“size_t”转换到“GLint”，可能丢失数据
D:\ogre-git\ogre\ogre\RenderSystems\GL3Plus\src\GLSL\src\OgreGLSLSeparableProgram.cpp(172,1): warning C4267: “参数”: 从“size_t”转换到“GLint”，可能丢失数据
D:\ogre-git\ogre\ogre\OgreMain\include\OgrePass.h(643,1): warning C4819: 该文件包含不能在当前代码页(936)中表示的字符。请将该文件保存为 Unicode 格式以防止数据丢失 (编译源文件 D:\ogre-git\ogre\ogre\RenderSystems\GL3Plus\src\OgreGL3PlusTextureBuffer.cpp)
D:\ogre-git\ogre\ogre\RenderSystems\GL3Plus\src\GLSL\src\OgreGLSLSeparableProgram.cpp(176,1): warning C4267: “参数”: 从“size_t”转换到“GLint”，可能丢失数据
D:\ogre-git\ogre\ogre\RenderSystems\GL3Plus\src\GLSL\src\OgreGLSLSeparableProgram.cpp(188,1): warning C4267: “参数”: 从“size_t”转换到“GLint”，可能丢失数据
D:\ogre-git\ogre\ogre\RenderSystems\GL3Plus\src\GLSL\src\OgreGLSLSeparableProgram.cpp(192,1): warning C4267: “参数”: 从“size_t”转换到“GLint”，可能丢失数据
D:\ogre-git\ogre\ogre\RenderSystems\GL3Plus\src\GLSL\src\OgreGLSLSeparableProgram.cpp(196,1): warning C4267: “参数”: 从“size_t”转换到“GLint”，可能丢失数据
D:\ogre-git\ogre\ogre\RenderSystems\GL3Plus\src\GLSL\src\OgreGLSLSeparableProgram.cpp(200,1): warning C4267: “参数”: 从“size_t”转换到“GLint”，可能丢失数据
D:\ogre-git\ogre\ogre\RenderSystems\GL3Plus\src\GLSL\src\OgreGLSLSeparableProgram.cpp(204,1): warning C4267: “参数”: 从“size_t”转换到“GLint”，可能丢失数据
D:\ogre-git\ogre\ogre\RenderSystems\GL3Plus\src\GLSL\src\OgreGLSLSeparableProgram.cpp(208,1): warning C4267: “参数”: 从“size_t”转换到“GLint”，可能丢失数据
D:\ogre-git\ogre\ogre\RenderSystems\GL3Plus\src\GLSL\src\OgreGLSLSeparableProgram.cpp(212,1): warning C4267: “参数”: 从“size_t”转换到“GLint”，可能丢失数据
D:\ogre-git\ogre\ogre\RenderSystems\GL3Plus\src\GLSL\src\OgreGLSLSeparableProgram.cpp(216,1): warning C4267: “参数”: 从“size_t”转换到“GLint”，可能丢失数据
D:\ogre-git\ogre\ogre\RenderSystems\GL3Plus\src\GLSL\src\OgreGLSLSeparableProgram.cpp(220,1): warning C4267: “参数”: 从“size_t”转换到“GLint”，可能丢失数据
D:\ogre-git\ogre\ogre\RenderSystems\GL3Plus\src\GLSL\src\OgreGLSLSeparableProgram.cpp(224,1): warning C4267: “参数”: 从“size_t”转换到“GLint”，可能丢失数据
D:\ogre-git\ogre\ogre\RenderSystems\GL3Plus\src\GLSL\src\OgreGLSLSeparableProgram.cpp(228,1): warning C4267: “参数”: 从“size_t”转换到“GLint”，可能丢失数据
D:\ogre-git\ogre\ogre\RenderSystems\GL3Plus\src\GLSL\src\OgreGLSLSeparableProgram.cpp(232,1): warning C4267: “参数”: 从“size_t”转换到“GLint”，可能丢失数据
D:\ogre-git\ogre\ogre\RenderSystems\GL3Plus\src\GLSL\src\OgreGLSLSeparableProgram.cpp(236,1): warning C4267: “参数”: 从“size_t”转换到“GLint”，可能丢失数据
D:\ogre-git\ogre\ogre\RenderSystems\GL3Plus\src\GLSL\src\OgreGLSLSeparableProgram.cpp(240,1): warning C4267: “参数”: 从“size_t”转换到“GLint”，可能丢失数据
D:\ogre-git\ogre\ogre\RenderSystems\GL3Plus\src\GLSL\src\OgreGLSLSeparableProgram.cpp(244,1): warning C4267: “参数”: 从“size_t”转换到“GLint”，可能丢失数据
D:\ogre-git\ogre\ogre\RenderSystems\GL3Plus\src\GLSL\src\OgreGLSLSeparableProgram.cpp(248,1): warning C4267: “参数”: 从“size_t”转换到“GLint”，可能丢失数据
D:\ogre-git\ogre\ogre\RenderSystems\GL3Plus\src\GLSL\src\OgreGLSLSeparableProgram.cpp(252,1): warning C4267: “参数”: 从“size_t”转换到“GLint”，可能丢失数据
D:\ogre-git\ogre\ogre\RenderSystems\GL3Plus\src\GLSL\src\OgreGLSLSeparableProgram.cpp(256,1): warning C4267: “参数”: 从“size_t”转换到“GLint”，可能丢失数据
D:\ogre-git\ogre\ogre\RenderSystems\GL3Plus\src\GLSL\src\OgreGLSLSeparableProgram.cpp(260,1): warning C4267: “参数”: 从“size_t”转换到“GLint”，可能丢失数据
D:\ogre-git\ogre\ogre\RenderSystems\GL3Plus\src\GLSL\src\OgreGLSLSeparableProgram.cpp(264,1): warning C4267: “参数”: 从“size_t”转换到“GLint”，可能丢失数据
D:\ogre-git\ogre\ogre\RenderSystems\GL3Plus\src\GLSL\src\OgreGLSLSeparableProgram.cpp(268,1): warning C4267: “参数”: 从“size_t”转换到“GLint”，可能丢失数据
D:\ogre-git\ogre\ogre\RenderSystems\GL3Plus\src\GLSL\src\OgreGLSLSeparableProgram.cpp(272,1): warning C4267: “参数”: 从“size_t”转换到“GLint”，可能丢失数据
D:\ogre-git\ogre\ogre\RenderSystems\GL3Plus\src\GLSL\src\OgreGLSLSeparableProgram.cpp(276,1): warning C4267: “参数”: 从“size_t”转换到“GLint”，可能丢失数据
D:\ogre-git\ogre\ogre\RenderSystems\GL3Plus\src\GLSL\src\OgreGLSLSeparableProgram.cpp(281,1): warning C4267: “参数”: 从“size_t”转换到“GLint”，可能丢失数据
D:\ogre-git\ogre\ogre\RenderSystems\GL3Plus\src\GLSL\src\OgreGLSLSeparableProgram.cpp(286,1): warning C4267: “参数”: 从“size_t”转换到“GLint”，可能丢失数据
D:\ogre-git\ogre\ogre\RenderSystems\GL3Plus\src\GLSL\src\OgreGLSLSeparableProgram.cpp(291,1): warning C4267: “参数”: 从“size_t”转换到“GLint”，可能丢失数据
D:\ogre-git\ogre\ogre\RenderSystems\GL3Plus\src\GLSL\src\OgreGLSLSeparableProgram.cpp(296,1): warning C4267: “参数”: 从“size_t”转换到“GLint”，可能丢失数据
D:\ogre-git\ogre\ogre\OgreMain\include\OgrePass.h(643,1): warning C4819: 该文件包含不能在当前代码页(936)中表示的字符。请将该文件保存为 Unicode 格式以防止数据丢失 (编译源文件 D:\ogre-git\ogre\ogre\RenderSystems\GL3Plus\src\OgreGL3PlusStateCacheManager.cpp)
D:\ogre-git\ogre\ogre\OgreMain\include\OgrePass.h(643,1): warning C4819: 该文件包含不能在当前代码页(936)中表示的字符。请将该文件保存为 Unicode 格式以防止数据丢失 (编译源文件 D:\ogre-git\ogre\ogre\RenderSystems\GL3Plus\src\GLSL\src\OgreGLSLProgramManager.cpp)
D:\ogre-git\ogre\ogre\OgreMain\include\OgrePass.h(643,1): warning C4819: 该文件包含不能在当前代码页(936)中表示的字符。请将该文件保存为 Unicode 格式以防止数据丢失 (编译源文件 D:\ogre-git\ogre\ogre\RenderSystems\GL3Plus\src\OgreGL3PlusTextureManager.cpp)
D:\ogre-git\ogre\ogre\RenderSystems\GL3Plus\src\OgreGL3PlusTextureBuffer.cpp(161,1): warning C4267: “参数”: 从“size_t”转换到“GLsizei”，可能丢失数据
D:\ogre-git\ogre\ogre\RenderSystems\GL3Plus\src\OgreGL3PlusTextureBuffer.cpp(171,1): warning C4267: “参数”: 从“size_t”转换到“GLsizei”，可能丢失数据
D:\ogre-git\ogre\ogre\RenderSystems\GL3Plus\src\OgreGL3PlusTextureBuffer.cpp(180,1): warning C4267: “参数”: 从“size_t”转换到“GLsizei”，可能丢失数据
D:\ogre-git\ogre\ogre\RenderSystems\GL3Plus\src\OgreGL3PlusTextureBuffer.cpp(189,17): warning C4267: “参数”: 从“size_t”转换到“GLint”，可能丢失数据
D:\ogre-git\ogre\ogre\RenderSystems\GL3Plus\src\OgreGL3PlusTextureBuffer.cpp(191,17): warning C4267: “参数”: 从“size_t”转换到“GLint”，可能丢失数据
D:\ogre-git\ogre\ogre\RenderSystems\GL3Plus\src\GLSL\src\OgreGLSLProgramManager.cpp(217,102): warning C4267: “参数”: 从“size_t”转换到“GLint”，可能丢失数据
D:\ogre-git\ogre\ogre\OgreMain\include\OgrePass.h(643,1): warning C4819: 该文件包含不能在当前代码页(936)中表示的字符。请将该文件保存为 Unicode 格式以防止数据丢失 (编译源文件 D:\ogre-git\ogre\ogre\RenderSystems\GL3Plus\src\OgreGL3PlusTexture.cpp)
D:\ogre-git\ogre\ogre\OgreMain\include\OgrePass.h(643,1): warning C4819: 该文件包含不能在当前代码页(936)中表示的字符。请将该文件保存为 Unicode 格式以防止数据丢失 (编译源文件 D:\ogre-git\ogre\ogre\RenderSystems\GL3Plus\src\OgreGL3PlusFrameBufferObject.cpp)
D:\ogre-git\ogre\ogre\RenderSystems\GL3Plus\src\OgreGL3PlusTextureManager.cpp(132,1): warning C4244: “参数”: 从“Ogre::Real”转换到“const _Ty”，可能丢失数据
          with
          [
              _Ty=Ogre::uint
          ]
D:\ogre-git\ogre\ogre\RenderSystems\GL3Plus\src\OgreGL3PlusStateCacheManager.cpp(342,9): warning C4267: “参数”: 从“size_t”转换到“GLenum”，可能丢失数据
D:\ogre-git\ogre\ogre\OgreMain\include\OgrePass.h(643,1): warning C4819: 该文件包含不能在当前代码页(936)中表示的字符。请将该文件保存为 Unicode 格式以防止数据丢失 (编译源文件 D:\ogre-git\ogre\ogre\RenderSystems\GL3Plus\src\OgreGL3PlusRenderSystem.cpp)
D:\ogre-git\ogre\ogre\RenderSystems\GL3Plus\src\OgreGL3PlusRenderSystem.cpp(717,56): warning C4267: “参数”: 从“size_t”转换到“Ogre::uint32”，可能丢失数据
D:\ogre-git\ogre\ogre\RenderSystems\GL3Plus\src\OgreGL3PlusRenderSystem.cpp(1753,59): warning C4267: “参数”: 从“size_t”转换到“GLint”，可能丢失数据
  gl3w.c
    正在创建库 D:/ogre-git/ogre/ogre/builds/lib/Debug/RenderSystem_GL3Plus_d.lib 和对象 D:/ogre-git/ogre/ogre/builds/lib/Debug/RenderSystem_GL3Plus_d.exp
  RenderSystem_GL3Plus.vcxproj -> D:\ogre-git\ogre\ogre\builds\bin\Debug\RenderSystem_GL3Plus_d.dll
