d:\ogre-git\ogre\ogre\builds\rendersystems\direct3d9\rendersystem_direct3d9.dir\debug\ogred3d9resourcemanager.obj
d:\ogre-git\ogre\ogre\builds\rendersystems\direct3d9\rendersystem_direct3d9.dir\debug\ogred3d9depthbuffer.obj
d:\ogre-git\ogre\ogre\builds\rendersystems\direct3d9\rendersystem_direct3d9.dir\debug\ogred3d9videomode.obj
d:\ogre-git\ogre\ogre\builds\rendersystems\direct3d9\rendersystem_direct3d9.dir\debug\ogred3d9resource.obj
d:\ogre-git\ogre\ogre\builds\rendersystems\direct3d9\rendersystem_direct3d9.dir\debug\ogred3d9gpuprogrammanager.obj
d:\ogre-git\ogre\ogre\builds\rendersystems\direct3d9\rendersystem_direct3d9.dir\debug\ogred3d9vertexdeclaration.obj
d:\ogre-git\ogre\ogre\builds\rendersystems\direct3d9\rendersystem_direct3d9.dir\debug\ogredxerr.obj
d:\ogre-git\ogre\ogre\builds\rendersystems\direct3d9\rendersystem_direct3d9.dir\debug\ogred3d9enginedll.obj
d:\ogre-git\ogre\ogre\builds\rendersystems\direct3d9\rendersystem_direct3d9.dir\debug\ogred3d9stereodriveramd.obj
d:\ogre-git\ogre\ogre\builds\rendersystems\direct3d9\rendersystem_direct3d9.dir\debug\ogred3d9hardwarebuffer.obj
d:\ogre-git\ogre\ogre\builds\rendersystems\direct3d9\rendersystem_direct3d9.dir\debug\ogred3d9gpuprogram.obj
d:\ogre-git\ogre\ogre\builds\rendersystems\direct3d9\rendersystem_direct3d9.dir\debug\ogred3d9texturemanager.obj
d:\ogre-git\ogre\ogre\builds\rendersystems\direct3d9\rendersystem_direct3d9.dir\debug\ogred3d9renderwindow.obj
d:\ogre-git\ogre\ogre\builds\rendersystems\direct3d9\rendersystem_direct3d9.dir\debug\ogred3d9hardwareocclusionquery.obj
d:\ogre-git\ogre\ogre\builds\rendersystems\direct3d9\rendersystem_direct3d9.dir\debug\ogred3d9hardwarepixelbuffer.obj
d:\ogre-git\ogre\ogre\builds\rendersystems\direct3d9\rendersystem_direct3d9.dir\debug\ogred3d9multirendertarget.obj
d:\ogre-git\ogre\ogre\builds\rendersystems\direct3d9\rendersystem_direct3d9.dir\debug\ogred3d9texture.obj
d:\ogre-git\ogre\ogre\builds\rendersystems\direct3d9\rendersystem_direct3d9.dir\debug\ogred3d9driver.obj
d:\ogre-git\ogre\ogre\builds\rendersystems\direct3d9\rendersystem_direct3d9.dir\debug\ogred3d9plugin.obj
d:\ogre-git\ogre\ogre\builds\rendersystems\direct3d9\rendersystem_direct3d9.dir\debug\ogred3d9driverlist.obj
d:\ogre-git\ogre\ogre\builds\rendersystems\direct3d9\rendersystem_direct3d9.dir\debug\ogred3d9mappings.obj
d:\ogre-git\ogre\ogre\builds\rendersystems\direct3d9\rendersystem_direct3d9.dir\debug\ogred3d9stereodrivernvidia.obj
d:\ogre-git\ogre\ogre\builds\rendersystems\direct3d9\rendersystem_direct3d9.dir\debug\ogred3d9stereodriverbridge.obj
d:\ogre-git\ogre\ogre\builds\rendersystems\direct3d9\rendersystem_direct3d9.dir\debug\ogred3d9hlslprogramfactory.obj
d:\ogre-git\ogre\ogre\builds\rendersystems\direct3d9\rendersystem_direct3d9.dir\debug\ogred3d9hardwarebuffermanager.obj
d:\ogre-git\ogre\ogre\builds\rendersystems\direct3d9\rendersystem_direct3d9.dir\debug\ogred3d9devicemanager.obj
d:\ogre-git\ogre\ogre\builds\rendersystems\direct3d9\rendersystem_direct3d9.dir\debug\ogred3d9videomodelist.obj
d:\ogre-git\ogre\ogre\builds\rendersystems\direct3d9\rendersystem_direct3d9.dir\debug\ogred3d9device.obj
d:\ogre-git\ogre\ogre\builds\rendersystems\direct3d9\rendersystem_direct3d9.dir\debug\ogred3d9hlslprogram.obj
d:\ogre-git\ogre\ogre\builds\rendersystems\direct3d9\rendersystem_direct3d9.dir\debug\ogred3d9rendersystem.obj
d:\ogre-git\ogre\ogre\builds\rendersystems\direct3d9\rendersystem_direct3d9.dir\debug\vc142.pdb
d:\ogre-git\ogre\ogre\builds\rendersystems\direct3d9\rendersystem_direct3d9.dir\debug\rendersystem_direct3d9_d.ilk
d:\ogre-git\ogre\ogre\builds\bin\debug\rendersystem_direct3d9_d.dll
d:\ogre-git\ogre\ogre\builds\bin\debug\rendersystem_direct3d9_d.pdb
d:\ogre-git\ogre\ogre\builds\lib\debug\rendersystem_direct3d9_d.lib
d:\ogre-git\ogre\ogre\builds\lib\debug\rendersystem_direct3d9_d.exp
d:\ogre-git\ogre\ogre\builds\rendersystems\direct3d9\rendersystem_direct3d9.dir\debug\rendersy.9a72e3a8.tlog\cl.11504.write.1.tlog
d:\ogre-git\ogre\ogre\builds\rendersystems\direct3d9\rendersystem_direct3d9.dir\debug\rendersy.9a72e3a8.tlog\cl.command.1.tlog
d:\ogre-git\ogre\ogre\builds\rendersystems\direct3d9\rendersystem_direct3d9.dir\debug\rendersy.9a72e3a8.tlog\cl.read.1.tlog
d:\ogre-git\ogre\ogre\builds\rendersystems\direct3d9\rendersystem_direct3d9.dir\debug\rendersy.9a72e3a8.tlog\link.command.1.tlog
d:\ogre-git\ogre\ogre\builds\rendersystems\direct3d9\rendersystem_direct3d9.dir\debug\rendersy.9a72e3a8.tlog\link.read.1.tlog
d:\ogre-git\ogre\ogre\builds\rendersystems\direct3d9\rendersystem_direct3d9.dir\debug\rendersy.9a72e3a8.tlog\link.write.1.tlog
d:\ogre-git\ogre\ogre\builds\rendersystems\direct3d9\rendersystem_direct3d9.dir\debug\rendersy.9a72e3a8.tlog\rendersystem_direct3d9.write.1u.tlog
