d:\ogre-git\ogre\ogre\builds\rendersystems\gles2\rendersystem_gles2.dir\debug\vc142.pdb
d:\ogre-git\ogre\ogre\builds\rendersystems\gles2\rendersystem_gles2.dir\debug\glesw.obj
d:\ogre-git\ogre\ogre\builds\rendersystems\gles2\rendersystem_gles2.dir\debug\ogreglslesprogram.obj
d:\ogre-git\ogre\ogre\builds\rendersystems\gles2\rendersystem_gles2.dir\debug\ogregles2fborendertexture.obj
d:\ogre-git\ogre\ogre\builds\rendersystems\gles2\rendersystem_gles2.dir\debug\ogregles2rendersystem.obj
d:\ogre-git\ogre\ogre\builds\rendersystems\gles2\rendersystem_gles2.dir\debug\ogregles2hardwarebuffermanager.obj
d:\ogre-git\ogre\ogre\builds\rendersystems\gles2\rendersystem_gles2.dir\debug\ogregles2managedresourcemanager.obj
d:\ogre-git\ogre\ogre\builds\rendersystems\gles2\rendersystem_gles2.dir\debug\ogregles2hardwarebuffer.obj
d:\ogre-git\ogre\ogre\builds\rendersystems\gles2\rendersystem_gles2.dir\debug\ogregles2fbomultirendertarget.obj
d:\ogre-git\ogre\ogre\builds\rendersystems\gles2\rendersystem_gles2.dir\debug\ogreglslesprogrammanager.obj
d:\ogre-git\ogre\ogre\builds\rendersystems\gles2\rendersystem_gles2.dir\debug\ogregles2pixelformat.obj
d:\ogre-git\ogre\ogre\builds\rendersystems\gles2\rendersystem_gles2.dir\debug\ogregles2hardwarepixelbuffer.obj
d:\ogre-git\ogre\ogre\builds\rendersystems\gles2\rendersystem_gles2.dir\debug\ogregles2rendertovertexbuffer.obj
d:\ogre-git\ogre\ogre\builds\rendersystems\gles2\rendersystem_gles2.dir\debug\ogregles2texture.obj
d:\ogre-git\ogre\ogre\builds\rendersystems\gles2\rendersystem_gles2.dir\debug\ogregles2statecachemanager.obj
d:\ogre-git\ogre\ogre\builds\rendersystems\gles2\rendersystem_gles2.dir\debug\ogregles2texturemanager.obj
d:\ogre-git\ogre\ogre\builds\rendersystems\gles2\rendersystem_gles2.dir\debug\ogreglsleslinkprogram.obj
d:\ogre-git\ogre\ogre\builds\rendersystems\gles2\rendersystem_gles2.dir\debug\ogreglslesprogrampipeline.obj
d:\ogre-git\ogre\ogre\builds\rendersystems\gles2\rendersystem_gles2.dir\debug\ogregles2hardwareocclusionquery.obj
d:\ogre-git\ogre\ogre\builds\rendersystems\gles2\rendersystem_gles2.dir\debug\ogregles2managedresource.obj
d:\ogre-git\ogre\ogre\builds\rendersystems\gles2\rendersystem_gles2.dir\debug\ogregles2framebufferobject.obj
d:\ogre-git\ogre\ogre\builds\rendersystems\gles2\rendersystem_gles2.dir\debug\ogregles2enginedll.obj
d:\ogre-git\ogre\ogre\builds\rendersystems\gles2\rendersystem_gles2.dir\debug\ogreglslesprogramcommon.obj
d:\ogre-git\ogre\ogre\builds\rendersystems\gles2\rendersystem_gles2.dir\debug\ogregles2plugin.obj
d:\ogre-git\ogre\ogre\builds\rendersystems\gles2\rendersystem_gles2.dir\debug\ogreglslesextsupport.obj
d:\ogre-git\ogre\ogre\builds\rendersystems\gles2\rendersystem_gles2.dir\debug\rendersystem_gles2_d.ilk
d:\ogre-git\ogre\ogre\builds\bin\debug\rendersystem_gles2_d.dll
d:\ogre-git\ogre\ogre\builds\bin\debug\rendersystem_gles2_d.pdb
d:\ogre-git\ogre\ogre\builds\lib\debug\rendersystem_gles2_d.lib
d:\ogre-git\ogre\ogre\builds\lib\debug\rendersystem_gles2_d.exp
d:\ogre-git\ogre\ogre\builds\rendersystems\gles2\rendersystem_gles2.dir\debug\rendersy.33213e80.tlog\cl.command.1.tlog
d:\ogre-git\ogre\ogre\builds\rendersystems\gles2\rendersystem_gles2.dir\debug\rendersy.33213e80.tlog\cl.read.1.tlog
d:\ogre-git\ogre\ogre\builds\rendersystems\gles2\rendersystem_gles2.dir\debug\rendersy.33213e80.tlog\cl.write.1.tlog
d:\ogre-git\ogre\ogre\builds\rendersystems\gles2\rendersystem_gles2.dir\debug\rendersy.33213e80.tlog\link.command.1.tlog
d:\ogre-git\ogre\ogre\builds\rendersystems\gles2\rendersystem_gles2.dir\debug\rendersy.33213e80.tlog\link.read.1.tlog
d:\ogre-git\ogre\ogre\builds\rendersystems\gles2\rendersystem_gles2.dir\debug\rendersy.33213e80.tlog\link.write.1.tlog
d:\ogre-git\ogre\ogre\builds\rendersystems\gles2\rendersystem_gles2.dir\debug\rendersy.33213e80.tlog\rendersystem_gles2.write.1u.tlog
