d:\ogre-git\ogre\ogre\builds\plugins\pczscenemanager\plugin_pczscenemanager.dir\debug\ogrepczone.obj
d:\ogre-git\ogre\ogre\builds\plugins\pczscenemanager\plugin_pczscenemanager.dir\debug\ogrepczlight.obj
d:\ogre-git\ogre\ogre\builds\plugins\pczscenemanager\plugin_pczscenemanager.dir\debug\ogrepczscenequery.obj
d:\ogre-git\ogre\ogre\builds\plugins\pczscenemanager\plugin_pczscenemanager.dir\debug\ogredefaultzone.obj
d:\ogre-git\ogre\ogre\builds\plugins\pczscenemanager\plugin_pczscenemanager.dir\debug\ogrepczscenemanager.obj
d:\ogre-git\ogre\ogre\builds\plugins\pczscenemanager\plugin_pczscenemanager.dir\debug\ogresegment.obj
d:\ogre-git\ogre\ogre\builds\plugins\pczscenemanager\plugin_pczscenemanager.dir\debug\ogrepczscenemanagerdll.obj
d:\ogre-git\ogre\ogre\builds\plugins\pczscenemanager\plugin_pczscenemanager.dir\debug\ogrepczfrustum.obj
d:\ogre-git\ogre\ogre\builds\plugins\pczscenemanager\plugin_pczscenemanager.dir\debug\ogrepczscenenode.obj
d:\ogre-git\ogre\ogre\builds\plugins\pczscenemanager\plugin_pczscenemanager.dir\debug\ogrepczcamera.obj
d:\ogre-git\ogre\ogre\builds\plugins\pczscenemanager\plugin_pczscenemanager.dir\debug\ogrepczonefactory.obj
d:\ogre-git\ogre\ogre\builds\plugins\pczscenemanager\plugin_pczscenemanager.dir\debug\ogreantiportal.obj
d:\ogre-git\ogre\ogre\builds\plugins\pczscenemanager\plugin_pczscenemanager.dir\debug\ogreportal.obj
d:\ogre-git\ogre\ogre\builds\plugins\pczscenemanager\plugin_pczscenemanager.dir\debug\ogreportalbase.obj
d:\ogre-git\ogre\ogre\builds\plugins\pczscenemanager\plugin_pczscenemanager.dir\debug\ogrecapsule.obj
d:\ogre-git\ogre\ogre\builds\plugins\pczscenemanager\plugin_pczscenemanager.dir\debug\ogrepczplugin.obj
d:\ogre-git\ogre\ogre\builds\plugins\pczscenemanager\plugin_pczscenemanager.dir\debug\ogrepcplane.obj
d:\ogre-git\ogre\ogre\builds\plugins\pczscenemanager\plugin_pczscenemanager.dir\debug\vc142.pdb
d:\ogre-git\ogre\ogre\builds\plugins\pczscenemanager\plugin_pczscenemanager.dir\debug\plugin_pczscenemanager_d.ilk
d:\ogre-git\ogre\ogre\builds\bin\debug\plugin_pczscenemanager_d.dll
d:\ogre-git\ogre\ogre\builds\bin\debug\plugin_pczscenemanager_d.pdb
d:\ogre-git\ogre\ogre\builds\lib\debug\plugin_pczscenemanager_d.lib
d:\ogre-git\ogre\ogre\builds\lib\debug\plugin_pczscenemanager_d.exp
d:\ogre-git\ogre\ogre\builds\plugins\pczscenemanager\plugin_pczscenemanager.dir\debug\plugin_p.aed36110.tlog\cl.10728.write.1.tlog
d:\ogre-git\ogre\ogre\builds\plugins\pczscenemanager\plugin_pczscenemanager.dir\debug\plugin_p.aed36110.tlog\cl.command.1.tlog
d:\ogre-git\ogre\ogre\builds\plugins\pczscenemanager\plugin_pczscenemanager.dir\debug\plugin_p.aed36110.tlog\cl.read.1.tlog
d:\ogre-git\ogre\ogre\builds\plugins\pczscenemanager\plugin_pczscenemanager.dir\debug\plugin_p.aed36110.tlog\link.command.1.tlog
d:\ogre-git\ogre\ogre\builds\plugins\pczscenemanager\plugin_pczscenemanager.dir\debug\plugin_p.aed36110.tlog\link.read.1.tlog
d:\ogre-git\ogre\ogre\builds\plugins\pczscenemanager\plugin_pczscenemanager.dir\debug\plugin_p.aed36110.tlog\link.write.1.tlog
d:\ogre-git\ogre\ogre\builds\plugins\pczscenemanager\plugin_pczscenemanager.dir\debug\plugin_p.aed36110.tlog\plugin_pczscenemanager.write.1u.tlog
