d:\ogre-git\ogre\ogre\builds\components\meshlodgenerator\ogremeshlodgenerator.dir\debug\cmake_pch.pch
d:\ogre-git\ogre\ogre\builds\components\meshlodgenerator\ogremeshlodgenerator.dir\debug\vc142.pdb
d:\ogre-git\ogre\ogre\builds\components\meshlodgenerator\ogremeshlodgenerator.dir\debug\cmake_pch.obj
d:\ogre-git\ogre\ogre\builds\components\meshlodgenerator\ogremeshlodgenerator.dir\debug\ogreloddata.obj
d:\ogre-git\ogre\ogre\builds\components\meshlodgenerator\ogremeshlodgenerator.dir\debug\ogrelodoutputprovider.obj
d:\ogre-git\ogre\ogre\builds\components\meshlodgenerator\ogremeshlodgenerator.dir\debug\ogrelodcollapsecostquadric.obj
d:\ogre-git\ogre\ogre\builds\components\meshlodgenerator\ogremeshlodgenerator.dir\debug\ogrelodbuffer.obj
d:\ogre-git\ogre\ogre\builds\components\meshlodgenerator\ogremeshlodgenerator.dir\debug\ogremeshlodgenerator.obj
d:\ogre-git\ogre\ogre\builds\components\meshlodgenerator\ogremeshlodgenerator.dir\debug\ogrelodoutsidemarker.obj
d:\ogre-git\ogre\ogre\builds\components\meshlodgenerator\ogremeshlodgenerator.dir\debug\ogrelodconfig.obj
d:\ogre-git\ogre\ogre\builds\components\meshlodgenerator\ogremeshlodgenerator.dir\debug\ogrelodcollapser.obj
d:\ogre-git\ogre\ogre\builds\components\meshlodgenerator\ogremeshlodgenerator.dir\debug\ogrelodoutputprovidermesh.obj
d:\ogre-git\ogre\ogre\builds\components\meshlodgenerator\ogremeshlodgenerator.dir\debug\ogrelodcollapsecostprofiler.obj
d:\ogre-git\ogre\ogre\builds\components\meshlodgenerator\ogremeshlodgenerator.dir\debug\ogrelodinputprovidermesh.obj
d:\ogre-git\ogre\ogre\builds\components\meshlodgenerator\ogremeshlodgenerator.dir\debug\ogrelodcollapsecost.obj
d:\ogre-git\ogre\ogre\builds\components\meshlodgenerator\ogremeshlodgenerator.dir\debug\ogrelodconfigserializer.obj
d:\ogre-git\ogre\ogre\builds\components\meshlodgenerator\ogremeshlodgenerator.dir\debug\ogrelodcollapsecostcurvature.obj
d:\ogre-git\ogre\ogre\builds\components\meshlodgenerator\ogremeshlodgenerator.dir\debug\ogrelodinputprovider.obj
d:\ogre-git\ogre\ogre\builds\components\meshlodgenerator\ogremeshlodgenerator.dir\debug\ogresmallvector.obj
d:\ogre-git\ogre\ogre\builds\components\meshlodgenerator\ogremeshlodgenerator.dir\debug\ogrelodoutputproviderbuffer.obj
d:\ogre-git\ogre\ogre\builds\components\meshlodgenerator\ogremeshlodgenerator.dir\debug\ogrelodcollapsecostoutside.obj
d:\ogre-git\ogre\ogre\builds\components\meshlodgenerator\ogremeshlodgenerator.dir\debug\ogrelodinputproviderbuffer.obj
d:\ogre-git\ogre\ogre\builds\components\meshlodgenerator\ogremeshlodgenerator.dir\debug\ogremeshlodgenerator_d.ilk
d:\ogre-git\ogre\ogre\builds\bin\debug\ogremeshlodgenerator_d.dll
d:\ogre-git\ogre\ogre\builds\bin\debug\ogremeshlodgenerator_d.pdb
d:\ogre-git\ogre\ogre\builds\lib\debug\ogremeshlodgenerator_d.lib
d:\ogre-git\ogre\ogre\builds\lib\debug\ogremeshlodgenerator_d.exp
d:\ogre-git\ogre\ogre\builds\components\meshlodgenerator\ogremeshlodgenerator.dir\debug\ogremesh.2b73a698.tlog\cl.command.1.tlog
d:\ogre-git\ogre\ogre\builds\components\meshlodgenerator\ogremeshlodgenerator.dir\debug\ogremesh.2b73a698.tlog\cl.read.1.tlog
d:\ogre-git\ogre\ogre\builds\components\meshlodgenerator\ogremeshlodgenerator.dir\debug\ogremesh.2b73a698.tlog\cl.write.1.tlog
d:\ogre-git\ogre\ogre\builds\components\meshlodgenerator\ogremeshlodgenerator.dir\debug\ogremesh.2b73a698.tlog\link.command.1.tlog
d:\ogre-git\ogre\ogre\builds\components\meshlodgenerator\ogremeshlodgenerator.dir\debug\ogremesh.2b73a698.tlog\link.read.1.tlog
d:\ogre-git\ogre\ogre\builds\components\meshlodgenerator\ogremeshlodgenerator.dir\debug\ogremesh.2b73a698.tlog\link.write.1.tlog
d:\ogre-git\ogre\ogre\builds\components\meshlodgenerator\ogremeshlodgenerator.dir\debug\ogremesh.2b73a698.tlog\ogremeshlodgenerator.write.1u.tlog
