d:\ogre-git\ogre\ogre\builds\bullet3-3.25\lib\debug\bullet3opencl_clew_debug.pdb
d:\ogre-git\ogre\ogre\builds\bullet3-3.25\src\bullet3opencl\bullet3opencl_clew.dir\debug\clew.obj
d:\ogre-git\ogre\ogre\builds\bullet3-3.25\src\bullet3opencl\bullet3opencl_clew.dir\debug\b3radixsort32cl.obj
d:\ogre-git\ogre\ogre\builds\bullet3-3.25\src\bullet3opencl\bullet3opencl_clew.dir\debug\b3prefixscanfloat4cl.obj
d:\ogre-git\ogre\ogre\builds\bullet3-3.25\src\bullet3opencl\bullet3opencl_clew.dir\debug\b3prefixscancl.obj
d:\ogre-git\ogre\ogre\builds\bullet3-3.25\src\bullet3opencl\bullet3opencl_clew.dir\debug\b3launchercl.obj
d:\ogre-git\ogre\ogre\builds\bullet3-3.25\src\bullet3opencl\bullet3opencl_clew.dir\debug\b3fillcl.obj
d:\ogre-git\ogre\ogre\builds\bullet3-3.25\src\bullet3opencl\bullet3opencl_clew.dir\debug\b3boundsearchcl.obj
d:\ogre-git\ogre\ogre\builds\bullet3-3.25\src\bullet3opencl\bullet3opencl_clew.dir\debug\b3voronoisimplexsolver.obj
d:\ogre-git\ogre\ogre\builds\bullet3-3.25\src\bullet3opencl\bullet3opencl_clew.dir\debug\b3triangleindexvertexarray.obj
d:\ogre-git\ogre\ogre\builds\bullet3-3.25\src\bullet3opencl\bullet3opencl_clew.dir\debug\b3trianglecallback.obj
d:\ogre-git\ogre\ogre\builds\bullet3-3.25\src\bullet3opencl\bullet3opencl_clew.dir\debug\b3stridingmeshinterface.obj
d:\ogre-git\ogre\ogre\builds\bullet3-3.25\src\bullet3opencl\bullet3opencl_clew.dir\debug\b3quantizedbvh.obj
d:\ogre-git\ogre\ogre\builds\bullet3-3.25\src\bullet3opencl\bullet3opencl_clew.dir\debug\b3optimizedbvh.obj
d:\ogre-git\ogre\ogre\builds\bullet3-3.25\src\bullet3opencl\bullet3opencl_clew.dir\debug\b3gjkepa.obj
d:\ogre-git\ogre\ogre\builds\bullet3-3.25\src\bullet3opencl\bullet3opencl_clew.dir\debug\b3convexhullcontact.obj
d:\ogre-git\ogre\ogre\builds\bullet3-3.25\src\bullet3opencl\bullet3opencl_clew.dir\debug\b3contactcache.obj
d:\ogre-git\ogre\ogre\builds\bullet3-3.25\src\bullet3opencl\bullet3opencl_clew.dir\debug\b3openclutils.obj
d:\ogre-git\ogre\ogre\builds\bullet3-3.25\src\bullet3opencl\bullet3opencl_clew.dir\debug\b3gpuparallellinearbvh.obj
d:\ogre-git\ogre\ogre\builds\bullet3-3.25\src\bullet3opencl\bullet3opencl_clew.dir\debug\b3gpuparallellinearbvhbroadphase.obj
d:\ogre-git\ogre\ogre\builds\bullet3-3.25\src\bullet3opencl\bullet3opencl_clew.dir\debug\b3gpusapbroadphase.obj
d:\ogre-git\ogre\ogre\builds\bullet3-3.25\src\bullet3opencl\bullet3opencl_clew.dir\debug\b3gpugridbroadphase.obj
d:\ogre-git\ogre\ogre\builds\bullet3-3.25\src\bullet3opencl\bullet3opencl_clew.dir\debug\b3solver.obj
d:\ogre-git\ogre\ogre\builds\bullet3-3.25\src\bullet3opencl\bullet3opencl_clew.dir\debug\b3gpurigidbodypipeline.obj
d:\ogre-git\ogre\ogre\builds\bullet3-3.25\src\bullet3opencl\bullet3opencl_clew.dir\debug\b3gpupgscontactsolver.obj
d:\ogre-git\ogre\ogre\builds\bullet3-3.25\src\bullet3opencl\bullet3opencl_clew.dir\debug\b3gpupgsconstraintsolver.obj
d:\ogre-git\ogre\ogre\builds\bullet3-3.25\src\bullet3opencl\bullet3opencl_clew.dir\debug\b3gpunarrowphase.obj
d:\ogre-git\ogre\ogre\builds\bullet3-3.25\src\bullet3opencl\bullet3opencl_clew.dir\debug\b3gpujacobicontactsolver.obj
d:\ogre-git\ogre\ogre\builds\bullet3-3.25\src\bullet3opencl\bullet3opencl_clew.dir\debug\b3gpugenericconstraint.obj
d:\ogre-git\ogre\ogre\builds\bullet3-3.25\src\bullet3opencl\bullet3opencl_clew.dir\debug\b3gpuraycast.obj
d:\ogre-git\ogre\ogre\builds\bullet3-3.25\src\bullet3opencl\cmakefiles\generate.stamp
d:\ogre-git\ogre\ogre\builds\bullet3-3.25\lib\debug\bullet3opencl_clew_debug.lib
d:\ogre-git\ogre\ogre\builds\bullet3-3.25\src\bullet3opencl\bullet3opencl_clew.dir\debug\bullet3o.5c27bf29.tlog\cl.command.1.tlog
d:\ogre-git\ogre\ogre\builds\bullet3-3.25\src\bullet3opencl\bullet3opencl_clew.dir\debug\bullet3o.5c27bf29.tlog\cl.read.1.tlog
d:\ogre-git\ogre\ogre\builds\bullet3-3.25\src\bullet3opencl\bullet3opencl_clew.dir\debug\bullet3o.5c27bf29.tlog\cl.write.1.tlog
d:\ogre-git\ogre\ogre\builds\bullet3-3.25\src\bullet3opencl\bullet3opencl_clew.dir\debug\bullet3o.5c27bf29.tlog\custombuild.command.1.tlog
d:\ogre-git\ogre\ogre\builds\bullet3-3.25\src\bullet3opencl\bullet3opencl_clew.dir\debug\bullet3o.5c27bf29.tlog\custombuild.read.1.tlog
d:\ogre-git\ogre\ogre\builds\bullet3-3.25\src\bullet3opencl\bullet3opencl_clew.dir\debug\bullet3o.5c27bf29.tlog\custombuild.write.1.tlog
d:\ogre-git\ogre\ogre\builds\bullet3-3.25\src\bullet3opencl\bullet3opencl_clew.dir\debug\bullet3o.5c27bf29.tlog\lib-link.read.1.tlog
d:\ogre-git\ogre\ogre\builds\bullet3-3.25\src\bullet3opencl\bullet3opencl_clew.dir\debug\bullet3o.5c27bf29.tlog\lib-link.write.1.tlog
d:\ogre-git\ogre\ogre\builds\bullet3-3.25\src\bullet3opencl\bullet3opencl_clew.dir\debug\bullet3o.5c27bf29.tlog\lib.command.1.tlog
