  Building Custom Rule D:/ogre-git/ogre/ogre/builds/bullet3-3.25/src/Bullet3OpenCL/CMakeLists.txt
  clew.c
  b3GpuGridBroadphase.cpp
  b3GpuSapBroadphase.cpp
  b3GpuParallelLinearBvhBroadphase.cpp
  b3GpuParallelLinearBvh.cpp
  b3OpenCLUtils.cpp
  b3ContactCache.cpp
  b3ConvexHullContact.cpp
  b3GjkEpa.cpp
  b3OptimizedBvh.cpp
  b3QuantizedBvh.cpp
  b3StridingMeshInterface.cpp
  b3TriangleCallback.cpp
  b3TriangleIndexVertexArray.cpp
  b3VoronoiSimplexSolver.cpp
  b3BoundSearchCL.cpp
  b3FillCL.cpp
  b3LauncherCL.cpp
  b3PrefixScanCL.cpp
  b3PrefixScanFloat4CL.cpp
  b3RadixSort32CL.cpp
  正在生成代码...
  正在编译...
  b3GpuRaycast.cpp
  b3GpuGenericConstraint.cpp
  b3GpuJacobiContactSolver.cpp
  b3GpuNarrowPhase.cpp
  b3GpuPgsConstraintSolver.cpp
  b3GpuPgsContactSolver.cpp
  b3GpuRigidBodyPipeline.cpp
  b3Solver.cpp
  正在生成代码...
  Bullet3OpenCL_clew.vcxproj -> D:\ogre-git\ogre\ogre\builds\bullet3-3.25\lib\Debug\Bullet3OpenCL_clew_Debug.lib
