  Building Custom Rule D:/ogre-git/ogre/ogre/builds/bullet3-3.25/src/BulletSoftBody/CMakeLists.txt
  btSoftBody.cpp
  btSoftBodyConcaveCollisionAlgorithm.cpp
  btSoftBodyHelpers.cpp
  btSoftBodyRigidBodyCollisionConfiguration.cpp
  btSoftRigidCollisionAlgorithm.cpp
  btSoftRigidDynamicsWorld.cpp
  btSoftMultiBodyDynamicsWorld.cpp
  btSoftSoftCollisionAlgorithm.cpp
  btDefaultSoftBodySolver.cpp
  btDeformableBackwardEulerObjective.cpp
  btDeformableBodySolver.cpp
  btDeformableMultiBodyConstraintSolver.cpp
  btDeformableContactProjection.cpp
  btDeformableMultiBodyDynamicsWorld.cpp
  btDeformableContactConstraint.cpp
  poly34.cpp
  btReducedDeformableBody.cpp
  btReducedDeformableBodyHelpers.cpp
D:\ogre-git\ogre\ogre\builds\bullet3-3.25\src\BulletSoftBody\BulletReducedDeformableBody\btReducedDeformableBodyHelpers.cpp(191,20): warning C4018: “<”: 有符号/无符号不匹配
D:\ogre-git\ogre\ogre\builds\bullet3-3.25\src\BulletSoftBody\BulletReducedDeformableBody\btReducedDeformableBodyHelpers.cpp(193,21): warning C4018: “<”: 有符号/无符号不匹配
  btReducedDeformableBodySolver.cpp
  btReducedDeformableContactConstraint.cpp
  正在生成代码...
D:\ogre-git\ogre\ogre\builds\bullet3-3.25\src\BulletSoftBody\poly34.cpp(432): warning C4756: 常量算法中溢出
  BulletSoftBody.vcxproj -> D:\ogre-git\ogre\ogre\builds\bullet3-3.25\lib\Debug\BulletSoftBody_Debug.lib
