d:\ogre-git\ogre\ogre\builds\bullet3-3.25\lib\debug\bulletsoftbody_debug.pdb
d:\ogre-git\ogre\ogre\builds\bullet3-3.25\src\bulletsoftbody\bulletsoftbody.dir\debug\btreduceddeformablecontactconstraint.obj
d:\ogre-git\ogre\ogre\builds\bullet3-3.25\src\bulletsoftbody\bulletsoftbody.dir\debug\btreduceddeformablebodysolver.obj
d:\ogre-git\ogre\ogre\builds\bullet3-3.25\src\bulletsoftbody\bulletsoftbody.dir\debug\btreduceddeformablebodyhelpers.obj
d:\ogre-git\ogre\ogre\builds\bullet3-3.25\src\bulletsoftbody\bulletsoftbody.dir\debug\btreduceddeformablebody.obj
d:\ogre-git\ogre\ogre\builds\bullet3-3.25\src\bulletsoftbody\bulletsoftbody.dir\debug\poly34.obj
d:\ogre-git\ogre\ogre\builds\bullet3-3.25\src\bulletsoftbody\bulletsoftbody.dir\debug\btdeformablecontactconstraint.obj
d:\ogre-git\ogre\ogre\builds\bullet3-3.25\src\bulletsoftbody\bulletsoftbody.dir\debug\btdeformablemultibodydynamicsworld.obj
d:\ogre-git\ogre\ogre\builds\bullet3-3.25\src\bulletsoftbody\bulletsoftbody.dir\debug\btdeformablecontactprojection.obj
d:\ogre-git\ogre\ogre\builds\bullet3-3.25\src\bulletsoftbody\bulletsoftbody.dir\debug\btdeformablemultibodyconstraintsolver.obj
d:\ogre-git\ogre\ogre\builds\bullet3-3.25\src\bulletsoftbody\bulletsoftbody.dir\debug\btdeformablebodysolver.obj
d:\ogre-git\ogre\ogre\builds\bullet3-3.25\src\bulletsoftbody\bulletsoftbody.dir\debug\btdeformablebackwardeulerobjective.obj
d:\ogre-git\ogre\ogre\builds\bullet3-3.25\src\bulletsoftbody\bulletsoftbody.dir\debug\btdefaultsoftbodysolver.obj
d:\ogre-git\ogre\ogre\builds\bullet3-3.25\src\bulletsoftbody\bulletsoftbody.dir\debug\btsoftsoftcollisionalgorithm.obj
d:\ogre-git\ogre\ogre\builds\bullet3-3.25\src\bulletsoftbody\bulletsoftbody.dir\debug\btsoftmultibodydynamicsworld.obj
d:\ogre-git\ogre\ogre\builds\bullet3-3.25\src\bulletsoftbody\bulletsoftbody.dir\debug\btsoftrigiddynamicsworld.obj
d:\ogre-git\ogre\ogre\builds\bullet3-3.25\src\bulletsoftbody\bulletsoftbody.dir\debug\btsoftrigidcollisionalgorithm.obj
d:\ogre-git\ogre\ogre\builds\bullet3-3.25\src\bulletsoftbody\bulletsoftbody.dir\debug\btsoftbodyrigidbodycollisionconfiguration.obj
d:\ogre-git\ogre\ogre\builds\bullet3-3.25\src\bulletsoftbody\bulletsoftbody.dir\debug\btsoftbodyhelpers.obj
d:\ogre-git\ogre\ogre\builds\bullet3-3.25\src\bulletsoftbody\bulletsoftbody.dir\debug\btsoftbodyconcavecollisionalgorithm.obj
d:\ogre-git\ogre\ogre\builds\bullet3-3.25\src\bulletsoftbody\bulletsoftbody.dir\debug\btsoftbody.obj
d:\ogre-git\ogre\ogre\builds\bullet3-3.25\src\bulletsoftbody\cmakefiles\generate.stamp
d:\ogre-git\ogre\ogre\builds\bullet3-3.25\lib\debug\bulletsoftbody_debug.lib
d:\ogre-git\ogre\ogre\builds\bullet3-3.25\src\bulletsoftbody\bulletsoftbody.dir\debug\bulletsoftbody.tlog\cl.command.1.tlog
d:\ogre-git\ogre\ogre\builds\bullet3-3.25\src\bulletsoftbody\bulletsoftbody.dir\debug\bulletsoftbody.tlog\cl.read.1.tlog
d:\ogre-git\ogre\ogre\builds\bullet3-3.25\src\bulletsoftbody\bulletsoftbody.dir\debug\bulletsoftbody.tlog\cl.write.1.tlog
d:\ogre-git\ogre\ogre\builds\bullet3-3.25\src\bulletsoftbody\bulletsoftbody.dir\debug\bulletsoftbody.tlog\custombuild.command.1.tlog
d:\ogre-git\ogre\ogre\builds\bullet3-3.25\src\bulletsoftbody\bulletsoftbody.dir\debug\bulletsoftbody.tlog\custombuild.read.1.tlog
d:\ogre-git\ogre\ogre\builds\bullet3-3.25\src\bulletsoftbody\bulletsoftbody.dir\debug\bulletsoftbody.tlog\custombuild.write.1.tlog
d:\ogre-git\ogre\ogre\builds\bullet3-3.25\src\bulletsoftbody\bulletsoftbody.dir\debug\bulletsoftbody.tlog\lib-link.read.1.tlog
d:\ogre-git\ogre\ogre\builds\bullet3-3.25\src\bulletsoftbody\bulletsoftbody.dir\debug\bulletsoftbody.tlog\lib-link.write.1.tlog
d:\ogre-git\ogre\ogre\builds\bullet3-3.25\src\bulletsoftbody\bulletsoftbody.dir\debug\bulletsoftbody.tlog\lib.command.1.tlog
