d:\ogre-git\ogre\ogre\builds\components\volume\ogrevolume.dir\debug\ogrevolumemeshbuilder.obj
d:\ogre-git\ogre\ogre\builds\components\volume\ogrevolume.dir\debug\ogrevolumechunk.obj
d:\ogre-git\ogre\ogre\builds\components\volume\ogrevolume.dir\debug\ogrevolumesimplexnoise.obj
d:\ogre-git\ogre\ogre\builds\components\volume\ogrevolume.dir\debug\ogrevolumetexturesource.obj
d:\ogre-git\ogre\ogre\builds\components\volume\ogrevolume.dir\debug\ogrevolumegridsource.obj
d:\ogre-git\ogre\ogre\builds\components\volume\ogrevolume.dir\debug\ogrevolumeisosurfacemc.obj
d:\ogre-git\ogre\ogre\builds\components\volume\ogrevolume.dir\debug\ogrevolumeisosurface.obj
d:\ogre-git\ogre\ogre\builds\components\volume\ogrevolume.dir\debug\ogrevolumesource.obj
d:\ogre-git\ogre\ogre\builds\components\volume\ogrevolume.dir\debug\ogrevolumecsgsource.obj
d:\ogre-git\ogre\ogre\builds\components\volume\ogrevolume.dir\debug\ogrevolumeoctreenodesplitpolicy.obj
d:\ogre-git\ogre\ogre\builds\components\volume\ogrevolume.dir\debug\ogrevolumeoctreenode.obj
d:\ogre-git\ogre\ogre\builds\components\volume\ogrevolume.dir\debug\ogrevolumedualgridgenerator.obj
d:\ogre-git\ogre\ogre\builds\components\volume\ogrevolume.dir\debug\ogrevolumehalffloatgridsource.obj
d:\ogre-git\ogre\ogre\builds\components\volume\ogrevolume.dir\debug\ogrevolumecachesource.obj
d:\ogre-git\ogre\ogre\builds\components\volume\ogrevolume.dir\debug\vc142.pdb
d:\ogre-git\ogre\ogre\builds\components\volume\ogrevolume.dir\debug\ogrevolume_d.ilk
d:\ogre-git\ogre\ogre\builds\bin\debug\ogrevolume_d.dll
d:\ogre-git\ogre\ogre\builds\bin\debug\ogrevolume_d.pdb
d:\ogre-git\ogre\ogre\builds\lib\debug\ogrevolume_d.lib
d:\ogre-git\ogre\ogre\builds\lib\debug\ogrevolume_d.exp
d:\ogre-git\ogre\ogre\builds\components\volume\ogrevolume.dir\debug\ogrevolume.tlog\cl.10680.write.1.tlog
d:\ogre-git\ogre\ogre\builds\components\volume\ogrevolume.dir\debug\ogrevolume.tlog\cl.command.1.tlog
d:\ogre-git\ogre\ogre\builds\components\volume\ogrevolume.dir\debug\ogrevolume.tlog\cl.read.1.tlog
d:\ogre-git\ogre\ogre\builds\components\volume\ogrevolume.dir\debug\ogrevolume.tlog\link.command.1.tlog
d:\ogre-git\ogre\ogre\builds\components\volume\ogrevolume.dir\debug\ogrevolume.tlog\link.read.1.tlog
d:\ogre-git\ogre\ogre\builds\components\volume\ogrevolume.dir\debug\ogrevolume.tlog\link.write.1.tlog
d:\ogre-git\ogre\ogre\builds\components\volume\ogrevolume.dir\debug\ogrevolume.tlog\ogrevolume.write.1u.tlog
