d:\ogre-git\ogre\ogre\builds\samples\defaultsamples.dir\debug\randomtools.obj
d:\ogre-git\ogre\ogre\builds\samples\defaultsamples.dir\debug\newinstancing.obj
d:\ogre-git\ogre\ogre\builds\samples\defaultsamples.dir\debug\lightmaterialgenerator.obj
d:\ogre-git\ogre\ogre\builds\samples\defaultsamples.dir\debug\volumerenderable.obj
d:\ogre-git\ogre\ogre\builds\samples\defaultsamples.dir\debug\shadersystemtexturedfog.obj
d:\ogre-git\ogre\ogre\builds\samples\defaultsamples.dir\debug\deferredshading.obj
d:\ogre-git\ogre\ogre\builds\samples\defaultsamples.dir\debug\perlinnoiseterraingenerator.obj
d:\ogre-git\ogre\ogre\builds\samples\defaultsamples.dir\debug\ambientlight.obj
d:\ogre-git\ogre\ogre\builds\samples\defaultsamples.dir\debug\proceduraltools.obj
d:\ogre-git\ogre\ogre\builds\samples\defaultsamples.dir\debug\roomobject.obj
d:\ogre-git\ogre\ogre\builds\samples\defaultsamples.dir\debug\materialcontrols.obj
d:\ogre-git\ogre\ogre\builds\samples\defaultsamples.dir\debug\volumetex.obj
d:\ogre-git\ogre\ogre\builds\samples\defaultsamples.dir\debug\ogreshaderextextureatlassampler.obj
d:\ogre-git\ogre\ogre\builds\samples\defaultsamples.dir\debug\watermesh.obj
d:\ogre-git\ogre\ogre\builds\samples\defaultsamples.dir\debug\dlight.obj
d:\ogre-git\ogre\ogre\builds\samples\defaultsamples.dir\debug\isosurf.obj
d:\ogre-git\ogre\ogre\builds\samples\defaultsamples.dir\debug\particlegs.obj
d:\ogre-git\ogre\ogre\builds\samples\defaultsamples.dir\debug\gbufferschemehandler.obj
d:\ogre-git\ogre\ogre\builds\samples\defaultsamples.dir\debug\proceduralmanualobject.obj
d:\ogre-git\ogre\ogre\builds\samples\defaultsamples.dir\debug\volumecsg.obj
d:\ogre-git\ogre\ogre\builds\samples\defaultsamples.dir\debug\shadowcamerasetupstablecsm.obj
d:\ogre-git\ogre\ogre\builds\samples\defaultsamples.dir\debug\geomutils.obj
d:\ogre-git\ogre\ogre\builds\samples\defaultsamples.dir\debug\volumeterrain.obj
d:\ogre-git\ogre\ogre\builds\samples\defaultsamples.dir\debug\materialgenerator.obj
d:\ogre-git\ogre\ogre\builds\samples\defaultsamples.dir\debug\thingrenderable.obj
d:\ogre-git\ogre\ogre\builds\samples\defaultsamples.dir\debug\ogreshaderexinstancedviewports.obj
d:\ogre-git\ogre\ogre\builds\samples\defaultsamples.dir\debug\helperlogics.obj
d:\ogre-git\ogre\ogre\builds\samples\defaultsamples.dir\debug\ssaologic.obj
d:\ogre-git\ogre\ogre\builds\samples\defaultsamples.dir\debug\meshlod.obj
d:\ogre-git\ogre\ogre\builds\samples\defaultsamples.dir\debug\segmenteddynamiclightmanager.obj
d:\ogre-git\ogre\ogre\builds\samples\defaultsamples.dir\debug\shadersystemmultilight.obj
d:\ogre-git\ogre\ogre\builds\samples\defaultsamples.dir\debug\defaultsamplesplugin.obj
d:\ogre-git\ogre\ogre\builds\samples\defaultsamples.dir\debug\rtshadersrssegmentedlights.obj
d:\ogre-git\ogre\ogre\builds\samples\defaultsamples.dir\debug\rtshadersrstexturedfog.obj
d:\ogre-git\ogre\ogre\builds\samples\defaultsamples.dir\debug\shadersystem.obj
d:\ogre-git\ogre\ogre\builds\samples\defaultsamples.dir\debug\compute.obj
d:\ogre-git\ogre\ogre\builds\samples\defaultsamples.dir\debug\csmgpuconstants.obj
d:\ogre-git\ogre\ogre\builds\samples\defaultsamples.dir\debug\deferredlightcp.obj
d:\ogre-git\ogre\ogre\builds\samples\defaultsamples.dir\debug\vc142.pdb
d:\ogre-git\ogre\ogre\builds\lib\debug\defaultsamples_d.lib
d:\ogre-git\ogre\ogre\builds\lib\debug\defaultsamples_d.exp
d:\ogre-git\ogre\ogre\builds\samples\defaultsamples.dir\debug\defaultsamples_d.ilk
d:\ogre-git\ogre\ogre\builds\bin\debug\defaultsamples_d.dll
d:\ogre-git\ogre\ogre\builds\bin\debug\defaultsamples_d.pdb
d:\ogre-git\ogre\ogre\builds\samples\defaultsamples.dir\debug\defaultsamples.tlog\cl.1120.write.1.tlog
d:\ogre-git\ogre\ogre\builds\samples\defaultsamples.dir\debug\defaultsamples.tlog\cl.command.1.tlog
d:\ogre-git\ogre\ogre\builds\samples\defaultsamples.dir\debug\defaultsamples.tlog\cl.read.1.tlog
d:\ogre-git\ogre\ogre\builds\samples\defaultsamples.dir\debug\defaultsamples.tlog\defaultsamples.write.1u.tlog
d:\ogre-git\ogre\ogre\builds\samples\defaultsamples.dir\debug\defaultsamples.tlog\link.command.1.tlog
d:\ogre-git\ogre\ogre\builds\samples\defaultsamples.dir\debug\defaultsamples.tlog\link.read.1.tlog
d:\ogre-git\ogre\ogre\builds\samples\defaultsamples.dir\debug\defaultsamples.tlog\link.write.1.tlog
