d:\ogre-git\ogre\ogre\builds\components\overlay\ogreoverlay.dir\debug\ogrefontmanager.obj
d:\ogre-git\ogre\ogre\builds\components\overlay\ogreoverlay.dir\debug\ogretextareaoverlayelement.obj
d:\ogre-git\ogre\ogre\builds\components\overlay\ogreoverlay.dir\debug\ogreoverlaycontainer.obj
d:\ogre-git\ogre\ogre\builds\components\overlay\ogreoverlay.dir\debug\ogreoverlaysystem.obj
d:\ogre-git\ogre\ogre\builds\components\overlay\ogreoverlay.dir\debug\ogreborderpaneloverlayelement.obj
d:\ogre-git\ogre\ogre\builds\components\overlay\ogreoverlay.dir\debug\ogrefont.obj
d:\ogre-git\ogre\ogre\builds\components\overlay\ogreoverlay.dir\debug\ogreoverlaytranslator.obj
d:\ogre-git\ogre\ogre\builds\components\overlay\ogreoverlay.dir\debug\imgui_draw.obj
d:\ogre-git\ogre\ogre\builds\components\overlay\ogreoverlay.dir\debug\ogrepaneloverlayelement.obj
d:\ogre-git\ogre\ogre\builds\components\overlay\ogreoverlay.dir\debug\ogreoverlayelement.obj
d:\ogre-git\ogre\ogre\builds\components\overlay\ogreoverlay.dir\debug\ogreoverlaymanager.obj
d:\ogre-git\ogre\ogre\builds\components\overlay\ogreoverlay.dir\debug\imgui_widgets.obj
d:\ogre-git\ogre\ogre\builds\components\overlay\ogreoverlay.dir\debug\ogreimguioverlay.obj
d:\ogre-git\ogre\ogre\builds\components\overlay\ogreoverlay.dir\debug\imgui_tables.obj
d:\ogre-git\ogre\ogre\builds\components\overlay\ogreoverlay.dir\debug\ogreoverlayprofilesessionlistener.obj
d:\ogre-git\ogre\ogre\builds\components\overlay\ogreoverlay.dir\debug\ogreoverlayelementcommands.obj
d:\ogre-git\ogre\ogre\builds\components\overlay\ogreoverlay.dir\debug\imgui.obj
d:\ogre-git\ogre\ogre\builds\components\overlay\ogreoverlay.dir\debug\imgui_demo.obj
d:\ogre-git\ogre\ogre\builds\components\overlay\ogreoverlay.dir\debug\ogreoverlay.obj
d:\ogre-git\ogre\ogre\builds\components\overlay\ogreoverlay.dir\debug\vc142.pdb
d:\ogre-git\ogre\ogre\builds\components\overlay\ogreoverlay.dir\debug\ogreoverlay_d.ilk
d:\ogre-git\ogre\ogre\builds\bin\debug\ogreoverlay_d.dll
d:\ogre-git\ogre\ogre\builds\bin\debug\ogreoverlay_d.pdb
d:\ogre-git\ogre\ogre\builds\lib\debug\ogreoverlay_d.lib
d:\ogre-git\ogre\ogre\builds\lib\debug\ogreoverlay_d.exp
d:\ogre-git\ogre\ogre\builds\components\overlay\ogreoverlay.dir\debug\ogreoverlay.tlog\cl.10432.write.1.tlog
d:\ogre-git\ogre\ogre\builds\components\overlay\ogreoverlay.dir\debug\ogreoverlay.tlog\cl.command.1.tlog
d:\ogre-git\ogre\ogre\builds\components\overlay\ogreoverlay.dir\debug\ogreoverlay.tlog\cl.read.1.tlog
d:\ogre-git\ogre\ogre\builds\components\overlay\ogreoverlay.dir\debug\ogreoverlay.tlog\link.command.1.tlog
d:\ogre-git\ogre\ogre\builds\components\overlay\ogreoverlay.dir\debug\ogreoverlay.tlog\link.read.1.tlog
d:\ogre-git\ogre\ogre\builds\components\overlay\ogreoverlay.dir\debug\ogreoverlay.tlog\link.write.1.tlog
d:\ogre-git\ogre\ogre\builds\components\overlay\ogreoverlay.dir\debug\ogreoverlay.tlog\ogreoverlay.write.1u.tlog
