d:\ogre-git\ogre\ogre\builds\bullet3-3.25\lib\debug\linearmath_debug.pdb
d:\ogre-git\ogre\ogre\builds\bullet3-3.25\src\linearmath\linearmath.dir\debug\btthreadsupportwin32.obj
d:\ogre-git\ogre\ogre\builds\bullet3-3.25\src\linearmath\linearmath.dir\debug\btthreadsupportposix.obj
d:\ogre-git\ogre\ogre\builds\bullet3-3.25\src\linearmath\linearmath.dir\debug\bttaskscheduler.obj
d:\ogre-git\ogre\ogre\builds\bullet3-3.25\src\linearmath\linearmath.dir\debug\btvector3.obj
d:\ogre-git\ogre\ogre\builds\bullet3-3.25\src\linearmath\linearmath.dir\debug\btthreads.obj
d:\ogre-git\ogre\ogre\builds\bullet3-3.25\src\linearmath\linearmath.dir\debug\btserializer64.obj
d:\ogre-git\ogre\ogre\builds\bullet3-3.25\src\linearmath\linearmath.dir\debug\btserializer.obj
d:\ogre-git\ogre\ogre\builds\bullet3-3.25\src\linearmath\linearmath.dir\debug\btreducedvector.obj
d:\ogre-git\ogre\ogre\builds\bullet3-3.25\src\linearmath\linearmath.dir\debug\btquickprof.obj
d:\ogre-git\ogre\ogre\builds\bullet3-3.25\src\linearmath\linearmath.dir\debug\btpolardecomposition.obj
d:\ogre-git\ogre\ogre\builds\bullet3-3.25\src\linearmath\linearmath.dir\debug\btgeometryutil.obj
d:\ogre-git\ogre\ogre\builds\bullet3-3.25\src\linearmath\linearmath.dir\debug\btconvexhullcomputer.obj
d:\ogre-git\ogre\ogre\builds\bullet3-3.25\src\linearmath\linearmath.dir\debug\btconvexhull.obj
d:\ogre-git\ogre\ogre\builds\bullet3-3.25\src\linearmath\linearmath.dir\debug\btalignedallocator.obj
d:\ogre-git\ogre\ogre\builds\bullet3-3.25\src\linearmath\cmakefiles\generate.stamp
d:\ogre-git\ogre\ogre\builds\bullet3-3.25\lib\debug\linearmath_debug.lib
d:\ogre-git\ogre\ogre\builds\bullet3-3.25\src\linearmath\linearmath.dir\debug\linearmath.tlog\cl.command.1.tlog
d:\ogre-git\ogre\ogre\builds\bullet3-3.25\src\linearmath\linearmath.dir\debug\linearmath.tlog\cl.read.1.tlog
d:\ogre-git\ogre\ogre\builds\bullet3-3.25\src\linearmath\linearmath.dir\debug\linearmath.tlog\cl.write.1.tlog
d:\ogre-git\ogre\ogre\builds\bullet3-3.25\src\linearmath\linearmath.dir\debug\linearmath.tlog\custombuild.command.1.tlog
d:\ogre-git\ogre\ogre\builds\bullet3-3.25\src\linearmath\linearmath.dir\debug\linearmath.tlog\custombuild.read.1.tlog
d:\ogre-git\ogre\ogre\builds\bullet3-3.25\src\linearmath\linearmath.dir\debug\linearmath.tlog\custombuild.write.1.tlog
d:\ogre-git\ogre\ogre\builds\bullet3-3.25\src\linearmath\linearmath.dir\debug\linearmath.tlog\lib-link.read.1.tlog
d:\ogre-git\ogre\ogre\builds\bullet3-3.25\src\linearmath\linearmath.dir\debug\linearmath.tlog\lib-link.write.1.tlog
d:\ogre-git\ogre\ogre\builds\bullet3-3.25\src\linearmath\linearmath.dir\debug\linearmath.tlog\lib.command.1.tlog
