d:\ogre-git\ogre\ogre\builds\rendersystems\glsupport\ogreglsupport.dir\debug\ogreglrendertovertexbuffercommon.obj
d:\ogre-git\ogre\ogre\builds\rendersystems\glsupport\ogreglsupport.dir\debug\ogreglslshadercommon.obj
d:\ogre-git\ogre\ogre\builds\rendersystems\glsupport\ogreglsupport.dir\debug\ogreglslprogrammanagercommon.obj
d:\ogre-git\ogre\ogre\builds\rendersystems\glsupport\ogreglsupport.dir\debug\ogregluniformcache.obj
d:\ogre-git\ogre\ogre\builds\rendersystems\glsupport\ogreglsupport.dir\debug\ogrewin32rendertexture.obj
d:\ogre-git\ogre\ogre\builds\rendersystems\glsupport\ogreglsupport.dir\debug\ogreglslpreprocessor.obj
d:\ogre-git\ogre\ogre\builds\rendersystems\glsupport\ogreglsupport.dir\debug\ogregltexturecommon.obj
d:\ogre-git\ogre\ogre\builds\rendersystems\glsupport\ogreglsupport.dir\debug\ogrewin32window.obj
d:\ogre-git\ogre\ogre\builds\rendersystems\glsupport\ogreglsupport.dir\debug\ogreglvertexarrayobject.obj
d:\ogre-git\ogre\ogre\builds\rendersystems\glsupport\ogreglsupport.dir\debug\ogrewin32glsupport.obj
d:\ogre-git\ogre\ogre\builds\rendersystems\glsupport\ogreglsupport.dir\debug\ogreglrendertexture.obj
d:\ogre-git\ogre\ogre\builds\rendersystems\glsupport\ogreglsupport.dir\debug\ogreglrendersystemcommon.obj
d:\ogre-git\ogre\ogre\builds\rendersystems\glsupport\ogreglsupport.dir\debug\ogreglwindow.obj
d:\ogre-git\ogre\ogre\builds\rendersystems\glsupport\ogreglsupport.dir\debug\ogreglslprogramcommon.obj
d:\ogre-git\ogre\ogre\builds\rendersystems\glsupport\ogreglsupport.dir\debug\ogregldepthbuffercommon.obj
d:\ogre-git\ogre\ogre\builds\rendersystems\glsupport\ogreglsupport.dir\debug\ogrewin32context.obj
d:\ogre-git\ogre\ogre\builds\rendersystems\glsupport\ogreglsupport.dir\debug\ogreglhardwarepixelbuffercommon.obj
d:\ogre-git\ogre\ogre\builds\lib\debug\ogreglsupport_d.pdb
d:\ogre-git\ogre\ogre\builds\lib\debug\ogreglsupport_d.lib
d:\ogre-git\ogre\ogre\builds\rendersystems\glsupport\ogreglsupport.dir\debug\ogreglsupport.tlog\cl.1108.write.1.tlog
d:\ogre-git\ogre\ogre\builds\rendersystems\glsupport\ogreglsupport.dir\debug\ogreglsupport.tlog\cl.command.1.tlog
d:\ogre-git\ogre\ogre\builds\rendersystems\glsupport\ogreglsupport.dir\debug\ogreglsupport.tlog\cl.read.1.tlog
d:\ogre-git\ogre\ogre\builds\rendersystems\glsupport\ogreglsupport.dir\debug\ogreglsupport.tlog\lib-link.read.1.tlog
d:\ogre-git\ogre\ogre\builds\rendersystems\glsupport\ogreglsupport.dir\debug\ogreglsupport.tlog\lib-link.write.1.tlog
d:\ogre-git\ogre\ogre\builds\rendersystems\glsupport\ogreglsupport.dir\debug\ogreglsupport.tlog\lib.command.1.tlog
