  OgreTerrain.cpp
  OgreTerrainAutoUpdateLod.cpp
  OgreTerrainGroup.cpp
  OgreTerrainLayerBlendMap.cpp
  OgreTerrainLodManager.cpp
  OgreTerrainMaterialGenerator.cpp
  OgreTerrainMaterialGeneratorA.cpp
  OgreTerrainQuadTreeNode.cpp
  OgreTerrainRTShaderSRS.cpp
  OgreTerrainPaging.cpp
  OgreTerrainPagedWorldSection.cpp
D:\ogre-git\ogre\ogre\OgreMain\include\OgreCommon.h(1,1): warning C4819: 该文件包含不能在当前代码页(936)中表示的字符。请将该文件保存为 Unicode 格式以防止数据丢失 (编译源文件 D:\ogre-git\ogre\ogre\Components\Terrain\src\OgreTerrainLodManager.cpp)
D:\ogre-git\ogre\ogre\OgreMain\include\OgreCommon.h(1,1): warning C4819: 该文件包含不能在当前代码页(936)中表示的字符。请将该文件保存为 Unicode 格式以防止数据丢失 (编译源文件 D:\ogre-git\ogre\ogre\Components\Terrain\src\OgreTerrain.cpp)
D:\ogre-git\ogre\ogre\OgreMain\include\OgreCommon.h(1,1): warning C4819: 该文件包含不能在当前代码页(936)中表示的字符。请将该文件保存为 Unicode 格式以防止数据丢失 (编译源文件 D:\ogre-git\ogre\ogre\Components\Terrain\src\OgreTerrainMaterialGeneratorA.cpp)
D:\ogre-git\ogre\ogre\OgreMain\include\OgreGpuProgramParams.h(678,1): warning C4819: 该文件包含不能在当前代码页(936)中表示的字符。请将该文件保存为 Unicode 格式以防止数据丢失 (编译源文件 D:\ogre-git\ogre\ogre\Components\Terrain\src\OgreTerrainLodManager.cpp)
D:\ogre-git\ogre\ogre\OgreMain\include\OgreCommon.h(1,1): warning C4819: 该文件包含不能在当前代码页(936)中表示的字符。请将该文件保存为 Unicode 格式以防止数据丢失 (编译源文件 D:\ogre-git\ogre\ogre\Components\Terrain\src\OgreTerrainAutoUpdateLod.cpp)
D:\ogre-git\ogre\ogre\OgreMain\include\OgreCommon.h(1,1): warning C4819: 该文件包含不能在当前代码页(936)中表示的字符。请将该文件保存为 Unicode 格式以防止数据丢失 (编译源文件 D:\ogre-git\ogre\ogre\Components\Terrain\src\OgreTerrainQuadTreeNode.cpp)
D:\ogre-git\ogre\ogre\OgreMain\include\OgreCommon.h(1,1): warning C4819: 该文件包含不能在当前代码页(936)中表示的字符。请将该文件保存为 Unicode 格式以防止数据丢失 (编译源文件 D:\ogre-git\ogre\ogre\Components\Terrain\src\OgreTerrainGroup.cpp)
D:\ogre-git\ogre\ogre\OgreMain\include\OgreCommon.h(1,1): warning C4819: 该文件包含不能在当前代码页(936)中表示的字符。请将该文件保存为 Unicode 格式以防止数据丢失 (编译源文件 D:\ogre-git\ogre\ogre\Components\Terrain\src\OgreTerrainLayerBlendMap.cpp)
D:\ogre-git\ogre\ogre\OgreMain\include\OgrePass.h(643,1): warning C4819: 该文件包含不能在当前代码页(936)中表示的字符。请将该文件保存为 Unicode 格式以防止数据丢失 (编译源文件 D:\ogre-git\ogre\ogre\Components\Terrain\src\OgreTerrainLodManager.cpp)
D:\ogre-git\ogre\ogre\OgreMain\include\OgreCommon.h(1,1): warning C4819: 该文件包含不能在当前代码页(936)中表示的字符。请将该文件保存为 Unicode 格式以防止数据丢失 (编译源文件 D:\ogre-git\ogre\ogre\Components\Terrain\src\OgreTerrainRTShaderSRS.cpp)
D:\ogre-git\ogre\ogre\OgreMain\include\OgreGpuProgramParams.h(678,1): warning C4819: 该文件包含不能在当前代码页(936)中表示的字符。请将该文件保存为 Unicode 格式以防止数据丢失 (编译源文件 D:\ogre-git\ogre\ogre\Components\Terrain\src\OgreTerrainQuadTreeNode.cpp)
D:\ogre-git\ogre\ogre\OgreMain\include\OgreCommon.h(1,1): warning C4819: 该文件包含不能在当前代码页(936)中表示的字符。请将该文件保存为 Unicode 格式以防止数据丢失 (编译源文件 D:\ogre-git\ogre\ogre\Components\Terrain\src\OgreTerrainMaterialGenerator.cpp)
D:\ogre-git\ogre\ogre\OgreMain\include\OgreGpuProgramParams.h(678,1): warning C4819: 该文件包含不能在当前代码页(936)中表示的字符。请将该文件保存为 Unicode 格式以防止数据丢失 (编译源文件 D:\ogre-git\ogre\ogre\Components\Terrain\src\OgreTerrain.cpp)
D:\ogre-git\ogre\ogre\OgreMain\include\OgreGpuProgramParams.h(678,1): warning C4819: 该文件包含不能在当前代码页(936)中表示的字符。请将该文件保存为 Unicode 格式以防止数据丢失 (编译源文件 D:\ogre-git\ogre\ogre\Components\Terrain\src\OgreTerrainAutoUpdateLod.cpp)
D:\ogre-git\ogre\ogre\OgreMain\include\OgreGpuProgramParams.h(678,1): warning C4819: 该文件包含不能在当前代码页(936)中表示的字符。请将该文件保存为 Unicode 格式以防止数据丢失 (编译源文件 D:\ogre-git\ogre\ogre\Components\Terrain\src\OgreTerrainGroup.cpp)
D:\ogre-git\ogre\ogre\OgreMain\include\OgreCommon.h(1,1): warning C4819: 该文件包含不能在当前代码页(936)中表示的字符。请将该文件保存为 Unicode 格式以防止数据丢失 (编译源文件 D:\ogre-git\ogre\ogre\Components\Terrain\src\OgreTerrainPagedWorldSection.cpp)
D:\ogre-git\ogre\ogre\OgreMain\include\OgreGpuProgramParams.h(678,1): warning C4819: 该文件包含不能在当前代码页(936)中表示的字符。请将该文件保存为 Unicode 格式以防止数据丢失 (编译源文件 D:\ogre-git\ogre\ogre\Components\Terrain\src\OgreTerrainMaterialGeneratorA.cpp)
D:\ogre-git\ogre\ogre\OgreMain\include\OgreGpuProgramParams.h(678,1): warning C4819: 该文件包含不能在当前代码页(936)中表示的字符。请将该文件保存为 Unicode 格式以防止数据丢失 (编译源文件 D:\ogre-git\ogre\ogre\Components\Terrain\src\OgreTerrainRTShaderSRS.cpp)
D:\ogre-git\ogre\ogre\OgreMain\include\OgrePass.h(643,1): warning C4819: 该文件包含不能在当前代码页(936)中表示的字符。请将该文件保存为 Unicode 格式以防止数据丢失 (编译源文件 D:\ogre-git\ogre\ogre\Components\Terrain\src\OgreTerrainQuadTreeNode.cpp)
D:\ogre-git\ogre\ogre\OgreMain\include\OgreGpuProgramParams.h(678,1): warning C4819: 该文件包含不能在当前代码页(936)中表示的字符。请将该文件保存为 Unicode 格式以防止数据丢失 (编译源文件 D:\ogre-git\ogre\ogre\Components\Terrain\src\OgreTerrainLayerBlendMap.cpp)
D:\ogre-git\ogre\ogre\OgreMain\include\OgreCommon.h(1,1): warning C4819: 该文件包含不能在当前代码页(936)中表示的字符。请将该文件保存为 Unicode 格式以防止数据丢失 (编译源文件 D:\ogre-git\ogre\ogre\Components\Terrain\src\OgreTerrainPaging.cpp)
D:\ogre-git\ogre\ogre\OgreMain\include\OgreWorkQueue.h(194,91): warning C4244: “参数”: 从“Ogre::uint64”转换到“unsigned long”，可能丢失数据 (编译源文件 D:\ogre-git\ogre\ogre\Components\Terrain\src\OgreTerrainPagedWorldSection.cpp)
D:\ogre-git\ogre\ogre\OgreMain\include\OgreGpuProgramParams.h(678,1): warning C4819: 该文件包含不能在当前代码页(936)中表示的字符。请将该文件保存为 Unicode 格式以防止数据丢失 (编译源文件 D:\ogre-git\ogre\ogre\Components\Terrain\src\OgreTerrainMaterialGenerator.cpp)
D:\ogre-git\ogre\ogre\OgreMain\include\OgrePass.h(643,1): warning C4819: 该文件包含不能在当前代码页(936)中表示的字符。请将该文件保存为 Unicode 格式以防止数据丢失 (编译源文件 D:\ogre-git\ogre\ogre\Components\Terrain\src\OgreTerrain.cpp)
D:\ogre-git\ogre\ogre\OgreMain\include\OgrePass.h(643,1): warning C4819: 该文件包含不能在当前代码页(936)中表示的字符。请将该文件保存为 Unicode 格式以防止数据丢失 (编译源文件 D:\ogre-git\ogre\ogre\Components\Terrain\src\OgreTerrainAutoUpdateLod.cpp)
D:\ogre-git\ogre\ogre\OgreMain\include\OgreWorkQueue.h(194,91): warning C4244: “参数”: 从“Ogre::uint64”转换到“unsigned long”，可能丢失数据 (编译源文件 D:\ogre-git\ogre\ogre\Components\Terrain\src\OgreTerrainPaging.cpp)
D:\ogre-git\ogre\ogre\Components\RTShaderSystem\include\OgreShaderParameter.h(339,43): warning C4267: “return”: 从“size_t”转换到“Ogre::uint32”，可能丢失数据 (编译源文件 D:\ogre-git\ogre\ogre\Components\Terrain\src\OgreTerrainRTShaderSRS.cpp)
D:\ogre-git\ogre\ogre\OgreMain\include\OgreWorkQueue.h(194,91): warning C4244: “参数”: 从“Ogre::uint64”转换到“unsigned long”，可能丢失数据 (编译源文件 D:\ogre-git\ogre\ogre\Components\Terrain\src\OgreTerrainLodManager.cpp)
D:\ogre-git\ogre\ogre\OgreMain\include\OgrePass.h(643,1): warning C4819: 该文件包含不能在当前代码页(936)中表示的字符。请将该文件保存为 Unicode 格式以防止数据丢失 (编译源文件 D:\ogre-git\ogre\ogre\Components\Terrain\src\OgreTerrainGroup.cpp)
D:\ogre-git\ogre\ogre\OgreMain\include\OgreGpuProgramParams.h(678,1): warning C4819: 该文件包含不能在当前代码页(936)中表示的字符。请将该文件保存为 Unicode 格式以防止数据丢失 (编译源文件 D:\ogre-git\ogre\ogre\Components\Terrain\src\OgreTerrainPagedWorldSection.cpp)
D:\ogre-git\ogre\ogre\OgreMain\include\OgrePass.h(643,1): warning C4819: 该文件包含不能在当前代码页(936)中表示的字符。请将该文件保存为 Unicode 格式以防止数据丢失 (编译源文件 D:\ogre-git\ogre\ogre\Components\Terrain\src\OgreTerrainLayerBlendMap.cpp)
D:\ogre-git\ogre\ogre\OgreMain\include\OgreWorkQueue.h(194,91): warning C4244: “参数”: 从“Ogre::uint64”转换到“unsigned long”，可能丢失数据 (编译源文件 D:\ogre-git\ogre\ogre\Components\Terrain\src\OgreTerrainQuadTreeNode.cpp)
D:\ogre-git\ogre\ogre\OgreMain\include\OgreGpuProgramParams.h(678,1): warning C4819: 该文件包含不能在当前代码页(936)中表示的字符。请将该文件保存为 Unicode 格式以防止数据丢失 (编译源文件 D:\ogre-git\ogre\ogre\Components\Terrain\src\OgreTerrainPaging.cpp)
D:\ogre-git\ogre\ogre\OgreMain\include\OgrePass.h(643,1): warning C4819: 该文件包含不能在当前代码页(936)中表示的字符。请将该文件保存为 Unicode 格式以防止数据丢失 (编译源文件 D:\ogre-git\ogre\ogre\Components\Terrain\src\OgreTerrainMaterialGeneratorA.cpp)
D:\ogre-git\ogre\ogre\OgreMain\include\OgrePass.h(643,1): warning C4819: 该文件包含不能在当前代码页(936)中表示的字符。请将该文件保存为 Unicode 格式以防止数据丢失 (编译源文件 D:\ogre-git\ogre\ogre\Components\Terrain\src\OgreTerrainMaterialGenerator.cpp)
D:\ogre-git\ogre\ogre\OgreMain\include\OgrePass.h(643,1): warning C4819: 该文件包含不能在当前代码页(936)中表示的字符。请将该文件保存为 Unicode 格式以防止数据丢失 (编译源文件 D:\ogre-git\ogre\ogre\Components\Terrain\src\OgreTerrainRTShaderSRS.cpp)
D:\ogre-git\ogre\ogre\OgreMain\include\OgreWorkQueue.h(194,91): warning C4244: “参数”: 从“Ogre::uint64”转换到“unsigned long”，可能丢失数据 (编译源文件 D:\ogre-git\ogre\ogre\Components\Terrain\src\OgreTerrainGroup.cpp)
D:\ogre-git\ogre\ogre\OgreMain\include\OgrePass.h(643,1): warning C4819: 该文件包含不能在当前代码页(936)中表示的字符。请将该文件保存为 Unicode 格式以防止数据丢失 (编译源文件 D:\ogre-git\ogre\ogre\Components\Terrain\src\OgreTerrainPaging.cpp)
D:\ogre-git\ogre\ogre\OgreMain\include\OgreWorkQueue.h(194,91): warning C4244: “参数”: 从“Ogre::uint64”转换到“unsigned long”，可能丢失数据 (编译源文件 D:\ogre-git\ogre\ogre\Components\Terrain\src\OgreTerrain.cpp)
D:\ogre-git\ogre\ogre\Components\Terrain\src\OgreTerrainQuadTreeNode.cpp(625,69): warning C4267: “=”: 从“size_t”转换到“Ogre::uint32”，可能丢失数据
D:\ogre-git\ogre\ogre\OgreMain\include\OgrePass.h(643,1): warning C4819: 该文件包含不能在当前代码页(936)中表示的字符。请将该文件保存为 Unicode 格式以防止数据丢失 (编译源文件 D:\ogre-git\ogre\ogre\Components\Terrain\src\OgreTerrainPagedWorldSection.cpp)
D:\ogre-git\ogre\ogre\OgreMain\include\OgreWorkQueue.h(194,91): warning C4244: “参数”: 从“Ogre::uint64”转换到“unsigned long”，可能丢失数据 (编译源文件 D:\ogre-git\ogre\ogre\Components\Terrain\src\OgreTerrainLayerBlendMap.cpp)
D:\ogre-git\ogre\ogre\OgreMain\include\OgreWorkQueue.h(194,91): warning C4244: “参数”: 从“Ogre::uint64”转换到“unsigned long”，可能丢失数据 (编译源文件 D:\ogre-git\ogre\ogre\Components\Terrain\src\OgreTerrainAutoUpdateLod.cpp)
D:\ogre-git\ogre\ogre\OgreMain\include\OgreWorkQueue.h(194,91): warning C4244: “参数”: 从“Ogre::uint64”转换到“unsigned long”，可能丢失数据 (编译源文件 D:\ogre-git\ogre\ogre\Components\Terrain\src\OgreTerrainMaterialGeneratorA.cpp)
D:\ogre-git\ogre\ogre\OgreMain\include\OgreWorkQueue.h(194,91): warning C4244: “参数”: 从“Ogre::uint64”转换到“unsigned long”，可能丢失数据 (编译源文件 D:\ogre-git\ogre\ogre\Components\Terrain\src\OgreTerrainRTShaderSRS.cpp)
D:\ogre-git\ogre\ogre\Components\Terrain\src\OgreTerrain.cpp(4001,12): warning C4305: “参数”: 从“double”到“Ogre::Real”截断
D:\ogre-git\ogre\ogre\Components\RTShaderSystem\include\OgreShaderFunctionAtom.h(185,60): warning C4244: “参数”: 从“int”转换到“float”，可能丢失数据 (编译源文件 D:\ogre-git\ogre\ogre\Components\Terrain\src\OgreTerrainRTShaderSRS.cpp)
D:\ogre-git\ogre\ogre\OgreMain\include\OgreWorkQueue.h(194,91): warning C4244: “参数”: 从“Ogre::uint64”转换到“unsigned long”，可能丢失数据 (编译源文件 D:\ogre-git\ogre\ogre\Components\Terrain\src\OgreTerrainMaterialGenerator.cpp)
D:\ogre-git\ogre\ogre\Components\Terrain\src\OgreTerrainRTShaderSRS.cpp(170,59): warning C4267: “参数”: 从“size_t”转换到“Ogre::uint8”，可能丢失数据
D:\ogre-git\ogre\ogre\Components\Terrain\src\OgreTerrainRTShaderSRS.cpp(170,98): warning C4267: “参数”: 从“size_t”转换到“Ogre::uint8”，可能丢失数据
D:\ogre-git\ogre\ogre\Components\Terrain\src\OgreTerrainRTShaderSRS.cpp(171,59): warning C4267: “参数”: 从“size_t”转换到“Ogre::uint8”，可能丢失数据
D:\ogre-git\ogre\ogre\Components\Terrain\src\OgreTerrainRTShaderSRS.cpp(171,98): warning C4267: “参数”: 从“size_t”转换到“Ogre::uint8”，可能丢失数据
D:\ogre-git\ogre\ogre\Components\Terrain\src\OgreTerrainRTShaderSRS.cpp(279,39): warning C4305: “参数”: 从“double”到“float”截断
D:\ogre-git\ogre\ogre\Components\Terrain\src\OgreTerrainPagedWorldSection.cpp(48,80): warning C4244: “=”: 从“uint64_t”转换到“unsigned long”，可能丢失数据
D:\ogre-git\ogre\ogre\Components\Terrain\src\OgreTerrainPagedWorldSection.cpp(286,35): warning C4244: “初始化”: 从“uint64_t”转换到“unsigned long”，可能丢失数据
D:\ogre-git\ogre\ogre\Components\Terrain\src\OgreTerrainPagedWorldSection.cpp(321,39): warning C4244: “初始化”: 从“uint64_t”转换到“unsigned long”，可能丢失数据
D:\ogre-git\ogre\ogre\Components\RTShaderSystem\include\OgreShaderParameter.h(339,43): warning C4267: “return”: 从“size_t”转换到“Ogre::uint32”，可能丢失数据 (编译源文件 D:\ogre-git\ogre\ogre\Components\Terrain\src\OgreTerrainMaterialGeneratorA.cpp)
D:\ogre-git\ogre\ogre\Components\Terrain\src\OgreTerrainMaterialGeneratorA.cpp(233,53): warning C4267: “+=”: 从“size_t”转换到“int”，可能丢失数据
    正在创建库 D:/ogre-git/ogre/ogre/builds/lib/Debug/OgreTerrain_d.lib 和对象 D:/ogre-git/ogre/ogre/builds/lib/Debug/OgreTerrain_d.exp
  OgreTerrain.vcxproj -> D:\ogre-git\ogre\ogre\builds\bin\Debug\OgreTerrain_d.dll
