d:\ogre-git\ogre\ogre\builds\components\terrain\ogreterrain.dir\debug\ogreterrainmaterialgeneratora.obj
d:\ogre-git\ogre\ogre\builds\components\terrain\ogreterrain.dir\debug\ogreterrainlayerblendmap.obj
d:\ogre-git\ogre\ogre\builds\components\terrain\ogreterrain.dir\debug\ogreterraingroup.obj
d:\ogre-git\ogre\ogre\builds\components\terrain\ogreterrain.dir\debug\ogreterrainpagedworldsection.obj
d:\ogre-git\ogre\ogre\builds\components\terrain\ogreterrain.dir\debug\ogreterrainquadtreenode.obj
d:\ogre-git\ogre\ogre\builds\components\terrain\ogreterrain.dir\debug\ogreterrainlodmanager.obj
d:\ogre-git\ogre\ogre\builds\components\terrain\ogreterrain.dir\debug\ogreterrainautoupdatelod.obj
d:\ogre-git\ogre\ogre\builds\components\terrain\ogreterrain.dir\debug\ogreterrainrtshadersrs.obj
d:\ogre-git\ogre\ogre\builds\components\terrain\ogreterrain.dir\debug\ogreterrainmaterialgenerator.obj
d:\ogre-git\ogre\ogre\builds\components\terrain\ogreterrain.dir\debug\ogreterrain.obj
d:\ogre-git\ogre\ogre\builds\components\terrain\ogreterrain.dir\debug\ogreterrainpaging.obj
d:\ogre-git\ogre\ogre\builds\components\terrain\ogreterrain.dir\debug\vc142.pdb
d:\ogre-git\ogre\ogre\builds\components\terrain\ogreterrain.dir\debug\ogreterrain_d.ilk
d:\ogre-git\ogre\ogre\builds\bin\debug\ogreterrain_d.dll
d:\ogre-git\ogre\ogre\builds\bin\debug\ogreterrain_d.pdb
d:\ogre-git\ogre\ogre\builds\lib\debug\ogreterrain_d.lib
d:\ogre-git\ogre\ogre\builds\lib\debug\ogreterrain_d.exp
d:\ogre-git\ogre\ogre\builds\components\terrain\ogreterrain.dir\debug\ogreterrain.tlog\cl.1584.write.1.tlog
d:\ogre-git\ogre\ogre\builds\components\terrain\ogreterrain.dir\debug\ogreterrain.tlog\cl.command.1.tlog
d:\ogre-git\ogre\ogre\builds\components\terrain\ogreterrain.dir\debug\ogreterrain.tlog\cl.read.1.tlog
d:\ogre-git\ogre\ogre\builds\components\terrain\ogreterrain.dir\debug\ogreterrain.tlog\link.command.1.tlog
d:\ogre-git\ogre\ogre\builds\components\terrain\ogreterrain.dir\debug\ogreterrain.tlog\link.read.1.tlog
d:\ogre-git\ogre\ogre\builds\components\terrain\ogreterrain.dir\debug\ogreterrain.tlog\link.write.1.tlog
d:\ogre-git\ogre\ogre\builds\components\terrain\ogreterrain.dir\debug\ogreterrain.tlog\ogreterrain.write.1u.tlog
