d:\ogre-git\ogre\ogre\builds\components\paging\ogrepaging.dir\debug\ogregrid2dpagestrategy.obj
d:\ogre-git\ogre\ogre\builds\components\paging\ogrepaging.dir\debug\ogrepagecontentcollection.obj
d:\ogre-git\ogre\ogre\builds\components\paging\ogrepaging.dir\debug\ogrepagedworldsection.obj
d:\ogre-git\ogre\ogre\builds\components\paging\ogrepaging.dir\debug\ogregrid3dpagestrategy.obj
d:\ogre-git\ogre\ogre\builds\components\paging\ogrepaging.dir\debug\ogresimplepagecontentcollection.obj
d:\ogre-git\ogre\ogre\builds\components\paging\ogrepaging.dir\debug\ogrepagecontent.obj
d:\ogre-git\ogre\ogre\builds\components\paging\ogrepaging.dir\debug\ogrepagedworld.obj
d:\ogre-git\ogre\ogre\builds\components\paging\ogrepaging.dir\debug\ogrepage.obj
d:\ogre-git\ogre\ogre\builds\components\paging\ogrepaging.dir\debug\ogrepagemanager.obj
d:\ogre-git\ogre\ogre\builds\components\paging\ogrepaging.dir\debug\vc142.pdb
d:\ogre-git\ogre\ogre\builds\components\paging\ogrepaging.dir\debug\ogrepaging_d.ilk
d:\ogre-git\ogre\ogre\builds\bin\debug\ogrepaging_d.dll
d:\ogre-git\ogre\ogre\builds\bin\debug\ogrepaging_d.pdb
d:\ogre-git\ogre\ogre\builds\lib\debug\ogrepaging_d.lib
d:\ogre-git\ogre\ogre\builds\lib\debug\ogrepaging_d.exp
d:\ogre-git\ogre\ogre\builds\components\paging\ogrepaging.dir\debug\ogrepaging.tlog\cl.10640.write.1.tlog
d:\ogre-git\ogre\ogre\builds\components\paging\ogrepaging.dir\debug\ogrepaging.tlog\cl.command.1.tlog
d:\ogre-git\ogre\ogre\builds\components\paging\ogrepaging.dir\debug\ogrepaging.tlog\cl.read.1.tlog
d:\ogre-git\ogre\ogre\builds\components\paging\ogrepaging.dir\debug\ogrepaging.tlog\link.command.1.tlog
d:\ogre-git\ogre\ogre\builds\components\paging\ogrepaging.dir\debug\ogrepaging.tlog\link.read.1.tlog
d:\ogre-git\ogre\ogre\builds\components\paging\ogrepaging.dir\debug\ogrepaging.tlog\link.write.1.tlog
d:\ogre-git\ogre\ogre\builds\components\paging\ogrepaging.dir\debug\ogrepaging.tlog\ogrepaging.write.1u.tlog
