d:\ogre-git\ogre\ogre\builds\components\rtshadersystem\ogrertshadersystem.dir\debug\cmake_pch.pch
d:\ogre-git\ogre\ogre\builds\components\rtshadersystem\ogrertshadersystem.dir\debug\vc142.pdb
d:\ogre-git\ogre\ogre\builds\components\rtshadersystem\ogrertshadersystem.dir\debug\cmake_pch.obj
d:\ogre-git\ogre\ogre\builds\components\rtshadersystem\ogrertshadersystem.dir\debug\ogreshaderglslesprogramwriter.obj
d:\ogre-git\ogre\ogre\builds\components\rtshadersystem\ogrertshadersystem.dir\debug\ogreshaderparameter.obj
d:\ogre-git\ogre\ogre\builds\components\rtshadersystem\ogrertshadersystem.dir\debug\ogreshaderprogramwriter.obj
d:\ogre-git\ogre\ogre\builds\components\rtshadersystem\ogrertshadersystem.dir\debug\ogreshaderexhardwareskinningtechnique.obj
d:\ogre-git\ogre\ogre\builds\components\rtshadersystem\ogrertshadersystem.dir\debug\ogreshadergenerator.obj
d:\ogre-git\ogre\ogre\builds\components\rtshadersystem\ogrertshadersystem.dir\debug\ogreshaderexintegratedpssm3.obj
d:\ogre-git\ogre\ogre\builds\components\rtshadersystem\ogrertshadersystem.dir\debug\ogreshaderffptransform.obj
d:\ogre-git\ogre\ogre\builds\components\rtshadersystem\ogrertshadersystem.dir\debug\ogreshaderexgbuffer.obj
d:\ogre-git\ogre\ogre\builds\components\rtshadersystem\ogrertshadersystem.dir\debug\ogreshaderfunctionatom.obj
d:\ogre-git\ogre\ogre\builds\components\rtshadersystem\ogrertshadersystem.dir\debug\ogreshaderglslprogramwriter.obj
d:\ogre-git\ogre\ogre\builds\components\rtshadersystem\ogrertshadersystem.dir\debug\ogreshaderprogrammanager.obj
d:\ogre-git\ogre\ogre\builds\components\rtshadersystem\ogrertshadersystem.dir\debug\ogreshaderprogramprocessor.obj
d:\ogre-git\ogre\ogre\builds\components\rtshadersystem\ogrertshadersystem.dir\debug\ogreshaderexlayeredblending.obj
d:\ogre-git\ogre\ogre\builds\components\rtshadersystem\ogrertshadersystem.dir\debug\ogreshaderexhardwareskinning.obj
d:\ogre-git\ogre\ogre\builds\components\rtshadersystem\ogrertshadersystem.dir\debug\ogreshaderexnormalmaplighting.obj
d:\ogre-git\ogre\ogre\builds\components\rtshadersystem\ogrertshadersystem.dir\debug\ogreshaderffpfog.obj
d:\ogre-git\ogre\ogre\builds\components\rtshadersystem\ogrertshadersystem.dir\debug\ogreshaderextriplanartexturing.obj
d:\ogre-git\ogre\ogre\builds\components\rtshadersystem\ogrertshadersystem.dir\debug\ogreshaderexwboit.obj
d:\ogre-git\ogre\ogre\builds\components\rtshadersystem\ogrertshadersystem.dir\debug\ogreshaderscripttranslator.obj
d:\ogre-git\ogre\ogre\builds\components\rtshadersystem\ogrertshadersystem.dir\debug\ogreshaderffpcolour.obj
d:\ogre-git\ogre\ogre\builds\components\rtshadersystem\ogrertshadersystem.dir\debug\ogreshaderprogram.obj
d:\ogre-git\ogre\ogre\builds\components\rtshadersystem\ogrertshadersystem.dir\debug\ogreshaderffpalphatest.obj
d:\ogre-git\ogre\ogre\builds\components\rtshadersystem\ogrertshadersystem.dir\debug\ogreshadermaterialserializerlistener.obj
d:\ogre-git\ogre\ogre\builds\components\rtshadersystem\ogrertshadersystem.dir\debug\ogreshaderprogramset.obj
d:\ogre-git\ogre\ogre\builds\components\rtshadersystem\ogrertshadersystem.dir\debug\ogreshaderimagebasedlighting.obj
d:\ogre-git\ogre\ogre\builds\components\rtshadersystem\ogrertshadersystem.dir\debug\ogreshaderfunction.obj
d:\ogre-git\ogre\ogre\builds\components\rtshadersystem\ogrertshadersystem.dir\debug\ogreshaderexperpixellighting.obj
d:\ogre-git\ogre\ogre\builds\components\rtshadersystem\ogrertshadersystem.dir\debug\ogreshaderffplighting.obj
d:\ogre-git\ogre\ogre\builds\components\rtshadersystem\ogrertshadersystem.dir\debug\ogreshadersubrenderstate.obj
d:\ogre-git\ogre\ogre\builds\components\rtshadersystem\ogrertshadersystem.dir\debug\ogreshaderffptexturing.obj
d:\ogre-git\ogre\ogre\builds\components\rtshadersystem\ogrertshadersystem.dir\debug\ogreshadercgprogramwriter.obj
d:\ogre-git\ogre\ogre\builds\components\rtshadersystem\ogrertshadersystem.dir\debug\ogreshaderexdualquaternionskinning.obj
d:\ogre-git\ogre\ogre\builds\components\rtshadersystem\ogrertshadersystem.dir\debug\ogreshaderrenderstate.obj
d:\ogre-git\ogre\ogre\builds\components\rtshadersystem\ogrertshadersystem.dir\debug\ogreshaderexlinearskinning.obj
d:\ogre-git\ogre\ogre\builds\components\rtshadersystem\ogrertshadersystem.dir\debug\ogreshaderprogramwritermanager.obj
d:\ogre-git\ogre\ogre\builds\components\rtshadersystem\ogrertshadersystem.dir\debug\ogreshadercooktorrancelighting.obj
d:\ogre-git\ogre\ogre\builds\components\rtshadersystem\ogrertshadersystem.dir\debug\ogrertshadersystem_d.ilk
d:\ogre-git\ogre\ogre\builds\bin\debug\ogrertshadersystem_d.dll
d:\ogre-git\ogre\ogre\builds\bin\debug\ogrertshadersystem_d.pdb
d:\ogre-git\ogre\ogre\builds\lib\debug\ogrertshadersystem_d.lib
d:\ogre-git\ogre\ogre\builds\lib\debug\ogrertshadersystem_d.exp
d:\ogre-git\ogre\ogre\builds\components\rtshadersystem\ogrertshadersystem.dir\debug\ogrertsh.730c62c0.tlog\cl.command.1.tlog
d:\ogre-git\ogre\ogre\builds\components\rtshadersystem\ogrertshadersystem.dir\debug\ogrertsh.730c62c0.tlog\cl.read.1.tlog
d:\ogre-git\ogre\ogre\builds\components\rtshadersystem\ogrertshadersystem.dir\debug\ogrertsh.730c62c0.tlog\cl.write.1.tlog
d:\ogre-git\ogre\ogre\builds\components\rtshadersystem\ogrertshadersystem.dir\debug\ogrertsh.730c62c0.tlog\link.command.1.tlog
d:\ogre-git\ogre\ogre\builds\components\rtshadersystem\ogrertshadersystem.dir\debug\ogrertsh.730c62c0.tlog\link.read.1.tlog
d:\ogre-git\ogre\ogre\builds\components\rtshadersystem\ogrertshadersystem.dir\debug\ogrertsh.730c62c0.tlog\link.write.1.tlog
d:\ogre-git\ogre\ogre\builds\components\rtshadersystem\ogrertshadersystem.dir\debug\ogrertsh.730c62c0.tlog\ogrertshadersystem.write.1u.tlog
