d:\ogre-git\ogre\ogre\builds\rendersystems\gl\rendersystem_gl.dir\debug\vc142.pdb
d:\ogre-git\ogre\ogre\builds\rendersystems\gl\rendersystem_gl.dir\debug\glad.obj
d:\ogre-git\ogre\ogre\builds\rendersystems\gl\rendersystem_gl.dir\debug\ts1.0_inst_list.obj
d:\ogre-git\ogre\ogre\builds\rendersystems\gl\rendersystem_gl.dir\debug\ogreglpixelformat.obj
d:\ogre-git\ogre\ogre\builds\rendersystems\gl\rendersystem_gl.dir\debug\ogreglslprogram.obj
d:\ogre-git\ogre\ogre\builds\rendersystems\gl\rendersystem_gl.dir\debug\rc1.0_combiners.obj
d:\ogre-git\ogre\ogre\builds\rendersystems\gl\rendersystem_gl.dir\debug\vs1.0_inst_list.obj
d:\ogre-git\ogre\ogre\builds\rendersystems\gl\rendersystem_gl.dir\debug\ogreglrendersystem.obj
d:\ogre-git\ogre\ogre\builds\rendersystems\gl\rendersystem_gl.dir\debug\ogreglslextsupport.obj
d:\ogre-git\ogre\ogre\builds\rendersystems\gl\rendersystem_gl.dir\debug\ogreglframebufferobject.obj
d:\ogre-git\ogre\ogre\builds\rendersystems\gl\rendersystem_gl.dir\debug\_vs1.0_lexer.obj
d:\ogre-git\ogre\ogre\builds\rendersystems\gl\rendersystem_gl.dir\debug\ogregltexturemanager.obj
d:\ogre-git\ogre\ogre\builds\rendersystems\gl\rendersystem_gl.dir\debug\compiler2pass.obj
d:\ogre-git\ogre\ogre\builds\rendersystems\gl\rendersystem_gl.dir\debug\ogreglhardwarepixelbuffer.obj
d:\ogre-git\ogre\ogre\builds\rendersystems\gl\rendersystem_gl.dir\debug\ogreglsllinkprogram.obj
d:\ogre-git\ogre\ogre\builds\rendersystems\gl\rendersystem_gl.dir\debug\ogreglhardwareocclusionquery.obj
d:\ogre-git\ogre\ogre\builds\rendersystems\gl\rendersystem_gl.dir\debug\rc1.0_final.obj
d:\ogre-git\ogre\ogre\builds\rendersystems\gl\rendersystem_gl.dir\debug\ogreglpbrendertexture.obj
d:\ogre-git\ogre\ogre\builds\rendersystems\gl\rendersystem_gl.dir\debug\ogreglslprogramfactory.obj
d:\ogre-git\ogre\ogre\builds\rendersystems\gl\rendersystem_gl.dir\debug\ogreglhardwarebuffermanager.obj
d:\ogre-git\ogre\ogre\builds\rendersystems\gl\rendersystem_gl.dir\debug\_vs1.0_parser.obj
d:\ogre-git\ogre\ogre\builds\rendersystems\gl\rendersystem_gl.dir\debug\rc1.0_general.obj
d:\ogre-git\ogre\ogre\builds\rendersystems\gl\rendersystem_gl.dir\debug\_ps1.0_lexer.obj
d:\ogre-git\ogre\ogre\builds\rendersystems\gl\rendersystem_gl.dir\debug\ogreglhardwarebuffer.obj
d:\ogre-git\ogre\ogre\builds\rendersystems\gl\rendersystem_gl.dir\debug\_rc1.0_parser.obj
d:\ogre-git\ogre\ogre\builds\rendersystems\gl\rendersystem_gl.dir\debug\ogreglfborendertexture.obj
d:\ogre-git\ogre\ogre\builds\rendersystems\gl\rendersystem_gl.dir\debug\ogreglenginedll.obj
d:\ogre-git\ogre\ogre\builds\rendersystems\gl\rendersystem_gl.dir\debug\_ts1.0_lexer.obj
d:\ogre-git\ogre\ogre\builds\rendersystems\gl\rendersystem_gl.dir\debug\vcp1.0_impl.obj
d:\ogre-git\ogre\ogre\builds\rendersystems\gl\rendersystem_gl.dir\debug\nvparse.obj
d:\ogre-git\ogre\ogre\builds\rendersystems\gl\rendersystem_gl.dir\debug\nvparse_errors.obj
d:\ogre-git\ogre\ogre\builds\rendersystems\gl\rendersystem_gl.dir\debug\ogreglgpuprogram.obj
d:\ogre-git\ogre\ogre\builds\rendersystems\gl\rendersystem_gl.dir\debug\ps_1_4.obj
d:\ogre-git\ogre\ogre\builds\rendersystems\gl\rendersystem_gl.dir\debug\_ps1.0_parser.obj
d:\ogre-git\ogre\ogre\builds\rendersystems\gl\rendersystem_gl.dir\debug\ogreglgpunvparseprogram.obj
d:\ogre-git\ogre\ogre\builds\rendersystems\gl\rendersystem_gl.dir\debug\ati_fs_glgpuprogram.obj
d:\ogre-git\ogre\ogre\builds\rendersystems\gl\rendersystem_gl.dir\debug\vsp1.0_impl.obj
d:\ogre-git\ogre\ogre\builds\rendersystems\gl\rendersystem_gl.dir\debug\avp1.0_impl.obj
d:\ogre-git\ogre\ogre\builds\rendersystems\gl\rendersystem_gl.dir\debug\ogreglplugin.obj
d:\ogre-git\ogre\ogre\builds\rendersystems\gl\rendersystem_gl.dir\debug\_rc1.0_lexer.obj
d:\ogre-git\ogre\ogre\builds\rendersystems\gl\rendersystem_gl.dir\debug\ogreglfbomultirendertarget.obj
d:\ogre-git\ogre\ogre\builds\rendersystems\gl\rendersystem_gl.dir\debug\ps1.0_program.obj
d:\ogre-git\ogre\ogre\builds\rendersystems\gl\rendersystem_gl.dir\debug\ogreglsllinkprogrammanager.obj
d:\ogre-git\ogre\ogre\builds\rendersystems\gl\rendersystem_gl.dir\debug\vp1.0_impl.obj
d:\ogre-git\ogre\ogre\builds\rendersystems\gl\rendersystem_gl.dir\debug\ogregltexture.obj
d:\ogre-git\ogre\ogre\builds\rendersystems\gl\rendersystem_gl.dir\debug\vs1.0_inst.obj
d:\ogre-git\ogre\ogre\builds\rendersystems\gl\rendersystem_gl.dir\debug\ts1.0_inst.obj
d:\ogre-git\ogre\ogre\builds\rendersystems\gl\rendersystem_gl.dir\debug\ogreglrendertovertexbuffer.obj
d:\ogre-git\ogre\ogre\builds\rendersystems\gl\rendersystem_gl.dir\debug\_ts1.0_parser.obj
d:\ogre-git\ogre\ogre\builds\rendersystems\gl\rendersystem_gl.dir\debug\ogreglstatecachemanager.obj
d:\ogre-git\ogre\ogre\builds\rendersystems\gl\rendersystem_gl.dir\debug\ogreglcopyingrendertexture.obj
d:\ogre-git\ogre\ogre\builds\rendersystems\gl\rendersystem_gl.dir\debug\rendersystem_gl_d.ilk
d:\ogre-git\ogre\ogre\builds\bin\debug\rendersystem_gl_d.dll
d:\ogre-git\ogre\ogre\builds\bin\debug\rendersystem_gl_d.pdb
d:\ogre-git\ogre\ogre\builds\lib\debug\rendersystem_gl_d.lib
d:\ogre-git\ogre\ogre\builds\lib\debug\rendersystem_gl_d.exp
d:\ogre-git\ogre\ogre\builds\rendersystems\gl\rendersystem_gl.dir\debug\rendersystem_gl.tlog\cl.command.1.tlog
d:\ogre-git\ogre\ogre\builds\rendersystems\gl\rendersystem_gl.dir\debug\rendersystem_gl.tlog\cl.read.1.tlog
d:\ogre-git\ogre\ogre\builds\rendersystems\gl\rendersystem_gl.dir\debug\rendersystem_gl.tlog\cl.write.1.tlog
d:\ogre-git\ogre\ogre\builds\rendersystems\gl\rendersystem_gl.dir\debug\rendersystem_gl.tlog\link.command.1.tlog
d:\ogre-git\ogre\ogre\builds\rendersystems\gl\rendersystem_gl.dir\debug\rendersystem_gl.tlog\link.read.1.tlog
d:\ogre-git\ogre\ogre\builds\rendersystems\gl\rendersystem_gl.dir\debug\rendersystem_gl.tlog\link.write.1.tlog
d:\ogre-git\ogre\ogre\builds\rendersystems\gl\rendersystem_gl.dir\debug\rendersystem_gl.tlog\rendersystem_gl.write.1u.tlog
