  OgreGLSLExtSupport.cpp
  OgreGLSLLinkProgram.cpp
  OgreGLSLLinkProgramManager.cpp
  OgreGLSLProgram.cpp
  OgreGLSLProgramFactory.cpp
  ATI_FS_GLGpuProgram.cpp
  Compiler2Pass.cpp
  ps_1_4.cpp
  _ps1.0_lexer.cpp
  _ps1.0_parser.cpp
  _rc1.0_lexer.cpp
  _rc1.0_parser.cpp
  _ts1.0_lexer.cpp
  _ts1.0_parser.cpp
  _vs1.0_lexer.cpp
  _vs1.0_parser.cpp
  avp1.0_impl.cpp
  nvparse.cpp
  nvparse_errors.cpp
  ps1.0_program.cpp
  rc1.0_combiners.cpp
  rc1.0_final.cpp
  rc1.0_general.cpp
  ts1.0_inst.cpp
  ts1.0_inst_list.cpp
  vcp1.0_impl.cpp
  vp1.0_impl.cpp
  vs1.0_inst.cpp
  vs1.0_inst_list.cpp
  vsp1.0_impl.cpp
  OgreGLCopyingRenderTexture.cpp
  OgreGLEngineDll.cpp
D:\ogre-git\ogre\ogre\RenderSystems\GL\src\atifs\src\Compiler2Pass.cpp(104,35): warning C4267: “=”: 从“size_t”转换到“int”，可能丢失数据
D:\ogre-git\ogre\ogre\RenderSystems\GL\src\atifs\src\Compiler2Pass.cpp(127,59): warning C4267: “初始化”: 从“size_t”转换到“uint”，可能丢失数据
D:\ogre-git\ogre\ogre\RenderSystems\GL\src\atifs\src\Compiler2Pass.cpp(130,46): warning C4267: “初始化”: 从“size_t”转换到“uint”，可能丢失数据
D:\ogre-git\ogre\ogre\RenderSystems\GL\src\atifs\src\Compiler2Pass.cpp(295,31): warning C4244: “=”: 从“__int64”转换到“int”，可能丢失数据
D:\ogre-git\ogre\ogre\RenderSystems\GL\src\atifs\src\Compiler2Pass.cpp(308,32): warning C4267: “=”: 从“size_t”转换到“int”，可能丢失数据
D:\ogre-git\ogre\ogre\RenderSystems\GL\src\atifs\src\Compiler2Pass.cpp(354,48): warning C4244: “+=”: 从“__int64”转换到“int”，可能丢失数据
D:\ogre-git\ogre\ogre\RenderSystems\GL\src\nvparse\nvparse_errors.cpp(33,31): warning C4996: 'strdup': The POSIX name for this item is deprecated. Instead, use the ISO C and C++ conformant name: _strdup. See online help for details.
D:\ogre-git\ogre\ogre\RenderSystems\GL\src\nvparse\nvparse_errors.cpp(39,5): warning C4996: 'sprintf': This function or variable may be unsafe. Consider using sprintf_s instead. To disable deprecation, use _CRT_SECURE_NO_WARNINGS. See online help for details.
D:\ogre-git\ogre\ogre\RenderSystems\GL\src\nvparse\nvparse_errors.cpp(41,31): warning C4996: 'strdup': The POSIX name for this item is deprecated. Instead, use the ISO C and C++ conformant name: _strdup. See online help for details.
  OgreGLFBOMultiRenderTarget.cpp
D:\ogre-git\ogre\ogre\OgreMain\include\OgreCommon.h(1,1): warning C4819: 该文件包含不能在当前代码页(936)中表示的字符。请将该文件保存为 Unicode 格式以防止数据丢失 (编译源文件 D:\ogre-git\ogre\ogre\RenderSystems\GL\src\GLSL\src\OgreGLSLExtSupport.cpp)
D:\ogre-git\ogre\ogre\OgreMain\include\OgreCommon.h(1,1): warning C4819: 该文件包含不能在当前代码页(936)中表示的字符。请将该文件保存为 Unicode 格式以防止数据丢失 (编译源文件 D:\ogre-git\ogre\ogre\RenderSystems\GL\src\GLSL\src\OgreGLSLLinkProgram.cpp)
D:\ogre-git\ogre\ogre\OgreMain\include\OgreCommon.h(1,1): warning C4819: 该文件包含不能在当前代码页(936)中表示的字符。请将该文件保存为 Unicode 格式以防止数据丢失 (编译源文件 D:\ogre-git\ogre\ogre\RenderSystems\GL\src\GLSL\src\OgreGLSLProgram.cpp)
D:\ogre-git\ogre\ogre\OgreMain\include\OgreGpuProgramParams.h(678,1): warning C4819: 该文件包含不能在当前代码页(936)中表示的字符。请将该文件保存为 Unicode 格式以防止数据丢失 (编译源文件 D:\ogre-git\ogre\ogre\RenderSystems\GL\src\GLSL\src\OgreGLSLProgram.cpp)
  OgreGLFBORenderTexture.cpp
D:\ogre-git\ogre\ogre\OgreMain\include\OgreGpuProgramParams.h(678,1): warning C4819: 该文件包含不能在当前代码页(936)中表示的字符。请将该文件保存为 Unicode 格式以防止数据丢失 (编译源文件 D:\ogre-git\ogre\ogre\RenderSystems\GL\src\GLSL\src\OgreGLSLLinkProgram.cpp)
D:\ogre-git\ogre\ogre\OgreMain\include\OgreCommon.h(1,1): warning C4819: 该文件包含不能在当前代码页(936)中表示的字符。请将该文件保存为 Unicode 格式以防止数据丢失 (编译源文件 D:\ogre-git\ogre\ogre\RenderSystems\GL\src\OgreGLCopyingRenderTexture.cpp)
D:\ogre-git\ogre\ogre\RenderSystems\GL\src\atifs\src\ps_1_4.cpp(1843,8): warning C4996: 'fopen': This function or variable may be unsafe. Consider using fopen_s instead. To disable deprecation, use _CRT_SECURE_NO_WARNINGS. See online help for details.
D:\ogre-git\ogre\ogre\RenderSystems\GL\src\atifs\src\ps_1_4.cpp(2085,17): warning C4477: “fprintf”: 格式字符串“%d”需要类型“int”的参数，但可变参数 2 拥有了类型“unsigned __int64”
D:\ogre-git\ogre\ogre\RenderSystems\GL\src\atifs\src\ps_1_4.cpp(2085,17): message : 请考虑在格式字符串中使用“%zd”
D:\ogre-git\ogre\ogre\RenderSystems\GL\src\atifs\src\ps_1_4.cpp(2102,21): warning C4477: “fprintf”: 格式字符串“%d”需要类型“int”的参数，但可变参数 1 拥有了类型“size_t”
D:\ogre-git\ogre\ogre\RenderSystems\GL\src\atifs\src\ps_1_4.cpp(2102,21): message : 请考虑在格式字符串中使用“%zd”
D:\ogre-git\ogre\ogre\RenderSystems\GL\src\atifs\src\ps_1_4.cpp(2109,24): warning C4477: “fprintf”: 格式字符串“%x”需要类型“unsigned int”的参数，但可变参数 2 拥有了类型“size_t”
D:\ogre-git\ogre\ogre\RenderSystems\GL\src\atifs\src\ps_1_4.cpp(2109,24): message : 请考虑在格式字符串中使用“%zx”
D:\ogre-git\ogre\ogre\RenderSystems\GL\src\atifs\src\ps_1_4.cpp(2134,8): warning C4996: 'fopen': This function or variable may be unsafe. Consider using fopen_s instead. To disable deprecation, use _CRT_SECURE_NO_WARNINGS. See online help for details.
D:\ogre-git\ogre\ogre\OgreMain\include\OgreCommon.h(1,1): warning C4819: 该文件包含不能在当前代码页(936)中表示的字符。请将该文件保存为 Unicode 格式以防止数据丢失 (编译源文件 D:\ogre-git\ogre\ogre\RenderSystems\GL\src\OgreGLFBOMultiRenderTarget.cpp)
_rc1.0_lexer.cpp(1992,15): warning C4244: “初始化”: 从“__int64”转换到“int”，可能丢失数据 (编译源文件 D:\ogre-git\ogre\ogre\RenderSystems\GL\src\nvparse\_rc1.0_lexer.cpp)
D:\ogre-git\ogre\ogre\OgreMain\include\OgrePass.h(643,1): warning C4819: 该文件包含不能在当前代码页(936)中表示的字符。请将该文件保存为 Unicode 格式以防止数据丢失 (编译源文件 D:\ogre-git\ogre\ogre\RenderSystems\GL\src\GLSL\src\OgreGLSLProgram.cpp)
_ts1.0_lexer.cpp(1738,15): warning C4244: “初始化”: 从“__int64”转换到“int”，可能丢失数据 (编译源文件 D:\ogre-git\ogre\ogre\RenderSystems\GL\src\nvparse\_ts1.0_lexer.cpp)
D:\ogre-git\ogre\ogre\OgreMain\include\OgreCommon.h(1,1): warning C4819: 该文件包含不能在当前代码页(936)中表示的字符。请将该文件保存为 Unicode 格式以防止数据丢失 (编译源文件 D:\ogre-git\ogre\ogre\RenderSystems\GL\src\OgreGLEngineDll.cpp)
  OgreGLFrameBufferObject.cpp
  OgreGLGpuNvparseProgram.cpp
  OgreGLGpuProgram.cpp
D:\ogre-git\ogre\ogre\OgreMain\include\OgreCommon.h(1,1): warning C4819: 该文件包含不能在当前代码页(936)中表示的字符。请将该文件保存为 Unicode 格式以防止数据丢失 (编译源文件 D:\ogre-git\ogre\ogre\RenderSystems\GL\src\atifs\src\ATI_FS_GLGpuProgram.cpp)
  OgreGLHardwareBuffer.cpp
D:\ogre-git\ogre\ogre\OgreMain\include\OgreGpuProgramParams.h(678,1): warning C4819: 该文件包含不能在当前代码页(936)中表示的字符。请将该文件保存为 Unicode 格式以防止数据丢失 (编译源文件 D:\ogre-git\ogre\ogre\RenderSystems\GL\src\GLSL\src\OgreGLSLLinkProgramManager.cpp)
D:\ogre-git\ogre\ogre\OgreMain\include\OgreCommon.h(1,1): warning C4819: 该文件包含不能在当前代码页(936)中表示的字符。请将该文件保存为 Unicode 格式以防止数据丢失 (编译源文件 D:\ogre-git\ogre\ogre\RenderSystems\GL\src\GLSL\src\OgreGLSLProgramFactory.cpp)
D:\ogre-git\ogre\ogre\RenderSystems\GL\src\nvparse\nvparse.cpp(85,23): warning C4996: 'strdup': The POSIX name for this item is deprecated. Instead, use the ISO C and C++ conformant name: _strdup. See online help for details.
  OgreGLHardwareBufferManager.cpp
  OgreGLHardwareOcclusionQuery.cpp
D:\ogre-git\ogre\ogre\OgreMain\include\OgreCommon.h(1,1): warning C4819: 该文件包含不能在当前代码页(936)中表示的字符。请将该文件保存为 Unicode 格式以防止数据丢失 (编译源文件 D:\ogre-git\ogre\ogre\RenderSystems\GL\src\GLSL\src\OgreGLSLLinkProgramManager.cpp)
D:\ogre-git\ogre\ogre\RenderSystems\GL\src\nvparse\vs1.0_inst.cpp(113,9): warning C4996: 'sprintf': This function or variable may be unsafe. Consider using sprintf_s instead. To disable deprecation, use _CRT_SECURE_NO_WARNINGS. See online help for details.
D:\ogre-git\ogre\ogre\RenderSystems\GL\src\nvparse\vs1.0_inst.cpp(117,9): warning C4996: 'sprintf': This function or variable may be unsafe. Consider using sprintf_s instead. To disable deprecation, use _CRT_SECURE_NO_WARNINGS. See online help for details.
D:\ogre-git\ogre\ogre\RenderSystems\GL\src\nvparse\vs1.0_inst.cpp(121,9): warning C4996: 'sprintf': This function or variable may be unsafe. Consider using sprintf_s instead. To disable deprecation, use _CRT_SECURE_NO_WARNINGS. See online help for details.
D:\ogre-git\ogre\ogre\RenderSystems\GL\src\nvparse\vs1.0_inst.cpp(125,9): warning C4996: 'sprintf': This function or variable may be unsafe. Consider using sprintf_s instead. To disable deprecation, use _CRT_SECURE_NO_WARNINGS. See online help for details.
D:\ogre-git\ogre\ogre\RenderSystems\GL\src\nvparse\vs1.0_inst.cpp(132,9): warning C4996: 'sprintf': This function or variable may be unsafe. Consider using sprintf_s instead. To disable deprecation, use _CRT_SECURE_NO_WARNINGS. See online help for details.
D:\ogre-git\ogre\ogre\RenderSystems\GL\src\nvparse\vs1.0_inst.cpp(139,9): warning C4996: 'sprintf': This function or variable may be unsafe. Consider using sprintf_s instead. To disable deprecation, use _CRT_SECURE_NO_WARNINGS. See online help for details.
D:\ogre-git\ogre\ogre\RenderSystems\GL\src\nvparse\vs1.0_inst.cpp(143,9): warning C4996: 'sprintf': This function or variable may be unsafe. Consider using sprintf_s instead. To disable deprecation, use _CRT_SECURE_NO_WARNINGS. See online help for details.
D:\ogre-git\ogre\ogre\RenderSystems\GL\src\nvparse\vs1.0_inst.cpp(159,9): warning C4996: 'strncpy': This function or variable may be unsafe. Consider using strncpy_s instead. To disable deprecation, use _CRT_SECURE_NO_WARNINGS. See online help for details.
D:\ogre-git\ogre\ogre\RenderSystems\GL\src\nvparse\vs1.0_inst.cpp(205,9): warning C4996: 'strcpy': This function or variable may be unsafe. Consider using strcpy_s instead. To disable deprecation, use _CRT_SECURE_NO_WARNINGS. See online help for details.
D:\ogre-git\ogre\ogre\RenderSystems\GL\src\nvparse\vs1.0_inst.cpp(224,13): warning C4996: 'strcpy': This function or variable may be unsafe. Consider using strcpy_s instead. To disable deprecation, use _CRT_SECURE_NO_WARNINGS. See online help for details.
D:\ogre-git\ogre\ogre\RenderSystems\GL\src\nvparse\vs1.0_inst.cpp(303,13): warning C4996: 'sprintf': This function or variable may be unsafe. Consider using sprintf_s instead. To disable deprecation, use _CRT_SECURE_NO_WARNINGS. See online help for details.
D:\ogre-git\ogre\ogre\RenderSystems\GL\src\nvparse\vs1.0_inst.cpp(337,9): warning C4996: 'sprintf': This function or variable may be unsafe. Consider using sprintf_s instead. To disable deprecation, use _CRT_SECURE_NO_WARNINGS. See online help for details.
D:\ogre-git\ogre\ogre\RenderSystems\GL\src\nvparse\vs1.0_inst.cpp(345,9): warning C4996: 'sprintf': This function or variable may be unsafe. Consider using sprintf_s instead. To disable deprecation, use _CRT_SECURE_NO_WARNINGS. See online help for details.
D:\ogre-git\ogre\ogre\RenderSystems\GL\src\nvparse\vs1.0_inst.cpp(383,17): warning C4996: 'sprintf': This function or variable may be unsafe. Consider using sprintf_s instead. To disable deprecation, use _CRT_SECURE_NO_WARNINGS. See online help for details.
D:\ogre-git\ogre\ogre\RenderSystems\GL\src\nvparse\vs1.0_inst.cpp(397,21): warning C4996: 'sprintf': This function or variable may be unsafe. Consider using sprintf_s instead. To disable deprecation, use _CRT_SECURE_NO_WARNINGS. See online help for details.
D:\ogre-git\ogre\ogre\RenderSystems\GL\src\nvparse\vs1.0_inst.cpp(420,21): warning C4996: 'sprintf': This function or variable may be unsafe. Consider using sprintf_s instead. To disable deprecation, use _CRT_SECURE_NO_WARNINGS. See online help for details.
D:\ogre-git\ogre\ogre\RenderSystems\GL\src\nvparse\vs1.0_inst.cpp(431,17): warning C4996: 'sprintf': This function or variable may be unsafe. Consider using sprintf_s instead. To disable deprecation, use _CRT_SECURE_NO_WARNINGS. See online help for details.
D:\ogre-git\ogre\ogre\RenderSystems\GL\src\nvparse\vs1.0_inst.cpp(437,17): warning C4996: 'sprintf': This function or variable may be unsafe. Consider using sprintf_s instead. To disable deprecation, use _CRT_SECURE_NO_WARNINGS. See online help for details.
D:\ogre-git\ogre\ogre\RenderSystems\GL\src\nvparse\vs1.0_inst.cpp(472,13): warning C4996: 'strncpy': This function or variable may be unsafe. Consider using strncpy_s instead. To disable deprecation, use _CRT_SECURE_NO_WARNINGS. See online help for details.
D:\ogre-git\ogre\ogre\RenderSystems\GL\src\nvparse\vs1.0_inst.cpp(474,13): warning C4996: 'sprintf': This function or variable may be unsafe. Consider using sprintf_s instead. To disable deprecation, use _CRT_SECURE_NO_WARNINGS. See online help for details.
D:\ogre-git\ogre\ogre\RenderSystems\GL\src\nvparse\vs1.0_inst.cpp(496,33): warning C4267: “=”: 从“size_t”转换到“int”，可能丢失数据
D:\ogre-git\ogre\ogre\RenderSystems\GL\src\nvparse\vs1.0_inst.cpp(508,33): warning C4267: “=”: 从“size_t”转换到“int”，可能丢失数据
D:\ogre-git\ogre\ogre\RenderSystems\GL\src\nvparse\vs1.0_inst.cpp(523,33): warning C4267: “=”: 从“size_t”转换到“int”，可能丢失数据
D:\ogre-git\ogre\ogre\RenderSystems\GL\src\nvparse\vs1.0_inst.cpp(535,33): warning C4267: “=”: 从“size_t”转换到“int”，可能丢失数据
D:\ogre-git\ogre\ogre\RenderSystems\GL\src\nvparse\vs1.0_inst.cpp(543,17): warning C4996: 'strcpy': This function or variable may be unsafe. Consider using strcpy_s instead. To disable deprecation, use _CRT_SECURE_NO_WARNINGS. See online help for details.
D:\ogre-git\ogre\ogre\RenderSystems\GL\src\nvparse\vs1.0_inst.cpp(565,33): warning C4267: “=”: 从“size_t”转换到“int”，可能丢失数据
D:\ogre-git\ogre\ogre\RenderSystems\GL\src\nvparse\vs1.0_inst.cpp(573,33): warning C4267: “=”: 从“size_t”转换到“int”，可能丢失数据
D:\ogre-git\ogre\ogre\RenderSystems\GL\src\nvparse\vs1.0_inst.cpp(585,33): warning C4267: “=”: 从“size_t”转换到“int”，可能丢失数据
D:\ogre-git\ogre\ogre\RenderSystems\GL\src\nvparse\vs1.0_inst.cpp(593,33): warning C4267: “=”: 从“size_t”转换到“int”，可能丢失数据
D:\ogre-git\ogre\ogre\RenderSystems\GL\src\nvparse\vs1.0_inst.cpp(601,33): warning C4267: “=”: 从“size_t”转换到“int”，可能丢失数据
D:\ogre-git\ogre\ogre\RenderSystems\GL\src\nvparse\vs1.0_inst.cpp(494,13): warning C4996: 'strncpy': This function or variable may be unsafe. Consider using strncpy_s instead. To disable deprecation, use _CRT_SECURE_NO_WARNINGS. See online help for details.
D:\ogre-git\ogre\ogre\RenderSystems\GL\src\nvparse\vs1.0_inst.cpp(506,13): warning C4996: 'strncpy': This function or variable may be unsafe. Consider using strncpy_s instead. To disable deprecation, use _CRT_SECURE_NO_WARNINGS. See online help for details.
D:\ogre-git\ogre\ogre\RenderSystems\GL\src\nvparse\vs1.0_inst.cpp(521,13): warning C4996: 'strncpy': This function or variable may be unsafe. Consider using strncpy_s instead. To disable deprecation, use _CRT_SECURE_NO_WARNINGS. See online help for details.
D:\ogre-git\ogre\ogre\RenderSystems\GL\src\nvparse\vs1.0_inst.cpp(526,17): warning C4996: 'sprintf': This function or variable may be unsafe. Consider using sprintf_s instead. To disable deprecation, use _CRT_SECURE_NO_WARNINGS. See online help for details.
D:\ogre-git\ogre\ogre\RenderSystems\GL\src\nvparse\vs1.0_inst.cpp(533,13): warning C4996: 'strncpy': This function or variable may be unsafe. Consider using strncpy_s instead. To disable deprecation, use _CRT_SECURE_NO_WARNINGS. See online help for details.
D:\ogre-git\ogre\ogre\RenderSystems\GL\src\nvparse\vs1.0_inst.cpp(538,17): warning C4996: 'sprintf': This function or variable may be unsafe. Consider using sprintf_s instead. To disable deprecation, use _CRT_SECURE_NO_WARNINGS. See online help for details.
D:\ogre-git\ogre\ogre\RenderSystems\GL\src\nvparse\vs1.0_inst.cpp(563,13): warning C4996: 'strncpy': This function or variable may be unsafe. Consider using strncpy_s instead. To disable deprecation, use _CRT_SECURE_NO_WARNINGS. See online help for details.
D:\ogre-git\ogre\ogre\RenderSystems\GL\src\nvparse\vs1.0_inst.cpp(571,13): warning C4996: 'strncpy': This function or variable may be unsafe. Consider using strncpy_s instead. To disable deprecation, use _CRT_SECURE_NO_WARNINGS. See online help for details.
D:\ogre-git\ogre\ogre\RenderSystems\GL\src\nvparse\vs1.0_inst.cpp(583,13): warning C4996: 'strncpy': This function or variable may be unsafe. Consider using strncpy_s instead. To disable deprecation, use _CRT_SECURE_NO_WARNINGS. See online help for details.
D:\ogre-git\ogre\ogre\RenderSystems\GL\src\nvparse\vs1.0_inst.cpp(591,13): warning C4996: 'strncpy': This function or variable may be unsafe. Consider using strncpy_s instead. To disable deprecation, use _CRT_SECURE_NO_WARNINGS. See online help for details.
D:\ogre-git\ogre\ogre\RenderSystems\GL\src\nvparse\vs1.0_inst.cpp(599,13): warning C4996: 'strncpy': This function or variable may be unsafe. Consider using strncpy_s instead. To disable deprecation, use _CRT_SECURE_NO_WARNINGS. See online help for details.
D:\ogre-git\ogre\ogre\RenderSystems\GL\src\nvparse\vs1.0_inst.cpp(631,13): warning C4996: 'sprintf': This function or variable may be unsafe. Consider using sprintf_s instead. To disable deprecation, use _CRT_SECURE_NO_WARNINGS. See online help for details.
D:\ogre-git\ogre\ogre\RenderSystems\GL\src\nvparse\vs1.0_inst.cpp(637,17): warning C4996: 'sprintf': This function or variable may be unsafe. Consider using sprintf_s instead. To disable deprecation, use _CRT_SECURE_NO_WARNINGS. See online help for details.
D:\ogre-git\ogre\ogre\RenderSystems\GL\src\nvparse\vs1.0_inst.cpp(647,9): warning C4996: 'sprintf': This function or variable may be unsafe. Consider using sprintf_s instead. To disable deprecation, use _CRT_SECURE_NO_WARNINGS. See online help for details.
D:\ogre-git\ogre\ogre\RenderSystems\GL\src\nvparse\vs1.0_inst.cpp(671,13): warning C4996: 'sprintf': This function or variable may be unsafe. Consider using sprintf_s instead. To disable deprecation, use _CRT_SECURE_NO_WARNINGS. See online help for details.
D:\ogre-git\ogre\ogre\RenderSystems\GL\src\nvparse\vs1.0_inst.cpp(728,21): warning C4996: 'sprintf': This function or variable may be unsafe. Consider using sprintf_s instead. To disable deprecation, use _CRT_SECURE_NO_WARNINGS. See online help for details.
D:\ogre-git\ogre\ogre\RenderSystems\GL\src\nvparse\vs1.0_inst.cpp(752,21): warning C4996: 'sprintf': This function or variable may be unsafe. Consider using sprintf_s instead. To disable deprecation, use _CRT_SECURE_NO_WARNINGS. See online help for details.
D:\ogre-git\ogre\ogre\RenderSystems\GL\src\nvparse\vs1.0_inst.cpp(772,21): warning C4996: 'sprintf': This function or variable may be unsafe. Consider using sprintf_s instead. To disable deprecation, use _CRT_SECURE_NO_WARNINGS. See online help for details.
D:\ogre-git\ogre\ogre\RenderSystems\GL\src\nvparse\vs1.0_inst.cpp(868,21): warning C4996: 'sprintf': This function or variable may be unsafe. Consider using sprintf_s instead. To disable deprecation, use _CRT_SECURE_NO_WARNINGS. See online help for details.
D:\ogre-git\ogre\ogre\RenderSystems\GL\src\nvparse\vs1.0_inst.cpp(876,21): warning C4996: 'sprintf': This function or variable may be unsafe. Consider using sprintf_s instead. To disable deprecation, use _CRT_SECURE_NO_WARNINGS. See online help for details.
D:\ogre-git\ogre\ogre\RenderSystems\GL\src\nvparse\vs1.0_inst.cpp(922,21): warning C4996: 'sprintf': This function or variable may be unsafe. Consider using sprintf_s instead. To disable deprecation, use _CRT_SECURE_NO_WARNINGS. See online help for details.
D:\ogre-git\ogre\ogre\RenderSystems\GL\src\nvparse\vs1.0_inst.cpp(930,21): warning C4996: 'sprintf': This function or variable may be unsafe. Consider using sprintf_s instead. To disable deprecation, use _CRT_SECURE_NO_WARNINGS. See online help for details.
D:\ogre-git\ogre\ogre\RenderSystems\GL\src\nvparse\vs1.0_inst.cpp(938,21): warning C4996: 'sprintf': This function or variable may be unsafe. Consider using sprintf_s instead. To disable deprecation, use _CRT_SECURE_NO_WARNINGS. See online help for details.
D:\ogre-git\ogre\ogre\RenderSystems\GL\src\nvparse\vs1.0_inst.cpp(946,21): warning C4996: 'sprintf': This function or variable may be unsafe. Consider using sprintf_s instead. To disable deprecation, use _CRT_SECURE_NO_WARNINGS. See online help for details.
D:\ogre-git\ogre\ogre\RenderSystems\GL\src\nvparse\vs1.0_inst.cpp(1028,9): warning C4996: 'sprintf': This function or variable may be unsafe. Consider using sprintf_s instead. To disable deprecation, use _CRT_SECURE_NO_WARNINGS. See online help for details.
vs1.0_tokens.l(377,39): warning C4267: “=”: 从“size_t”转换到“unsigned int”，可能丢失数据 (编译源文件 D:\ogre-git\ogre\ogre\RenderSystems\GL\src\nvparse\_vs1.0_lexer.cpp)
vs1.0_tokens.l(527,29): warning C4244: “=”: 从“__int64”转换到“unsigned long”，可能丢失数据 (编译源文件 D:\ogre-git\ogre\ogre\RenderSystems\GL\src\nvparse\_vs1.0_lexer.cpp)
vs1.0_tokens.l(542,3): warning C4996: 'strcpy': This function or variable may be unsafe. Consider using strcpy_s instead. To disable deprecation, use _CRT_SECURE_NO_WARNINGS. See online help for details. (编译源文件 D:\ogre-git\ogre\ogre\RenderSystems\GL\src\nvparse\_vs1.0_lexer.cpp)
vs1.0_tokens.l(547,29): warning C4267: “=”: 从“size_t”转换到“unsigned long”，可能丢失数据 (编译源文件 D:\ogre-git\ogre\ogre\RenderSystems\GL\src\nvparse\_vs1.0_lexer.cpp)
vs1.0_tokens.l(606,2): warning C4996: 'strcpy': This function or variable may be unsafe. Consider using strcpy_s instead. To disable deprecation, use _CRT_SECURE_NO_WARNINGS. See online help for details. (编译源文件 D:\ogre-git\ogre\ogre\RenderSystems\GL\src\nvparse\_vs1.0_lexer.cpp)
vs1.0_tokens.l(612,34): warning C4244: “=”: 从“__int64”转换到“unsigned int”，可能丢失数据 (编译源文件 D:\ogre-git\ogre\ogre\RenderSystems\GL\src\nvparse\_vs1.0_lexer.cpp)
vs1.0_tokens.l(857,2): warning C4996: 'strcat': This function or variable may be unsafe. Consider using strcat_s instead. To disable deprecation, use _CRT_SECURE_NO_WARNINGS. See online help for details. (编译源文件 D:\ogre-git\ogre\ogre\RenderSystems\GL\src\nvparse\_vs1.0_lexer.cpp)
vs1.0_tokens.l(943,39): warning C4267: “初始化”: 从“size_t”转换到“int”，可能丢失数据 (编译源文件 D:\ogre-git\ogre\ogre\RenderSystems\GL\src\nvparse\_vs1.0_lexer.cpp)
vs1.0_tokens.l(1066,5): warning C4996: 'strcpy': This function or variable may be unsafe. Consider using strcpy_s instead. To disable deprecation, use _CRT_SECURE_NO_WARNINGS. See online help for details. (编译源文件 D:\ogre-git\ogre\ogre\RenderSystems\GL\src\nvparse\_vs1.0_lexer.cpp)
vs1.0_tokens.l(1191,37): warning C4267: “=”: 从“size_t”转换到“unsigned int”，可能丢失数据 (编译源文件 D:\ogre-git\ogre\ogre\RenderSystems\GL\src\nvparse\_vs1.0_lexer.cpp)
vs1.0_tokens.l(1317,21): warning C4244: “=”: 从“__int64”转换到“unsigned int”，可能丢失数据 (编译源文件 D:\ogre-git\ogre\ogre\RenderSystems\GL\src\nvparse\_vs1.0_lexer.cpp)
vs1.0_tokens.l(1324,2): warning C4996: 'strcat': This function or variable may be unsafe. Consider using strcat_s instead. To disable deprecation, use _CRT_SECURE_NO_WARNINGS. See online help for details. (编译源文件 D:\ogre-git\ogre\ogre\RenderSystems\GL\src\nvparse\_vs1.0_lexer.cpp)
vs1.0_tokens.l(1368,4): warning C4996: 'strcat': This function or variable may be unsafe. Consider using strcat_s instead. To disable deprecation, use _CRT_SECURE_NO_WARNINGS. See online help for details. (编译源文件 D:\ogre-git\ogre\ogre\RenderSystems\GL\src\nvparse\_vs1.0_lexer.cpp)
vs1.0_tokens.l(1377,4): warning C4996: 'strcat': This function or variable may be unsafe. Consider using strcat_s instead. To disable deprecation, use _CRT_SECURE_NO_WARNINGS. See online help for details. (编译源文件 D:\ogre-git\ogre\ogre\RenderSystems\GL\src\nvparse\_vs1.0_lexer.cpp)
vs1.0_tokens.l(1420,4): warning C4996: 'strcpy': This function or variable may be unsafe. Consider using strcpy_s instead. To disable deprecation, use _CRT_SECURE_NO_WARNINGS. See online help for details. (编译源文件 D:\ogre-git\ogre\ogre\RenderSystems\GL\src\nvparse\_vs1.0_lexer.cpp)
vs1.0_tokens.l(266,2): warning C4996: 'strncat': This function or variable may be unsafe. Consider using strncat_s instead. To disable deprecation, use _CRT_SECURE_NO_WARNINGS. See online help for details. (编译源文件 D:\ogre-git\ogre\ogre\RenderSystems\GL\src\nvparse\_vs1.0_lexer.cpp)
vs1.0_tokens.l(282,2): warning C4996: 'strncat': This function or variable may be unsafe. Consider using strncat_s instead. To disable deprecation, use _CRT_SECURE_NO_WARNINGS. See online help for details. (编译源文件 D:\ogre-git\ogre\ogre\RenderSystems\GL\src\nvparse\_vs1.0_lexer.cpp)
vs1.0_tokens.l(463,2): warning C4996: 'strncpy': This function or variable may be unsafe. Consider using strncpy_s instead. To disable deprecation, use _CRT_SECURE_NO_WARNINGS. See online help for details. (编译源文件 D:\ogre-git\ogre\ogre\RenderSystems\GL\src\nvparse\_vs1.0_lexer.cpp)
vs1.0_tokens.l(473,2): warning C4996: 'strncpy': This function or variable may be unsafe. Consider using strncpy_s instead. To disable deprecation, use _CRT_SECURE_NO_WARNINGS. See online help for details. (编译源文件 D:\ogre-git\ogre\ogre\RenderSystems\GL\src\nvparse\_vs1.0_lexer.cpp)
vs1.0_tokens.l(537,4): warning C4996: 'strncat': This function or variable may be unsafe. Consider using strncat_s instead. To disable deprecation, use _CRT_SECURE_NO_WARNINGS. See online help for details. (编译源文件 D:\ogre-git\ogre\ogre\RenderSystems\GL\src\nvparse\_vs1.0_lexer.cpp)
vs1.0_tokens.l(580,19): warning C4996: 'strdup': The POSIX name for this item is deprecated. Instead, use the ISO C and C++ conformant name: _strdup. See online help for details. (编译源文件 D:\ogre-git\ogre\ogre\RenderSystems\GL\src\nvparse\_vs1.0_lexer.cpp)
vs1.0_tokens.l(619,4): warning C4996: 'strncpy': This function or variable may be unsafe. Consider using strncpy_s instead. To disable deprecation, use _CRT_SECURE_NO_WARNINGS. See online help for details. (编译源文件 D:\ogre-git\ogre\ogre\RenderSystems\GL\src\nvparse\_vs1.0_lexer.cpp)
vs1.0_tokens.l(628,4): warning C4996: 'strncpy': This function or variable may be unsafe. Consider using strncpy_s instead. To disable deprecation, use _CRT_SECURE_NO_WARNINGS. See online help for details. (编译源文件 D:\ogre-git\ogre\ogre\RenderSystems\GL\src\nvparse\_vs1.0_lexer.cpp)
vs1.0_tokens.l(645,4): warning C4996: 'strncpy': This function or variable may be unsafe. Consider using strncpy_s instead. To disable deprecation, use _CRT_SECURE_NO_WARNINGS. See online help for details. (编译源文件 D:\ogre-git\ogre\ogre\RenderSystems\GL\src\nvparse\_vs1.0_lexer.cpp)
vs1.0_tokens.l(654,4): warning C4996: 'strncpy': This function or variable may be unsafe. Consider using strncpy_s instead. To disable deprecation, use _CRT_SECURE_NO_WARNINGS. See online help for details. (编译源文件 D:\ogre-git\ogre\ogre\RenderSystems\GL\src\nvparse\_vs1.0_lexer.cpp)
vs1.0_tokens.l(780,16): warning C4996: 'strdup': The POSIX name for this item is deprecated. Instead, use the ISO C and C++ conformant name: _strdup. See online help for details. (编译源文件 D:\ogre-git\ogre\ogre\RenderSystems\GL\src\nvparse\_vs1.0_lexer.cpp)
vs1.0_tokens.l(831,3): warning C4996: 'strncpy': This function or variable may be unsafe. Consider using strncpy_s instead. To disable deprecation, use _CRT_SECURE_NO_WARNINGS. See online help for details. (编译源文件 D:\ogre-git\ogre\ogre\RenderSystems\GL\src\nvparse\_vs1.0_lexer.cpp)
vs1.0_tokens.l(853,2): warning C4996: 'strncpy': This function or variable may be unsafe. Consider using strncpy_s instead. To disable deprecation, use _CRT_SECURE_NO_WARNINGS. See online help for details. (编译源文件 D:\ogre-git\ogre\ogre\RenderSystems\GL\src\nvparse\_vs1.0_lexer.cpp)
vs1.0_tokens.l(1040,28): warning C4996: 'strdup': The POSIX name for this item is deprecated. Instead, use the ISO C and C++ conformant name: _strdup. See online help for details. (编译源文件 D:\ogre-git\ogre\ogre\RenderSystems\GL\src\nvparse\_vs1.0_lexer.cpp)
vs1.0_tokens.l(1323,2): warning C4996: 'strncat': This function or variable may be unsafe. Consider using strncat_s instead. To disable deprecation, use _CRT_SECURE_NO_WARNINGS. See online help for details. (编译源文件 D:\ogre-git\ogre\ogre\RenderSystems\GL\src\nvparse\_vs1.0_lexer.cpp)
vs1.0_tokens.l(1351,2): warning C4996: 'strncpy': This function or variable may be unsafe. Consider using strncpy_s instead. To disable deprecation, use _CRT_SECURE_NO_WARNINGS. See online help for details. (编译源文件 D:\ogre-git\ogre\ogre\RenderSystems\GL\src\nvparse\_vs1.0_lexer.cpp)
vs1.0_tokens.l(1367,4): warning C4996: 'strncat': This function or variable may be unsafe. Consider using strncat_s instead. To disable deprecation, use _CRT_SECURE_NO_WARNINGS. See online help for details. (编译源文件 D:\ogre-git\ogre\ogre\RenderSystems\GL\src\nvparse\_vs1.0_lexer.cpp)
vs1.0_tokens.l(1376,4): warning C4996: 'strncat': This function or variable may be unsafe. Consider using strncat_s instead. To disable deprecation, use _CRT_SECURE_NO_WARNINGS. See online help for details. (编译源文件 D:\ogre-git\ogre\ogre\RenderSystems\GL\src\nvparse\_vs1.0_lexer.cpp)
vs1.0_tokens.l(1452,2): warning C4996: 'strncpy': This function or variable may be unsafe. Consider using strncpy_s instead. To disable deprecation, use _CRT_SECURE_NO_WARNINGS. See online help for details. (编译源文件 D:\ogre-git\ogre\ogre\RenderSystems\GL\src\nvparse\_vs1.0_lexer.cpp)
vs1.0_tokens.l(1460,2): warning C4996: 'strncpy': This function or variable may be unsafe. Consider using strncpy_s instead. To disable deprecation, use _CRT_SECURE_NO_WARNINGS. See online help for details. (编译源文件 D:\ogre-git\ogre\ogre\RenderSystems\GL\src\nvparse\_vs1.0_lexer.cpp)
vs1.0_tokens.l(1468,2): warning C4996: 'strncpy': This function or variable may be unsafe. Consider using strncpy_s instead. To disable deprecation, use _CRT_SECURE_NO_WARNINGS. See online help for details. (编译源文件 D:\ogre-git\ogre\ogre\RenderSystems\GL\src\nvparse\_vs1.0_lexer.cpp)
_vs1.0_lexer.cpp(3315,15): warning C4244: “初始化”: 从“__int64”转换到“int”，可能丢失数据 (编译源文件 D:\ogre-git\ogre\ogre\RenderSystems\GL\src\nvparse\_vs1.0_lexer.cpp)
vs1.0_tokens.l(1819,41): warning C4267: “=”: 从“size_t”转换到“unsigned int”，可能丢失数据 (编译源文件 D:\ogre-git\ogre\ogre\RenderSystems\GL\src\nvparse\_vs1.0_lexer.cpp)
vs1.0_tokens.l(1923,37): warning C4267: “=”: 从“size_t”转换到“unsigned int”，可能丢失数据 (编译源文件 D:\ogre-git\ogre\ogre\RenderSystems\GL\src\nvparse\_vs1.0_lexer.cpp)
vs1.0_tokens.l(1979,37): warning C4267: “=”: 从“size_t”转换到“unsigned int”，可能丢失数据 (编译源文件 D:\ogre-git\ogre\ogre\RenderSystems\GL\src\nvparse\_vs1.0_lexer.cpp)
vs1.0_tokens.l(1983,48): warning C4267: “=”: 从“size_t”转换到“unsigned int”，可能丢失数据 (编译源文件 D:\ogre-git\ogre\ogre\RenderSystems\GL\src\nvparse\_vs1.0_lexer.cpp)
vs1.0_tokens.l(2027,24): warning C4267: “=”: 从“size_t”转换到“unsigned int”，可能丢失数据 (编译源文件 D:\ogre-git\ogre\ogre\RenderSystems\GL\src\nvparse\_vs1.0_lexer.cpp)
vs1.0_tokens.l(2042,38): warning C4244: “=”: 从“__int64”转换到“unsigned int”，可能丢失数据 (编译源文件 D:\ogre-git\ogre\ogre\RenderSystems\GL\src\nvparse\_vs1.0_lexer.cpp)
vs1.0_tokens.l(2048,5): warning C4996: 'strcat': This function or variable may be unsafe. Consider using strcat_s instead. To disable deprecation, use _CRT_SECURE_NO_WARNINGS. See online help for details. (编译源文件 D:\ogre-git\ogre\ogre\RenderSystems\GL\src\nvparse\_vs1.0_lexer.cpp)
vs1.0_tokens.l(2058,27): warning C4244: “=”: 从“__int64”转换到“unsigned int”，可能丢失数据 (编译源文件 D:\ogre-git\ogre\ogre\RenderSystems\GL\src\nvparse\_vs1.0_lexer.cpp)
vs1.0_tokens.l(2062,5): warning C4996: 'strcat': This function or variable may be unsafe. Consider using strcat_s instead. To disable deprecation, use _CRT_SECURE_NO_WARNINGS. See online help for details. (编译源文件 D:\ogre-git\ogre\ogre\RenderSystems\GL\src\nvparse\_vs1.0_lexer.cpp)
vs1.0_tokens.l(2071,30): warning C4267: “=”: 从“size_t”转换到“unsigned int”，可能丢失数据 (编译源文件 D:\ogre-git\ogre\ogre\RenderSystems\GL\src\nvparse\_vs1.0_lexer.cpp)
vs1.0_tokens.l(2103,4): warning C4996: 'strcat': This function or variable may be unsafe. Consider using strcat_s instead. To disable deprecation, use _CRT_SECURE_NO_WARNINGS. See online help for details. (编译源文件 D:\ogre-git\ogre\ogre\RenderSystems\GL\src\nvparse\_vs1.0_lexer.cpp)
vs1.0_tokens.l(2104,29): warning C4267: “+=”: 从“size_t”转换到“unsigned int”，可能丢失数据 (编译源文件 D:\ogre-git\ogre\ogre\RenderSystems\GL\src\nvparse\_vs1.0_lexer.cpp)
vs1.0_tokens.l(2087,4): warning C4996: 'strncat': This function or variable may be unsafe. Consider using strncat_s instead. To disable deprecation, use _CRT_SECURE_NO_WARNINGS. See online help for details. (编译源文件 D:\ogre-git\ogre\ogre\RenderSystems\GL\src\nvparse\_vs1.0_lexer.cpp)
vs1.0_tokens.l(2143,29): warning C4996: 'strdup': The POSIX name for this item is deprecated. Instead, use the ISO C and C++ conformant name: _strdup. See online help for details. (编译源文件 D:\ogre-git\ogre\ogre\RenderSystems\GL\src\nvparse\_vs1.0_lexer.cpp)
vs1.0_tokens.l(2173,14): warning C4996: 'strdup': The POSIX name for this item is deprecated. Instead, use the ISO C and C++ conformant name: _strdup. See online help for details. (编译源文件 D:\ogre-git\ogre\ogre\RenderSystems\GL\src\nvparse\_vs1.0_lexer.cpp)
vs1.0_tokens.l(2280,24): warning C4244: “=”: 从“__int64”转换到“unsigned int”，可能丢失数据 (编译源文件 D:\ogre-git\ogre\ogre\RenderSystems\GL\src\nvparse\_vs1.0_lexer.cpp)
vs1.0_tokens.l(2283,4): warning C4996: 'strcat': This function or variable may be unsafe. Consider using strcat_s instead. To disable deprecation, use _CRT_SECURE_NO_WARNINGS. See online help for details. (编译源文件 D:\ogre-git\ogre\ogre\RenderSystems\GL\src\nvparse\_vs1.0_lexer.cpp)
vs1.0_tokens.l(2284,4): warning C4996: 'strcat': This function or variable may be unsafe. Consider using strcat_s instead. To disable deprecation, use _CRT_SECURE_NO_WARNINGS. See online help for details. (编译源文件 D:\ogre-git\ogre\ogre\RenderSystems\GL\src\nvparse\_vs1.0_lexer.cpp)
vs1.0_tokens.l(2285,4): warning C4996: 'strcat': This function or variable may be unsafe. Consider using strcat_s instead. To disable deprecation, use _CRT_SECURE_NO_WARNINGS. See online help for details. (编译源文件 D:\ogre-git\ogre\ogre\RenderSystems\GL\src\nvparse\_vs1.0_lexer.cpp)
vs1.0_tokens.l(2295,23): warning C4244: “=”: 从“__int64”转换到“unsigned int”，可能丢失数据 (编译源文件 D:\ogre-git\ogre\ogre\RenderSystems\GL\src\nvparse\_vs1.0_lexer.cpp)
vs1.0_tokens.l(2316,4): warning C4996: 'strcat': This function or variable may be unsafe. Consider using strcat_s instead. To disable deprecation, use _CRT_SECURE_NO_WARNINGS. See online help for details. (编译源文件 D:\ogre-git\ogre\ogre\RenderSystems\GL\src\nvparse\_vs1.0_lexer.cpp)
vs1.0_tokens.l(2324,4): warning C4996: 'strcat': This function or variable may be unsafe. Consider using strcat_s instead. To disable deprecation, use _CRT_SECURE_NO_WARNINGS. See online help for details. (编译源文件 D:\ogre-git\ogre\ogre\RenderSystems\GL\src\nvparse\_vs1.0_lexer.cpp)
vs1.0_tokens.l(2282,4): warning C4996: 'strncat': This function or variable may be unsafe. Consider using strncat_s instead. To disable deprecation, use _CRT_SECURE_NO_WARNINGS. See online help for details. (编译源文件 D:\ogre-git\ogre\ogre\RenderSystems\GL\src\nvparse\_vs1.0_lexer.cpp)
vs1.0_tokens.l(2300,4): warning C4996: 'strncat': This function or variable may be unsafe. Consider using strncat_s instead. To disable deprecation, use _CRT_SECURE_NO_WARNINGS. See online help for details. (编译源文件 D:\ogre-git\ogre\ogre\RenderSystems\GL\src\nvparse\_vs1.0_lexer.cpp)
vs1.0_tokens.l(2311,4): warning C4996: 'sprintf': This function or variable may be unsafe. Consider using sprintf_s instead. To disable deprecation, use _CRT_SECURE_NO_WARNINGS. See online help for details. (编译源文件 D:\ogre-git\ogre\ogre\RenderSystems\GL\src\nvparse\_vs1.0_lexer.cpp)
vs1.0_tokens.l(2337,5): warning C4996: 'sprintf': This function or variable may be unsafe. Consider using sprintf_s instead. To disable deprecation, use _CRT_SECURE_NO_WARNINGS. See online help for details. (编译源文件 D:\ogre-git\ogre\ogre\RenderSystems\GL\src\nvparse\_vs1.0_lexer.cpp)
vs1.0_tokens.l(2439,73): warning C4267: “+=”: 从“size_t”转换到“unsigned int”，可能丢失数据 (编译源文件 D:\ogre-git\ogre\ogre\RenderSystems\GL\src\nvparse\_vs1.0_lexer.cpp)
vs1.0_tokens.l(2474,73): warning C4267: “+=”: 从“size_t”转换到“unsigned int”，可能丢失数据 (编译源文件 D:\ogre-git\ogre\ogre\RenderSystems\GL\src\nvparse\_vs1.0_lexer.cpp)
vs1.0_tokens.l(2563,5): warning C4996: 'strcpy': This function or variable may be unsafe. Consider using strcpy_s instead. To disable deprecation, use _CRT_SECURE_NO_WARNINGS. See online help for details. (编译源文件 D:\ogre-git\ogre\ogre\RenderSystems\GL\src\nvparse\_vs1.0_lexer.cpp)
vs1.0_tokens.l(2544,4): warning C4996: 'sprintf': This function or variable may be unsafe. Consider using sprintf_s instead. To disable deprecation, use _CRT_SECURE_NO_WARNINGS. See online help for details. (编译源文件 D:\ogre-git\ogre\ogre\RenderSystems\GL\src\nvparse\_vs1.0_lexer.cpp)
vs1.0_tokens.l(2545,19): warning C4996: 'strdup': The POSIX name for this item is deprecated. Instead, use the ISO C and C++ conformant name: _strdup. See online help for details. (编译源文件 D:\ogre-git\ogre\ogre\RenderSystems\GL\src\nvparse\_vs1.0_lexer.cpp)
vs1.0_tokens.l(2604,28): warning C4267: “=”: 从“size_t”转换到“unsigned int”，可能丢失数据 (编译源文件 D:\ogre-git\ogre\ogre\RenderSystems\GL\src\nvparse\_vs1.0_lexer.cpp)
vs1.0_tokens.l(2792,3): warning C4996: 'sprintf': This function or variable may be unsafe. Consider using sprintf_s instead. To disable deprecation, use _CRT_SECURE_NO_WARNINGS. See online help for details. (编译源文件 D:\ogre-git\ogre\ogre\RenderSystems\GL\src\nvparse\_vs1.0_lexer.cpp)
vs1.0_tokens.l(2793,3): warning C4996: 'sprintf': This function or variable may be unsafe. Consider using sprintf_s instead. To disable deprecation, use _CRT_SECURE_NO_WARNINGS. See online help for details. (编译源文件 D:\ogre-git\ogre\ogre\RenderSystems\GL\src\nvparse\_vs1.0_lexer.cpp)
vs1.0_tokens.l(2797,3): warning C4996: 'sprintf': This function or variable may be unsafe. Consider using sprintf_s instead. To disable deprecation, use _CRT_SECURE_NO_WARNINGS. See online help for details. (编译源文件 D:\ogre-git\ogre\ogre\RenderSystems\GL\src\nvparse\_vs1.0_lexer.cpp)
vs1.0_tokens.l(2802,2): warning C4996: 'vsprintf': This function or variable may be unsafe. Consider using vsprintf_s instead. To disable deprecation, use _CRT_SECURE_NO_WARNINGS. See online help for details. (编译源文件 D:\ogre-git\ogre\ogre\RenderSystems\GL\src\nvparse\_vs1.0_lexer.cpp)
vs1.0_tokens.l(2820,3): warning C4996: 'sprintf': This function or variable may be unsafe. Consider using sprintf_s instead. To disable deprecation, use _CRT_SECURE_NO_WARNINGS. See online help for details. (编译源文件 D:\ogre-git\ogre\ogre\RenderSystems\GL\src\nvparse\_vs1.0_lexer.cpp)
vs1.0_tokens.l(2821,2): warning C4996: 'sprintf': This function or variable may be unsafe. Consider using sprintf_s instead. To disable deprecation, use _CRT_SECURE_NO_WARNINGS. See online help for details. (编译源文件 D:\ogre-git\ogre\ogre\RenderSystems\GL\src\nvparse\_vs1.0_lexer.cpp)
vs1.0_tokens.l(2826,2): warning C4996: 'vsprintf': This function or variable may be unsafe. Consider using vsprintf_s instead. To disable deprecation, use _CRT_SECURE_NO_WARNINGS. See online help for details. (编译源文件 D:\ogre-git\ogre\ogre\RenderSystems\GL\src\nvparse\_vs1.0_lexer.cpp)
vs1.0_tokens.l(2857,8): warning C4996: 'stricmp': The POSIX name for this item is deprecated. Instead, use the ISO C and C++ conformant name: _stricmp. See online help for details. (编译源文件 D:\ogre-git\ogre\ogre\RenderSystems\GL\src\nvparse\_vs1.0_lexer.cpp)
vs1.0_tokens.l(2916,33): warning C4267: “=”: 从“size_t”转换到“int”，可能丢失数据 (编译源文件 D:\ogre-git\ogre\ogre\RenderSystems\GL\src\nvparse\_vs1.0_lexer.cpp)
vs1.0_tokens.l(2881,2): warning C4996: 'sprintf': This function or variable may be unsafe. Consider using sprintf_s instead. To disable deprecation, use _CRT_SECURE_NO_WARNINGS. See online help for details. (编译源文件 D:\ogre-git\ogre\ogre\RenderSystems\GL\src\nvparse\_vs1.0_lexer.cpp)
vs1.0_tokens.l(2883,13): warning C4996: '_open': This function or variable may be unsafe. Consider using _sopen_s instead. To disable deprecation, use _CRT_SECURE_NO_WARNINGS. See online help for details. (编译源文件 D:\ogre-git\ogre\ogre\RenderSystems\GL\src\nvparse\_vs1.0_lexer.cpp)
vs1.0_tokens.l(2909,16): warning C4996: 'fopen': This function or variable may be unsafe. Consider using fopen_s instead. To disable deprecation, use _CRT_SECURE_NO_WARNINGS. See online help for details. (编译源文件 D:\ogre-git\ogre\ogre\RenderSystems\GL\src\nvparse\_vs1.0_lexer.cpp)
D:\ogre-git\ogre\ogre\RenderSystems\GL\src\nvparse\rc1.0_general.cpp(12,9): warning C4996: 'sprintf': This function or variable may be unsafe. Consider using sprintf_s instead. To disable deprecation, use _CRT_SECURE_NO_WARNINGS. See online help for details.
D:\ogre-git\ogre\ogre\OgreMain\include\OgreGpuProgramParams.h(678,1): warning C4819: 该文件包含不能在当前代码页(936)中表示的字符。请将该文件保存为 Unicode 格式以防止数据丢失 (编译源文件 D:\ogre-git\ogre\ogre\RenderSystems\GL\src\OgreGLCopyingRenderTexture.cpp)
D:\ogre-git\ogre\ogre\OgreMain\include\OgreGpuProgramParams.h(678,1): warning C4819: 该文件包含不能在当前代码页(936)中表示的字符。请将该文件保存为 Unicode 格式以防止数据丢失 (编译源文件 D:\ogre-git\ogre\ogre\RenderSystems\GL\src\OgreGLEngineDll.cpp)
D:\ogre-git\ogre\ogre\OgreMain\include\OgreGpuProgramParams.h(678,1): warning C4819: 该文件包含不能在当前代码页(936)中表示的字符。请将该文件保存为 Unicode 格式以防止数据丢失 (编译源文件 D:\ogre-git\ogre\ogre\RenderSystems\GL\src\atifs\src\ATI_FS_GLGpuProgram.cpp)
D:\ogre-git\ogre\ogre\RenderSystems\GL\src\nvparse\vs1.0_inst_list.cpp(64,9): warning C4996: 'sprintf': This function or variable may be unsafe. Consider using sprintf_s instead. To disable deprecation, use _CRT_SECURE_NO_WARNINGS. See online help for details.
D:\ogre-git\ogre\ogre\RenderSystems\GL\src\nvparse\vs1.0_inst_list.cpp(96,20): warning C4267: “=”: 从“size_t”转换到“int”，可能丢失数据
D:\ogre-git\ogre\ogre\RenderSystems\GL\src\nvparse\vs1.0_inst_list.cpp(139,9): warning C4996: 'sprintf': This function or variable may be unsafe. Consider using sprintf_s instead. To disable deprecation, use _CRT_SECURE_NO_WARNINGS. See online help for details.
D:\ogre-git\ogre\ogre\RenderSystems\GL\src\nvparse\vs1.0_inst_list.cpp(168,35): warning C4267: “初始化”: 从“size_t”转换到“int”，可能丢失数据
D:\ogre-git\ogre\ogre\RenderSystems\GL\src\nvparse\vs1.0_inst_list.cpp(234,17): warning C4996: 'strcat': This function or variable may be unsafe. Consider using strcat_s instead. To disable deprecation, use _CRT_SECURE_NO_WARNINGS. See online help for details.
D:\ogre-git\ogre\ogre\RenderSystems\GL\src\nvparse\vs1.0_inst_list.cpp(236,13): warning C4996: 'strcat': This function or variable may be unsafe. Consider using strcat_s instead. To disable deprecation, use _CRT_SECURE_NO_WARNINGS. See online help for details.
D:\ogre-git\ogre\ogre\RenderSystems\GL\src\nvparse\vs1.0_inst_list.cpp(239,17): warning C4996: 'strcat': This function or variable may be unsafe. Consider using strcat_s instead. To disable deprecation, use _CRT_SECURE_NO_WARNINGS. See online help for details.
D:\ogre-git\ogre\ogre\RenderSystems\GL\src\nvparse\vs1.0_inst_list.cpp(241,13): warning C4996: 'strcat': This function or variable may be unsafe. Consider using strcat_s instead. To disable deprecation, use _CRT_SECURE_NO_WARNINGS. See online help for details.
D:\ogre-git\ogre\ogre\RenderSystems\GL\src\nvparse\vs1.0_inst_list.cpp(227,13): warning C4996: 'strncpy': This function or variable may be unsafe. Consider using strncpy_s instead. To disable deprecation, use _CRT_SECURE_NO_WARNINGS. See online help for details.
D:\ogre-git\ogre\ogre\RenderSystems\GL\src\nvparse\vs1.0_inst_list.cpp(230,13): warning C4996: 'sprintf': This function or variable may be unsafe. Consider using sprintf_s instead. To disable deprecation, use _CRT_SECURE_NO_WARNINGS. See online help for details.
D:\ogre-git\ogre\ogre\RenderSystems\GL\src\nvparse\vp1.0_impl.cpp(51,9): warning C4996: 'sprintf': This function or variable may be unsafe. Consider using sprintf_s instead. To disable deprecation, use _CRT_SECURE_NO_WARNINGS. See online help for details.
D:\ogre-git\ogre\ogre\RenderSystems\GL\src\nvparse\vp1.0_impl.cpp(76,35): warning C4267: “初始化”: 从“size_t”转换到“int”，可能丢失数据
D:\ogre-git\ogre\ogre\RenderSystems\GL\src\nvparse\vp1.0_impl.cpp(144,17): warning C4996: 'strcat': This function or variable may be unsafe. Consider using strcat_s instead. To disable deprecation, use _CRT_SECURE_NO_WARNINGS. See online help for details.
D:\ogre-git\ogre\ogre\RenderSystems\GL\src\nvparse\vp1.0_impl.cpp(146,13): warning C4996: 'strcat': This function or variable may be unsafe. Consider using strcat_s instead. To disable deprecation, use _CRT_SECURE_NO_WARNINGS. See online help for details.
D:\ogre-git\ogre\ogre\RenderSystems\GL\src\nvparse\vp1.0_impl.cpp(149,17): warning C4996: 'strcat': This function or variable may be unsafe. Consider using strcat_s instead. To disable deprecation, use _CRT_SECURE_NO_WARNINGS. See online help for details.
D:\ogre-git\ogre\ogre\RenderSystems\GL\src\nvparse\vp1.0_impl.cpp(151,13): warning C4996: 'strcat': This function or variable may be unsafe. Consider using strcat_s instead. To disable deprecation, use _CRT_SECURE_NO_WARNINGS. See online help for details.
D:\ogre-git\ogre\ogre\RenderSystems\GL\src\nvparse\vp1.0_impl.cpp(137,13): warning C4996: 'strncpy': This function or variable may be unsafe. Consider using strncpy_s instead. To disable deprecation, use _CRT_SECURE_NO_WARNINGS. See online help for details.
D:\ogre-git\ogre\ogre\RenderSystems\GL\src\nvparse\vp1.0_impl.cpp(140,13): warning C4996: 'sprintf': This function or variable may be unsafe. Consider using sprintf_s instead. To disable deprecation, use _CRT_SECURE_NO_WARNINGS. See online help for details.
  OgreGLHardwarePixelBuffer.cpp
  OgreGLPBRenderTexture.cpp
  OgreGLPixelFormat.cpp
  OgreGLPlugin.cpp
D:\ogre-git\ogre\ogre\OgreMain\include\OgreGpuProgramParams.h(678,1): warning C4819: 该文件包含不能在当前代码页(936)中表示的字符。请将该文件保存为 Unicode 格式以防止数据丢失 (编译源文件 D:\ogre-git\ogre\ogre\RenderSystems\GL\src\OgreGLFBOMultiRenderTarget.cpp)
D:\ogre-git\ogre\ogre\RenderSystems\GL\src\nvparse\ps1.0_program.cpp(339,1): warning C4267: “初始化”: 从“size_t”转换到“int”，可能丢失数据
D:\ogre-git\ogre\ogre\RenderSystems\GL\src\nvparse\avp1.0_impl.cpp(50,9): warning C4996: 'sprintf': This function or variable may be unsafe. Consider using sprintf_s instead. To disable deprecation, use _CRT_SECURE_NO_WARNINGS. See online help for details.
D:\ogre-git\ogre\ogre\RenderSystems\GL\src\nvparse\avp1.0_impl.cpp(74,35): warning C4267: “初始化”: 从“size_t”转换到“int”，可能丢失数据
D:\ogre-git\ogre\ogre\RenderSystems\GL\src\nvparse\avp1.0_impl.cpp(151,17): warning C4996: 'strcat': This function or variable may be unsafe. Consider using strcat_s instead. To disable deprecation, use _CRT_SECURE_NO_WARNINGS. See online help for details.
D:\ogre-git\ogre\ogre\RenderSystems\GL\src\nvparse\avp1.0_impl.cpp(154,13): warning C4996: 'strcat': This function or variable may be unsafe. Consider using strcat_s instead. To disable deprecation, use _CRT_SECURE_NO_WARNINGS. See online help for details.
D:\ogre-git\ogre\ogre\RenderSystems\GL\src\nvparse\avp1.0_impl.cpp(157,17): warning C4996: 'strcat': This function or variable may be unsafe. Consider using strcat_s instead. To disable deprecation, use _CRT_SECURE_NO_WARNINGS. See online help for details.
D:\ogre-git\ogre\ogre\RenderSystems\GL\src\nvparse\avp1.0_impl.cpp(159,13): warning C4996: 'strcat': This function or variable may be unsafe. Consider using strcat_s instead. To disable deprecation, use _CRT_SECURE_NO_WARNINGS. See online help for details.
D:\ogre-git\ogre\ogre\RenderSystems\GL\src\nvparse\avp1.0_impl.cpp(143,13): warning C4996: 'strncpy': This function or variable may be unsafe. Consider using strncpy_s instead. To disable deprecation, use _CRT_SECURE_NO_WARNINGS. See online help for details.
D:\ogre-git\ogre\ogre\RenderSystems\GL\src\nvparse\avp1.0_impl.cpp(146,13): warning C4996: 'sprintf': This function or variable may be unsafe. Consider using sprintf_s instead. To disable deprecation, use _CRT_SECURE_NO_WARNINGS. See online help for details.
  OgreGLRenderSystem.cpp
D:\ogre-git\ogre\ogre\RenderSystems\GL\src\nvparse\vcp1.0_impl.cpp(77,9): warning C4996: 'strcpy': This function or variable may be unsafe. Consider using strcpy_s instead. To disable deprecation, use _CRT_SECURE_NO_WARNINGS. See online help for details.
D:\ogre-git\ogre\ogre\RenderSystems\GL\src\nvparse\vcp1.0_impl.cpp(158,37): warning C4996: 'strcpy': This function or variable may be unsafe. Consider using strcpy_s instead. To disable deprecation, use _CRT_SECURE_NO_WARNINGS. See online help for details.
D:\ogre-git\ogre\ogre\RenderSystems\GL\src\nvparse\vcp1.0_impl.cpp(86,17): warning C4996: 'strtok': This function or variable may be unsafe. Consider using strtok_s instead. To disable deprecation, use _CRT_SECURE_NO_WARNINGS. See online help for details.
D:\ogre-git\ogre\ogre\RenderSystems\GL\src\nvparse\vcp1.0_impl.cpp(91,21): warning C4996: 'strtok': This function or variable may be unsafe. Consider using strtok_s instead. To disable deprecation, use _CRT_SECURE_NO_WARNINGS. See online help for details.
D:\ogre-git\ogre\ogre\RenderSystems\GL\src\nvparse\vcp1.0_impl.cpp(101,18): warning C4996: 'sscanf': This function or variable may be unsafe. Consider using sscanf_s instead. To disable deprecation, use _CRT_SECURE_NO_WARNINGS. See online help for details.
D:\ogre-git\ogre\ogre\RenderSystems\GL\src\nvparse\vcp1.0_impl.cpp(110,22): warning C4996: 'strnicmp': The POSIX name for this item is deprecated. Instead, use the ISO C and C++ conformant name: _strnicmp. See online help for details.
D:\ogre-git\ogre\ogre\RenderSystems\GL\src\nvparse\vcp1.0_impl.cpp(116,42): warning C4996: 'sscanf': This function or variable may be unsafe. Consider using sscanf_s instead. To disable deprecation, use _CRT_SECURE_NO_WARNINGS. See online help for details.
D:\ogre-git\ogre\ogre\RenderSystems\GL\src\nvparse\vcp1.0_impl.cpp(120,25): warning C4996: 'sprintf': This function or variable may be unsafe. Consider using sprintf_s instead. To disable deprecation, use _CRT_SECURE_NO_WARNINGS. See online help for details.
D:\ogre-git\ogre\ogre\RenderSystems\GL\src\nvparse\vcp1.0_impl.cpp(123,31): warning C4996: 'strnicmp': The POSIX name for this item is deprecated. Instead, use the ISO C and C++ conformant name: _strnicmp. See online help for details.
D:\ogre-git\ogre\ogre\RenderSystems\GL\src\nvparse\vcp1.0_impl.cpp(128,46): warning C4996: 'sscanf': This function or variable may be unsafe. Consider using sscanf_s instead. To disable deprecation, use _CRT_SECURE_NO_WARNINGS. See online help for details.
D:\ogre-git\ogre\ogre\RenderSystems\GL\src\nvparse\vcp1.0_impl.cpp(135,29): warning C4996: 'sprintf': This function or variable may be unsafe. Consider using sprintf_s instead. To disable deprecation, use _CRT_SECURE_NO_WARNINGS. See online help for details.
D:\ogre-git\ogre\ogre\RenderSystems\GL\src\nvparse\vcp1.0_impl.cpp(168,37): warning C4996: 'sprintf': This function or variable may be unsafe. Consider using sprintf_s instead. To disable deprecation, use _CRT_SECURE_NO_WARNINGS. See online help for details.
D:\ogre-git\ogre\ogre\RenderSystems\GL\src\nvparse\vcp1.0_impl.cpp(176,33): warning C4996: 'sprintf': This function or variable may be unsafe. Consider using sprintf_s instead. To disable deprecation, use _CRT_SECURE_NO_WARNINGS. See online help for details.
D:\ogre-git\ogre\ogre\RenderSystems\GL\src\nvparse\vcp1.0_impl.cpp(183,33): warning C4996: 'sprintf': This function or variable may be unsafe. Consider using sprintf_s instead. To disable deprecation, use _CRT_SECURE_NO_WARNINGS. See online help for details.
D:\ogre-git\ogre\ogre\RenderSystems\GL\src\nvparse\vcp1.0_impl.cpp(196,37): warning C4996: 'sprintf': This function or variable may be unsafe. Consider using sprintf_s instead. To disable deprecation, use _CRT_SECURE_NO_WARNINGS. See online help for details.
D:\ogre-git\ogre\ogre\RenderSystems\GL\src\nvparse\vcp1.0_impl.cpp(203,37): warning C4996: 'sprintf': This function or variable may be unsafe. Consider using sprintf_s instead. To disable deprecation, use _CRT_SECURE_NO_WARNINGS. See online help for details.
D:\ogre-git\ogre\ogre\RenderSystems\GL\src\nvparse\vcp1.0_impl.cpp(222,46): warning C4996: 'sscanf': This function or variable may be unsafe. Consider using sscanf_s instead. To disable deprecation, use _CRT_SECURE_NO_WARNINGS. See online help for details.
D:\ogre-git\ogre\ogre\RenderSystems\GL\src\nvparse\vcp1.0_impl.cpp(228,29): warning C4996: 'sprintf': This function or variable may be unsafe. Consider using sprintf_s instead. To disable deprecation, use _CRT_SECURE_NO_WARNINGS. See online help for details.
D:\ogre-git\ogre\ogre\RenderSystems\GL\src\nvparse\vcp1.0_impl.cpp(233,29): warning C4996: 'sprintf': This function or variable may be unsafe. Consider using sprintf_s instead. To disable deprecation, use _CRT_SECURE_NO_WARNINGS. See online help for details.
D:\ogre-git\ogre\ogre\RenderSystems\GL\src\nvparse\vcp1.0_impl.cpp(251,15): warning C4996: 'strtok': This function or variable may be unsafe. Consider using strtok_s instead. To disable deprecation, use _CRT_SECURE_NO_WARNINGS. See online help for details.
D:\ogre-git\ogre\ogre\OgreMain\include\OgreGpuProgramParams.h(678,1): warning C4819: 该文件包含不能在当前代码页(936)中表示的字符。请将该文件保存为 Unicode 格式以防止数据丢失 (编译源文件 D:\ogre-git\ogre\ogre\RenderSystems\GL\src\GLSL\src\OgreGLSLProgramFactory.cpp)
D:\ogre-git\ogre\ogre\RenderSystems\GL\src\nvparse\ps1.0_program.cpp(1022,43): warning C4267: “=”: 从“size_t”转换到“int”，可能丢失数据
  OgreGLRenderToVertexBuffer.cpp
  OgreGLStateCacheManager.cpp
D:\ogre-git\ogre\ogre\OgreMain\include\OgreCommon.h(1,1): warning C4819: 该文件包含不能在当前代码页(936)中表示的字符。请将该文件保存为 Unicode 格式以防止数据丢失 (编译源文件 D:\ogre-git\ogre\ogre\RenderSystems\GL\src\OgreGLFrameBufferObject.cpp)
ps1.0_tokens.l(79,5): warning C4996: 'sprintf': This function or variable may be unsafe. Consider using sprintf_s instead. To disable deprecation, use _CRT_SECURE_NO_WARNINGS. See online help for details. (编译源文件 D:\ogre-git\ogre\ogre\RenderSystems\GL\src\nvparse\_ps1.0_lexer.cpp)
ps1.0_tokens.l(94,5): warning C4996: 'sprintf': This function or variable may be unsafe. Consider using sprintf_s instead. To disable deprecation, use _CRT_SECURE_NO_WARNINGS. See online help for details. (编译源文件 D:\ogre-git\ogre\ogre\RenderSystems\GL\src\nvparse\_ps1.0_lexer.cpp)
ps1.0_tokens.l(114,5): warning C4996: 'sprintf': This function or variable may be unsafe. Consider using sprintf_s instead. To disable deprecation, use _CRT_SECURE_NO_WARNINGS. See online help for details. (编译源文件 D:\ogre-git\ogre\ogre\RenderSystems\GL\src\nvparse\_ps1.0_lexer.cpp)
ps1.0_tokens.l(140,5): warning C4996: 'sprintf': This function or variable may be unsafe. Consider using sprintf_s instead. To disable deprecation, use _CRT_SECURE_NO_WARNINGS. See online help for details. (编译源文件 D:\ogre-git\ogre\ogre\RenderSystems\GL\src\nvparse\_ps1.0_lexer.cpp)
_ps1.0_lexer.cpp(1392,15): warning C4244: “初始化”: 从“__int64”转换到“int”，可能丢失数据 (编译源文件 D:\ogre-git\ogre\ogre\RenderSystems\GL\src\nvparse\_ps1.0_lexer.cpp)
D:\ogre-git\ogre\ogre\OgreMain\include\OgrePass.h(643,1): warning C4819: 该文件包含不能在当前代码页(936)中表示的字符。请将该文件保存为 Unicode 格式以防止数据丢失 (编译源文件 D:\ogre-git\ogre\ogre\RenderSystems\GL\src\OgreGLEngineDll.cpp)
D:\ogre-git\ogre\ogre\OgreMain\include\OgreCommon.h(1,1): warning C4819: 该文件包含不能在当前代码页(936)中表示的字符。请将该文件保存为 Unicode 格式以防止数据丢失 (编译源文件 D:\ogre-git\ogre\ogre\RenderSystems\GL\src\OgreGLGpuProgram.cpp)
  OgreGLTexture.cpp
D:\ogre-git\ogre\ogre\OgreMain\include\OgrePass.h(643,1): warning C4819: 该文件包含不能在当前代码页(936)中表示的字符。请将该文件保存为 Unicode 格式以防止数据丢失 (编译源文件 D:\ogre-git\ogre\ogre\RenderSystems\GL\src\OgreGLFBOMultiRenderTarget.cpp)
D:\ogre-git\ogre\ogre\OgreMain\include\OgrePass.h(643,1): warning C4819: 该文件包含不能在当前代码页(936)中表示的字符。请将该文件保存为 Unicode 格式以防止数据丢失 (编译源文件 D:\ogre-git\ogre\ogre\RenderSystems\GL\src\atifs\src\ATI_FS_GLGpuProgram.cpp)
  OgreGLTextureManager.cpp
D:\ogre-git\ogre\ogre\OgreMain\include\OgrePass.h(643,1): warning C4819: 该文件包含不能在当前代码页(936)中表示的字符。请将该文件保存为 Unicode 格式以防止数据丢失 (编译源文件 D:\ogre-git\ogre\ogre\RenderSystems\GL\src\OgreGLCopyingRenderTexture.cpp)
D:\ogre-git\ogre\ogre\OgreMain\include\OgreCommon.h(1,1): warning C4819: 该文件包含不能在当前代码页(936)中表示的字符。请将该文件保存为 Unicode 格式以防止数据丢失 (编译源文件 D:\ogre-git\ogre\ogre\RenderSystems\GL\src\OgreGLGpuNvparseProgram.cpp)
D:\ogre-git\ogre\ogre\OgreMain\include\OgreCommon.h(1,1): warning C4819: 该文件包含不能在当前代码页(936)中表示的字符。请将该文件保存为 Unicode 格式以防止数据丢失 (编译源文件 D:\ogre-git\ogre\ogre\RenderSystems\GL\src\OgreGLFBORenderTexture.cpp)
D:\ogre-git\ogre\ogre\RenderSystems\GL\src\nvparse\vsp1.0_impl.cpp(65,35): warning C4267: “初始化”: 从“size_t”转换到“int”，可能丢失数据
D:\ogre-git\ogre\ogre\RenderSystems\GL\src\nvparse\vsp1.0_impl.cpp(131,17): warning C4996: 'strcat': This function or variable may be unsafe. Consider using strcat_s instead. To disable deprecation, use _CRT_SECURE_NO_WARNINGS. See online help for details.
D:\ogre-git\ogre\ogre\RenderSystems\GL\src\nvparse\vsp1.0_impl.cpp(133,13): warning C4996: 'strcat': This function or variable may be unsafe. Consider using strcat_s instead. To disable deprecation, use _CRT_SECURE_NO_WARNINGS. See online help for details.
D:\ogre-git\ogre\ogre\RenderSystems\GL\src\nvparse\vsp1.0_impl.cpp(136,17): warning C4996: 'strcat': This function or variable may be unsafe. Consider using strcat_s instead. To disable deprecation, use _CRT_SECURE_NO_WARNINGS. See online help for details.
D:\ogre-git\ogre\ogre\RenderSystems\GL\src\nvparse\vsp1.0_impl.cpp(138,13): warning C4996: 'strcat': This function or variable may be unsafe. Consider using strcat_s instead. To disable deprecation, use _CRT_SECURE_NO_WARNINGS. See online help for details.
D:\ogre-git\ogre\ogre\RenderSystems\GL\src\nvparse\vsp1.0_impl.cpp(124,13): warning C4996: 'strncpy': This function or variable may be unsafe. Consider using strncpy_s instead. To disable deprecation, use _CRT_SECURE_NO_WARNINGS. See online help for details.
D:\ogre-git\ogre\ogre\RenderSystems\GL\src\nvparse\vsp1.0_impl.cpp(127,13): warning C4996: 'sprintf': This function or variable may be unsafe. Consider using sprintf_s instead. To disable deprecation, use _CRT_SECURE_NO_WARNINGS. See online help for details.
D:\ogre-git\ogre\ogre\OgreMain\include\OgreCommon.h(1,1): warning C4819: 该文件包含不能在当前代码页(936)中表示的字符。请将该文件保存为 Unicode 格式以防止数据丢失 (编译源文件 D:\ogre-git\ogre\ogre\RenderSystems\GL\src\OgreGLHardwareBuffer.cpp)
D:\ogre-git\ogre\ogre\OgreMain\include\OgreGpuProgramParams.h(678,1): warning C4819: 该文件包含不能在当前代码页(936)中表示的字符。请将该文件保存为 Unicode 格式以防止数据丢失 (编译源文件 D:\ogre-git\ogre\ogre\RenderSystems\GL\src\OgreGLGpuNvparseProgram.cpp)
D:\ogre-git\ogre\ogre\OgreMain\include\OgreGpuProgramParams.h(678,1): warning C4819: 该文件包含不能在当前代码页(936)中表示的字符。请将该文件保存为 Unicode 格式以防止数据丢失 (编译源文件 D:\ogre-git\ogre\ogre\RenderSystems\GL\src\OgreGLGpuProgram.cpp)
D:\ogre-git\ogre\ogre\RenderSystems\GL\src\atifs\src\ATI_FS_GLGpuProgram.cpp(83,83): warning C4267: “参数”: 从“size_t”转换到“GLuint”，可能丢失数据
D:\ogre-git\ogre\ogre\RenderSystems\GL\src\atifs\src\ATI_FS_GLGpuProgram.cpp(128,9): warning C4996: 'sprintf': This function or variable may be unsafe. Consider using sprintf_s instead. To disable deprecation, use _CRT_SECURE_NO_WARNINGS. See online help for details.
D:\ogre-git\ogre\ogre\OgreMain\include\OgreCommon.h(1,1): warning C4819: 该文件包含不能在当前代码页(936)中表示的字符。请将该文件保存为 Unicode 格式以防止数据丢失 (编译源文件 D:\ogre-git\ogre\ogre\RenderSystems\GL\src\OgreGLRenderSystem.cpp)
D:\ogre-git\ogre\ogre\OgreMain\include\OgreGpuProgramParams.h(678,1): warning C4819: 该文件包含不能在当前代码页(936)中表示的字符。请将该文件保存为 Unicode 格式以防止数据丢失 (编译源文件 D:\ogre-git\ogre\ogre\RenderSystems\GL\src\OgreGLFrameBufferObject.cpp)
D:\ogre-git\ogre\ogre\OgreMain\include\OgreCommon.h(1,1): warning C4819: 该文件包含不能在当前代码页(936)中表示的字符。请将该文件保存为 Unicode 格式以防止数据丢失 (编译源文件 D:\ogre-git\ogre\ogre\RenderSystems\GL\src\OgreGLPlugin.cpp)
D:\ogre-git\ogre\ogre\OgreMain\include\OgreCommon.h(1,1): warning C4819: 该文件包含不能在当前代码页(936)中表示的字符。请将该文件保存为 Unicode 格式以防止数据丢失 (编译源文件 D:\ogre-git\ogre\ogre\RenderSystems\GL\src\OgreGLTexture.cpp)
D:\ogre-git\ogre\ogre\OgreMain\include\OgreGpuProgramParams.h(678,1): warning C4819: 该文件包含不能在当前代码页(936)中表示的字符。请将该文件保存为 Unicode 格式以防止数据丢失 (编译源文件 D:\ogre-git\ogre\ogre\RenderSystems\GL\src\OgreGLHardwareBuffer.cpp)
D:\ogre-git\ogre\ogre\OgreMain\include\OgreCommon.h(1,1): warning C4819: 该文件包含不能在当前代码页(936)中表示的字符。请将该文件保存为 Unicode 格式以防止数据丢失 (编译源文件 D:\ogre-git\ogre\ogre\RenderSystems\GL\src\OgreGLPBRenderTexture.cpp)
D:\ogre-git\ogre\ogre\OgreMain\include\OgreCommon.h(1,1): warning C4819: 该文件包含不能在当前代码页(936)中表示的字符。请将该文件保存为 Unicode 格式以防止数据丢失 (编译源文件 D:\ogre-git\ogre\ogre\RenderSystems\GL\src\OgreGLStateCacheManager.cpp)
D:\ogre-git\ogre\ogre\OgreMain\include\OgreCommon.h(1,1): warning C4819: 该文件包含不能在当前代码页(936)中表示的字符。请将该文件保存为 Unicode 格式以防止数据丢失 (编译源文件 D:\ogre-git\ogre\ogre\RenderSystems\GL\src\OgreGLHardwarePixelBuffer.cpp)
D:\ogre-git\ogre\ogre\OgreMain\include\OgrePass.h(643,1): warning C4819: 该文件包含不能在当前代码页(936)中表示的字符。请将该文件保存为 Unicode 格式以防止数据丢失 (编译源文件 D:\ogre-git\ogre\ogre\RenderSystems\GL\src\OgreGLGpuNvparseProgram.cpp)
D:\ogre-git\ogre\ogre\OgreMain\include\OgreCommon.h(1,1): warning C4819: 该文件包含不能在当前代码页(936)中表示的字符。请将该文件保存为 Unicode 格式以防止数据丢失 (编译源文件 D:\ogre-git\ogre\ogre\RenderSystems\GL\src\OgreGLTextureManager.cpp)
D:\ogre-git\ogre\ogre\OgreMain\include\OgreCommon.h(1,1): warning C4819: 该文件包含不能在当前代码页(936)中表示的字符。请将该文件保存为 Unicode 格式以防止数据丢失 (编译源文件 D:\ogre-git\ogre\ogre\RenderSystems\GL\src\OgreGLHardwareBufferManager.cpp)
D:\ogre-git\ogre\ogre\OgreMain\include\OgreGpuProgramParams.h(678,1): warning C4819: 该文件包含不能在当前代码页(936)中表示的字符。请将该文件保存为 Unicode 格式以防止数据丢失 (编译源文件 D:\ogre-git\ogre\ogre\RenderSystems\GL\src\OgreGLRenderSystem.cpp)
D:\ogre-git\ogre\ogre\OgreMain\include\OgreGpuProgramParams.h(678,1): warning C4819: 该文件包含不能在当前代码页(936)中表示的字符。请将该文件保存为 Unicode 格式以防止数据丢失 (编译源文件 D:\ogre-git\ogre\ogre\RenderSystems\GL\src\OgreGLPlugin.cpp)
D:\ogre-git\ogre\ogre\OgreMain\include\OgreCommon.h(1,1): warning C4819: 该文件包含不能在当前代码页(936)中表示的字符。请将该文件保存为 Unicode 格式以防止数据丢失 (编译源文件 D:\ogre-git\ogre\ogre\RenderSystems\GL\src\OgreGLRenderToVertexBuffer.cpp)
D:\ogre-git\ogre\ogre\OgreMain\include\OgreGpuProgramParams.h(678,1): warning C4819: 该文件包含不能在当前代码页(936)中表示的字符。请将该文件保存为 Unicode 格式以防止数据丢失 (编译源文件 D:\ogre-git\ogre\ogre\RenderSystems\GL\src\OgreGLHardwareBufferManager.cpp)
D:\ogre-git\ogre\ogre\OgreMain\include\OgreGpuProgramParams.h(678,1): warning C4819: 该文件包含不能在当前代码页(936)中表示的字符。请将该文件保存为 Unicode 格式以防止数据丢失 (编译源文件 D:\ogre-git\ogre\ogre\RenderSystems\GL\src\OgreGLFBORenderTexture.cpp)
D:\ogre-git\ogre\ogre\OgreMain\include\OgreCommon.h(1,1): warning C4819: 该文件包含不能在当前代码页(936)中表示的字符。请将该文件保存为 Unicode 格式以防止数据丢失 (编译源文件 D:\ogre-git\ogre\ogre\RenderSystems\GL\src\OgreGLPixelFormat.cpp)
D:\ogre-git\ogre\ogre\OgreMain\include\OgreGpuProgramParams.h(678,1): warning C4819: 该文件包含不能在当前代码页(936)中表示的字符。请将该文件保存为 Unicode 格式以防止数据丢失 (编译源文件 D:\ogre-git\ogre\ogre\RenderSystems\GL\src\OgreGLTexture.cpp)
D:\ogre-git\ogre\ogre\OgreMain\include\OgrePass.h(643,1): warning C4819: 该文件包含不能在当前代码页(936)中表示的字符。请将该文件保存为 Unicode 格式以防止数据丢失 (编译源文件 D:\ogre-git\ogre\ogre\RenderSystems\GL\src\OgreGLFrameBufferObject.cpp)
D:\ogre-git\ogre\ogre\OgreMain\include\OgrePass.h(643,1): warning C4819: 该文件包含不能在当前代码页(936)中表示的字符。请将该文件保存为 Unicode 格式以防止数据丢失 (编译源文件 D:\ogre-git\ogre\ogre\RenderSystems\GL\src\OgreGLHardwareBuffer.cpp)
D:\ogre-git\ogre\ogre\OgreMain\include\OgrePass.h(643,1): warning C4819: 该文件包含不能在当前代码页(936)中表示的字符。请将该文件保存为 Unicode 格式以防止数据丢失 (编译源文件 D:\ogre-git\ogre\ogre\RenderSystems\GL\src\OgreGLPlugin.cpp)
D:\ogre-git\ogre\ogre\OgreMain\include\OgreGpuProgramParams.h(678,1): warning C4819: 该文件包含不能在当前代码页(936)中表示的字符。请将该文件保存为 Unicode 格式以防止数据丢失 (编译源文件 D:\ogre-git\ogre\ogre\RenderSystems\GL\src\OgreGLRenderToVertexBuffer.cpp)
D:\ogre-git\ogre\ogre\OgreMain\include\OgreGpuProgramParams.h(678,1): warning C4819: 该文件包含不能在当前代码页(936)中表示的字符。请将该文件保存为 Unicode 格式以防止数据丢失 (编译源文件 D:\ogre-git\ogre\ogre\RenderSystems\GL\src\OgreGLStateCacheManager.cpp)
D:\ogre-git\ogre\ogre\OgreMain\include\OgreGpuProgramParams.h(678,1): warning C4819: 该文件包含不能在当前代码页(936)中表示的字符。请将该文件保存为 Unicode 格式以防止数据丢失 (编译源文件 D:\ogre-git\ogre\ogre\RenderSystems\GL\src\OgreGLHardwarePixelBuffer.cpp)
D:\ogre-git\ogre\ogre\OgreMain\include\OgreGpuProgramParams.h(678,1): warning C4819: 该文件包含不能在当前代码页(936)中表示的字符。请将该文件保存为 Unicode 格式以防止数据丢失 (编译源文件 D:\ogre-git\ogre\ogre\RenderSystems\GL\src\OgreGLPBRenderTexture.cpp)
D:\ogre-git\ogre\ogre\OgreMain\include\OgreGpuProgramParams.h(678,1): warning C4819: 该文件包含不能在当前代码页(936)中表示的字符。请将该文件保存为 Unicode 格式以防止数据丢失 (编译源文件 D:\ogre-git\ogre\ogre\RenderSystems\GL\src\OgreGLTextureManager.cpp)
D:\ogre-git\ogre\ogre\OgreMain\include\OgreGpuProgramParams.h(678,1): warning C4819: 该文件包含不能在当前代码页(936)中表示的字符。请将该文件保存为 Unicode 格式以防止数据丢失 (编译源文件 D:\ogre-git\ogre\ogre\RenderSystems\GL\src\OgreGLPixelFormat.cpp)
D:\ogre-git\ogre\ogre\OgreMain\include\OgrePass.h(643,1): warning C4819: 该文件包含不能在当前代码页(936)中表示的字符。请将该文件保存为 Unicode 格式以防止数据丢失 (编译源文件 D:\ogre-git\ogre\ogre\RenderSystems\GL\src\OgreGLRenderToVertexBuffer.cpp)
D:\ogre-git\ogre\ogre\OgreMain\include\OgrePass.h(643,1): warning C4819: 该文件包含不能在当前代码页(936)中表示的字符。请将该文件保存为 Unicode 格式以防止数据丢失 (编译源文件 D:\ogre-git\ogre\ogre\RenderSystems\GL\src\OgreGLFBORenderTexture.cpp)
D:\ogre-git\ogre\ogre\OgreMain\include\OgrePass.h(643,1): warning C4819: 该文件包含不能在当前代码页(936)中表示的字符。请将该文件保存为 Unicode 格式以防止数据丢失 (编译源文件 D:\ogre-git\ogre\ogre\RenderSystems\GL\src\OgreGLTexture.cpp)
D:\ogre-git\ogre\ogre\OgreMain\include\OgrePass.h(643,1): warning C4819: 该文件包含不能在当前代码页(936)中表示的字符。请将该文件保存为 Unicode 格式以防止数据丢失 (编译源文件 D:\ogre-git\ogre\ogre\RenderSystems\GL\src\OgreGLHardwareBufferManager.cpp)
D:\ogre-git\ogre\ogre\OgreMain\include\OgrePass.h(643,1): warning C4819: 该文件包含不能在当前代码页(936)中表示的字符。请将该文件保存为 Unicode 格式以防止数据丢失 (编译源文件 D:\ogre-git\ogre\ogre\RenderSystems\GL\src\OgreGLPBRenderTexture.cpp)
D:\ogre-git\ogre\ogre\OgreMain\include\OgrePass.h(643,1): warning C4819: 该文件包含不能在当前代码页(936)中表示的字符。请将该文件保存为 Unicode 格式以防止数据丢失 (编译源文件 D:\ogre-git\ogre\ogre\RenderSystems\GL\src\OgreGLTextureManager.cpp)
D:\ogre-git\ogre\ogre\OgreMain\include\OgrePass.h(643,1): warning C4819: 该文件包含不能在当前代码页(936)中表示的字符。请将该文件保存为 Unicode 格式以防止数据丢失 (编译源文件 D:\ogre-git\ogre\ogre\RenderSystems\GL\src\OgreGLPixelFormat.cpp)
D:\ogre-git\ogre\ogre\RenderSystems\GL\src\OgreGLRenderSystem.cpp(1185,36): warning C4267: “参数”: 从“size_t”转换到“Ogre::uint32”，可能丢失数据
D:\ogre-git\ogre\ogre\RenderSystems\GL\src\OgreGLRenderSystem.cpp(1187,44): warning C4267: “初始化”: 从“size_t”转换到“GLenum”，可能丢失数据
D:\ogre-git\ogre\ogre\RenderSystems\GL\src\OgreGLRenderSystem.cpp(1414,79): warning C4244: “参数”: 从“Ogre::Real”转换到“const _Ty”，可能丢失数据
          with
          [
              _Ty=Ogre::uint
          ]
D:\ogre-git\ogre\ogre\RenderSystems\GL\src\OgreGLRenderSystem.cpp(2198,16): warning C4267: “参数”: 从“size_t”转换到“unsigned short”，可能丢失数据
D:\ogre-git\ogre\ogre\RenderSystems\GL\src\OgreGLRenderSystem.cpp(2202,69): warning C4267: “参数”: 从“size_t”转换到“unsigned short”，可能丢失数据
D:\ogre-git\ogre\ogre\RenderSystems\GL\src\OgreGLRenderSystem.cpp(2774,72): warning C4267: “参数”: 从“size_t”转换到“GLsizei”，可能丢失数据
D:\ogre-git\ogre\ogre\RenderSystems\GL\src\OgreGLRenderSystem.cpp(2973,59): warning C4267: “参数”: 从“size_t”转换到“GLint”，可能丢失数据
D:\ogre-git\ogre\ogre\OgreMain\include\OgrePass.h(643,1): warning C4819: 该文件包含不能在当前代码页(936)中表示的字符。请将该文件保存为 Unicode 格式以防止数据丢失 (编译源文件 D:\ogre-git\ogre\ogre\RenderSystems\GL\src\OgreGLHardwarePixelBuffer.cpp)
D:\ogre-git\ogre\ogre\OgreMain\include\OgrePass.h(643,1): warning C4819: 该文件包含不能在当前代码页(936)中表示的字符。请将该文件保存为 Unicode 格式以防止数据丢失 (编译源文件 D:\ogre-git\ogre\ogre\RenderSystems\GL\src\OgreGLStateCacheManager.cpp)
D:\ogre-git\ogre\ogre\RenderSystems\GL\src\OgreGLStateCacheManager.cpp(268,43): warning C4267: “参数”: 从“size_t”转换到“GLenum”，可能丢失数据
D:\ogre-git\ogre\ogre\RenderSystems\GL\src\OgreGLHardwarePixelBuffer.cpp(184,34): warning C4267: “参数”: 从“size_t”转换到“GLsizei”，可能丢失数据
D:\ogre-git\ogre\ogre\RenderSystems\GL\src\OgreGLHardwarePixelBuffer.cpp(192,34): warning C4267: “参数”: 从“size_t”转换到“GLsizei”，可能丢失数据
D:\ogre-git\ogre\ogre\RenderSystems\GL\src\OgreGLHardwarePixelBuffer.cpp(207,34): warning C4267: “参数”: 从“size_t”转换到“GLsizei”，可能丢失数据
D:\ogre-git\ogre\ogre\RenderSystems\GL\src\OgreGLHardwarePixelBuffer.cpp(215,34): warning C4267: “参数”: 从“size_t”转换到“GLsizei”，可能丢失数据
D:\ogre-git\ogre\ogre\RenderSystems\GL\src\OgreGLHardwarePixelBuffer.cpp(231,34): warning C4267: “参数”: 从“size_t”转换到“GLsizei”，可能丢失数据
D:\ogre-git\ogre\ogre\RenderSystems\GL\src\OgreGLHardwarePixelBuffer.cpp(239,34): warning C4267: “参数”: 从“size_t”转换到“GLsizei”，可能丢失数据
D:\ogre-git\ogre\ogre\RenderSystems\GL\src\OgreGLHardwarePixelBuffer.cpp(248,62): warning C4267: “参数”: 从“size_t”转换到“GLint”，可能丢失数据
D:\ogre-git\ogre\ogre\RenderSystems\GL\src\OgreGLHardwarePixelBuffer.cpp(250,84): warning C4267: “参数”: 从“size_t”转换到“GLint”，可能丢失数据
D:\ogre-git\ogre\ogre\RenderSystems\GL\src\OgreGLHardwarePixelBuffer.cpp(318,60): warning C4267: “参数”: 从“size_t”转换到“GLint”，可能丢失数据
D:\ogre-git\ogre\ogre\RenderSystems\GL\src\OgreGLHardwarePixelBuffer.cpp(320,82): warning C4267: “参数”: 从“size_t”转换到“GLint”，可能丢失数据
  glad.c
    正在创建库 D:/ogre-git/ogre/ogre/builds/lib/Debug/RenderSystem_GL_d.lib 和对象 D:/ogre-git/ogre/ogre/builds/lib/Debug/RenderSystem_GL_d.exp
  RenderSystem_GL.vcxproj -> D:\ogre-git\ogre\ogre\builds\bin\Debug\RenderSystem_GL_d.dll
