  1>
  -- Install configuration: "Debug"
  -- Up-to-date: D:/ogre-git/ogre/ogre/builds/Dependencies/lib/cmake/bullet/UseBullet.cmake
  -- Up-to-date: D:/ogre-git/ogre/ogre/builds/Dependencies/lib/cmake/bullet/BulletConfig.cmake
  -- Up-to-date: D:/ogre-git/ogre/ogre/builds/Dependencies/include/bullet/btBulletCollisionCommon.h
  -- Up-to-date: D:/ogre-git/ogre/ogre/builds/Dependencies/include/bullet/btBulletDynamicsCommon.h
  -- Installing: D:/ogre-git/ogre/ogre/builds/Dependencies/lib/Bullet3OpenCL_clew_Debug.lib
  -- Up-to-date: D:/ogre-git/ogre/ogre/builds/Dependencies/include/bullet/Bullet3OpenCL
  -- Up-to-date: D:/ogre-git/ogre/ogre/builds/Dependencies/include/bullet/Bullet3OpenCL/BroadphaseCollision
  -- Up-to-date: D:/ogre-git/ogre/ogre/builds/Dependencies/include/bullet/Bullet3OpenCL/BroadphaseCollision/b3GpuBroadphaseInterface.h
  -- Up-to-date: D:/ogre-git/ogre/ogre/builds/Dependencies/include/bullet/Bullet3OpenCL/BroadphaseCollision/b3GpuGridBroadphase.h
  -- Up-to-date: D:/ogre-git/ogre/ogre/builds/Dependencies/include/bullet/Bullet3OpenCL/BroadphaseCollision/b3GpuParallelLinearBvh.h
  -- Up-to-date: D:/ogre-git/ogre/ogre/builds/Dependencies/include/bullet/Bullet3OpenCL/BroadphaseCollision/b3GpuParallelLinearBvhBroadphase.h
  -- Up-to-date: D:/ogre-git/ogre/ogre/builds/Dependencies/include/bullet/Bullet3OpenCL/BroadphaseCollision/b3GpuSapBroadphase.h
  -- Up-to-date: D:/ogre-git/ogre/ogre/builds/Dependencies/include/bullet/Bullet3OpenCL/BroadphaseCollision/b3SapAabb.h
  -- Up-to-date: D:/ogre-git/ogre/ogre/builds/Dependencies/include/bullet/Bullet3OpenCL/BroadphaseCollision/kernels
  -- Up-to-date: D:/ogre-git/ogre/ogre/builds/Dependencies/include/bullet/Bullet3OpenCL/BroadphaseCollision/kernels/gridBroadphaseKernels.h
  -- Up-to-date: D:/ogre-git/ogre/ogre/builds/Dependencies/include/bullet/Bullet3OpenCL/BroadphaseCollision/kernels/parallelLinearBvhKernels.h
  -- Up-to-date: D:/ogre-git/ogre/ogre/builds/Dependencies/include/bullet/Bullet3OpenCL/BroadphaseCollision/kernels/sapKernels.h
  -- Up-to-date: D:/ogre-git/ogre/ogre/builds/Dependencies/include/bullet/Bullet3OpenCL/Bullet3OpenCL_clew.dir
  -- Installing: D:/ogre-git/ogre/ogre/builds/Dependencies/include/bullet/Bullet3OpenCL/Bullet3OpenCL_clew.dir/Debug
  -- Installing: D:/ogre-git/ogre/ogre/builds/Dependencies/include/bullet/Bullet3OpenCL/Bullet3OpenCL_clew.dir/Debug/Bullet3O.5C27BF29.tlog
  -- Up-to-date: D:/ogre-git/ogre/ogre/builds/Dependencies/include/bullet/Bullet3OpenCL/Bullet3OpenCL_clew.dir/RelWithDebInfo
  -- Up-to-date: D:/ogre-git/ogre/ogre/builds/Dependencies/include/bullet/Bullet3OpenCL/Bullet3OpenCL_clew.dir/RelWithDebInfo/Bullet3O.5C27BF29.tlog
  -- Up-to-date: D:/ogre-git/ogre/ogre/builds/Dependencies/include/bullet/Bullet3OpenCL/Initialize
  -- Up-to-date: D:/ogre-git/ogre/ogre/builds/Dependencies/include/bullet/Bullet3OpenCL/Initialize/b3OpenCLInclude.h
  -- Up-to-date: D:/ogre-git/ogre/ogre/builds/Dependencies/include/bullet/Bullet3OpenCL/Initialize/b3OpenCLUtils.h
  -- Up-to-date: D:/ogre-git/ogre/ogre/builds/Dependencies/include/bullet/Bullet3OpenCL/NarrowphaseCollision
  -- Up-to-date: D:/ogre-git/ogre/ogre/builds/Dependencies/include/bullet/Bullet3OpenCL/NarrowphaseCollision/b3BvhInfo.h
  -- Up-to-date: D:/ogre-git/ogre/ogre/builds/Dependencies/include/bullet/Bullet3OpenCL/NarrowphaseCollision/b3ContactCache.h
  -- Up-to-date: D:/ogre-git/ogre/ogre/builds/Dependencies/include/bullet/Bullet3OpenCL/NarrowphaseCollision/b3ConvexHullContact.h
  -- Up-to-date: D:/ogre-git/ogre/ogre/builds/Dependencies/include/bullet/Bullet3OpenCL/NarrowphaseCollision/b3ConvexPolyhedronCL.h
  -- Up-to-date: D:/ogre-git/ogre/ogre/builds/Dependencies/include/bullet/Bullet3OpenCL/NarrowphaseCollision/b3GjkEpa.h
  -- Up-to-date: D:/ogre-git/ogre/ogre/builds/Dependencies/include/bullet/Bullet3OpenCL/NarrowphaseCollision/b3OptimizedBvh.h
  -- Up-to-date: D:/ogre-git/ogre/ogre/builds/Dependencies/include/bullet/Bullet3OpenCL/NarrowphaseCollision/b3QuantizedBvh.h
  -- Up-to-date: D:/ogre-git/ogre/ogre/builds/Dependencies/include/bullet/Bullet3OpenCL/NarrowphaseCollision/b3StridingMeshInterface.h
  -- Up-to-date: D:/ogre-git/ogre/ogre/builds/Dependencies/include/bullet/Bullet3OpenCL/NarrowphaseCollision/b3SupportMappings.h
  -- Up-to-date: D:/ogre-git/ogre/ogre/builds/Dependencies/include/bullet/Bullet3OpenCL/NarrowphaseCollision/b3TriangleCallback.h
  -- Up-to-date: D:/ogre-git/ogre/ogre/builds/Dependencies/include/bullet/Bullet3OpenCL/NarrowphaseCollision/b3TriangleIndexVertexArray.h
  -- Up-to-date: D:/ogre-git/ogre/ogre/builds/Dependencies/include/bullet/Bullet3OpenCL/NarrowphaseCollision/b3VectorFloat4.h
  -- Up-to-date: D:/ogre-git/ogre/ogre/builds/Dependencies/include/bullet/Bullet3OpenCL/NarrowphaseCollision/b3VoronoiSimplexSolver.h
  -- Up-to-date: D:/ogre-git/ogre/ogre/builds/Dependencies/include/bullet/Bullet3OpenCL/NarrowphaseCollision/kernels
  -- Up-to-date: D:/ogre-git/ogre/ogre/builds/Dependencies/include/bullet/Bullet3OpenCL/NarrowphaseCollision/kernels/bvhTraversal.h
  -- Up-to-date: D:/ogre-git/ogre/ogre/builds/Dependencies/include/bullet/Bullet3OpenCL/NarrowphaseCollision/kernels/mprKernels.h
  -- Up-to-date: D:/ogre-git/ogre/ogre/builds/Dependencies/include/bullet/Bullet3OpenCL/NarrowphaseCollision/kernels/primitiveContacts.h
  -- Up-to-date: D:/ogre-git/ogre/ogre/builds/Dependencies/include/bullet/Bullet3OpenCL/NarrowphaseCollision/kernels/satClipHullContacts.h
  -- Up-to-date: D:/ogre-git/ogre/ogre/builds/Dependencies/include/bullet/Bullet3OpenCL/NarrowphaseCollision/kernels/satConcaveKernels.h
  -- Up-to-date: D:/ogre-git/ogre/ogre/builds/Dependencies/include/bullet/Bullet3OpenCL/NarrowphaseCollision/kernels/satKernels.h
  -- Up-to-date: D:/ogre-git/ogre/ogre/builds/Dependencies/include/bullet/Bullet3OpenCL/ParallelPrimitives
  -- Up-to-date: D:/ogre-git/ogre/ogre/builds/Dependencies/include/bullet/Bullet3OpenCL/ParallelPrimitives/b3BoundSearchCL.h
  -- Up-to-date: D:/ogre-git/ogre/ogre/builds/Dependencies/include/bullet/Bullet3OpenCL/ParallelPrimitives/b3BufferInfoCL.h
  -- Up-to-date: D:/ogre-git/ogre/ogre/builds/Dependencies/include/bullet/Bullet3OpenCL/ParallelPrimitives/b3FillCL.h
  -- Up-to-date: D:/ogre-git/ogre/ogre/builds/Dependencies/include/bullet/Bullet3OpenCL/ParallelPrimitives/b3LauncherCL.h
  -- Up-to-date: D:/ogre-git/ogre/ogre/builds/Dependencies/include/bullet/Bullet3OpenCL/ParallelPrimitives/b3OpenCLArray.h
  -- Up-to-date: D:/ogre-git/ogre/ogre/builds/Dependencies/include/bullet/Bullet3OpenCL/ParallelPrimitives/b3PrefixScanCL.h
  -- Up-to-date: D:/ogre-git/ogre/ogre/builds/Dependencies/include/bullet/Bullet3OpenCL/ParallelPrimitives/b3PrefixScanFloat4CL.h
  -- Up-to-date: D:/ogre-git/ogre/ogre/builds/Dependencies/include/bullet/Bullet3OpenCL/ParallelPrimitives/b3RadixSort32CL.h
  -- Up-to-date: D:/ogre-git/ogre/ogre/builds/Dependencies/include/bullet/Bullet3OpenCL/ParallelPrimitives/kernels
  -- Up-to-date: D:/ogre-git/ogre/ogre/builds/Dependencies/include/bullet/Bullet3OpenCL/ParallelPrimitives/kernels/BoundSearchKernelsCL.h
  -- Up-to-date: D:/ogre-git/ogre/ogre/builds/Dependencies/include/bullet/Bullet3OpenCL/ParallelPrimitives/kernels/CopyKernelsCL.h
  -- Up-to-date: D:/ogre-git/ogre/ogre/builds/Dependencies/include/bullet/Bullet3OpenCL/ParallelPrimitives/kernels/FillKernelsCL.h
  -- Up-to-date: D:/ogre-git/ogre/ogre/builds/Dependencies/include/bullet/Bullet3OpenCL/ParallelPrimitives/kernels/PrefixScanKernelsCL.h
  -- Up-to-date: D:/ogre-git/ogre/ogre/builds/Dependencies/include/bullet/Bullet3OpenCL/ParallelPrimitives/kernels/PrefixScanKernelsFloat4CL.h
  -- Up-to-date: D:/ogre-git/ogre/ogre/builds/Dependencies/include/bullet/Bullet3OpenCL/ParallelPrimitives/kernels/RadixSort32KernelsCL.h
  -- Up-to-date: D:/ogre-git/ogre/ogre/builds/Dependencies/include/bullet/Bullet3OpenCL/Raycast
  -- Up-to-date: D:/ogre-git/ogre/ogre/builds/Dependencies/include/bullet/Bullet3OpenCL/Raycast/b3GpuRaycast.h
  -- Up-to-date: D:/ogre-git/ogre/ogre/builds/Dependencies/include/bullet/Bullet3OpenCL/Raycast/kernels
  -- Up-to-date: D:/ogre-git/ogre/ogre/builds/Dependencies/include/bullet/Bullet3OpenCL/Raycast/kernels/rayCastKernels.h
  -- Up-to-date: D:/ogre-git/ogre/ogre/builds/Dependencies/include/bullet/Bullet3OpenCL/RigidBody
  -- Up-to-date: D:/ogre-git/ogre/ogre/builds/Dependencies/include/bullet/Bullet3OpenCL/RigidBody/b3GpuConstraint4.h
  -- Up-to-date: D:/ogre-git/ogre/ogre/builds/Dependencies/include/bullet/Bullet3OpenCL/RigidBody/b3GpuGenericConstraint.h
  -- Up-to-date: D:/ogre-git/ogre/ogre/builds/Dependencies/include/bullet/Bullet3OpenCL/RigidBody/b3GpuJacobiContactSolver.h
  -- Up-to-date: D:/ogre-git/ogre/ogre/builds/Dependencies/include/bullet/Bullet3OpenCL/RigidBody/b3GpuNarrowPhase.h
  -- Up-to-date: D:/ogre-git/ogre/ogre/builds/Dependencies/include/bullet/Bullet3OpenCL/RigidBody/b3GpuNarrowPhaseInternalData.h
  -- Up-to-date: D:/ogre-git/ogre/ogre/builds/Dependencies/include/bullet/Bullet3OpenCL/RigidBody/b3GpuPgsConstraintSolver.h
  -- Up-to-date: D:/ogre-git/ogre/ogre/builds/Dependencies/include/bullet/Bullet3OpenCL/RigidBody/b3GpuPgsContactSolver.h
  -- Up-to-date: D:/ogre-git/ogre/ogre/builds/Dependencies/include/bullet/Bullet3OpenCL/RigidBody/b3GpuRigidBodyPipeline.h
  -- Up-to-date: D:/ogre-git/ogre/ogre/builds/Dependencies/include/bullet/Bullet3OpenCL/RigidBody/b3GpuRigidBodyPipelineInternalData.h
  -- Up-to-date: D:/ogre-git/ogre/ogre/builds/Dependencies/include/bullet/Bullet3OpenCL/RigidBody/b3GpuSolverBody.h
  -- Up-to-date: D:/ogre-git/ogre/ogre/builds/Dependencies/include/bullet/Bullet3OpenCL/RigidBody/b3GpuSolverConstraint.h
  -- Up-to-date: D:/ogre-git/ogre/ogre/builds/Dependencies/include/bullet/Bullet3OpenCL/RigidBody/b3Solver.h
  -- Up-to-date: D:/ogre-git/ogre/ogre/builds/Dependencies/include/bullet/Bullet3OpenCL/RigidBody/kernels
  -- Up-to-date: D:/ogre-git/ogre/ogre/builds/Dependencies/include/bullet/Bullet3OpenCL/RigidBody/kernels/batchingKernels.h
  -- Up-to-date: D:/ogre-git/ogre/ogre/builds/Dependencies/include/bullet/Bullet3OpenCL/RigidBody/kernels/batchingKernelsNew.h
  -- Up-to-date: D:/ogre-git/ogre/ogre/builds/Dependencies/include/bullet/Bullet3OpenCL/RigidBody/kernels/integrateKernel.h
  -- Up-to-date: D:/ogre-git/ogre/ogre/builds/Dependencies/include/bullet/Bullet3OpenCL/RigidBody/kernels/jointSolver.h
  -- Up-to-date: D:/ogre-git/ogre/ogre/builds/Dependencies/include/bullet/Bullet3OpenCL/RigidBody/kernels/solveContact.h
  -- Up-to-date: D:/ogre-git/ogre/ogre/builds/Dependencies/include/bullet/Bullet3OpenCL/RigidBody/kernels/solveFriction.h
  -- Up-to-date: D:/ogre-git/ogre/ogre/builds/Dependencies/include/bullet/Bullet3OpenCL/RigidBody/kernels/solverSetup.h
  -- Up-to-date: D:/ogre-git/ogre/ogre/builds/Dependencies/include/bullet/Bullet3OpenCL/RigidBody/kernels/solverSetup2.h
  -- Up-to-date: D:/ogre-git/ogre/ogre/builds/Dependencies/include/bullet/Bullet3OpenCL/RigidBody/kernels/solverUtils.h
  -- Up-to-date: D:/ogre-git/ogre/ogre/builds/Dependencies/include/bullet/Bullet3OpenCL/RigidBody/kernels/updateAabbsKernel.h
  -- Installing: D:/ogre-git/ogre/ogre/builds/Dependencies/lib/Bullet2FileLoader_Debug.lib
  -- Up-to-date: D:/ogre-git/ogre/ogre/builds/Dependencies/include/bullet/Bullet2FileLoader
  -- Up-to-date: D:/ogre-git/ogre/ogre/builds/Dependencies/include/bullet/Bullet2FileLoader/autogenerated
  -- Up-to-date: D:/ogre-git/ogre/ogre/builds/Dependencies/include/bullet/Bullet2FileLoader/autogenerated/bullet2.h
  -- Up-to-date: D:/ogre-git/ogre/ogre/builds/Dependencies/include/bullet/Bullet2FileLoader/b3BulletFile.h
  -- Up-to-date: D:/ogre-git/ogre/ogre/builds/Dependencies/include/bullet/Bullet2FileLoader/b3Chunk.h
  -- Up-to-date: D:/ogre-git/ogre/ogre/builds/Dependencies/include/bullet/Bullet2FileLoader/b3Common.h
  -- Up-to-date: D:/ogre-git/ogre/ogre/builds/Dependencies/include/bullet/Bullet2FileLoader/b3Defines.h
  -- Up-to-date: D:/ogre-git/ogre/ogre/builds/Dependencies/include/bullet/Bullet2FileLoader/b3DNA.h
  -- Up-to-date: D:/ogre-git/ogre/ogre/builds/Dependencies/include/bullet/Bullet2FileLoader/b3File.h
  -- Up-to-date: D:/ogre-git/ogre/ogre/builds/Dependencies/include/bullet/Bullet2FileLoader/b3Serializer.h
  -- Up-to-date: D:/ogre-git/ogre/ogre/builds/Dependencies/include/bullet/Bullet2FileLoader/Bullet2FileLoader.dir
  -- Installing: D:/ogre-git/ogre/ogre/builds/Dependencies/include/bullet/Bullet2FileLoader/Bullet2FileLoader.dir/Debug
  -- Installing: D:/ogre-git/ogre/ogre/builds/Dependencies/include/bullet/Bullet2FileLoader/Bullet2FileLoader.dir/Debug/Bullet2F.7665CF5A.tlog
  -- Up-to-date: D:/ogre-git/ogre/ogre/builds/Dependencies/include/bullet/Bullet2FileLoader/Bullet2FileLoader.dir/RelWithDebInfo
  -- Up-to-date: D:/ogre-git/ogre/ogre/builds/Dependencies/include/bullet/Bullet2FileLoader/Bullet2FileLoader.dir/RelWithDebInfo/Bullet2F.7665CF5A.tlog
  -- Installing: D:/ogre-git/ogre/ogre/builds/Dependencies/lib/Bullet3Dynamics_Debug.lib
  -- Up-to-date: D:/ogre-git/ogre/ogre/builds/Dependencies/include/bullet/Bullet3Dynamics
  -- Up-to-date: D:/ogre-git/ogre/ogre/builds/Dependencies/include/bullet/Bullet3Dynamics/b3CpuRigidBodyPipeline.h
  -- Up-to-date: D:/ogre-git/ogre/ogre/builds/Dependencies/include/bullet/Bullet3Dynamics/Bullet3Dynamics.dir
  -- Installing: D:/ogre-git/ogre/ogre/builds/Dependencies/include/bullet/Bullet3Dynamics/Bullet3Dynamics.dir/Debug
  -- Installing: D:/ogre-git/ogre/ogre/builds/Dependencies/include/bullet/Bullet3Dynamics/Bullet3Dynamics.dir/Debug/Bullet3Dynamics.tlog
  -- Up-to-date: D:/ogre-git/ogre/ogre/builds/Dependencies/include/bullet/Bullet3Dynamics/Bullet3Dynamics.dir/RelWithDebInfo
  -- Up-to-date: D:/ogre-git/ogre/ogre/builds/Dependencies/include/bullet/Bullet3Dynamics/Bullet3Dynamics.dir/RelWithDebInfo/Bullet3Dynamics.tlog
  -- Up-to-date: D:/ogre-git/ogre/ogre/builds/Dependencies/include/bullet/Bullet3Dynamics/ConstraintSolver
  -- Up-to-date: D:/ogre-git/ogre/ogre/builds/Dependencies/include/bullet/Bullet3Dynamics/ConstraintSolver/b3ContactSolverInfo.h
  -- Up-to-date: D:/ogre-git/ogre/ogre/builds/Dependencies/include/bullet/Bullet3Dynamics/ConstraintSolver/b3FixedConstraint.h
  -- Up-to-date: D:/ogre-git/ogre/ogre/builds/Dependencies/include/bullet/Bullet3Dynamics/ConstraintSolver/b3Generic6DofConstraint.h
  -- Up-to-date: D:/ogre-git/ogre/ogre/builds/Dependencies/include/bullet/Bullet3Dynamics/ConstraintSolver/b3JacobianEntry.h
  -- Up-to-date: D:/ogre-git/ogre/ogre/builds/Dependencies/include/bullet/Bullet3Dynamics/ConstraintSolver/b3PgsJacobiSolver.h
  -- Up-to-date: D:/ogre-git/ogre/ogre/builds/Dependencies/include/bullet/Bullet3Dynamics/ConstraintSolver/b3Point2PointConstraint.h
  -- Up-to-date: D:/ogre-git/ogre/ogre/builds/Dependencies/include/bullet/Bullet3Dynamics/ConstraintSolver/b3SolverBody.h
  -- Up-to-date: D:/ogre-git/ogre/ogre/builds/Dependencies/include/bullet/Bullet3Dynamics/ConstraintSolver/b3SolverConstraint.h
  -- Up-to-date: D:/ogre-git/ogre/ogre/builds/Dependencies/include/bullet/Bullet3Dynamics/ConstraintSolver/b3TypedConstraint.h
  -- Up-to-date: D:/ogre-git/ogre/ogre/builds/Dependencies/include/bullet/Bullet3Dynamics/shared
  -- Up-to-date: D:/ogre-git/ogre/ogre/builds/Dependencies/include/bullet/Bullet3Dynamics/shared/b3ContactConstraint4.h
  -- Up-to-date: D:/ogre-git/ogre/ogre/builds/Dependencies/include/bullet/Bullet3Dynamics/shared/b3ConvertConstraint4.h
  -- Up-to-date: D:/ogre-git/ogre/ogre/builds/Dependencies/include/bullet/Bullet3Dynamics/shared/b3Inertia.h
  -- Up-to-date: D:/ogre-git/ogre/ogre/builds/Dependencies/include/bullet/Bullet3Dynamics/shared/b3IntegrateTransforms.h
  -- Installing: D:/ogre-git/ogre/ogre/builds/Dependencies/lib/Bullet3Collision_Debug.lib
  -- Up-to-date: D:/ogre-git/ogre/ogre/builds/Dependencies/include/bullet/Bullet3Collision
  -- Up-to-date: D:/ogre-git/ogre/ogre/builds/Dependencies/include/bullet/Bullet3Collision/BroadPhaseCollision
  -- Up-to-date: D:/ogre-git/ogre/ogre/builds/Dependencies/include/bullet/Bullet3Collision/BroadPhaseCollision/b3BroadphaseCallback.h
  -- Up-to-date: D:/ogre-git/ogre/ogre/builds/Dependencies/include/bullet/Bullet3Collision/BroadPhaseCollision/b3DynamicBvh.h
  -- Up-to-date: D:/ogre-git/ogre/ogre/builds/Dependencies/include/bullet/Bullet3Collision/BroadPhaseCollision/b3DynamicBvhBroadphase.h
  -- Up-to-date: D:/ogre-git/ogre/ogre/builds/Dependencies/include/bullet/Bullet3Collision/BroadPhaseCollision/b3OverlappingPair.h
  -- Up-to-date: D:/ogre-git/ogre/ogre/builds/Dependencies/include/bullet/Bullet3Collision/BroadPhaseCollision/b3OverlappingPairCache.h
  -- Up-to-date: D:/ogre-git/ogre/ogre/builds/Dependencies/include/bullet/Bullet3Collision/BroadPhaseCollision/shared
  -- Up-to-date: D:/ogre-git/ogre/ogre/builds/Dependencies/include/bullet/Bullet3Collision/BroadPhaseCollision/shared/b3Aabb.h
  -- Up-to-date: D:/ogre-git/ogre/ogre/builds/Dependencies/include/bullet/Bullet3Collision/Bullet3Collision.dir
  -- Installing: D:/ogre-git/ogre/ogre/builds/Dependencies/include/bullet/Bullet3Collision/Bullet3Collision.dir/Debug
  -- Installing: D:/ogre-git/ogre/ogre/builds/Dependencies/include/bullet/Bullet3Collision/Bullet3Collision.dir/Debug/Bullet3Collision.tlog
  -- Up-to-date: D:/ogre-git/ogre/ogre/builds/Dependencies/include/bullet/Bullet3Collision/Bullet3Collision.dir/RelWithDebInfo
  -- Up-to-date: D:/ogre-git/ogre/ogre/builds/Dependencies/include/bullet/Bullet3Collision/Bullet3Collision.dir/RelWithDebInfo/Bullet3Collision.tlog
  -- Up-to-date: D:/ogre-git/ogre/ogre/builds/Dependencies/include/bullet/Bullet3Collision/NarrowPhaseCollision
  -- Up-to-date: D:/ogre-git/ogre/ogre/builds/Dependencies/include/bullet/Bullet3Collision/NarrowPhaseCollision/b3Config.h
  -- Up-to-date: D:/ogre-git/ogre/ogre/builds/Dependencies/include/bullet/Bullet3Collision/NarrowPhaseCollision/b3Contact4.h
  -- Up-to-date: D:/ogre-git/ogre/ogre/builds/Dependencies/include/bullet/Bullet3Collision/NarrowPhaseCollision/b3ConvexUtility.h
  -- Up-to-date: D:/ogre-git/ogre/ogre/builds/Dependencies/include/bullet/Bullet3Collision/NarrowPhaseCollision/b3CpuNarrowPhase.h
  -- Up-to-date: D:/ogre-git/ogre/ogre/builds/Dependencies/include/bullet/Bullet3Collision/NarrowPhaseCollision/b3RaycastInfo.h
  -- Up-to-date: D:/ogre-git/ogre/ogre/builds/Dependencies/include/bullet/Bullet3Collision/NarrowPhaseCollision/b3RigidBodyCL.h
  -- Up-to-date: D:/ogre-git/ogre/ogre/builds/Dependencies/include/bullet/Bullet3Collision/NarrowPhaseCollision/shared
  -- Up-to-date: D:/ogre-git/ogre/ogre/builds/Dependencies/include/bullet/Bullet3Collision/NarrowPhaseCollision/shared/b3BvhSubtreeInfoData.h
  -- Up-to-date: D:/ogre-git/ogre/ogre/builds/Dependencies/include/bullet/Bullet3Collision/NarrowPhaseCollision/shared/b3BvhTraversal.h
  -- Up-to-date: D:/ogre-git/ogre/ogre/builds/Dependencies/include/bullet/Bullet3Collision/NarrowPhaseCollision/shared/b3ClipFaces.h
  -- Up-to-date: D:/ogre-git/ogre/ogre/builds/Dependencies/include/bullet/Bullet3Collision/NarrowPhaseCollision/shared/b3Collidable.h
  -- Up-to-date: D:/ogre-git/ogre/ogre/builds/Dependencies/include/bullet/Bullet3Collision/NarrowPhaseCollision/shared/b3Contact4Data.h
  -- Up-to-date: D:/ogre-git/ogre/ogre/builds/Dependencies/include/bullet/Bullet3Collision/NarrowPhaseCollision/shared/b3ContactConvexConvexSAT.h
  -- Up-to-date: D:/ogre-git/ogre/ogre/builds/Dependencies/include/bullet/Bullet3Collision/NarrowPhaseCollision/shared/b3ContactSphereSphere.h
  -- Up-to-date: D:/ogre-git/ogre/ogre/builds/Dependencies/include/bullet/Bullet3Collision/NarrowPhaseCollision/shared/b3ConvexPolyhedronData.h
  -- Up-to-date: D:/ogre-git/ogre/ogre/builds/Dependencies/include/bullet/Bullet3Collision/NarrowPhaseCollision/shared/b3FindConcaveSatAxis.h
  -- Up-to-date: D:/ogre-git/ogre/ogre/builds/Dependencies/include/bullet/Bullet3Collision/NarrowPhaseCollision/shared/b3FindSeparatingAxis.h
  -- Up-to-date: D:/ogre-git/ogre/ogre/builds/Dependencies/include/bullet/Bullet3Collision/NarrowPhaseCollision/shared/b3MprPenetration.h
  -- Up-to-date: D:/ogre-git/ogre/ogre/builds/Dependencies/include/bullet/Bullet3Collision/NarrowPhaseCollision/shared/b3NewContactReduction.h
  -- Up-to-date: D:/ogre-git/ogre/ogre/builds/Dependencies/include/bullet/Bullet3Collision/NarrowPhaseCollision/shared/b3QuantizedBvhNodeData.h
  -- Up-to-date: D:/ogre-git/ogre/ogre/builds/Dependencies/include/bullet/Bullet3Collision/NarrowPhaseCollision/shared/b3ReduceContacts.h
  -- Up-to-date: D:/ogre-git/ogre/ogre/builds/Dependencies/include/bullet/Bullet3Collision/NarrowPhaseCollision/shared/b3RigidBodyData.h
  -- Up-to-date: D:/ogre-git/ogre/ogre/builds/Dependencies/include/bullet/Bullet3Collision/NarrowPhaseCollision/shared/b3UpdateAabbs.h
  -- Installing: D:/ogre-git/ogre/ogre/builds/Dependencies/lib/Bullet3Geometry_Debug.lib
  -- Up-to-date: D:/ogre-git/ogre/ogre/builds/Dependencies/include/bullet/Bullet3Geometry
  -- Up-to-date: D:/ogre-git/ogre/ogre/builds/Dependencies/include/bullet/Bullet3Geometry/b3AabbUtil.h
  -- Up-to-date: D:/ogre-git/ogre/ogre/builds/Dependencies/include/bullet/Bullet3Geometry/b3ConvexHullComputer.h
  -- Up-to-date: D:/ogre-git/ogre/ogre/builds/Dependencies/include/bullet/Bullet3Geometry/b3GeometryUtil.h
  -- Up-to-date: D:/ogre-git/ogre/ogre/builds/Dependencies/include/bullet/Bullet3Geometry/b3GrahamScan2dConvexHull.h
  -- Up-to-date: D:/ogre-git/ogre/ogre/builds/Dependencies/include/bullet/Bullet3Geometry/Bullet3Geometry.dir
  -- Installing: D:/ogre-git/ogre/ogre/builds/Dependencies/include/bullet/Bullet3Geometry/Bullet3Geometry.dir/Debug
  -- Installing: D:/ogre-git/ogre/ogre/builds/Dependencies/include/bullet/Bullet3Geometry/Bullet3Geometry.dir/Debug/Bullet3Geometry.tlog
  -- Up-to-date: D:/ogre-git/ogre/ogre/builds/Dependencies/include/bullet/Bullet3Geometry/Bullet3Geometry.dir/RelWithDebInfo
  -- Up-to-date: D:/ogre-git/ogre/ogre/builds/Dependencies/include/bullet/Bullet3Geometry/Bullet3Geometry.dir/RelWithDebInfo/Bullet3Geometry.tlog
  -- Installing: D:/ogre-git/ogre/ogre/builds/Dependencies/lib/BulletInverseDynamics_Debug.lib
  -- Up-to-date: D:/ogre-git/ogre/ogre/builds/Dependencies/include/bullet/BulletInverseDynamics
  -- Up-to-date: D:/ogre-git/ogre/ogre/builds/Dependencies/include/bullet/BulletInverseDynamics/BulletInverseDynamics.dir
  -- Installing: D:/ogre-git/ogre/ogre/builds/Dependencies/include/bullet/BulletInverseDynamics/BulletInverseDynamics.dir/Debug
  -- Installing: D:/ogre-git/ogre/ogre/builds/Dependencies/include/bullet/BulletInverseDynamics/BulletInverseDynamics.dir/Debug/BulletIn.96B3C3D2.tlog
  -- Up-to-date: D:/ogre-git/ogre/ogre/builds/Dependencies/include/bullet/BulletInverseDynamics/BulletInverseDynamics.dir/RelWithDebInfo
  -- Up-to-date: D:/ogre-git/ogre/ogre/builds/Dependencies/include/bullet/BulletInverseDynamics/BulletInverseDynamics.dir/RelWithDebInfo/BulletIn.96B3C3D2.tlog
  -- Up-to-date: D:/ogre-git/ogre/ogre/builds/Dependencies/include/bullet/BulletInverseDynamics/details
  -- Up-to-date: D:/ogre-git/ogre/ogre/builds/Dependencies/include/bullet/BulletInverseDynamics/btBulletCollisionCommon.h
  -- Installing: D:/ogre-git/ogre/ogre/builds/Dependencies/lib/BulletSoftBody_Debug.lib
  -- Up-to-date: D:/ogre-git/ogre/ogre/builds/Dependencies/include/bullet/BulletSoftBody
  -- Up-to-date: D:/ogre-git/ogre/ogre/builds/Dependencies/include/bullet/BulletSoftBody/btCGProjection.h
  -- Up-to-date: D:/ogre-git/ogre/ogre/builds/Dependencies/include/bullet/BulletSoftBody/btConjugateGradient.h
  -- Up-to-date: D:/ogre-git/ogre/ogre/builds/Dependencies/include/bullet/BulletSoftBody/btConjugateResidual.h
  -- Up-to-date: D:/ogre-git/ogre/ogre/builds/Dependencies/include/bullet/BulletSoftBody/btDefaultSoftBodySolver.h
  -- Up-to-date: D:/ogre-git/ogre/ogre/builds/Dependencies/include/bullet/BulletSoftBody/btDeformableBackwardEulerObjective.h
  -- Up-to-date: D:/ogre-git/ogre/ogre/builds/Dependencies/include/bullet/BulletSoftBody/btDeformableBodySolver.h
  -- Up-to-date: D:/ogre-git/ogre/ogre/builds/Dependencies/include/bullet/BulletSoftBody/btDeformableContactConstraint.h
  -- Up-to-date: D:/ogre-git/ogre/ogre/builds/Dependencies/include/bullet/BulletSoftBody/btDeformableContactProjection.h
  -- Up-to-date: D:/ogre-git/ogre/ogre/builds/Dependencies/include/bullet/BulletSoftBody/btDeformableCorotatedForce.h
  -- Up-to-date: D:/ogre-git/ogre/ogre/builds/Dependencies/include/bullet/BulletSoftBody/btDeformableGravityForce.h
  -- Up-to-date: D:/ogre-git/ogre/ogre/builds/Dependencies/include/bullet/BulletSoftBody/btDeformableLagrangianForce.h
  -- Up-to-date: D:/ogre-git/ogre/ogre/builds/Dependencies/include/bullet/BulletSoftBody/btDeformableLinearElasticityForce.h
  -- Up-to-date: D:/ogre-git/ogre/ogre/builds/Dependencies/include/bullet/BulletSoftBody/btDeformableMassSpringForce.h
  -- Up-to-date: D:/ogre-git/ogre/ogre/builds/Dependencies/include/bullet/BulletSoftBody/btDeformableMousePickingForce.h
  -- Up-to-date: D:/ogre-git/ogre/ogre/builds/Dependencies/include/bullet/BulletSoftBody/btDeformableMultiBodyConstraintSolver.h
  -- Up-to-date: D:/ogre-git/ogre/ogre/builds/Dependencies/include/bullet/BulletSoftBody/btDeformableMultiBodyDynamicsWorld.h
  -- Up-to-date: D:/ogre-git/ogre/ogre/builds/Dependencies/include/bullet/BulletSoftBody/btDeformableNeoHookeanForce.h
  -- Up-to-date: D:/ogre-git/ogre/ogre/builds/Dependencies/include/bullet/BulletSoftBody/btKrylovSolver.h
  -- Up-to-date: D:/ogre-git/ogre/ogre/builds/Dependencies/include/bullet/BulletSoftBody/btPreconditioner.h
  -- Up-to-date: D:/ogre-git/ogre/ogre/builds/Dependencies/include/bullet/BulletSoftBody/btSoftBody.h
  -- Up-to-date: D:/ogre-git/ogre/ogre/builds/Dependencies/include/bullet/BulletSoftBody/btSoftBodyConcaveCollisionAlgorithm.h
  -- Up-to-date: D:/ogre-git/ogre/ogre/builds/Dependencies/include/bullet/BulletSoftBody/btSoftBodyData.h
  -- Up-to-date: D:/ogre-git/ogre/ogre/builds/Dependencies/include/bullet/BulletSoftBody/btSoftBodyHelpers.h
  -- Up-to-date: D:/ogre-git/ogre/ogre/builds/Dependencies/include/bullet/BulletSoftBody/btSoftBodyInternals.h
  -- Up-to-date: D:/ogre-git/ogre/ogre/builds/Dependencies/include/bullet/BulletSoftBody/btSoftBodyRigidBodyCollisionConfiguration.h
  -- Up-to-date: D:/ogre-git/ogre/ogre/builds/Dependencies/include/bullet/BulletSoftBody/btSoftBodySolvers.h
  -- Up-to-date: D:/ogre-git/ogre/ogre/builds/Dependencies/include/bullet/BulletSoftBody/btSoftBodySolverVertexBuffer.h
  -- Up-to-date: D:/ogre-git/ogre/ogre/builds/Dependencies/include/bullet/BulletSoftBody/btSoftMultiBodyDynamicsWorld.h
  -- Up-to-date: D:/ogre-git/ogre/ogre/builds/Dependencies/include/bullet/BulletSoftBody/btSoftRigidCollisionAlgorithm.h
  -- Up-to-date: D:/ogre-git/ogre/ogre/builds/Dependencies/include/bullet/BulletSoftBody/btSoftRigidDynamicsWorld.h
  -- Up-to-date: D:/ogre-git/ogre/ogre/builds/Dependencies/include/bullet/BulletSoftBody/btSoftSoftCollisionAlgorithm.h
  -- Up-to-date: D:/ogre-git/ogre/ogre/builds/Dependencies/include/bullet/BulletSoftBody/btSparseSDF.h
  -- Up-to-date: D:/ogre-git/ogre/ogre/builds/Dependencies/include/bullet/BulletSoftBody/BulletReducedDeformableBody
  -- Up-to-date: D:/ogre-git/ogre/ogre/builds/Dependencies/include/bullet/BulletSoftBody/BulletReducedDeformableBody/btReducedDeformableBody.h
  -- Up-to-date: D:/ogre-git/ogre/ogre/builds/Dependencies/include/bullet/BulletSoftBody/BulletReducedDeformableBody/btReducedDeformableBodyHelpers.h
  -- Up-to-date: D:/ogre-git/ogre/ogre/builds/Dependencies/include/bullet/BulletSoftBody/BulletReducedDeformableBody/btReducedDeformableBodySolver.h
  -- Up-to-date: D:/ogre-git/ogre/ogre/builds/Dependencies/include/bullet/BulletSoftBody/BulletReducedDeformableBody/btReducedDeformableContactConstraint.h
  -- Up-to-date: D:/ogre-git/ogre/ogre/builds/Dependencies/include/bullet/BulletSoftBody/BulletSoftBody.dir
  -- Installing: D:/ogre-git/ogre/ogre/builds/Dependencies/include/bullet/BulletSoftBody/BulletSoftBody.dir/Debug
  -- Installing: D:/ogre-git/ogre/ogre/builds/Dependencies/include/bullet/BulletSoftBody/BulletSoftBody.dir/Debug/BulletSoftBody.tlog
  -- Up-to-date: D:/ogre-git/ogre/ogre/builds/Dependencies/include/bullet/BulletSoftBody/BulletSoftBody.dir/RelWithDebInfo
  -- Up-to-date: D:/ogre-git/ogre/ogre/builds/Dependencies/include/bullet/BulletSoftBody/BulletSoftBody.dir/RelWithDebInfo/BulletSoftBody.tlog
  -- Up-to-date: D:/ogre-git/ogre/ogre/builds/Dependencies/include/bullet/BulletSoftBody/DeformableBodyInplaceSolverIslandCallback.h
  -- Up-to-date: D:/ogre-git/ogre/ogre/builds/Dependencies/include/bullet/BulletSoftBody/poly34.h
  -- Installing: D:/ogre-git/ogre/ogre/builds/Dependencies/lib/BulletCollision_Debug.lib
  -- Up-to-date: D:/ogre-git/ogre/ogre/builds/Dependencies/include/bullet/BulletCollision
  -- Up-to-date: D:/ogre-git/ogre/ogre/builds/Dependencies/include/bullet/BulletCollision/BroadphaseCollision
  -- Up-to-date: D:/ogre-git/ogre/ogre/builds/Dependencies/include/bullet/BulletCollision/BroadphaseCollision/btAxisSweep3.h
  -- Up-to-date: D:/ogre-git/ogre/ogre/builds/Dependencies/include/bullet/BulletCollision/BroadphaseCollision/btAxisSweep3Internal.h
  -- Up-to-date: D:/ogre-git/ogre/ogre/builds/Dependencies/include/bullet/BulletCollision/BroadphaseCollision/btBroadphaseInterface.h
  -- Up-to-date: D:/ogre-git/ogre/ogre/builds/Dependencies/include/bullet/BulletCollision/BroadphaseCollision/btBroadphaseProxy.h
  -- Up-to-date: D:/ogre-git/ogre/ogre/builds/Dependencies/include/bullet/BulletCollision/BroadphaseCollision/btCollisionAlgorithm.h
  -- Up-to-date: D:/ogre-git/ogre/ogre/builds/Dependencies/include/bullet/BulletCollision/BroadphaseCollision/btDbvt.h
  -- Up-to-date: D:/ogre-git/ogre/ogre/builds/Dependencies/include/bullet/BulletCollision/BroadphaseCollision/btDbvtBroadphase.h
  -- Up-to-date: D:/ogre-git/ogre/ogre/builds/Dependencies/include/bullet/BulletCollision/BroadphaseCollision/btDispatcher.h
  -- Up-to-date: D:/ogre-git/ogre/ogre/builds/Dependencies/include/bullet/BulletCollision/BroadphaseCollision/btOverlappingPairCache.h
  -- Up-to-date: D:/ogre-git/ogre/ogre/builds/Dependencies/include/bullet/BulletCollision/BroadphaseCollision/btOverlappingPairCallback.h
  -- Up-to-date: D:/ogre-git/ogre/ogre/builds/Dependencies/include/bullet/BulletCollision/BroadphaseCollision/btQuantizedBvh.h
  -- Up-to-date: D:/ogre-git/ogre/ogre/builds/Dependencies/include/bullet/BulletCollision/BroadphaseCollision/btSimpleBroadphase.h
  -- Up-to-date: D:/ogre-git/ogre/ogre/builds/Dependencies/include/bullet/BulletCollision/BulletCollision.dir
  -- Installing: D:/ogre-git/ogre/ogre/builds/Dependencies/include/bullet/BulletCollision/BulletCollision.dir/Debug
  -- Installing: D:/ogre-git/ogre/ogre/builds/Dependencies/include/bullet/BulletCollision/BulletCollision.dir/Debug/BulletCollision.tlog
  -- Up-to-date: D:/ogre-git/ogre/ogre/builds/Dependencies/include/bullet/BulletCollision/BulletCollision.dir/RelWithDebInfo
  -- Up-to-date: D:/ogre-git/ogre/ogre/builds/Dependencies/include/bullet/BulletCollision/BulletCollision.dir/RelWithDebInfo/BulletCollision.tlog
  -- Up-to-date: D:/ogre-git/ogre/ogre/builds/Dependencies/include/bullet/BulletCollision/CollisionDispatch
  -- Up-to-date: D:/ogre-git/ogre/ogre/builds/Dependencies/include/bullet/BulletCollision/CollisionDispatch/btActivatingCollisionAlgorithm.h
  -- Up-to-date: D:/ogre-git/ogre/ogre/builds/Dependencies/include/bullet/BulletCollision/CollisionDispatch/btBox2dBox2dCollisionAlgorithm.h
  -- Up-to-date: D:/ogre-git/ogre/ogre/builds/Dependencies/include/bullet/BulletCollision/CollisionDispatch/btBoxBoxCollisionAlgorithm.h
  -- Up-to-date: D:/ogre-git/ogre/ogre/builds/Dependencies/include/bullet/BulletCollision/CollisionDispatch/btBoxBoxDetector.h
  -- Up-to-date: D:/ogre-git/ogre/ogre/builds/Dependencies/include/bullet/BulletCollision/CollisionDispatch/btCollisionConfiguration.h
  -- Up-to-date: D:/ogre-git/ogre/ogre/builds/Dependencies/include/bullet/BulletCollision/CollisionDispatch/btCollisionCreateFunc.h
  -- Up-to-date: D:/ogre-git/ogre/ogre/builds/Dependencies/include/bullet/BulletCollision/CollisionDispatch/btCollisionDispatcher.h
  -- Up-to-date: D:/ogre-git/ogre/ogre/builds/Dependencies/include/bullet/BulletCollision/CollisionDispatch/btCollisionDispatcherMt.h
  -- Up-to-date: D:/ogre-git/ogre/ogre/builds/Dependencies/include/bullet/BulletCollision/CollisionDispatch/btCollisionObject.h
  -- Up-to-date: D:/ogre-git/ogre/ogre/builds/Dependencies/include/bullet/BulletCollision/CollisionDispatch/btCollisionObjectWrapper.h
  -- Up-to-date: D:/ogre-git/ogre/ogre/builds/Dependencies/include/bullet/BulletCollision/CollisionDispatch/btCollisionWorld.h
  -- Up-to-date: D:/ogre-git/ogre/ogre/builds/Dependencies/include/bullet/BulletCollision/CollisionDispatch/btCollisionWorldImporter.h
  -- Up-to-date: D:/ogre-git/ogre/ogre/builds/Dependencies/include/bullet/BulletCollision/CollisionDispatch/btCompoundCollisionAlgorithm.h
  -- Up-to-date: D:/ogre-git/ogre/ogre/builds/Dependencies/include/bullet/BulletCollision/CollisionDispatch/btCompoundCompoundCollisionAlgorithm.h
  -- Up-to-date: D:/ogre-git/ogre/ogre/builds/Dependencies/include/bullet/BulletCollision/CollisionDispatch/btConvex2dConvex2dAlgorithm.h
  -- Up-to-date: D:/ogre-git/ogre/ogre/builds/Dependencies/include/bullet/BulletCollision/CollisionDispatch/btConvexConcaveCollisionAlgorithm.h
  -- Up-to-date: D:/ogre-git/ogre/ogre/builds/Dependencies/include/bullet/BulletCollision/CollisionDispatch/btConvexConvexAlgorithm.h
  -- Up-to-date: D:/ogre-git/ogre/ogre/builds/Dependencies/include/bullet/BulletCollision/CollisionDispatch/btConvexPlaneCollisionAlgorithm.h
  -- Up-to-date: D:/ogre-git/ogre/ogre/builds/Dependencies/include/bullet/BulletCollision/CollisionDispatch/btDefaultCollisionConfiguration.h
  -- Up-to-date: D:/ogre-git/ogre/ogre/builds/Dependencies/include/bullet/BulletCollision/CollisionDispatch/btEmptyCollisionAlgorithm.h
  -- Up-to-date: D:/ogre-git/ogre/ogre/builds/Dependencies/include/bullet/BulletCollision/CollisionDispatch/btGhostObject.h
  -- Up-to-date: D:/ogre-git/ogre/ogre/builds/Dependencies/include/bullet/BulletCollision/CollisionDispatch/btHashedSimplePairCache.h
  -- Up-to-date: D:/ogre-git/ogre/ogre/builds/Dependencies/include/bullet/BulletCollision/CollisionDispatch/btInternalEdgeUtility.h
  -- Up-to-date: D:/ogre-git/ogre/ogre/builds/Dependencies/include/bullet/BulletCollision/CollisionDispatch/btManifoldResult.h
  -- Up-to-date: D:/ogre-git/ogre/ogre/builds/Dependencies/include/bullet/BulletCollision/CollisionDispatch/btSimulationIslandManager.h
  -- Up-to-date: D:/ogre-git/ogre/ogre/builds/Dependencies/include/bullet/BulletCollision/CollisionDispatch/btSphereBoxCollisionAlgorithm.h
  -- Up-to-date: D:/ogre-git/ogre/ogre/builds/Dependencies/include/bullet/BulletCollision/CollisionDispatch/btSphereSphereCollisionAlgorithm.h
  -- Up-to-date: D:/ogre-git/ogre/ogre/builds/Dependencies/include/bullet/BulletCollision/CollisionDispatch/btSphereTriangleCollisionAlgorithm.h
  -- Up-to-date: D:/ogre-git/ogre/ogre/builds/Dependencies/include/bullet/BulletCollision/CollisionDispatch/btUnionFind.h
  -- Up-to-date: D:/ogre-git/ogre/ogre/builds/Dependencies/include/bullet/BulletCollision/CollisionDispatch/SphereTriangleDetector.h
  -- Up-to-date: D:/ogre-git/ogre/ogre/builds/Dependencies/include/bullet/BulletCollision/CollisionShapes
  -- Up-to-date: D:/ogre-git/ogre/ogre/builds/Dependencies/include/bullet/BulletCollision/CollisionShapes/btBox2dShape.h
  -- Up-to-date: D:/ogre-git/ogre/ogre/builds/Dependencies/include/bullet/BulletCollision/CollisionShapes/btBoxShape.h
  -- Up-to-date: D:/ogre-git/ogre/ogre/builds/Dependencies/include/bullet/BulletCollision/CollisionShapes/btBvhTriangleMeshShape.h
  -- Up-to-date: D:/ogre-git/ogre/ogre/builds/Dependencies/include/bullet/BulletCollision/CollisionShapes/btCapsuleShape.h
  -- Up-to-date: D:/ogre-git/ogre/ogre/builds/Dependencies/include/bullet/BulletCollision/CollisionShapes/btCollisionMargin.h
  -- Up-to-date: D:/ogre-git/ogre/ogre/builds/Dependencies/include/bullet/BulletCollision/CollisionShapes/btCollisionShape.h
  -- Up-to-date: D:/ogre-git/ogre/ogre/builds/Dependencies/include/bullet/BulletCollision/CollisionShapes/btCompoundShape.h
  -- Up-to-date: D:/ogre-git/ogre/ogre/builds/Dependencies/include/bullet/BulletCollision/CollisionShapes/btConcaveShape.h
  -- Up-to-date: D:/ogre-git/ogre/ogre/builds/Dependencies/include/bullet/BulletCollision/CollisionShapes/btConeShape.h
  -- Up-to-date: D:/ogre-git/ogre/ogre/builds/Dependencies/include/bullet/BulletCollision/CollisionShapes/btConvex2dShape.h
  -- Up-to-date: D:/ogre-git/ogre/ogre/builds/Dependencies/include/bullet/BulletCollision/CollisionShapes/btConvexHullShape.h
  -- Up-to-date: D:/ogre-git/ogre/ogre/builds/Dependencies/include/bullet/BulletCollision/CollisionShapes/btConvexInternalShape.h
  -- Up-to-date: D:/ogre-git/ogre/ogre/builds/Dependencies/include/bullet/BulletCollision/CollisionShapes/btConvexPointCloudShape.h
  -- Up-to-date: D:/ogre-git/ogre/ogre/builds/Dependencies/include/bullet/BulletCollision/CollisionShapes/btConvexPolyhedron.h
  -- Up-to-date: D:/ogre-git/ogre/ogre/builds/Dependencies/include/bullet/BulletCollision/CollisionShapes/btConvexShape.h
  -- Up-to-date: D:/ogre-git/ogre/ogre/builds/Dependencies/include/bullet/BulletCollision/CollisionShapes/btConvexTriangleMeshShape.h
  -- Up-to-date: D:/ogre-git/ogre/ogre/builds/Dependencies/include/bullet/BulletCollision/CollisionShapes/btCylinderShape.h
  -- Up-to-date: D:/ogre-git/ogre/ogre/builds/Dependencies/include/bullet/BulletCollision/CollisionShapes/btEmptyShape.h
  -- Up-to-date: D:/ogre-git/ogre/ogre/builds/Dependencies/include/bullet/BulletCollision/CollisionShapes/btHeightfieldTerrainShape.h
  -- Up-to-date: D:/ogre-git/ogre/ogre/builds/Dependencies/include/bullet/BulletCollision/CollisionShapes/btMaterial.h
  -- Up-to-date: D:/ogre-git/ogre/ogre/builds/Dependencies/include/bullet/BulletCollision/CollisionShapes/btMiniSDF.h
  -- Up-to-date: D:/ogre-git/ogre/ogre/builds/Dependencies/include/bullet/BulletCollision/CollisionShapes/btMinkowskiSumShape.h
  -- Up-to-date: D:/ogre-git/ogre/ogre/builds/Dependencies/include/bullet/BulletCollision/CollisionShapes/btMultimaterialTriangleMeshShape.h
  -- Up-to-date: D:/ogre-git/ogre/ogre/builds/Dependencies/include/bullet/BulletCollision/CollisionShapes/btMultiSphereShape.h
  -- Up-to-date: D:/ogre-git/ogre/ogre/builds/Dependencies/include/bullet/BulletCollision/CollisionShapes/btOptimizedBvh.h
  -- Up-to-date: D:/ogre-git/ogre/ogre/builds/Dependencies/include/bullet/BulletCollision/CollisionShapes/btPolyhedralConvexShape.h
  -- Up-to-date: D:/ogre-git/ogre/ogre/builds/Dependencies/include/bullet/BulletCollision/CollisionShapes/btScaledBvhTriangleMeshShape.h
  -- Up-to-date: D:/ogre-git/ogre/ogre/builds/Dependencies/include/bullet/BulletCollision/CollisionShapes/btSdfCollisionShape.h
  -- Up-to-date: D:/ogre-git/ogre/ogre/builds/Dependencies/include/bullet/BulletCollision/CollisionShapes/btShapeHull.h
  -- Up-to-date: D:/ogre-git/ogre/ogre/builds/Dependencies/include/bullet/BulletCollision/CollisionShapes/btSphereShape.h
  -- Up-to-date: D:/ogre-git/ogre/ogre/builds/Dependencies/include/bullet/BulletCollision/CollisionShapes/btStaticPlaneShape.h
  -- Up-to-date: D:/ogre-git/ogre/ogre/builds/Dependencies/include/bullet/BulletCollision/CollisionShapes/btStridingMeshInterface.h
  -- Up-to-date: D:/ogre-git/ogre/ogre/builds/Dependencies/include/bullet/BulletCollision/CollisionShapes/btTetrahedronShape.h
  -- Up-to-date: D:/ogre-git/ogre/ogre/builds/Dependencies/include/bullet/BulletCollision/CollisionShapes/btTriangleBuffer.h
  -- Up-to-date: D:/ogre-git/ogre/ogre/builds/Dependencies/include/bullet/BulletCollision/CollisionShapes/btTriangleCallback.h
  -- Up-to-date: D:/ogre-git/ogre/ogre/builds/Dependencies/include/bullet/BulletCollision/CollisionShapes/btTriangleIndexVertexArray.h
  -- Up-to-date: D:/ogre-git/ogre/ogre/builds/Dependencies/include/bullet/BulletCollision/CollisionShapes/btTriangleIndexVertexMaterialArray.h
  -- Up-to-date: D:/ogre-git/ogre/ogre/builds/Dependencies/include/bullet/BulletCollision/CollisionShapes/btTriangleInfoMap.h
  -- Up-to-date: D:/ogre-git/ogre/ogre/builds/Dependencies/include/bullet/BulletCollision/CollisionShapes/btTriangleMesh.h
  -- Up-to-date: D:/ogre-git/ogre/ogre/builds/Dependencies/include/bullet/BulletCollision/CollisionShapes/btTriangleMeshShape.h
  -- Up-to-date: D:/ogre-git/ogre/ogre/builds/Dependencies/include/bullet/BulletCollision/CollisionShapes/btTriangleShape.h
  -- Up-to-date: D:/ogre-git/ogre/ogre/builds/Dependencies/include/bullet/BulletCollision/CollisionShapes/btUniformScalingShape.h
  -- Up-to-date: D:/ogre-git/ogre/ogre/builds/Dependencies/include/bullet/BulletCollision/Gimpact
  -- Up-to-date: D:/ogre-git/ogre/ogre/builds/Dependencies/include/bullet/BulletCollision/Gimpact/btBoxCollision.h
  -- Up-to-date: D:/ogre-git/ogre/ogre/builds/Dependencies/include/bullet/BulletCollision/Gimpact/btClipPolygon.h
  -- Up-to-date: D:/ogre-git/ogre/ogre/builds/Dependencies/include/bullet/BulletCollision/Gimpact/btCompoundFromGimpact.h
  -- Up-to-date: D:/ogre-git/ogre/ogre/builds/Dependencies/include/bullet/BulletCollision/Gimpact/btContactProcessing.h
  -- Up-to-date: D:/ogre-git/ogre/ogre/builds/Dependencies/include/bullet/BulletCollision/Gimpact/btContactProcessingStructs.h
  -- Up-to-date: D:/ogre-git/ogre/ogre/builds/Dependencies/include/bullet/BulletCollision/Gimpact/btGenericPoolAllocator.h
  -- Up-to-date: D:/ogre-git/ogre/ogre/builds/Dependencies/include/bullet/BulletCollision/Gimpact/btGeometryOperations.h
  -- Up-to-date: D:/ogre-git/ogre/ogre/builds/Dependencies/include/bullet/BulletCollision/Gimpact/btGImpactBvh.h
  -- Up-to-date: D:/ogre-git/ogre/ogre/builds/Dependencies/include/bullet/BulletCollision/Gimpact/btGImpactBvhStructs.h
  -- Up-to-date: D:/ogre-git/ogre/ogre/builds/Dependencies/include/bullet/BulletCollision/Gimpact/btGImpactCollisionAlgorithm.h
  -- Up-to-date: D:/ogre-git/ogre/ogre/builds/Dependencies/include/bullet/BulletCollision/Gimpact/btGImpactMassUtil.h
  -- Up-to-date: D:/ogre-git/ogre/ogre/builds/Dependencies/include/bullet/BulletCollision/Gimpact/btGImpactQuantizedBvh.h
  -- Up-to-date: D:/ogre-git/ogre/ogre/builds/Dependencies/include/bullet/BulletCollision/Gimpact/btGImpactQuantizedBvhStructs.h
  -- Up-to-date: D:/ogre-git/ogre/ogre/builds/Dependencies/include/bullet/BulletCollision/Gimpact/btGImpactShape.h
  -- Up-to-date: D:/ogre-git/ogre/ogre/builds/Dependencies/include/bullet/BulletCollision/Gimpact/btQuantization.h
  -- Up-to-date: D:/ogre-git/ogre/ogre/builds/Dependencies/include/bullet/BulletCollision/Gimpact/btTriangleShapeEx.h
  -- Up-to-date: D:/ogre-git/ogre/ogre/builds/Dependencies/include/bullet/BulletCollision/Gimpact/gim_array.h
  -- Up-to-date: D:/ogre-git/ogre/ogre/builds/Dependencies/include/bullet/BulletCollision/Gimpact/gim_basic_geometry_operations.h
  -- Up-to-date: D:/ogre-git/ogre/ogre/builds/Dependencies/include/bullet/BulletCollision/Gimpact/gim_bitset.h
  -- Up-to-date: D:/ogre-git/ogre/ogre/builds/Dependencies/include/bullet/BulletCollision/Gimpact/gim_box_collision.h
  -- Up-to-date: D:/ogre-git/ogre/ogre/builds/Dependencies/include/bullet/BulletCollision/Gimpact/gim_box_set.h
  -- Up-to-date: D:/ogre-git/ogre/ogre/builds/Dependencies/include/bullet/BulletCollision/Gimpact/gim_clip_polygon.h
  -- Up-to-date: D:/ogre-git/ogre/ogre/builds/Dependencies/include/bullet/BulletCollision/Gimpact/gim_contact.h
  -- Up-to-date: D:/ogre-git/ogre/ogre/builds/Dependencies/include/bullet/BulletCollision/Gimpact/gim_geometry.h
  -- Up-to-date: D:/ogre-git/ogre/ogre/builds/Dependencies/include/bullet/BulletCollision/Gimpact/gim_geom_types.h
  -- Up-to-date: D:/ogre-git/ogre/ogre/builds/Dependencies/include/bullet/BulletCollision/Gimpact/gim_hash_table.h
  -- Up-to-date: D:/ogre-git/ogre/ogre/builds/Dependencies/include/bullet/BulletCollision/Gimpact/gim_linear_math.h
  -- Up-to-date: D:/ogre-git/ogre/ogre/builds/Dependencies/include/bullet/BulletCollision/Gimpact/gim_math.h
  -- Up-to-date: D:/ogre-git/ogre/ogre/builds/Dependencies/include/bullet/BulletCollision/Gimpact/gim_memory.h
  -- Up-to-date: D:/ogre-git/ogre/ogre/builds/Dependencies/include/bullet/BulletCollision/Gimpact/gim_pair.h
  -- Up-to-date: D:/ogre-git/ogre/ogre/builds/Dependencies/include/bullet/BulletCollision/Gimpact/gim_radixsort.h
  -- Up-to-date: D:/ogre-git/ogre/ogre/builds/Dependencies/include/bullet/BulletCollision/Gimpact/gim_tri_collision.h
  -- Up-to-date: D:/ogre-git/ogre/ogre/builds/Dependencies/include/bullet/BulletCollision/NarrowPhaseCollision
  -- Up-to-date: D:/ogre-git/ogre/ogre/builds/Dependencies/include/bullet/BulletCollision/NarrowPhaseCollision/btComputeGjkEpaPenetration.h
  -- Up-to-date: D:/ogre-git/ogre/ogre/builds/Dependencies/include/bullet/BulletCollision/NarrowPhaseCollision/btContinuousConvexCollision.h
  -- Up-to-date: D:/ogre-git/ogre/ogre/builds/Dependencies/include/bullet/BulletCollision/NarrowPhaseCollision/btConvexCast.h
  -- Up-to-date: D:/ogre-git/ogre/ogre/builds/Dependencies/include/bullet/BulletCollision/NarrowPhaseCollision/btConvexPenetrationDepthSolver.h
  -- Up-to-date: D:/ogre-git/ogre/ogre/builds/Dependencies/include/bullet/BulletCollision/NarrowPhaseCollision/btDiscreteCollisionDetectorInterface.h
  -- Up-to-date: D:/ogre-git/ogre/ogre/builds/Dependencies/include/bullet/BulletCollision/NarrowPhaseCollision/btGjkCollisionDescription.h
  -- Up-to-date: D:/ogre-git/ogre/ogre/builds/Dependencies/include/bullet/BulletCollision/NarrowPhaseCollision/btGjkConvexCast.h
  -- Up-to-date: D:/ogre-git/ogre/ogre/builds/Dependencies/include/bullet/BulletCollision/NarrowPhaseCollision/btGjkEpa2.h
  -- Up-to-date: D:/ogre-git/ogre/ogre/builds/Dependencies/include/bullet/BulletCollision/NarrowPhaseCollision/btGjkEpa3.h
  -- Up-to-date: D:/ogre-git/ogre/ogre/builds/Dependencies/include/bullet/BulletCollision/NarrowPhaseCollision/btGjkEpaPenetrationDepthSolver.h
  -- Up-to-date: D:/ogre-git/ogre/ogre/builds/Dependencies/include/bullet/BulletCollision/NarrowPhaseCollision/btGjkPairDetector.h
  -- Up-to-date: D:/ogre-git/ogre/ogre/builds/Dependencies/include/bullet/BulletCollision/NarrowPhaseCollision/btManifoldPoint.h
  -- Up-to-date: D:/ogre-git/ogre/ogre/builds/Dependencies/include/bullet/BulletCollision/NarrowPhaseCollision/btMinkowskiPenetrationDepthSolver.h
  -- Up-to-date: D:/ogre-git/ogre/ogre/builds/Dependencies/include/bullet/BulletCollision/NarrowPhaseCollision/btMprPenetration.h
  -- Up-to-date: D:/ogre-git/ogre/ogre/builds/Dependencies/include/bullet/BulletCollision/NarrowPhaseCollision/btPersistentManifold.h
  -- Up-to-date: D:/ogre-git/ogre/ogre/builds/Dependencies/include/bullet/BulletCollision/NarrowPhaseCollision/btPointCollector.h
  -- Up-to-date: D:/ogre-git/ogre/ogre/builds/Dependencies/include/bullet/BulletCollision/NarrowPhaseCollision/btPolyhedralContactClipping.h
  -- Up-to-date: D:/ogre-git/ogre/ogre/builds/Dependencies/include/bullet/BulletCollision/NarrowPhaseCollision/btRaycastCallback.h
  -- Up-to-date: D:/ogre-git/ogre/ogre/builds/Dependencies/include/bullet/BulletCollision/NarrowPhaseCollision/btSimplexSolverInterface.h
  -- Up-to-date: D:/ogre-git/ogre/ogre/builds/Dependencies/include/bullet/BulletCollision/NarrowPhaseCollision/btSubSimplexConvexCast.h
  -- Up-to-date: D:/ogre-git/ogre/ogre/builds/Dependencies/include/bullet/BulletCollision/NarrowPhaseCollision/btVoronoiSimplexSolver.h
  -- Up-to-date: D:/ogre-git/ogre/ogre/builds/Dependencies/include/bullet/BulletCollision/btBulletCollisionCommon.h
  -- Installing: D:/ogre-git/ogre/ogre/builds/Dependencies/lib/BulletDynamics_Debug.lib
  -- Up-to-date: D:/ogre-git/ogre/ogre/builds/Dependencies/include/bullet/BulletDynamics
  -- Up-to-date: D:/ogre-git/ogre/ogre/builds/Dependencies/include/bullet/BulletDynamics/BulletDynamics.dir
  -- Installing: D:/ogre-git/ogre/ogre/builds/Dependencies/include/bullet/BulletDynamics/BulletDynamics.dir/Debug
  -- Installing: D:/ogre-git/ogre/ogre/builds/Dependencies/include/bullet/BulletDynamics/BulletDynamics.dir/Debug/BulletDynamics.tlog
  -- Up-to-date: D:/ogre-git/ogre/ogre/builds/Dependencies/include/bullet/BulletDynamics/BulletDynamics.dir/RelWithDebInfo
  -- Up-to-date: D:/ogre-git/ogre/ogre/builds/Dependencies/include/bullet/BulletDynamics/BulletDynamics.dir/RelWithDebInfo/BulletDynamics.tlog
  -- Up-to-date: D:/ogre-git/ogre/ogre/builds/Dependencies/include/bullet/BulletDynamics/Character
  -- Up-to-date: D:/ogre-git/ogre/ogre/builds/Dependencies/include/bullet/BulletDynamics/Character/btCharacterControllerInterface.h
  -- Up-to-date: D:/ogre-git/ogre/ogre/builds/Dependencies/include/bullet/BulletDynamics/Character/btKinematicCharacterController.h
  -- Up-to-date: D:/ogre-git/ogre/ogre/builds/Dependencies/include/bullet/BulletDynamics/ConstraintSolver
  -- Up-to-date: D:/ogre-git/ogre/ogre/builds/Dependencies/include/bullet/BulletDynamics/ConstraintSolver/btBatchedConstraints.h
  -- Up-to-date: D:/ogre-git/ogre/ogre/builds/Dependencies/include/bullet/BulletDynamics/ConstraintSolver/btConeTwistConstraint.h
  -- Up-to-date: D:/ogre-git/ogre/ogre/builds/Dependencies/include/bullet/BulletDynamics/ConstraintSolver/btConstraintSolver.h
  -- Up-to-date: D:/ogre-git/ogre/ogre/builds/Dependencies/include/bullet/BulletDynamics/ConstraintSolver/btContactConstraint.h
  -- Up-to-date: D:/ogre-git/ogre/ogre/builds/Dependencies/include/bullet/BulletDynamics/ConstraintSolver/btContactSolverInfo.h
  -- Up-to-date: D:/ogre-git/ogre/ogre/builds/Dependencies/include/bullet/BulletDynamics/ConstraintSolver/btFixedConstraint.h
  -- Up-to-date: D:/ogre-git/ogre/ogre/builds/Dependencies/include/bullet/BulletDynamics/ConstraintSolver/btGearConstraint.h
  -- Up-to-date: D:/ogre-git/ogre/ogre/builds/Dependencies/include/bullet/BulletDynamics/ConstraintSolver/btGeneric6DofConstraint.h
  -- Up-to-date: D:/ogre-git/ogre/ogre/builds/Dependencies/include/bullet/BulletDynamics/ConstraintSolver/btGeneric6DofSpring2Constraint.h
  -- Up-to-date: D:/ogre-git/ogre/ogre/builds/Dependencies/include/bullet/BulletDynamics/ConstraintSolver/btGeneric6DofSpringConstraint.h
  -- Up-to-date: D:/ogre-git/ogre/ogre/builds/Dependencies/include/bullet/BulletDynamics/ConstraintSolver/btHinge2Constraint.h
  -- Up-to-date: D:/ogre-git/ogre/ogre/builds/Dependencies/include/bullet/BulletDynamics/ConstraintSolver/btHingeConstraint.h
  -- Up-to-date: D:/ogre-git/ogre/ogre/builds/Dependencies/include/bullet/BulletDynamics/ConstraintSolver/btJacobianEntry.h
  -- Up-to-date: D:/ogre-git/ogre/ogre/builds/Dependencies/include/bullet/BulletDynamics/ConstraintSolver/btNNCGConstraintSolver.h
  -- Up-to-date: D:/ogre-git/ogre/ogre/builds/Dependencies/include/bullet/BulletDynamics/ConstraintSolver/btPoint2PointConstraint.h
  -- Up-to-date: D:/ogre-git/ogre/ogre/builds/Dependencies/include/bullet/BulletDynamics/ConstraintSolver/btSequentialImpulseConstraintSolver.h
  -- Up-to-date: D:/ogre-git/ogre/ogre/builds/Dependencies/include/bullet/BulletDynamics/ConstraintSolver/btSequentialImpulseConstraintSolverMt.h
  -- Up-to-date: D:/ogre-git/ogre/ogre/builds/Dependencies/include/bullet/BulletDynamics/ConstraintSolver/btSliderConstraint.h
  -- Up-to-date: D:/ogre-git/ogre/ogre/builds/Dependencies/include/bullet/BulletDynamics/ConstraintSolver/btSolve2LinearConstraint.h
  -- Up-to-date: D:/ogre-git/ogre/ogre/builds/Dependencies/include/bullet/BulletDynamics/ConstraintSolver/btSolverBody.h
  -- Up-to-date: D:/ogre-git/ogre/ogre/builds/Dependencies/include/bullet/BulletDynamics/ConstraintSolver/btSolverConstraint.h
  -- Up-to-date: D:/ogre-git/ogre/ogre/builds/Dependencies/include/bullet/BulletDynamics/ConstraintSolver/btTypedConstraint.h
  -- Up-to-date: D:/ogre-git/ogre/ogre/builds/Dependencies/include/bullet/BulletDynamics/ConstraintSolver/btUniversalConstraint.h
  -- Up-to-date: D:/ogre-git/ogre/ogre/builds/Dependencies/include/bullet/BulletDynamics/Dynamics
  -- Up-to-date: D:/ogre-git/ogre/ogre/builds/Dependencies/include/bullet/BulletDynamics/Dynamics/btActionInterface.h
  -- Up-to-date: D:/ogre-git/ogre/ogre/builds/Dependencies/include/bullet/BulletDynamics/Dynamics/btDiscreteDynamicsWorld.h
  -- Up-to-date: D:/ogre-git/ogre/ogre/builds/Dependencies/include/bullet/BulletDynamics/Dynamics/btDiscreteDynamicsWorldMt.h
  -- Up-to-date: D:/ogre-git/ogre/ogre/builds/Dependencies/include/bullet/BulletDynamics/Dynamics/btDynamicsWorld.h
  -- Up-to-date: D:/ogre-git/ogre/ogre/builds/Dependencies/include/bullet/BulletDynamics/Dynamics/btRigidBody.h
  -- Up-to-date: D:/ogre-git/ogre/ogre/builds/Dependencies/include/bullet/BulletDynamics/Dynamics/btSimpleDynamicsWorld.h
  -- Up-to-date: D:/ogre-git/ogre/ogre/builds/Dependencies/include/bullet/BulletDynamics/Dynamics/btSimulationIslandManagerMt.h
  -- Up-to-date: D:/ogre-git/ogre/ogre/builds/Dependencies/include/bullet/BulletDynamics/Featherstone
  -- Up-to-date: D:/ogre-git/ogre/ogre/builds/Dependencies/include/bullet/BulletDynamics/Featherstone/btMultiBody.h
  -- Up-to-date: D:/ogre-git/ogre/ogre/builds/Dependencies/include/bullet/BulletDynamics/Featherstone/btMultiBodyConstraint.h
  -- Up-to-date: D:/ogre-git/ogre/ogre/builds/Dependencies/include/bullet/BulletDynamics/Featherstone/btMultiBodyConstraintSolver.h
  -- Up-to-date: D:/ogre-git/ogre/ogre/builds/Dependencies/include/bullet/BulletDynamics/Featherstone/btMultiBodyDynamicsWorld.h
  -- Up-to-date: D:/ogre-git/ogre/ogre/builds/Dependencies/include/bullet/BulletDynamics/Featherstone/btMultiBodyFixedConstraint.h
  -- Up-to-date: D:/ogre-git/ogre/ogre/builds/Dependencies/include/bullet/BulletDynamics/Featherstone/btMultiBodyGearConstraint.h
  -- Up-to-date: D:/ogre-git/ogre/ogre/builds/Dependencies/include/bullet/BulletDynamics/Featherstone/btMultiBodyInplaceSolverIslandCallback.h
  -- Up-to-date: D:/ogre-git/ogre/ogre/builds/Dependencies/include/bullet/BulletDynamics/Featherstone/btMultiBodyJointFeedback.h
  -- Up-to-date: D:/ogre-git/ogre/ogre/builds/Dependencies/include/bullet/BulletDynamics/Featherstone/btMultiBodyJointLimitConstraint.h
  -- Up-to-date: D:/ogre-git/ogre/ogre/builds/Dependencies/include/bullet/BulletDynamics/Featherstone/btMultiBodyJointMotor.h
  -- Up-to-date: D:/ogre-git/ogre/ogre/builds/Dependencies/include/bullet/BulletDynamics/Featherstone/btMultiBodyLink.h
  -- Up-to-date: D:/ogre-git/ogre/ogre/builds/Dependencies/include/bullet/BulletDynamics/Featherstone/btMultiBodyLinkCollider.h
  -- Up-to-date: D:/ogre-git/ogre/ogre/builds/Dependencies/include/bullet/BulletDynamics/Featherstone/btMultiBodyMLCPConstraintSolver.h
  -- Up-to-date: D:/ogre-git/ogre/ogre/builds/Dependencies/include/bullet/BulletDynamics/Featherstone/btMultiBodyPoint2Point.h
  -- Up-to-date: D:/ogre-git/ogre/ogre/builds/Dependencies/include/bullet/BulletDynamics/Featherstone/btMultiBodySliderConstraint.h
  -- Up-to-date: D:/ogre-git/ogre/ogre/builds/Dependencies/include/bullet/BulletDynamics/Featherstone/btMultiBodySolverConstraint.h
  -- Up-to-date: D:/ogre-git/ogre/ogre/builds/Dependencies/include/bullet/BulletDynamics/Featherstone/btMultiBodySphericalJointLimit.h
  -- Up-to-date: D:/ogre-git/ogre/ogre/builds/Dependencies/include/bullet/BulletDynamics/Featherstone/btMultiBodySphericalJointMotor.h
  -- Up-to-date: D:/ogre-git/ogre/ogre/builds/Dependencies/include/bullet/BulletDynamics/MLCPSolvers
  -- Up-to-date: D:/ogre-git/ogre/ogre/builds/Dependencies/include/bullet/BulletDynamics/MLCPSolvers/btDantzigLCP.h
  -- Up-to-date: D:/ogre-git/ogre/ogre/builds/Dependencies/include/bullet/BulletDynamics/MLCPSolvers/btDantzigSolver.h
  -- Up-to-date: D:/ogre-git/ogre/ogre/builds/Dependencies/include/bullet/BulletDynamics/MLCPSolvers/btLemkeAlgorithm.h
  -- Up-to-date: D:/ogre-git/ogre/ogre/builds/Dependencies/include/bullet/BulletDynamics/MLCPSolvers/btLemkeSolver.h
  -- Up-to-date: D:/ogre-git/ogre/ogre/builds/Dependencies/include/bullet/BulletDynamics/MLCPSolvers/btMLCPSolver.h
  -- Up-to-date: D:/ogre-git/ogre/ogre/builds/Dependencies/include/bullet/BulletDynamics/MLCPSolvers/btMLCPSolverInterface.h
  -- Up-to-date: D:/ogre-git/ogre/ogre/builds/Dependencies/include/bullet/BulletDynamics/MLCPSolvers/btPATHSolver.h
  -- Up-to-date: D:/ogre-git/ogre/ogre/builds/Dependencies/include/bullet/BulletDynamics/MLCPSolvers/btSolveProjectedGaussSeidel.h
  -- Up-to-date: D:/ogre-git/ogre/ogre/builds/Dependencies/include/bullet/BulletDynamics/Vehicle
  -- Up-to-date: D:/ogre-git/ogre/ogre/builds/Dependencies/include/bullet/BulletDynamics/Vehicle/btRaycastVehicle.h
  -- Up-to-date: D:/ogre-git/ogre/ogre/builds/Dependencies/include/bullet/BulletDynamics/Vehicle/btVehicleRaycaster.h
  -- Up-to-date: D:/ogre-git/ogre/ogre/builds/Dependencies/include/bullet/BulletDynamics/Vehicle/btWheelInfo.h
  -- Up-to-date: D:/ogre-git/ogre/ogre/builds/Dependencies/include/bullet/BulletDynamics/btBulletDynamicsCommon.h
  -- Installing: D:/ogre-git/ogre/ogre/builds/Dependencies/lib/LinearMath_Debug.lib
  -- Up-to-date: D:/ogre-git/ogre/ogre/builds/Dependencies/include/bullet/LinearMath
  -- Up-to-date: D:/ogre-git/ogre/ogre/builds/Dependencies/include/bullet/LinearMath/btAabbUtil2.h
  -- Up-to-date: D:/ogre-git/ogre/ogre/builds/Dependencies/include/bullet/LinearMath/btAlignedAllocator.h
  -- Up-to-date: D:/ogre-git/ogre/ogre/builds/Dependencies/include/bullet/LinearMath/btAlignedObjectArray.h
  -- Up-to-date: D:/ogre-git/ogre/ogre/builds/Dependencies/include/bullet/LinearMath/btConvexHull.h
  -- Up-to-date: D:/ogre-git/ogre/ogre/builds/Dependencies/include/bullet/LinearMath/btConvexHullComputer.h
  -- Up-to-date: D:/ogre-git/ogre/ogre/builds/Dependencies/include/bullet/LinearMath/btCpuFeatureUtility.h
  -- Up-to-date: D:/ogre-git/ogre/ogre/builds/Dependencies/include/bullet/LinearMath/btDefaultMotionState.h
  -- Up-to-date: D:/ogre-git/ogre/ogre/builds/Dependencies/include/bullet/LinearMath/btGeometryUtil.h
  -- Up-to-date: D:/ogre-git/ogre/ogre/builds/Dependencies/include/bullet/LinearMath/btGrahamScan2dConvexHull.h
  -- Up-to-date: D:/ogre-git/ogre/ogre/builds/Dependencies/include/bullet/LinearMath/btHashMap.h
  -- Up-to-date: D:/ogre-git/ogre/ogre/builds/Dependencies/include/bullet/LinearMath/btIDebugDraw.h
  -- Up-to-date: D:/ogre-git/ogre/ogre/builds/Dependencies/include/bullet/LinearMath/btImplicitQRSVD.h
  -- Up-to-date: D:/ogre-git/ogre/ogre/builds/Dependencies/include/bullet/LinearMath/btList.h
  -- Up-to-date: D:/ogre-git/ogre/ogre/builds/Dependencies/include/bullet/LinearMath/btMatrix3x3.h
  -- Up-to-date: D:/ogre-git/ogre/ogre/builds/Dependencies/include/bullet/LinearMath/btMatrixX.h
  -- Up-to-date: D:/ogre-git/ogre/ogre/builds/Dependencies/include/bullet/LinearMath/btMinMax.h
  -- Up-to-date: D:/ogre-git/ogre/ogre/builds/Dependencies/include/bullet/LinearMath/btModifiedGramSchmidt.h
  -- Up-to-date: D:/ogre-git/ogre/ogre/builds/Dependencies/include/bullet/LinearMath/btMotionState.h
  -- Up-to-date: D:/ogre-git/ogre/ogre/builds/Dependencies/include/bullet/LinearMath/btPolarDecomposition.h
  -- Up-to-date: D:/ogre-git/ogre/ogre/builds/Dependencies/include/bullet/LinearMath/btPoolAllocator.h
  -- Up-to-date: D:/ogre-git/ogre/ogre/builds/Dependencies/include/bullet/LinearMath/btQuadWord.h
  -- Up-to-date: D:/ogre-git/ogre/ogre/builds/Dependencies/include/bullet/LinearMath/btQuaternion.h
  -- Up-to-date: D:/ogre-git/ogre/ogre/builds/Dependencies/include/bullet/LinearMath/btQuickprof.h
  -- Up-to-date: D:/ogre-git/ogre/ogre/builds/Dependencies/include/bullet/LinearMath/btRandom.h
  -- Up-to-date: D:/ogre-git/ogre/ogre/builds/Dependencies/include/bullet/LinearMath/btReducedVector.h
  -- Up-to-date: D:/ogre-git/ogre/ogre/builds/Dependencies/include/bullet/LinearMath/btScalar.h
  -- Up-to-date: D:/ogre-git/ogre/ogre/builds/Dependencies/include/bullet/LinearMath/btSerializer.h
  -- Up-to-date: D:/ogre-git/ogre/ogre/builds/Dependencies/include/bullet/LinearMath/btSpatialAlgebra.h
  -- Up-to-date: D:/ogre-git/ogre/ogre/builds/Dependencies/include/bullet/LinearMath/btStackAlloc.h
  -- Up-to-date: D:/ogre-git/ogre/ogre/builds/Dependencies/include/bullet/LinearMath/btThreads.h
  -- Up-to-date: D:/ogre-git/ogre/ogre/builds/Dependencies/include/bullet/LinearMath/btTransform.h
  -- Up-to-date: D:/ogre-git/ogre/ogre/builds/Dependencies/include/bullet/LinearMath/btTransformUtil.h
  -- Up-to-date: D:/ogre-git/ogre/ogre/builds/Dependencies/include/bullet/LinearMath/btVector3.h
  -- Up-to-date: D:/ogre-git/ogre/ogre/builds/Dependencies/include/bullet/LinearMath/LinearMath.dir
  -- Installing: D:/ogre-git/ogre/ogre/builds/Dependencies/include/bullet/LinearMath/LinearMath.dir/Debug
  -- Installing: D:/ogre-git/ogre/ogre/builds/Dependencies/include/bullet/LinearMath/LinearMath.dir/Debug/LinearMath.tlog
  -- Up-to-date: D:/ogre-git/ogre/ogre/builds/Dependencies/include/bullet/LinearMath/LinearMath.dir/RelWithDebInfo
  -- Up-to-date: D:/ogre-git/ogre/ogre/builds/Dependencies/include/bullet/LinearMath/LinearMath.dir/RelWithDebInfo/LinearMath.tlog
  -- Up-to-date: D:/ogre-git/ogre/ogre/builds/Dependencies/include/bullet/LinearMath/TaskScheduler
  -- Up-to-date: D:/ogre-git/ogre/ogre/builds/Dependencies/include/bullet/LinearMath/TaskScheduler/btThreadSupportInterface.h
  -- Installing: D:/ogre-git/ogre/ogre/builds/Dependencies/lib/Bullet3Common_Debug.lib
  -- Up-to-date: D:/ogre-git/ogre/ogre/builds/Dependencies/include/bullet/Bullet3Common
  -- Up-to-date: D:/ogre-git/ogre/ogre/builds/Dependencies/include/bullet/Bullet3Common/b3AlignedAllocator.h
  -- Up-to-date: D:/ogre-git/ogre/ogre/builds/Dependencies/include/bullet/Bullet3Common/b3AlignedObjectArray.h
  -- Up-to-date: D:/ogre-git/ogre/ogre/builds/Dependencies/include/bullet/Bullet3Common/b3CommandLineArgs.h
  -- Up-to-date: D:/ogre-git/ogre/ogre/builds/Dependencies/include/bullet/Bullet3Common/b3FileUtils.h
  -- Up-to-date: D:/ogre-git/ogre/ogre/builds/Dependencies/include/bullet/Bullet3Common/b3HashMap.h
  -- Up-to-date: D:/ogre-git/ogre/ogre/builds/Dependencies/include/bullet/Bullet3Common/b3Logging.h
  -- Up-to-date: D:/ogre-git/ogre/ogre/builds/Dependencies/include/bullet/Bullet3Common/b3Matrix3x3.h
  -- Up-to-date: D:/ogre-git/ogre/ogre/builds/Dependencies/include/bullet/Bullet3Common/b3MinMax.h
  -- Up-to-date: D:/ogre-git/ogre/ogre/builds/Dependencies/include/bullet/Bullet3Common/b3PoolAllocator.h
  -- Up-to-date: D:/ogre-git/ogre/ogre/builds/Dependencies/include/bullet/Bullet3Common/b3QuadWord.h
  -- Up-to-date: D:/ogre-git/ogre/ogre/builds/Dependencies/include/bullet/Bullet3Common/b3Quaternion.h
  -- Up-to-date: D:/ogre-git/ogre/ogre/builds/Dependencies/include/bullet/Bullet3Common/b3Random.h
  -- Up-to-date: D:/ogre-git/ogre/ogre/builds/Dependencies/include/bullet/Bullet3Common/b3ResizablePool.h
  -- Up-to-date: D:/ogre-git/ogre/ogre/builds/Dependencies/include/bullet/Bullet3Common/b3Scalar.h
  -- Up-to-date: D:/ogre-git/ogre/ogre/builds/Dependencies/include/bullet/Bullet3Common/b3StackAlloc.h
  -- Up-to-date: D:/ogre-git/ogre/ogre/builds/Dependencies/include/bullet/Bullet3Common/b3Transform.h
  -- Up-to-date: D:/ogre-git/ogre/ogre/builds/Dependencies/include/bullet/Bullet3Common/b3TransformUtil.h
  -- Up-to-date: D:/ogre-git/ogre/ogre/builds/Dependencies/include/bullet/Bullet3Common/b3Vector3.h
  -- Up-to-date: D:/ogre-git/ogre/ogre/builds/Dependencies/include/bullet/Bullet3Common/Bullet3Common.dir
  -- Installing: D:/ogre-git/ogre/ogre/builds/Dependencies/include/bullet/Bullet3Common/Bullet3Common.dir/Debug
  -- Installing: D:/ogre-git/ogre/ogre/builds/Dependencies/include/bullet/Bullet3Common/Bullet3Common.dir/Debug/Bullet3Common.tlog
  -- Up-to-date: D:/ogre-git/ogre/ogre/builds/Dependencies/include/bullet/Bullet3Common/Bullet3Common.dir/RelWithDebInfo
  -- Up-to-date: D:/ogre-git/ogre/ogre/builds/Dependencies/include/bullet/Bullet3Common/Bullet3Common.dir/RelWithDebInfo/Bullet3Common.tlog
  -- Up-to-date: D:/ogre-git/ogre/ogre/builds/Dependencies/include/bullet/Bullet3Common/shared
  -- Up-to-date: D:/ogre-git/ogre/ogre/builds/Dependencies/include/bullet/Bullet3Common/shared/b3Float4.h
  -- Up-to-date: D:/ogre-git/ogre/ogre/builds/Dependencies/include/bullet/Bullet3Common/shared/b3Int2.h
  -- Up-to-date: D:/ogre-git/ogre/ogre/builds/Dependencies/include/bullet/Bullet3Common/shared/b3Int4.h
  -- Up-to-date: D:/ogre-git/ogre/ogre/builds/Dependencies/include/bullet/Bullet3Common/shared/b3Mat3x3.h
  -- Up-to-date: D:/ogre-git/ogre/ogre/builds/Dependencies/include/bullet/Bullet3Common/shared/b3PlatformDefinitions.h
  -- Up-to-date: D:/ogre-git/ogre/ogre/builds/Dependencies/include/bullet/Bullet3Common/shared/b3Quat.h
