  FirstScene.cpp
D:\ogre-git\ogre\ogre\OgreMain\include\OgreCommon.h(1,1): warning C4819: 该文件包含不能在当前代码页(936)中表示的字符。请将该文件保存为 Unicode 格式以防止数据丢失
D:\ogre-git\ogre\ogre\OgreMain\include\OgreAxisAlignedBox.h(66,17): warning C4251: “Ogre::AxisAlignedBox::mMinimum”: class“Ogre::Vector<3,Ogre::Real>”需要有 dll 接口由 class“Ogre::AxisAlignedBox”的客户端使用
D:\ogre-git\ogre\ogre\OgreMain\include\OgrePrerequisites.h(252): message : 参见“Ogre::Vector<3,Ogre::Real>”的声明
D:\ogre-git\ogre\ogre\OgreMain\include\OgreAxisAlignedBox.h(67,17): warning C4251: “Ogre::AxisAlignedBox::mMaximum”: class“Ogre::Vector<3,Ogre::Real>”需要有 dll 接口由 class“Ogre::AxisAlignedBox”的客户端使用
D:\ogre-git\ogre\ogre\OgreMain\include\OgrePrerequisites.h(252): message : 参见“Ogre::Vector<3,Ogre::Real>”的声明
D:\ogre-git\ogre\ogre\OgreMain\include\OgrePlane.h(65,17): warning C4251: “Ogre::Plane::normal”: class“Ogre::Vector<3,Ogre::Real>”需要有 dll 接口由 class“Ogre::Plane”的客户端使用
D:\ogre-git\ogre\ogre\OgreMain\include\OgrePrerequisites.h(252): message : 参见“Ogre::Vector<3,Ogre::Real>”的声明
D:\ogre-git\ogre\ogre\OgreMain\include\OgreSphere.h(56,17): warning C4251: “Ogre::Sphere::mCenter”: class“Ogre::Vector<3,Ogre::Real>”需要有 dll 接口由 class“Ogre::Sphere”的客户端使用
D:\ogre-git\ogre\ogre\OgreMain\include\OgrePrerequisites.h(252): message : 参见“Ogre::Vector<3,Ogre::Real>”的声明
D:\ogre-git\ogre\ogre\OgreMain\include\OgreGpuProgramParams.h(678,1): warning C4819: 该文件包含不能在当前代码页(936)中表示的字符。请将该文件保存为 Unicode 格式以防止数据丢失
D:\ogre-git\ogre\ogre\OgreMain\include\OgreBone.h(140,17): warning C4251: “Ogre::Bone::mBindDerivedInverseScale”: class“Ogre::Vector<3,Ogre::Real>”需要有 dll 接口由 class“Ogre::Bone”的客户端使用
D:\ogre-git\ogre\ogre\OgreMain\include\OgrePrerequisites.h(252): message : 参见“Ogre::Vector<3,Ogre::Real>”的声明
D:\ogre-git\ogre\ogre\OgreMain\include\OgreBone.h(144,17): warning C4251: “Ogre::Bone::mBindDerivedInversePosition”: class“Ogre::Vector<3,Ogre::Real>”需要有 dll 接口由 class“Ogre::Bone”的客户端使用
D:\ogre-git\ogre\ogre\OgreMain\include\OgrePrerequisites.h(252): message : 参见“Ogre::Vector<3,Ogre::Real>”的声明
D:\ogre-git\ogre\ogre\OgreMain\include\OgreDefaultHardwareBufferManager.h(86,52): warning C4251: “Ogre::DefaultHardwareBufferManager::mImpl”: class“std::unique_ptr<Ogre::HardwareBufferManagerBase,std::default_delete<Ogre::HardwareBufferManagerBase>>”需要有 dll 接口由 class“Ogre::DefaultHardwareBufferManager”的客户端使用
D:\ogre-git\ogre\ogre\OgreMain\include\OgreDefaultHardwareBufferManager.h(86): message : 参见“std::unique_ptr<Ogre::HardwareBufferManagerBase,std::default_delete<Ogre::HardwareBufferManagerBase>>”的声明
D:\ogre-git\ogre\ogre\OgreMain\include\OgrePass.h(643,1): warning C4819: 该文件包含不能在当前代码页(936)中表示的字符。请将该文件保存为 Unicode 格式以防止数据丢失
D:\ogre-git\ogre\ogre\OgreMain\include\OgreWorkQueue.h(194,91): warning C4244: “参数”: 从“Ogre::uint64”转换到“unsigned long”，可能丢失数据
D:\ogre-git\ogre\ogre\OgreMain\include\OgreRay.h(48,17): warning C4251: “Ogre::Ray::mOrigin”: class“Ogre::Vector<3,Ogre::Real>”需要有 dll 接口由 class“Ogre::Ray”的客户端使用
D:\ogre-git\ogre\ogre\OgreMain\include\OgrePrerequisites.h(252): message : 参见“Ogre::Vector<3,Ogre::Real>”的声明
D:\ogre-git\ogre\ogre\OgreMain\include\OgreRay.h(49,17): warning C4251: “Ogre::Ray::mDirection”: class“Ogre::Vector<3,Ogre::Real>”需要有 dll 接口由 class“Ogre::Ray”的客户端使用
D:\ogre-git\ogre\ogre\OgreMain\include\OgrePrerequisites.h(252): message : 参见“Ogre::Vector<3,Ogre::Real>”的声明
D:\ogre-git\ogre\ogre\OgreMain\include\OgreAutoParamDataSource.h(74,25): warning C4251: “Ogre::AutoParamDataSource::mCameraPosition”: class“Ogre::Vector<4,Ogre::Real>”需要有 dll 接口由 class“Ogre::AutoParamDataSource”的客户端使用
D:\ogre-git\ogre\ogre\OgreMain\include\OgrePrerequisites.h(255): message : 参见“Ogre::Vector<4,Ogre::Real>”的声明
D:\ogre-git\ogre\ogre\OgreMain\include\OgreAutoParamDataSource.h(75,25): warning C4251: “Ogre::AutoParamDataSource::mCameraPositionObjectSpace”: class“Ogre::Vector<4,Ogre::Real>”需要有 dll 接口由 class“Ogre::AutoParamDataSource”的客户端使用
D:\ogre-git\ogre\ogre\OgreMain\include\OgrePrerequisites.h(255): message : 参见“Ogre::Vector<4,Ogre::Real>”的声明
D:\ogre-git\ogre\ogre\OgreMain\include\OgreAutoParamDataSource.h(80,25): warning C4251: “Ogre::AutoParamDataSource::mShadowCamDepthRanges”: class“Ogre::Vector<4,Ogre::Real>”需要有 dll 接口由 class“Ogre::AutoParamDataSource”的客户端使用
D:\ogre-git\ogre\ogre\OgreMain\include\OgrePrerequisites.h(255): message : 参见“Ogre::Vector<4,Ogre::Real>”的声明
D:\ogre-git\ogre\ogre\OgreMain\include\OgreAutoParamDataSource.h(85,25): warning C4251: “Ogre::AutoParamDataSource::mLodCameraPosition”: class“Ogre::Vector<4,Ogre::Real>”需要有 dll 接口由 class“Ogre::AutoParamDataSource”的客户端使用
D:\ogre-git\ogre\ogre\OgreMain\include\OgrePrerequisites.h(255): message : 参见“Ogre::Vector<4,Ogre::Real>”的声明
D:\ogre-git\ogre\ogre\OgreMain\include\OgreAutoParamDataSource.h(86,25): warning C4251: “Ogre::AutoParamDataSource::mLodCameraPositionObjectSpace”: class“Ogre::Vector<4,Ogre::Real>”需要有 dll 接口由 class“Ogre::AutoParamDataSource”的客户端使用
D:\ogre-git\ogre\ogre\OgreMain\include\OgrePrerequisites.h(255): message : 参见“Ogre::Vector<4,Ogre::Real>”的声明
D:\ogre-git\ogre\ogre\OgreMain\include\OgreAutoParamDataSource.h(108,18): warning C4251: “Ogre::AutoParamDataSource::mFogParams”: class“Ogre::Vector<4,Ogre::Real>”需要有 dll 接口由 class“Ogre::AutoParamDataSource”的客户端使用
D:\ogre-git\ogre\ogre\OgreMain\include\OgrePrerequisites.h(255): message : 参见“Ogre::Vector<4,Ogre::Real>”的声明
D:\ogre-git\ogre\ogre\OgreMain\include\OgreAutoParamDataSource.h(109,18): warning C4251: “Ogre::AutoParamDataSource::mPointParams”: class“Ogre::Vector<4,Ogre::Real>”需要有 dll 接口由 class“Ogre::AutoParamDataSource”的客户端使用
D:\ogre-git\ogre\ogre\OgreMain\include\OgrePrerequisites.h(255): message : 参见“Ogre::Vector<4,Ogre::Real>”的声明
D:\ogre-git\ogre\ogre\OgreMain\include\OgreAutoParamDataSource.h(111,25): warning C4251: “Ogre::AutoParamDataSource::mSceneDepthRange”: class“Ogre::Vector<4,Ogre::Real>”需要有 dll 接口由 class“Ogre::AutoParamDataSource”的客户端使用
D:\ogre-git\ogre\ogre\OgreMain\include\OgrePrerequisites.h(255): message : 参见“Ogre::Vector<4,Ogre::Real>”的声明
D:\ogre-git\ogre\ogre\OgreMain\include\OgreAutoParamDataSource.h(119,17): warning C4251: “Ogre::AutoParamDataSource::mCameraRelativePosition”: class“Ogre::Vector<3,Ogre::Real>”需要有 dll 接口由 class“Ogre::AutoParamDataSource”的客户端使用
D:\ogre-git\ogre\ogre\OgreMain\include\OgrePrerequisites.h(252): message : 参见“Ogre::Vector<3,Ogre::Real>”的声明
D:\ogre-git\ogre\ogre\OgreMain\include\OgreTextureManager.h(421,20): warning C4251: “Ogre::TextureManager::mWarningTexture”: class“Ogre::SharedPtr<Ogre::Texture>”需要有 dll 接口由 class“Ogre::TextureManager”的客户端使用
D:\ogre-git\ogre\ogre\OgreMain\include\OgrePrerequisites.h(299): message : 参见“Ogre::SharedPtr<Ogre::Texture>”的声明
D:\ogre-git\ogre\ogre\OgreMain\include\OgreTextureManager.h(422,20): warning C4251: “Ogre::TextureManager::mDefaultSampler”: class“std::shared_ptr<Ogre::Sampler>”需要有 dll 接口由 class“Ogre::TextureManager”的客户端使用
D:\ogre-git\ogre\ogre\OgreMain\include\OgreTextureUnitState.h(225): message : 参见“std::shared_ptr<Ogre::Sampler>”的声明
D:\ogre-git\ogre\ogre\OgreMain\include\OgreTextureManager.h(423,38): warning C4251: “Ogre::TextureManager::mNamedSamplers”: class“std::map<Ogre::String,Ogre::SamplerPtr,std::less<Ogre::String>,std::allocator<std::pair<const Ogre::String,Ogre::SamplerPtr>>>”需要有 dll 接口由 class“Ogre::TextureManager”的客户端使用
D:\ogre-git\ogre\ogre\OgreMain\include\OgreTextureManager.h(423): message : 参见“std::map<Ogre::String,Ogre::SamplerPtr,std::less<Ogre::String>,std::allocator<std::pair<const Ogre::String,Ogre::SamplerPtr>>>”的声明
D:\ogre-git\ogre\ogre\OgreMain\include\OgreTimer.h(41,47): warning C4251: “Ogre::Timer::start”: class“std::chrono::time_point<std::chrono::steady_clock,std::chrono::nanoseconds>”需要有 dll 接口由 class“Ogre::Timer”的客户端使用
C:\Program Files (x86)\Microsoft Visual Studio\2019\Enterprise\VC\Tools\MSVC\14.29.30133\include\__msvc_chrono.hpp(666): message : 参见“std::chrono::time_point<std::chrono::steady_clock,std::chrono::nanoseconds>”的声明
D:\ogre-git\ogre\ogre\Components\Bites\include\OgreStaticPluginLoader.h(27,36): warning C4251: “OgreBites::StaticPluginLoader::mPlugins”: class“std::vector<Ogre::Plugin *,std::allocator<Ogre::Plugin *>>”需要有 dll 接口由 class“OgreBites::StaticPluginLoader”的客户端使用
D:\ogre-git\ogre\ogre\OgreMain\include\OgreRoot.h(79): message : 参见“std::vector<Ogre::Plugin *,std::allocator<Ogre::Plugin *>>”的声明
D:\ogre-git\ogre\ogre\Components\RTShaderSystem\include\OgreShaderProgramManager.h(161,25): warning C4251: “Ogre::RTShader::ProgramManager::mProgramProcessorsMap”: class“std::map<Ogre::String,Ogre::RTShader::ProgramProcessor *,std::less<Ogre::String>,std::allocator<std::pair<const Ogre::String,Ogre::RTShader::ProgramProcessor *>>>”需要有 dll 接口由 class“Ogre::RTShader::ProgramManager”的客户端使用
D:\ogre-git\ogre\ogre\Components\RTShaderSystem\include\OgreShaderProgramManager.h(105): message : 参见“std::map<Ogre::String,Ogre::RTShader::ProgramProcessor *,std::less<Ogre::String>,std::allocator<std::pair<const Ogre::String,Ogre::RTShader::ProgramProcessor *>>>”的声明
D:\ogre-git\ogre\ogre\Components\RTShaderSystem\include\OgreShaderProgramManager.h(163,32): warning C4251: “Ogre::RTShader::ProgramManager::mShaderList”: class“std::vector<Ogre::GpuProgramPtr,std::allocator<Ogre::GpuProgramPtr>>”需要有 dll 接口由 class“Ogre::RTShader::ProgramManager”的客户端使用
D:\ogre-git\ogre\ogre\Components\RTShaderSystem\include\OgreShaderProgramManager.h(163): message : 参见“std::vector<Ogre::GpuProgramPtr,std::allocator<Ogre::GpuProgramPtr>>”的声明
D:\ogre-git\ogre\ogre\Components\RTShaderSystem\include\OgreShaderProgramManager.h(165,26): warning C4251: “Ogre::RTShader::ProgramManager::mDefaultProgramProcessors”: class“std::vector<Ogre::RTShader::ProgramProcessor *,std::allocator<Ogre::RTShader::ProgramProcessor *>>”需要有 dll 接口由 class“Ogre::RTShader::ProgramManager”的客户端使用
D:\ogre-git\ogre\ogre\Components\RTShaderSystem\include\OgreShaderProgramManager.h(108): message : 参见“std::vector<Ogre::RTShader::ProgramProcessor *,std::allocator<Ogre::RTShader::ProgramProcessor *>>”的声明
D:\ogre-git\ogre\ogre\Components\RTShaderSystem\include\OgreShaderParameter.h(260,12): warning C4251: “Ogre::RTShader::Parameter::mName”: class“std::basic_string<char,std::char_traits<char>,std::allocator<char>>”需要有 dll 接口由 class“Ogre::RTShader::Parameter”的客户端使用
C:\Program Files (x86)\Microsoft Visual Studio\2019\Enterprise\VC\Tools\MSVC\14.29.30133\include\xstring(4871): message : 参见“std::basic_string<char,std::char_traits<char>,std::allocator<char>>”的声明
D:\ogre-git\ogre\ogre\Components\RTShaderSystem\include\OgreShaderParameter.h(263,12): warning C4251: “Ogre::RTShader::Parameter::mBindName”: class“std::basic_string<char,std::char_traits<char>,std::allocator<char>>”需要有 dll 接口由 class“Ogre::RTShader::Parameter”的客户端使用
C:\Program Files (x86)\Microsoft Visual Studio\2019\Enterprise\VC\Tools\MSVC\14.29.30133\include\xstring(4871): message : 参见“std::basic_string<char,std::char_traits<char>,std::allocator<char>>”的声明
D:\ogre-git\ogre\ogre\Components\RTShaderSystem\include\OgreShaderParameter.h(269,12): warning C4251: “Ogre::RTShader::Parameter::mStructType”: class“std::basic_string<char,std::char_traits<char>,std::allocator<char>>”需要有 dll 接口由 class“Ogre::RTShader::Parameter”的客户端使用
C:\Program Files (x86)\Microsoft Visual Studio\2019\Enterprise\VC\Tools\MSVC\14.29.30133\include\xstring(4871): message : 参见“std::basic_string<char,std::char_traits<char>,std::allocator<char>>”的声明
D:\ogre-git\ogre\ogre\Components\RTShaderSystem\include\OgreShaderParameter.h(339,43): warning C4267: “return”: 从“size_t”转换到“Ogre::uint32”，可能丢失数据
D:\ogre-git\ogre\ogre\Components\RTShaderSystem\include\OgreShaderProgramWriter.h(100,29): warning C4251: “Ogre::RTShader::ProgramWriter::mGpuConstTypeMap”: class“std::map<Ogre::GpuConstantType,const char *,std::less<Ogre::GpuConstantType>,std::allocator<std::pair<const Ogre::GpuConstantType,const char *>>>”需要有 dll 接口由 class“Ogre::RTShader::ProgramWriter”的客户端使用
D:\ogre-git\ogre\ogre\Components\RTShaderSystem\include\OgreShaderProgramWriter.h(97): message : 参见“std::map<Ogre::GpuConstantType,const char *,std::less<Ogre::GpuConstantType>,std::allocator<std::pair<const Ogre::GpuConstantType,const char *>>>”的声明
D:\ogre-git\ogre\ogre\Components\RTShaderSystem\include\OgreShaderProgramWriter.h(102,30): warning C4251: “Ogre::RTShader::ProgramWriter::mParamSemanticMap”: class“std::map<Ogre::RTShader::Parameter::Semantic,const char *,std::less<Ogre::RTShader::Parameter::Semantic>,std::allocator<std::pair<const Ogre::RTShader::Parameter::Semantic,const char *>>>”需要有 dll 接口由 class“Ogre::RTShader::ProgramWriter”的客户端使用
D:\ogre-git\ogre\ogre\Components\RTShaderSystem\include\OgreShaderProgramWriter.h(98): message : 参见“std::map<Ogre::RTShader::Parameter::Semantic,const char *,std::less<Ogre::RTShader::Parameter::Semantic>,std::allocator<std::pair<const Ogre::RTShader::Parameter::Semantic,const char *>>>”的声明
D:\ogre-git\ogre\ogre\Components\RTShaderSystem\include\OgreShaderProgramWriter.h(104,22): warning C4251: “Ogre::RTShader::ProgramWriter::mLocalRenames”: class“std::set<Ogre::String,std::less<Ogre::String>,std::allocator<Ogre::String>>”需要有 dll 接口由 class“Ogre::RTShader::ProgramWriter”的客户端使用
D:\ogre-git\ogre\ogre\OgreMain\include\OgreRenderSystemCapabilities.h(259): message : 参见“std::set<Ogre::String,std::less<Ogre::String>,std::allocator<Ogre::String>>”的声明
D:\ogre-git\ogre\ogre\Components\RTShaderSystem\include\OgreShaderSubRenderState.h(197,39): warning C4251: “Ogre::RTShader::SubRenderState::mThisAccessor”: class“Ogre::SharedPtr<Ogre::RTShader::SubRenderStateAccessor>”需要有 dll 接口由 class“Ogre::RTShader::SubRenderState”的客户端使用
D:\ogre-git\ogre\ogre\Components\RTShaderSystem\include\OgreShaderSubRenderState.h(43): message : 参见“Ogre::SharedPtr<Ogre::RTShader::SubRenderStateAccessor>”的声明
D:\ogre-git\ogre\ogre\Components\RTShaderSystem\include\OgreShaderSubRenderState.h(199,31): warning C4251: “Ogre::RTShader::SubRenderState::mOtherAccessor”: class“Ogre::SharedPtr<Ogre::RTShader::SubRenderStateAccessor>”需要有 dll 接口由 class“Ogre::RTShader::SubRenderState”的客户端使用
D:\ogre-git\ogre\ogre\Components\RTShaderSystem\include\OgreShaderSubRenderState.h(43): message : 参见“Ogre::SharedPtr<Ogre::RTShader::SubRenderStateAccessor>”的声明
D:\ogre-git\ogre\ogre\Components\RTShaderSystem\include\OgreShaderSubRenderState.h(254,31): warning C4251: “Ogre::RTShader::SubRenderStateAccessor::mSubRenderStateInstancesSet”: class“std::set<Ogre::RTShader::SubRenderState *,std::less<Ogre::RTShader::SubRenderState *>,std::allocator<Ogre::RTShader::SubRenderState *>>”需要有 dll 接口由 class“Ogre::RTShader::SubRenderStateAccessor”的客户端使用
D:\ogre-git\ogre\ogre\Components\RTShaderSystem\include\OgreShaderSubRenderState.h(207): message : 参见“std::set<Ogre::RTShader::SubRenderState *,std::less<Ogre::RTShader::SubRenderState *>,std::allocator<Ogre::RTShader::SubRenderState *>>”的声明
D:\ogre-git\ogre\ogre\Components\RTShaderSystem\include\OgreShaderSubRenderState.h(359,23): warning C4251: “Ogre::RTShader::SubRenderStateFactory::mSubRenderStateList”: class“std::set<Ogre::RTShader::SubRenderState *,std::less<Ogre::RTShader::SubRenderState *>,std::allocator<Ogre::RTShader::SubRenderState *>>”需要有 dll 接口由 class“Ogre::RTShader::SubRenderStateFactory”的客户端使用
D:\ogre-git\ogre\ogre\Components\RTShaderSystem\include\OgreShaderSubRenderState.h(207): message : 参见“std::set<Ogre::RTShader::SubRenderState *,std::less<Ogre::RTShader::SubRenderState *>,std::allocator<Ogre::RTShader::SubRenderState *>>”的声明
D:\ogre-git\ogre\ogre\Components\RTShaderSystem\include\OgreShaderProgramSet.h(69,30): warning C4251: “Ogre::RTShader::ProgramSet::mVSCpuProgram”: class“std::unique_ptr<Ogre::RTShader::Program,std::default_delete<Ogre::RTShader::Program>>”需要有 dll 接口由 class“Ogre::RTShader::ProgramSet”的客户端使用
D:\ogre-git\ogre\ogre\Components\RTShaderSystem\include\OgreShaderProgramSet.h(65): message : 参见“std::unique_ptr<Ogre::RTShader::Program,std::default_delete<Ogre::RTShader::Program>>”的声明
D:\ogre-git\ogre\ogre\Components\RTShaderSystem\include\OgreShaderProgramSet.h(71,30): warning C4251: “Ogre::RTShader::ProgramSet::mPSCpuProgram”: class“std::unique_ptr<Ogre::RTShader::Program,std::default_delete<Ogre::RTShader::Program>>”需要有 dll 接口由 class“Ogre::RTShader::ProgramSet”的客户端使用
D:\ogre-git\ogre\ogre\Components\RTShaderSystem\include\OgreShaderProgramSet.h(65): message : 参见“std::unique_ptr<Ogre::RTShader::Program,std::default_delete<Ogre::RTShader::Program>>”的声明
D:\ogre-git\ogre\ogre\Components\RTShaderSystem\include\OgreShaderProgramSet.h(73,19): warning C4251: “Ogre::RTShader::ProgramSet::mVSGpuProgram”: class“Ogre::SharedPtr<Ogre::GpuProgram>”需要有 dll 接口由 class“Ogre::RTShader::ProgramSet”的客户端使用
D:\ogre-git\ogre\ogre\OgreMain\include\OgrePrerequisites.h(282): message : 参见“Ogre::SharedPtr<Ogre::GpuProgram>”的声明
D:\ogre-git\ogre\ogre\Components\RTShaderSystem\include\OgreShaderProgramSet.h(75,19): warning C4251: “Ogre::RTShader::ProgramSet::mPSGpuProgram”: class“Ogre::SharedPtr<Ogre::GpuProgram>”需要有 dll 接口由 class“Ogre::RTShader::ProgramSet”的客户端使用
D:\ogre-git\ogre\ogre\OgreMain\include\OgrePrerequisites.h(282): message : 参见“Ogre::SharedPtr<Ogre::GpuProgram>”的声明
D:\ogre-git\ogre\ogre\Components\RTShaderSystem\include\OgreShaderRenderState.h(115,24): warning C4251: “Ogre::RTShader::RenderState::mSubRenderStateList”: class“std::vector<Ogre::RTShader::SubRenderState *,std::allocator<Ogre::RTShader::SubRenderState *>>”需要有 dll 接口由 class“Ogre::RTShader::RenderState”的客户端使用
D:\ogre-git\ogre\ogre\Components\RTShaderSystem\include\OgreShaderSubRenderState.h(203): message : 参见“std::vector<Ogre::RTShader::SubRenderState *,std::allocator<Ogre::RTShader::SubRenderState *>>”的声明
D:\ogre-git\ogre\ogre\Components\RTShaderSystem\include\OgreShaderRenderState.h(200,33): warning C4251: “Ogre::RTShader::TargetRenderState::mProgramSet”: class“std::unique_ptr<Ogre::RTShader::ProgramSet,std::default_delete<Ogre::RTShader::ProgramSet>>”需要有 dll 接口由 class“Ogre::RTShader::TargetRenderState”的客户端使用
D:\ogre-git\ogre\ogre\Components\RTShaderSystem\include\OgreShaderRenderState.h(200): message : 参见“std::unique_ptr<Ogre::RTShader::ProgramSet,std::default_delete<Ogre::RTShader::ProgramSet>>”的声明
D:\ogre-git\ogre\ogre\Components\RTShaderSystem\include\OgreShaderGenerator.h(449,19): warning C4251: “Ogre::RTShader::ShaderGenerator::DEFAULT_SCHEME_NAME”: class“std::basic_string<char,std::char_traits<char>,std::allocator<char>>”需要有 dll 接口由 class“Ogre::RTShader::ShaderGenerator”的客户端使用
C:\Program Files (x86)\Microsoft Visual Studio\2019\Enterprise\VC\Tools\MSVC\14.29.30133\include\xstring(4871): message : 参见“std::basic_string<char,std::char_traits<char>,std::allocator<char>>”的声明
D:\ogre-git\ogre\ogre\Components\RTShaderSystem\include\OgreShaderGenerator.h(586,23): warning C4251: “Ogre::RTShader::ShaderGenerator::SGTechnique::UserKey”: class“std::basic_string<char,std::char_traits<char>,std::allocator<char>>”需要有 dll 接口由 class“Ogre::RTShader::ShaderGenerator::SGTechnique”的客户端使用
C:\Program Files (x86)\Microsoft Visual Studio\2019\Enterprise\VC\Tools\MSVC\14.29.30133\include\xstring(4871): message : 参见“std::basic_string<char,std::char_traits<char>,std::allocator<char>>”的声明
D:\ogre-git\ogre\ogre\Components\RTShaderSystem\include\OgreShaderGenerator.h(609,20): warning C4251: “Ogre::RTShader::ShaderGenerator::SGTechnique::mPassEntries”: class“std::vector<Ogre::RTShader::ShaderGenerator::SGPass *,std::allocator<Ogre::RTShader::ShaderGenerator::SGPass *>>”需要有 dll 接口由 class“Ogre::RTShader::ShaderGenerator::SGTechnique”的客户端使用
D:\ogre-git\ogre\ogre\Components\RTShaderSystem\include\OgreShaderGenerator.h(467): message : 参见“std::vector<Ogre::RTShader::ShaderGenerator::SGPass *,std::allocator<Ogre::RTShader::ShaderGenerator::SGPass *>>”的声明
D:\ogre-git\ogre\ogre\Components\RTShaderSystem\include\OgreShaderGenerator.h(612,25): warning C4251: “Ogre::RTShader::ShaderGenerator::SGTechnique::mCustomRenderStates”: class“std::vector<Ogre::RTShader::RenderState *,std::allocator<Ogre::RTShader::RenderState *>>”需要有 dll 接口由 class“Ogre::RTShader::ShaderGenerator::SGTechnique”的客户端使用
D:\ogre-git\ogre\ogre\Components\RTShaderSystem\include\OgreShaderGenerator.h(611): message : 参见“std::vector<Ogre::RTShader::RenderState *,std::allocator<Ogre::RTShader::RenderState *>>”的声明
D:\ogre-git\ogre\ogre\Components\RTShaderSystem\include\OgreShaderGenerator.h(616,16): warning C4251: “Ogre::RTShader::ShaderGenerator::SGTechnique::mDstTechniqueSchemeName”: class“std::basic_string<char,std::char_traits<char>,std::allocator<char>>”需要有 dll 接口由 class“Ogre::RTShader::ShaderGenerator::SGTechnique”的客户端使用
C:\Program Files (x86)\Microsoft Visual Studio\2019\Enterprise\VC\Tools\MSVC\14.29.30133\include\xstring(4871): message : 参见“std::basic_string<char,std::char_traits<char>,std::allocator<char>>”的声明
D:\ogre-git\ogre\ogre\Components\RTShaderSystem\include\OgreShaderGenerator.h(644,16): warning C4251: “Ogre::RTShader::ShaderGenerator::SGMaterial::mName”: class“std::basic_string<char,std::char_traits<char>,std::allocator<char>>”需要有 dll 接口由 class“Ogre::RTShader::ShaderGenerator::SGMaterial”的客户端使用
C:\Program Files (x86)\Microsoft Visual Studio\2019\Enterprise\VC\Tools\MSVC\14.29.30133\include\xstring(4871): message : 参见“std::basic_string<char,std::char_traits<char>,std::allocator<char>>”的声明
D:\ogre-git\ogre\ogre\Components\RTShaderSystem\include\OgreShaderGenerator.h(646,16): warning C4251: “Ogre::RTShader::ShaderGenerator::SGMaterial::mGroup”: class“std::basic_string<char,std::char_traits<char>,std::allocator<char>>”需要有 dll 接口由 class“Ogre::RTShader::ShaderGenerator::SGMaterial”的客户端使用
C:\Program Files (x86)\Microsoft Visual Studio\2019\Enterprise\VC\Tools\MSVC\14.29.30133\include\xstring(4871): message : 参见“std::basic_string<char,std::char_traits<char>,std::allocator<char>>”的声明
D:\ogre-git\ogre\ogre\Components\RTShaderSystem\include\OgreShaderGenerator.h(648,25): warning C4251: “Ogre::RTShader::ShaderGenerator::SGMaterial::mTechniqueEntries”: class“std::vector<Ogre::RTShader::ShaderGenerator::SGTechnique *,std::allocator<Ogre::RTShader::ShaderGenerator::SGTechnique *>>”需要有 dll 接口由 class“Ogre::RTShader::ShaderGenerator::SGMaterial”的客户端使用
D:\ogre-git\ogre\ogre\Components\RTShaderSystem\include\OgreShaderGenerator.h(471): message : 参见“std::vector<Ogre::RTShader::ShaderGenerator::SGTechnique *,std::allocator<Ogre::RTShader::ShaderGenerator::SGTechnique *>>”的声明
D:\ogre-git\ogre\ogre\Components\RTShaderSystem\include\OgreShaderGenerator.h(721,16): warning C4251: “Ogre::RTShader::ShaderGenerator::SGScheme::mName”: class“std::basic_string<char,std::char_traits<char>,std::allocator<char>>”需要有 dll 接口由 class“Ogre::RTShader::ShaderGenerator::SGScheme”的客户端使用
C:\Program Files (x86)\Microsoft Visual Studio\2019\Enterprise\VC\Tools\MSVC\14.29.30133\include\xstring(4871): message : 参见“std::basic_string<char,std::char_traits<char>,std::allocator<char>>”的声明
D:\ogre-git\ogre\ogre\Components\RTShaderSystem\include\OgreShaderGenerator.h(723,25): warning C4251: “Ogre::RTShader::ShaderGenerator::SGScheme::mTechniqueEntries”: class“std::vector<Ogre::RTShader::ShaderGenerator::SGTechnique *,std::allocator<Ogre::RTShader::ShaderGenerator::SGTechnique *>>”需要有 dll 接口由 class“Ogre::RTShader::ShaderGenerator::SGScheme”的客户端使用
D:\ogre-git\ogre\ogre\Components\RTShaderSystem\include\OgreShaderGenerator.h(471): message : 参见“std::vector<Ogre::RTShader::ShaderGenerator::SGTechnique *,std::allocator<Ogre::RTShader::ShaderGenerator::SGTechnique *>>”的声明
D:\ogre-git\ogre\ogre\Components\RTShaderSystem\include\OgreShaderGenerator.h(727,38): warning C4251: “Ogre::RTShader::ShaderGenerator::SGScheme::mRenderState”: class“std::unique_ptr<Ogre::RTShader::RenderState,std::default_delete<Ogre::RTShader::RenderState>>”需要有 dll 接口由 class“Ogre::RTShader::ShaderGenerator::SGScheme”的客户端使用
D:\ogre-git\ogre\ogre\Components\RTShaderSystem\include\OgreShaderGenerator.h(727): message : 参见“std::unique_ptr<Ogre::RTShader::RenderState,std::default_delete<Ogre::RTShader::RenderState>>”的声明
D:\ogre-git\ogre\ogre\Components\RTShaderSystem\include\OgreShaderGenerator.h(818,21): warning C4251: “Ogre::RTShader::ShaderGenerator::mSceneManagerMap”: class“std::set<Ogre::SceneManager *,std::less<Ogre::SceneManager *>,std::allocator<Ogre::SceneManager *>>”需要有 dll 接口由 class“Ogre::RTShader::ShaderGenerator”的客户端使用
D:\ogre-git\ogre\ogre\Components\RTShaderSystem\include\OgreShaderGenerator.h(738): message : 参见“std::set<Ogre::SceneManager *,std::less<Ogre::SceneManager *>,std::allocator<Ogre::SceneManager *>>”的声明
D:\ogre-git\ogre\ogre\Components\RTShaderSystem\include\OgreShaderGenerator.h(820,45): warning C4251: “Ogre::RTShader::ShaderGenerator::mRenderObjectListener”: class“std::unique_ptr<Ogre::RTShader::SGRenderObjectListener,std::default_delete<Ogre::RTShader::SGRenderObjectListener>>”需要有 dll 接口由 class“Ogre::RTShader::ShaderGenerator”的客户端使用
D:\ogre-git\ogre\ogre\Components\RTShaderSystem\include\OgreShaderGenerator.h(820): message : 参见“std::unique_ptr<Ogre::RTShader::SGRenderObjectListener,std::default_delete<Ogre::RTShader::SGRenderObjectListener>>”的声明
D:\ogre-git\ogre\ogre\Components\RTShaderSystem\include\OgreShaderGenerator.h(822,45): warning C4251: “Ogre::RTShader::ShaderGenerator::mSceneManagerListener”: class“std::unique_ptr<Ogre::RTShader::SGSceneManagerListener,std::default_delete<Ogre::RTShader::SGSceneManagerListener>>”需要有 dll 接口由 class“Ogre::RTShader::ShaderGenerator”的客户端使用
D:\ogre-git\ogre\ogre\Components\RTShaderSystem\include\OgreShaderGenerator.h(822): message : 参见“std::unique_ptr<Ogre::RTShader::SGSceneManagerListener,std::default_delete<Ogre::RTShader::SGSceneManagerListener>>”的声明
D:\ogre-git\ogre\ogre\Components\RTShaderSystem\include\OgreShaderGenerator.h(824,48): warning C4251: “Ogre::RTShader::ShaderGenerator::mScriptTranslatorManager”: class“std::unique_ptr<Ogre::RTShader::SGScriptTranslatorManager,std::default_delete<Ogre::RTShader::SGScriptTranslatorManager>>”需要有 dll 接口由 class“Ogre::RTShader::ShaderGenerator”的客户端使用
D:\ogre-git\ogre\ogre\Components\RTShaderSystem\include\OgreShaderGenerator.h(824): message : 参见“std::unique_ptr<Ogre::RTShader::SGScriptTranslatorManager,std::default_delete<Ogre::RTShader::SGScriptTranslatorManager>>”的声明
D:\ogre-git\ogre\ogre\Components\RTShaderSystem\include\OgreShaderGenerator.h(826,51): warning C4251: “Ogre::RTShader::ShaderGenerator::mMaterialSerializerListener”: class“std::unique_ptr<Ogre::RTShader::SGMaterialSerializerListener,std::default_delete<Ogre::RTShader::SGMaterialSerializerListener>>”需要有 dll 接口由 class“Ogre::RTShader::ShaderGenerator”的客户端使用
D:\ogre-git\ogre\ogre\Components\RTShaderSystem\include\OgreShaderGenerator.h(826): message : 参见“std::unique_ptr<Ogre::RTShader::SGMaterialSerializerListener,std::default_delete<Ogre::RTShader::SGMaterialSerializerListener>>”的声明
D:\ogre-git\ogre\ogre\Components\RTShaderSystem\include\OgreShaderGenerator.h(828,46): warning C4251: “Ogre::RTShader::ShaderGenerator::mResourceGroupListener”: class“std::unique_ptr<Ogre::RTShader::SGResourceGroupListener,std::default_delete<Ogre::RTShader::SGResourceGroupListener>>”需要有 dll 接口由 class“Ogre::RTShader::ShaderGenerator”的客户端使用
D:\ogre-git\ogre\ogre\Components\RTShaderSystem\include\OgreShaderGenerator.h(828): message : 参见“std::unique_ptr<Ogre::RTShader::SGResourceGroupListener,std::default_delete<Ogre::RTShader::SGResourceGroupListener>>”的声明
D:\ogre-git\ogre\ogre\Components\RTShaderSystem\include\OgreShaderGenerator.h(832,12): warning C4251: “Ogre::RTShader::ShaderGenerator::mShaderLanguage”: class“std::basic_string<char,std::char_traits<char>,std::allocator<char>>”需要有 dll 接口由 class“Ogre::RTShader::ShaderGenerator”的客户端使用
C:\Program Files (x86)\Microsoft Visual Studio\2019\Enterprise\VC\Tools\MSVC\14.29.30133\include\xstring(4871): message : 参见“std::basic_string<char,std::char_traits<char>,std::allocator<char>>”的声明
D:\ogre-git\ogre\ogre\Components\RTShaderSystem\include\OgreShaderGenerator.h(834,12): warning C4251: “Ogre::RTShader::ShaderGenerator::mVertexShaderProfiles”: class“std::basic_string<char,std::char_traits<char>,std::allocator<char>>”需要有 dll 接口由 class“Ogre::RTShader::ShaderGenerator”的客户端使用
C:\Program Files (x86)\Microsoft Visual Studio\2019\Enterprise\VC\Tools\MSVC\14.29.30133\include\xstring(4871): message : 参见“std::basic_string<char,std::char_traits<char>,std::allocator<char>>”的声明
D:\ogre-git\ogre\ogre\Components\RTShaderSystem\include\OgreShaderGenerator.h(836,12): warning C4251: “Ogre::RTShader::ShaderGenerator::mFragmentShaderProfiles”: class“std::basic_string<char,std::char_traits<char>,std::allocator<char>>”需要有 dll 接口由 class“Ogre::RTShader::ShaderGenerator”的客户端使用
C:\Program Files (x86)\Microsoft Visual Studio\2019\Enterprise\VC\Tools\MSVC\14.29.30133\include\xstring(4871): message : 参见“std::basic_string<char,std::char_traits<char>,std::allocator<char>>”的声明
D:\ogre-git\ogre\ogre\Components\RTShaderSystem\include\OgreShaderGenerator.h(838,12): warning C4251: “Ogre::RTShader::ShaderGenerator::mShaderCachePath”: class“std::basic_string<char,std::char_traits<char>,std::allocator<char>>”需要有 dll 接口由 class“Ogre::RTShader::ShaderGenerator”的客户端使用
C:\Program Files (x86)\Microsoft Visual Studio\2019\Enterprise\VC\Tools\MSVC\14.29.30133\include\xstring(4871): message : 参见“std::basic_string<char,std::char_traits<char>,std::allocator<char>>”的声明
D:\ogre-git\ogre\ogre\Components\RTShaderSystem\include\OgreShaderGenerator.h(840,37): warning C4251: “Ogre::RTShader::ShaderGenerator::mProgramManager”: class“std::unique_ptr<Ogre::RTShader::ProgramManager,std::default_delete<Ogre::RTShader::ProgramManager>>”需要有 dll 接口由 class“Ogre::RTShader::ShaderGenerator”的客户端使用
D:\ogre-git\ogre\ogre\Components\RTShaderSystem\include\OgreShaderGenerator.h(840): message : 参见“std::unique_ptr<Ogre::RTShader::ProgramManager,std::default_delete<Ogre::RTShader::ProgramManager>>”的声明
D:\ogre-git\ogre\ogre\Components\RTShaderSystem\include\OgreShaderGenerator.h(842,43): warning C4251: “Ogre::RTShader::ShaderGenerator::mProgramWriterManager”: class“std::unique_ptr<Ogre::RTShader::ProgramWriterManager,std::default_delete<Ogre::RTShader::ProgramWriterManager>>”需要有 dll 接口由 class“Ogre::RTShader::ShaderGenerator”的客户端使用
D:\ogre-git\ogre\ogre\Components\RTShaderSystem\include\OgreShaderGenerator.h(842): message : 参见“std::unique_ptr<Ogre::RTShader::ProgramWriterManager,std::default_delete<Ogre::RTShader::ProgramWriterManager>>”的声明
D:\ogre-git\ogre\ogre\Components\RTShaderSystem\include\OgreShaderGenerator.h(846,19): warning C4251: “Ogre::RTShader::ShaderGenerator::mMaterialEntriesMap”: class“std::map<Ogre::RTShader::ShaderGenerator::MatGroupPair,Ogre::RTShader::ShaderGenerator::SGMaterial *,Ogre::RTShader::ShaderGenerator::MatGroupPair_less,std::allocator<std::pair<const Ogre::RTShader::ShaderGenerator::MatGroupPair,Ogre::RTShader::ShaderGenerator::SGMaterial *>>>”需要有 dll 接口由 class“Ogre::RTShader::ShaderGenerator”的客户端使用
D:\ogre-git\ogre\ogre\Components\RTShaderSystem\include\OgreShaderGenerator.h(478): message : 参见“std::map<Ogre::RTShader::ShaderGenerator::MatGroupPair,Ogre::RTShader::ShaderGenerator::SGMaterial *,Ogre::RTShader::ShaderGenerator::MatGroupPair_less,std::allocator<std::pair<const Ogre::RTShader::ShaderGenerator::MatGroupPair,Ogre::RTShader::ShaderGenerator::SGMaterial *>>>”的声明
D:\ogre-git\ogre\ogre\Components\RTShaderSystem\include\OgreShaderGenerator.h(848,17): warning C4251: “Ogre::RTShader::ShaderGenerator::mSchemeEntriesMap”: class“std::map<Ogre::String,Ogre::RTShader::ShaderGenerator::SGScheme *,std::less<Ogre::String>,std::allocator<std::pair<const Ogre::String,Ogre::RTShader::ShaderGenerator::SGScheme *>>>”需要有 dll 接口由 class“Ogre::RTShader::ShaderGenerator”的客户端使用
D:\ogre-git\ogre\ogre\Components\RTShaderSystem\include\OgreShaderGenerator.h(482): message : 参见“std::map<Ogre::String,Ogre::RTShader::ShaderGenerator::SGScheme *,std::less<Ogre::String>,std::allocator<std::pair<const Ogre::String,Ogre::RTShader::ShaderGenerator::SGScheme *>>>”的声明
D:\ogre-git\ogre\ogre\Components\RTShaderSystem\include\OgreShaderGenerator.h(850,20): warning C4251: “Ogre::RTShader::ShaderGenerator::mTechniqueEntriesMap”: class“std::map<Ogre::RTShader::ShaderGenerator::SGTechnique *,Ogre::RTShader::ShaderGenerator::SGTechnique *,std::less<Ogre::RTShader::ShaderGenerator::SGTechnique *>,std::allocator<std::pair<Ogre::RTShader::ShaderGenerator::SGTechnique *const ,Ogre::RTShader::ShaderGenerator::SGTechnique *>>>”需要有 dll 接口由 class“Ogre::RTShader::ShaderGenerator”的客户端使用
D:\ogre-git\ogre\ogre\Components\RTShaderSystem\include\OgreShaderGenerator.h(475): message : 参见“std::map<Ogre::RTShader::ShaderGenerator::SGTechnique *,Ogre::RTShader::ShaderGenerator::SGTechnique *,std::less<Ogre::RTShader::ShaderGenerator::SGTechnique *>,std::allocator<std::pair<Ogre::RTShader::ShaderGenerator::SGTechnique *const ,Ogre::RTShader::ShaderGenerator::SGTechnique *>>>”的声明
D:\ogre-git\ogre\ogre\Components\RTShaderSystem\include\OgreShaderGenerator.h(852,30): warning C4251: “Ogre::RTShader::ShaderGenerator::mSubRenderStateFactories”: class“std::map<Ogre::String,Ogre::RTShader::SubRenderStateFactory *,std::less<Ogre::String>,std::allocator<std::pair<const Ogre::String,Ogre::RTShader::SubRenderStateFactory *>>>”需要有 dll 接口由 class“Ogre::RTShader::ShaderGenerator”的客户端使用
D:\ogre-git\ogre\ogre\Components\RTShaderSystem\include\OgreShaderGenerator.h(733): message : 参见“std::map<Ogre::String,Ogre::RTShader::SubRenderStateFactory *,std::less<Ogre::String>,std::allocator<std::pair<const Ogre::String,Ogre::RTShader::SubRenderStateFactory *>>>”的声明
D:\ogre-git\ogre\ogre\Components\RTShaderSystem\include\OgreShaderGenerator.h(854,41): warning C4251: “Ogre::RTShader::ShaderGenerator::mBuiltinSRSFactories”: class“std::vector<Ogre::RTShader::SubRenderStateFactory *,std::allocator<Ogre::RTShader::SubRenderStateFactory *>>”需要有 dll 接口由 class“Ogre::RTShader::ShaderGenerator”的客户端使用
D:\ogre-git\ogre\ogre\Components\RTShaderSystem\include\OgreShaderGenerator.h(854): message : 参见“std::vector<Ogre::RTShader::SubRenderStateFactory *,std::allocator<Ogre::RTShader::SubRenderStateFactory *>>”的声明
D:\ogre-git\ogre\ogre\Components\RTShaderSystem\include\OgreShaderFunctionAtom.h(145,18): warning C4251: “Ogre::RTShader::Operand::mParameter”: class“std::shared_ptr<Ogre::RTShader::Parameter>”需要有 dll 接口由 class“Ogre::RTShader::Operand”的客户端使用
D:\ogre-git\ogre\ogre\Components\RTShaderSystem\include\OgreShaderPrerequisites.h(70): message : 参见“std::shared_ptr<Ogre::RTShader::Parameter>”的声明
D:\ogre-git\ogre\ogre\Components\RTShaderSystem\include\OgreShaderFunctionAtom.h(185,60): warning C4244: “参数”: 从“int”转换到“float”，可能丢失数据
D:\ogre-git\ogre\ogre\Components\RTShaderSystem\include\OgreShaderFunctionAtom.h(227,19): warning C4251: “Ogre::RTShader::FunctionAtom::mOperands”: class“std::vector<Ogre::RTShader::Operand,std::allocator<Ogre::RTShader::Operand>>”需要有 dll 接口由 class“Ogre::RTShader::FunctionAtom”的客户端使用
D:\ogre-git\ogre\ogre\Components\RTShaderSystem\include\OgreShaderFunctionAtom.h(194): message : 参见“std::vector<Ogre::RTShader::Operand,std::allocator<Ogre::RTShader::Operand>>”的声明
D:\ogre-git\ogre\ogre\Components\RTShaderSystem\include\OgreShaderFunctionAtom.h(228,12): warning C4251: “Ogre::RTShader::FunctionAtom::mFunctionName”: class“std::basic_string<char,std::char_traits<char>,std::allocator<char>>”需要有 dll 接口由 class“Ogre::RTShader::FunctionAtom”的客户端使用
C:\Program Files (x86)\Microsoft Visual Studio\2019\Enterprise\VC\Tools\MSVC\14.29.30133\include\xstring(4871): message : 参见“std::basic_string<char,std::char_traits<char>,std::allocator<char>>”的声明
D:\ogre-git\ogre\ogre\Components\RTShaderSystem\include\OgreShaderFunctionAtom.h(286,12): warning C4251: “Ogre::RTShader::FunctionInvocation::mReturnType”: class“std::basic_string<char,std::char_traits<char>,std::allocator<char>>”需要有 dll 接口由 class“Ogre::RTShader::FunctionInvocation”的客户端使用
C:\Program Files (x86)\Microsoft Visual Studio\2019\Enterprise\VC\Tools\MSVC\14.29.30133\include\xstring(4871): message : 参见“std::basic_string<char,std::char_traits<char>,std::allocator<char>>”的声明
D:\ogre-git\ogre\ogre\Components\RTShaderSystem\include\OgreShaderFunction.h(276,25): warning C4251: “Ogre::RTShader::Function::mInputParameters”: class“std::vector<Ogre::RTShader::ParameterPtr,std::allocator<Ogre::RTShader::ParameterPtr>>”需要有 dll 接口由 class“Ogre::RTShader::Function”的客户端使用
D:\ogre-git\ogre\ogre\Components\RTShaderSystem\include\OgreShaderPrerequisites.h(72): message : 参见“std::vector<Ogre::RTShader::ParameterPtr,std::allocator<Ogre::RTShader::ParameterPtr>>”的声明
D:\ogre-git\ogre\ogre\Components\RTShaderSystem\include\OgreShaderFunction.h(278,25): warning C4251: “Ogre::RTShader::Function::mOutputParameters”: class“std::vector<Ogre::RTShader::ParameterPtr,std::allocator<Ogre::RTShader::ParameterPtr>>”需要有 dll 接口由 class“Ogre::RTShader::Function”的客户端使用
D:\ogre-git\ogre\ogre\Components\RTShaderSystem\include\OgreShaderPrerequisites.h(72): message : 参见“std::vector<Ogre::RTShader::ParameterPtr,std::allocator<Ogre::RTShader::ParameterPtr>>”的声明
D:\ogre-git\ogre\ogre\Components\RTShaderSystem\include\OgreShaderFunction.h(280,25): warning C4251: “Ogre::RTShader::Function::mLocalParameters”: class“std::vector<Ogre::RTShader::ParameterPtr,std::allocator<Ogre::RTShader::ParameterPtr>>”需要有 dll 接口由 class“Ogre::RTShader::Function”的客户端使用
D:\ogre-git\ogre\ogre\Components\RTShaderSystem\include\OgreShaderPrerequisites.h(72): message : 参见“std::vector<Ogre::RTShader::ParameterPtr,std::allocator<Ogre::RTShader::ParameterPtr>>”的声明
D:\ogre-git\ogre\ogre\Components\RTShaderSystem\include\OgreShaderFunction.h(282,48): warning C4251: “Ogre::RTShader::Function::mAtomInstances”: class“std::map<size_t,Ogre::RTShader::FunctionAtomInstanceList,std::less<size_t>,std::allocator<std::pair<const size_t,Ogre::RTShader::FunctionAtomInstanceList>>>”需要有 dll 接口由 class“Ogre::RTShader::Function”的客户端使用
D:\ogre-git\ogre\ogre\Components\RTShaderSystem\include\OgreShaderFunction.h(282): message : 参见“std::map<size_t,Ogre::RTShader::FunctionAtomInstanceList,std::less<size_t>,std::allocator<std::pair<const size_t,Ogre::RTShader::FunctionAtomInstanceList>>>”的声明
D:\ogre-git\ogre\ogre\Components\RTShaderSystem\include\OgreShaderFunction.h(283,30): warning C4251: “Ogre::RTShader::Function::mSortedAtomInstances”: class“std::vector<Ogre::RTShader::FunctionAtom *,std::allocator<Ogre::RTShader::FunctionAtom *>>”需要有 dll 接口由 class“Ogre::RTShader::Function”的客户端使用
D:\ogre-git\ogre\ogre\Components\RTShaderSystem\include\OgreShaderFunctionAtom.h(330): message : 参见“std::vector<Ogre::RTShader::FunctionAtom *,std::allocator<Ogre::RTShader::FunctionAtom *>>”的声明
D:\ogre-git\ogre\ogre\Components\RTShaderSystem\include\OgreShaderFFPTexturing.h(82,19): warning C4251: “Ogre::RTShader::FFPTexturing::Type”: class“std::basic_string<char,std::char_traits<char>,std::allocator<char>>”需要有 dll 接口由 class“Ogre::RTShader::FFPTexturing”的客户端使用
C:\Program Files (x86)\Microsoft Visual Studio\2019\Enterprise\VC\Tools\MSVC\14.29.30133\include\xstring(4871): message : 参见“std::basic_string<char,std::char_traits<char>,std::allocator<char>>”的声明
D:\ogre-git\ogre\ogre\Components\RTShaderSystem\include\OgreShaderFFPTexturing.h(196,27): warning C4251: “Ogre::RTShader::FFPTexturing::mTextureUnitParamsList”: class“std::vector<Ogre::RTShader::FFPTexturing::TextureUnitParams,std::allocator<Ogre::RTShader::FFPTexturing::TextureUnitParams>>”需要有 dll 接口由 class“Ogre::RTShader::FFPTexturing”的客户端使用
D:\ogre-git\ogre\ogre\Components\RTShaderSystem\include\OgreShaderFFPTexturing.h(116): message : 参见“std::vector<Ogre::RTShader::FFPTexturing::TextureUnitParams,std::allocator<Ogre::RTShader::FFPTexturing::TextureUnitParams>>”的声明
D:\ogre-git\ogre\ogre\Components\RTShaderSystem\include\OgreShaderFFPTexturing.h(198,25): warning C4251: “Ogre::RTShader::FFPTexturing::mWorldMatrix”: class“std::shared_ptr<Ogre::RTShader::UniformParameter>”需要有 dll 接口由 class“Ogre::RTShader::FFPTexturing”的客户端使用
D:\ogre-git\ogre\ogre\Components\RTShaderSystem\include\OgreShaderPrerequisites.h(71): message : 参见“std::shared_ptr<Ogre::RTShader::UniformParameter>”的声明
D:\ogre-git\ogre\ogre\Components\RTShaderSystem\include\OgreShaderFFPTexturing.h(200,25): warning C4251: “Ogre::RTShader::FFPTexturing::mWorldITMatrix”: class“std::shared_ptr<Ogre::RTShader::UniformParameter>”需要有 dll 接口由 class“Ogre::RTShader::FFPTexturing”的客户端使用
D:\ogre-git\ogre\ogre\Components\RTShaderSystem\include\OgreShaderPrerequisites.h(71): message : 参见“std::shared_ptr<Ogre::RTShader::UniformParameter>”的声明
D:\ogre-git\ogre\ogre\Components\RTShaderSystem\include\OgreShaderFFPTexturing.h(202,25): warning C4251: “Ogre::RTShader::FFPTexturing::mViewMatrix”: class“std::shared_ptr<Ogre::RTShader::UniformParameter>”需要有 dll 接口由 class“Ogre::RTShader::FFPTexturing”的客户端使用
D:\ogre-git\ogre\ogre\Components\RTShaderSystem\include\OgreShaderPrerequisites.h(71): message : 参见“std::shared_ptr<Ogre::RTShader::UniformParameter>”的声明
D:\ogre-git\ogre\ogre\Components\RTShaderSystem\include\OgreShaderFFPTexturing.h(204,18): warning C4251: “Ogre::RTShader::FFPTexturing::mVSInputNormal”: class“std::shared_ptr<Ogre::RTShader::Parameter>”需要有 dll 接口由 class“Ogre::RTShader::FFPTexturing”的客户端使用
D:\ogre-git\ogre\ogre\Components\RTShaderSystem\include\OgreShaderPrerequisites.h(70): message : 参见“std::shared_ptr<Ogre::RTShader::Parameter>”的声明
D:\ogre-git\ogre\ogre\Components\RTShaderSystem\include\OgreShaderFFPTexturing.h(206,18): warning C4251: “Ogre::RTShader::FFPTexturing::mVSInputPos”: class“std::shared_ptr<Ogre::RTShader::Parameter>”需要有 dll 接口由 class“Ogre::RTShader::FFPTexturing”的客户端使用
D:\ogre-git\ogre\ogre\Components\RTShaderSystem\include\OgreShaderPrerequisites.h(70): message : 参见“std::shared_ptr<Ogre::RTShader::Parameter>”的声明
D:\ogre-git\ogre\ogre\Components\RTShaderSystem\include\OgreShaderFFPTexturing.h(209,18): warning C4251: “Ogre::RTShader::FFPTexturing::mPSOutDiffuse”: class“std::shared_ptr<Ogre::RTShader::Parameter>”需要有 dll 接口由 class“Ogre::RTShader::FFPTexturing”的客户端使用
D:\ogre-git\ogre\ogre\Components\RTShaderSystem\include\OgreShaderPrerequisites.h(70): message : 参见“std::shared_ptr<Ogre::RTShader::Parameter>”的声明
D:\ogre-git\ogre\ogre\Components\RTShaderSystem\include\OgreShaderFFPTexturing.h(212,18): warning C4251: “Ogre::RTShader::FFPTexturing::mPSDiffuse”: class“std::shared_ptr<Ogre::RTShader::Parameter>”需要有 dll 接口由 class“Ogre::RTShader::FFPTexturing”的客户端使用
D:\ogre-git\ogre\ogre\Components\RTShaderSystem\include\OgreShaderPrerequisites.h(70): message : 参见“std::shared_ptr<Ogre::RTShader::Parameter>”的声明
D:\ogre-git\ogre\ogre\Components\RTShaderSystem\include\OgreShaderFFPTexturing.h(214,18): warning C4251: “Ogre::RTShader::FFPTexturing::mPSSpecular”: class“std::shared_ptr<Ogre::RTShader::Parameter>”需要有 dll 接口由 class“Ogre::RTShader::FFPTexturing”的客户端使用
D:\ogre-git\ogre\ogre\Components\RTShaderSystem\include\OgreShaderPrerequisites.h(70): message : 参见“std::shared_ptr<Ogre::RTShader::Parameter>”的声明
D:\ogre-git\ogre\ogre\Components\RTShaderSystem\include\OgreShaderExLayeredBlending.h(90,19): warning C4251: “Ogre::RTShader::LayeredBlending::Type”: class“std::basic_string<char,std::char_traits<char>,std::allocator<char>>”需要有 dll 接口由 class“Ogre::RTShader::LayeredBlending”的客户端使用
C:\Program Files (x86)\Microsoft Visual Studio\2019\Enterprise\VC\Tools\MSVC\14.29.30133\include\xstring(4871): message : 参见“std::basic_string<char,std::char_traits<char>,std::allocator<char>>”的声明
D:\ogre-git\ogre\ogre\Components\RTShaderSystem\include\OgreShaderExLayeredBlending.h(136,31): warning C4251: “Ogre::RTShader::LayeredBlending::mTextureBlends”: class“std::vector<Ogre::RTShader::LayeredBlending::TextureBlend,std::allocator<Ogre::RTShader::LayeredBlending::TextureBlend>>”需要有 dll 接口由 class“Ogre::RTShader::LayeredBlending”的客户端使用
D:\ogre-git\ogre\ogre\Components\RTShaderSystem\include\OgreShaderExLayeredBlending.h(136): message : 参见“std::vector<Ogre::RTShader::LayeredBlending::TextureBlend,std::allocator<Ogre::RTShader::LayeredBlending::TextureBlend>>”的声明
D:\ogre-git\ogre\ogre\Components\Bites\include\OgreSGTechniqueResolverListener.h(46,93): warning C4275: 非 dll 接口 class“Ogre::MaterialManager::Listener”用作 dll 接口 class“OgreBites::SGTechniqueResolverListener”的基
D:\ogre-git\ogre\ogre\OgreMain\include\OgreMaterialManager.h(82): message : 参见“Ogre::MaterialManager::Listener”的声明
D:\ogre-git\ogre\ogre\Components\Bites\include\OgreSGTechniqueResolverListener.h(46): message : 参见“OgreBites::SGTechniqueResolverListener”的声明
D:\ogre-git\ogre\ogre\Components\Bites\include\OgreInput.h(200,33): warning C4251: “OgreBites::InputListenerChain::mListenerChain”: class“std::vector<OgreBites::InputListener *,std::allocator<OgreBites::InputListener *>>”需要有 dll 接口由 class“OgreBites::InputListenerChain”的客户端使用
D:\ogre-git\ogre\ogre\Components\Bites\include\OgreInput.h(200): message : 参见“std::vector<OgreBites::InputListener *,std::allocator<OgreBites::InputListener *>>”的声明
D:\ogre-git\ogre\ogre\Components\Bites\include\OgreApplicationContextBase.h(298,22): warning C4251: “OgreBites::ApplicationContextBase::mNextRenderer”: class“std::basic_string<char,std::char_traits<char>,std::allocator<char>>”需要有 dll 接口由 class“OgreBites::ApplicationContextBase”的客户端使用
C:\Program Files (x86)\Microsoft Visual Studio\2019\Enterprise\VC\Tools\MSVC\14.29.30133\include\xstring(4871): message : 参见“std::basic_string<char,std::char_traits<char>,std::allocator<char>>”的声明
D:\ogre-git\ogre\ogre\Components\Bites\include\OgreApplicationContextBase.h(299,22): warning C4251: “OgreBites::ApplicationContextBase::mAppName”: class“std::basic_string<char,std::char_traits<char>,std::allocator<char>>”需要有 dll 接口由 class“OgreBites::ApplicationContextBase”的客户端使用
C:\Program Files (x86)\Microsoft Visual Studio\2019\Enterprise\VC\Tools\MSVC\14.29.30133\include\xstring(4871): message : 参见“std::basic_string<char,std::char_traits<char>,std::allocator<char>>”的声明
D:\ogre-git\ogre\ogre\Components\Bites\include\OgreApplicationContextBase.h(302,20): warning C4251: “OgreBites::ApplicationContextBase::mWindows”: class“std::vector<OgreBites::NativeWindowPair,std::allocator<OgreBites::NativeWindowPair>>”需要有 dll 接口由 class“OgreBites::ApplicationContextBase”的客户端使用
D:\ogre-git\ogre\ogre\Components\Bites\include\OgreApplicationContextBase.h(301): message : 参见“std::vector<OgreBites::NativeWindowPair,std::allocator<OgreBites::NativeWindowPair>>”的声明
D:\ogre-git\ogre\ogre\Components\Bites\include\OgreApplicationContextBase.h(305,27): warning C4251: “OgreBites::ApplicationContextBase::mInputListeners”: class“std::set<std::pair<uint32_t,OgreBites::InputListener *>,std::less<std::pair<uint32_t,OgreBites::InputListener *>>,std::allocator<std::pair<uint32_t,OgreBites::InputListener *>>>”需要有 dll 接口由 class“OgreBites::ApplicationContextBase”的客户端使用
D:\ogre-git\ogre\ogre\Components\Bites\include\OgreApplicationContextBase.h(304): message : 参见“std::set<std::pair<uint32_t,OgreBites::InputListener *>,std::less<std::pair<uint32_t,OgreBites::InputListener *>>,std::allocator<std::pair<uint32_t,OgreBites::InputListener *>>>”的声明
D:\ogre-git\ogre\ogre\Components\Bites\include\OgreCameraMan.h(165,23): warning C4251: “OgreBites::CameraMan::mVelocity”: class“Ogre::Vector<3,Ogre::Real>”需要有 dll 接口由 class“OgreBites::CameraMan”的客户端使用
D:\ogre-git\ogre\ogre\OgreMain\include\OgrePrerequisites.h(252): message : 参见“Ogre::Vector<3,Ogre::Real>”的声明
D:\ogre-git\ogre\ogre\Components\Bites\include\OgreCameraMan.h(173,23): warning C4251: “OgreBites::CameraMan::mOffset”: class“Ogre::Vector<3,Ogre::Real>”需要有 dll 接口由 class“OgreBites::CameraMan”的客户端使用
D:\ogre-git\ogre\ogre\OgreMain\include\OgrePrerequisites.h(252): message : 参见“Ogre::Vector<3,Ogre::Real>”的声明
D:\ogre-git\ogre\ogre\builds\Samples\FirstScene\FirstScene.cpp(163,61): warning C4305: “参数”: 从“double”到“float”截断
D:\ogre-git\ogre\ogre\builds\Samples\FirstScene\FirstScene.cpp(164,62): warning C4305: “参数”: 从“double”到“float”截断
D:\ogre-git\ogre\ogre\builds\Samples\FirstScene\FirstScene.cpp(179,47): warning C4305: “参数”: 从“double”到“float”截断
D:\ogre-git\ogre\ogre\builds\Samples\FirstScene\FirstScene.cpp(180,48): warning C4305: “参数”: 从“double”到“float”截断
  FirstScene.vcxproj -> D:\ogre-git\ogre\ogre\builds\bin\Debug\FirstScene_d.exe
