  main.cpp
D:\ogre-git\ogre\ogre\OgreMain\include\OgreCommon.h(1,1): warning C4819: 该文件包含不能在当前代码页(936)中表示的字符。请将该文件保存为 Unicode 格式以防止数据丢失
D:\ogre-git\ogre\ogre\OgreMain\include\OgreGpuProgramParams.h(678,1): warning C4819: 该文件包含不能在当前代码页(936)中表示的字符。请将该文件保存为 Unicode 格式以防止数据丢失
D:\ogre-git\ogre\ogre\Components\RTShaderSystem\include\OgreShaderParameter.h(339,43): warning C4267: “return”: 从“size_t”转换到“Ogre::uint32”，可能丢失数据
D:\ogre-git\ogre\ogre\OgreMain\include\OgrePass.h(643,1): warning C4819: 该文件包含不能在当前代码页(936)中表示的字符。请将该文件保存为 Unicode 格式以防止数据丢失
D:\ogre-git\ogre\ogre\Components\RTShaderSystem\include\OgreShaderFunctionAtom.h(185,60): warning C4244: “参数”: 从“int”转换到“float”，可能丢失数据
D:\ogre-git\ogre\ogre\OgreMain\include\OgreWorkQueue.h(194,91): warning C4244: “参数”: 从“Ogre::uint64”转换到“unsigned long”，可能丢失数据
D:\ogre-git\ogre\ogre\Samples\Common\include\SdkSample.h(136,29): warning C4244: “=”: 从“float”转换到“int”，可能丢失数据
D:\ogre-git\ogre\ogre\Samples\Common\include\SdkSample.h(137,29): warning C4244: “=”: 从“float”转换到“int”，可能丢失数据
D:\ogre-git\ogre\ogre\Samples\Browser\include\SampleBrowser.h(187,117): warning C4244: “=”: 从“int”转换到“Ogre::Real”，可能丢失数据
D:\ogre-git\ogre\ogre\Samples\Browser\include\SampleBrowser.h(188,105): warning C4244: “参数”: 从“double”转换到“T”，可能丢失数据
          with
          [
              T=float
          ]
D:\ogre-git\ogre\ogre\Samples\Browser\include\SampleBrowser.h(196,38): warning C4244: “初始化”: 从“double”转换到“Ogre::Real”，可能丢失数据
D:\ogre-git\ogre\ogre\Samples\Browser\include\SampleBrowser.h(205,37): warning C4244: “初始化”: 从“double”转换到“Ogre::Real”，可能丢失数据
D:\ogre-git\ogre\ogre\Samples\Browser\include\SampleBrowser.h(206,36): warning C4244: “初始化”: 从“double”转换到“Ogre::Real”，可能丢失数据
D:\ogre-git\ogre\ogre\Samples\Browser\include\SampleBrowser.h(207,92): warning C4244: “参数”: 从“double”转换到“Ogre::Real”，可能丢失数据
D:\ogre-git\ogre\ogre\Samples\Browser\include\SampleBrowser.h(207,38): warning C4244: “初始化”: 从“double”转换到“Ogre::Real”，可能丢失数据
D:\ogre-git\ogre\ogre\Samples\Browser\include\SampleBrowser.h(212,67): warning C4244: “参数”: 从“double”转换到“Ogre::Real”，可能丢失数据
D:\ogre-git\ogre\ogre\Samples\Browser\include\SampleBrowser.h(212,53): warning C4244: “参数”: 从“double”转换到“Ogre::Real”，可能丢失数据
D:\ogre-git\ogre\ogre\Samples\Browser\include\SampleBrowser.h(213,97): warning C4244: “参数”: 从“double”转换到“Ogre::Real”，可能丢失数据
D:\ogre-git\ogre\ogre\Samples\Browser\include\SampleBrowser.h(213,65): warning C4244: “参数”: 从“double”转换到“Ogre::Real”，可能丢失数据
D:\ogre-git\ogre\ogre\Samples\Browser\include\SampleBrowser.h(215,61): warning C4244: “参数”: 从“int”转换到“Ogre::Real”，可能丢失数据
D:\ogre-git\ogre\ogre\Samples\Browser\include\SampleBrowser.h(214,63): warning C4244: “参数”: 从“int”转换到“Ogre::Real”，可能丢失数据
D:\ogre-git\ogre\ogre\Samples\Browser\include\SampleBrowser.h(349,1): warning C4305: “+=”: 从“double”到“Ogre::Real”截断
D:\ogre-git\ogre\ogre\Samples\Browser\include\SampleBrowser.h(441,1): warning C4305: “=”: 从“double”到“Ogre::Real”截断
D:\ogre-git\ogre\ogre\Samples\Browser\include\SampleBrowser.h(446,131): warning C4244: “参数”: 从“Ogre::Real”转换到“unsigned int”，可能丢失数据
D:\ogre-git\ogre\ogre\Samples\Browser\include\SampleBrowser.h(451,71): warning C4244: “参数”: 从“int”转换到“Ogre::Real”，可能丢失数据
D:\ogre-git\ogre\ogre\Samples\Browser\include\SampleBrowser.h(504,60): warning C4244: “参数”: 从“Ogre::Real”转换到“size_t”，可能丢失数据
D:\ogre-git\ogre\ogre\Samples\Browser\include\SampleBrowser.h(553,1): warning C4267: “参数”: 从“size_t”转换到“T”，可能丢失数据
          with
          [
              T=int
          ]
D:\ogre-git\ogre\ogre\Samples\Browser\include\SampleBrowser.h(704,25): warning C4244: “=”: 从“float”转换到“int”，可能丢失数据
D:\ogre-git\ogre\ogre\Samples\Browser\include\SampleBrowser.h(705,25): warning C4244: “=”: 从“float”转换到“int”，可能丢失数据
D:\ogre-git\ogre\ogre\Samples\Browser\include\SampleBrowser.h(706,29): warning C4244: “=”: 从“float”转换到“int”，可能丢失数据
D:\ogre-git\ogre\ogre\Samples\Browser\include\SampleBrowser.h(707,29): warning C4244: “=”: 从“float”转换到“int”，可能丢失数据
D:\ogre-git\ogre\ogre\Samples\Browser\include\SampleBrowser.h(722,94): warning C4244: “参数”: 从“const int”转换到“Ogre::Real”，可能丢失数据
D:\ogre-git\ogre\ogre\Samples\Browser\include\SampleBrowser.h(722,30): warning C4244: “初始化”: 从“Ogre::Real”转换到“int”，可能丢失数据
D:\ogre-git\ogre\ogre\Samples\Browser\include\SampleBrowser.h(723,1): warning C4267: “参数”: 从“size_t”转换到“T”，可能丢失数据
          with
          [
              T=int
          ]
D:\ogre-git\ogre\ogre\Samples\Browser\include\SampleBrowser.h(1045,1): warning C4305: “=”: 从“double”到“Ogre::Real”截断
    正在创建库 D:/ogre-git/ogre/ogre/builds/lib/Debug/SampleBrowser_d.lib 和对象 D:/ogre-git/ogre/ogre/builds/lib/Debug/SampleBrowser_d.exp
  SampleBrowser.vcxproj -> D:\ogre-git\ogre\ogre\builds\bin\Debug\SampleBrowser_d.exe
