d:\ogre-git\ogre\ogre\builds\components\bites\ogrebites.dir\debug\ogrecameraman.obj
d:\ogre-git\ogre\ogre\builds\components\bites\ogrebites.dir\debug\ogreapplicationcontextbase.obj
d:\ogre-git\ogre\ogre\builds\components\bites\ogrebites.dir\debug\ogrewindoweventutilities.obj
d:\ogre-git\ogre\ogre\builds\components\bites\ogrebites.dir\debug\ogreadvancedrendercontrols.obj
d:\ogre-git\ogre\ogre\builds\components\bites\ogrebites.dir\debug\ogretrays.obj
d:\ogre-git\ogre\ogre\builds\components\bites\ogrebites.dir\debug\ogrewin32configdialog.obj
d:\ogre-git\ogre\ogre\builds\components\bites\ogrebites.dir\debug\ogrebitesconfigdialog.obj
d:\ogre-git\ogre\ogre\builds\components\bites\ogrebites.dir\debug\ogreapplicationcontextsdl.obj
d:\ogre-git\ogre\ogre\builds\components\bites\ogrebites.dir\debug\ogreimguiinputlistener.obj
d:\ogre-git\ogre\ogre\builds\components\bites\ogrebites.dir\debug\ogresgtechniqueresolverlistener.obj
d:\ogre-git\ogre\ogre\builds\components\bites\ogrebites.dir\debug\ogrestaticpluginloader.obj
d:\ogre-git\ogre\ogre\builds\components\bites\ogrebites.dir\debug\vc142.pdb
d:\ogre-git\ogre\ogre\builds\components\bites\ogrebites.dir\debug\ogrebites_d.ilk
d:\ogre-git\ogre\ogre\builds\bin\debug\ogrebites_d.dll
d:\ogre-git\ogre\ogre\builds\bin\debug\ogrebites_d.pdb
d:\ogre-git\ogre\ogre\builds\lib\debug\ogrebites_d.lib
d:\ogre-git\ogre\ogre\builds\lib\debug\ogrebites_d.exp
d:\ogre-git\ogre\ogre\builds\components\bites\ogrebites.dir\debug\ogrewin32resources.res
d:\ogre-git\ogre\ogre\builds\components\bites\ogrebites.dir\debug\ogrebites.tlog\cl.11064.write.1.tlog
d:\ogre-git\ogre\ogre\builds\components\bites\ogrebites.dir\debug\ogrebites.tlog\cl.command.1.tlog
d:\ogre-git\ogre\ogre\builds\components\bites\ogrebites.dir\debug\ogrebites.tlog\cl.read.1.tlog
d:\ogre-git\ogre\ogre\builds\components\bites\ogrebites.dir\debug\ogrebites.tlog\link.command.1.tlog
d:\ogre-git\ogre\ogre\builds\components\bites\ogrebites.dir\debug\ogrebites.tlog\link.read.1.tlog
d:\ogre-git\ogre\ogre\builds\components\bites\ogrebites.dir\debug\ogrebites.tlog\link.write.1.tlog
d:\ogre-git\ogre\ogre\builds\components\bites\ogrebites.dir\debug\ogrebites.tlog\ogrebites.write.1u.tlog
d:\ogre-git\ogre\ogre\builds\components\bites\ogrebites.dir\debug\ogrebites.tlog\rc.command.1.tlog
d:\ogre-git\ogre\ogre\builds\components\bites\ogrebites.dir\debug\ogrebites.tlog\rc.read.1.tlog
d:\ogre-git\ogre\ogre\builds\components\bites\ogrebites.dir\debug\ogrebites.tlog\rc.write.1.tlog
