  OgreAdvancedRenderControls.cpp
  OgreApplicationContextBase.cpp
  OgreBitesConfigDialog.cpp
  OgreCameraMan.cpp
  OgreSGTechniqueResolverListener.cpp
  OgreStaticPluginLoader.cpp
  OgreTrays.cpp
  OgreWindowEventUtilities.cpp
  OgreApplicationContextSDL.cpp
D:\ogre-git\ogre\ogre\OgreMain\include\OgreCommon.h(1,1): warning C4819: 该文件包含不能在当前代码页(936)中表示的字符。请将该文件保存为 Unicode 格式以防止数据丢失 (编译源文件 D:\ogre-git\ogre\ogre\Components\Bites\src\OgreApplicationContextBase.cpp)
  OgreWIN32ConfigDialog.cpp
D:\ogre-git\ogre\ogre\OgreMain\include\OgreCommon.h(1,1): warning C4819: 该文件包含不能在当前代码页(936)中表示的字符。请将该文件保存为 Unicode 格式以防止数据丢失 (编译源文件 D:\ogre-git\ogre\ogre\Components\Bites\src\OgreAdvancedRenderControls.cpp)
D:\ogre-git\ogre\ogre\OgreMain\include\OgreGpuProgramParams.h(678,1): warning C4819: 该文件包含不能在当前代码页(936)中表示的字符。请将该文件保存为 Unicode 格式以防止数据丢失 (编译源文件 D:\ogre-git\ogre\ogre\Components\Bites\src\OgreApplicationContextBase.cpp)
D:\ogre-git\ogre\ogre\Components\RTShaderSystem\include\OgreShaderParameter.h(339,43): warning C4267: “return”: 从“size_t”转换到“Ogre::uint32”，可能丢失数据 (编译源文件 D:\ogre-git\ogre\ogre\Components\Bites\src\OgreApplicationContextBase.cpp)
D:\ogre-git\ogre\ogre\OgreMain\include\OgreCommon.h(1,1): warning C4819: 该文件包含不能在当前代码页(936)中表示的字符。请将该文件保存为 Unicode 格式以防止数据丢失 (编译源文件 D:\ogre-git\ogre\ogre\Components\Bites\src\OgreCameraMan.cpp)
  OgreImGuiInputListener.cpp
D:\ogre-git\ogre\ogre\OgreMain\include\OgreGpuProgramParams.h(678,1): warning C4819: 该文件包含不能在当前代码页(936)中表示的字符。请将该文件保存为 Unicode 格式以防止数据丢失 (编译源文件 D:\ogre-git\ogre\ogre\Components\Bites\src\OgreAdvancedRenderControls.cpp)
D:\ogre-git\ogre\ogre\OgreMain\include\OgreCommon.h(1,1): warning C4819: 该文件包含不能在当前代码页(936)中表示的字符。请将该文件保存为 Unicode 格式以防止数据丢失 (编译源文件 D:\ogre-git\ogre\ogre\Components\Bites\src\OgreSGTechniqueResolverListener.cpp)
D:\ogre-git\ogre\ogre\OgreMain\include\OgreCommon.h(1,1): warning C4819: 该文件包含不能在当前代码页(936)中表示的字符。请将该文件保存为 Unicode 格式以防止数据丢失 (编译源文件 D:\ogre-git\ogre\ogre\Components\Bites\src\OgreApplicationContextSDL.cpp)
D:\ogre-git\ogre\ogre\OgreMain\include\OgrePass.h(643,1): warning C4819: 该文件包含不能在当前代码页(936)中表示的字符。请将该文件保存为 Unicode 格式以防止数据丢失 (编译源文件 D:\ogre-git\ogre\ogre\Components\Bites\src\OgreApplicationContextBase.cpp)
D:\ogre-git\ogre\ogre\OgreMain\include\OgreCommon.h(1,1): warning C4819: 该文件包含不能在当前代码页(936)中表示的字符。请将该文件保存为 Unicode 格式以防止数据丢失 (编译源文件 D:\ogre-git\ogre\ogre\Components\Bites\src\OgreWindowEventUtilities.cpp)
D:\ogre-git\ogre\ogre\OgreMain\include\OgreCommon.h(1,1): warning C4819: 该文件包含不能在当前代码页(936)中表示的字符。请将该文件保存为 Unicode 格式以防止数据丢失 (编译源文件 D:\ogre-git\ogre\ogre\Components\Bites\src\OgreTrays.cpp)
D:\ogre-git\ogre\ogre\OgreMain\include\OgreCommon.h(1,1): warning C4819: 该文件包含不能在当前代码页(936)中表示的字符。请将该文件保存为 Unicode 格式以防止数据丢失 (编译源文件 D:\ogre-git\ogre\ogre\Components\Bites\src\OgreStaticPluginLoader.cpp)
D:\ogre-git\ogre\ogre\OgreMain\include\OgreGpuProgramParams.h(678,1): warning C4819: 该文件包含不能在当前代码页(936)中表示的字符。请将该文件保存为 Unicode 格式以防止数据丢失 (编译源文件 D:\ogre-git\ogre\ogre\Components\Bites\src\OgreCameraMan.cpp)
D:\ogre-git\ogre\ogre\OgreMain\include\OgreGpuProgramParams.h(678,1): warning C4819: 该文件包含不能在当前代码页(936)中表示的字符。请将该文件保存为 Unicode 格式以防止数据丢失 (编译源文件 D:\ogre-git\ogre\ogre\Components\Bites\src\OgreApplicationContextSDL.cpp)
D:\ogre-git\ogre\ogre\OgreMain\include\OgreGpuProgramParams.h(678,1): warning C4819: 该文件包含不能在当前代码页(936)中表示的字符。请将该文件保存为 Unicode 格式以防止数据丢失 (编译源文件 D:\ogre-git\ogre\ogre\Components\Bites\src\OgreTrays.cpp)
D:\ogre-git\ogre\ogre\Components\RTShaderSystem\include\OgreShaderParameter.h(339,43): warning C4267: “return”: 从“size_t”转换到“Ogre::uint32”，可能丢失数据 (编译源文件 D:\ogre-git\ogre\ogre\Components\Bites\src\OgreApplicationContextSDL.cpp)
D:\ogre-git\ogre\ogre\OgreMain\include\OgrePass.h(643,1): warning C4819: 该文件包含不能在当前代码页(936)中表示的字符。请将该文件保存为 Unicode 格式以防止数据丢失 (编译源文件 D:\ogre-git\ogre\ogre\Components\Bites\src\OgreAdvancedRenderControls.cpp)
D:\ogre-git\ogre\ogre\OgreMain\include\OgreGpuProgramParams.h(678,1): warning C4819: 该文件包含不能在当前代码页(936)中表示的字符。请将该文件保存为 Unicode 格式以防止数据丢失 (编译源文件 D:\ogre-git\ogre\ogre\Components\Bites\src\OgreSGTechniqueResolverListener.cpp)
D:\ogre-git\ogre\ogre\Components\RTShaderSystem\include\OgreShaderParameter.h(339,43): warning C4267: “return”: 从“size_t”转换到“Ogre::uint32”，可能丢失数据 (编译源文件 D:\ogre-git\ogre\ogre\Components\Bites\src\OgreSGTechniqueResolverListener.cpp)
D:\ogre-git\ogre\ogre\Components\RTShaderSystem\include\OgreShaderFunctionAtom.h(185,60): warning C4244: “参数”: 从“int”转换到“float”，可能丢失数据 (编译源文件 D:\ogre-git\ogre\ogre\Components\Bites\src\OgreApplicationContextBase.cpp)
D:\ogre-git\ogre\ogre\OgreMain\include\OgreGpuProgramParams.h(678,1): warning C4819: 该文件包含不能在当前代码页(936)中表示的字符。请将该文件保存为 Unicode 格式以防止数据丢失 (编译源文件 D:\ogre-git\ogre\ogre\Components\Bites\src\OgreStaticPluginLoader.cpp)
D:\ogre-git\ogre\ogre\OgreMain\include\OgrePass.h(643,1): warning C4819: 该文件包含不能在当前代码页(936)中表示的字符。请将该文件保存为 Unicode 格式以防止数据丢失 (编译源文件 D:\ogre-git\ogre\ogre\Components\Bites\src\OgreApplicationContextSDL.cpp)
D:\ogre-git\ogre\ogre\OgreMain\include\OgreCommon.h(1,1): warning C4819: 该文件包含不能在当前代码页(936)中表示的字符。请将该文件保存为 Unicode 格式以防止数据丢失 (编译源文件 D:\ogre-git\ogre\ogre\Components\Bites\src\OgreWIN32ConfigDialog.cpp)
D:\ogre-git\ogre\ogre\OgreMain\include\OgrePass.h(643,1): warning C4819: 该文件包含不能在当前代码页(936)中表示的字符。请将该文件保存为 Unicode 格式以防止数据丢失 (编译源文件 D:\ogre-git\ogre\ogre\Components\Bites\src\OgreStaticPluginLoader.cpp)
D:\ogre-git\ogre\ogre\OgreMain\include\OgrePass.h(643,1): warning C4819: 该文件包含不能在当前代码页(936)中表示的字符。请将该文件保存为 Unicode 格式以防止数据丢失 (编译源文件 D:\ogre-git\ogre\ogre\Components\Bites\src\OgreTrays.cpp)
D:\ogre-git\ogre\ogre\OgreMain\include\OgreGpuProgramParams.h(678,1): warning C4819: 该文件包含不能在当前代码页(936)中表示的字符。请将该文件保存为 Unicode 格式以防止数据丢失 (编译源文件 D:\ogre-git\ogre\ogre\Components\Bites\src\OgreWIN32ConfigDialog.cpp)
D:\ogre-git\ogre\ogre\OgreMain\include\OgrePass.h(643,1): warning C4819: 该文件包含不能在当前代码页(936)中表示的字符。请将该文件保存为 Unicode 格式以防止数据丢失 (编译源文件 D:\ogre-git\ogre\ogre\Components\Bites\src\OgreCameraMan.cpp)
D:\ogre-git\ogre\ogre\Components\RTShaderSystem\include\OgreShaderParameter.h(339,43): warning C4267: “return”: 从“size_t”转换到“Ogre::uint32”，可能丢失数据 (编译源文件 D:\ogre-git\ogre\ogre\Components\Bites\src\OgreAdvancedRenderControls.cpp)
D:\ogre-git\ogre\ogre\OgreMain\include\OgrePass.h(643,1): warning C4819: 该文件包含不能在当前代码页(936)中表示的字符。请将该文件保存为 Unicode 格式以防止数据丢失 (编译源文件 D:\ogre-git\ogre\ogre\Components\Bites\src\OgreSGTechniqueResolverListener.cpp)
D:\ogre-git\ogre\ogre\Components\Bites\src\OgreImGuiInputListener.cpp(159,52): warning C4244: “参数”: 从“const int”转换到“Ogre::Real”，可能丢失数据
D:\ogre-git\ogre\ogre\Components\Bites\src\OgreImGuiInputListener.cpp(167,35): warning C4244: “参数”: 从“const int”转换到“float”，可能丢失数据
D:\ogre-git\ogre\ogre\Components\Bites\src\OgreImGuiInputListener.cpp(167,28): warning C4244: “参数”: 从“const int”转换到“float”，可能丢失数据
D:\ogre-git\ogre\ogre\Components\RTShaderSystem\include\OgreShaderFunctionAtom.h(185,60): warning C4244: “参数”: 从“int”转换到“float”，可能丢失数据 (编译源文件 D:\ogre-git\ogre\ogre\Components\Bites\src\OgreAdvancedRenderControls.cpp)
D:\ogre-git\ogre\ogre\OgreMain\include\OgrePass.h(643,1): warning C4819: 该文件包含不能在当前代码页(936)中表示的字符。请将该文件保存为 Unicode 格式以防止数据丢失 (编译源文件 D:\ogre-git\ogre\ogre\Components\Bites\src\OgreWIN32ConfigDialog.cpp)
D:\ogre-git\ogre\ogre\Components\Bites\src\OgreCameraMan.cpp(199,91): warning C4244: “参数”: 从“const int”转换到“T”，可能丢失数据
          with
          [
              T=Ogre::Real
          ]
D:\ogre-git\ogre\ogre\Components\Bites\src\OgreCameraMan.cpp(199,77): warning C4244: “参数”: 从“const int”转换到“T”，可能丢失数据
          with
          [
              T=Ogre::Real
          ]
D:\ogre-git\ogre\ogre\Components\Bites\src\OgreTrays.cpp(91,26): warning C4244: “return”: 从“unsigned int”转换到“Ogre::Real”，可能丢失数据
D:\ogre-git\ogre\ogre\Components\Bites\src\OgreTrays.cpp(323,44): warning C4244: “参数”: 从“int”转换到“Ogre::Real”，可能丢失数据
D:\ogre-git\ogre\ogre\Components\Bites\src\OgreTrays.cpp(342,53): warning C4244: “参数”: 从“T”转换到“Ogre::Real”，可能丢失数据
          with
          [
              T=int
          ]
D:\ogre-git\ogre\ogre\Components\Bites\src\OgreTrays.cpp(357,53): warning C4244: “参数”: 从“T”转换到“Ogre::Real”，可能丢失数据
          with
          [
              T=int
          ]
D:\ogre-git\ogre\ogre\Components\RTShaderSystem\include\OgreShaderFunctionAtom.h(185,60): warning C4244: “参数”: 从“int”转换到“float”，可能丢失数据 (编译源文件 D:\ogre-git\ogre\ogre\Components\Bites\src\OgreApplicationContextSDL.cpp)
D:\ogre-git\ogre\ogre\Components\Bites\src\OgreTrays.cpp(600,61): warning C4244: “参数”: 从“T”转换到“Ogre::Real”，可能丢失数据
          with
          [
              T=int
          ]
D:\ogre-git\ogre\ogre\Components\Bites\src\OgreTrays.cpp(657,75): warning C4244: “参数”: 从“int”转换到“Ogre::Real”，可能丢失数据
D:\ogre-git\ogre\ogre\Components\Bites\src\OgreTrays.cpp(675,57): warning C4244: “参数”: 从“T”转换到“Ogre::Real”，可能丢失数据
          with
          [
              T=int
          ]
D:\ogre-git\ogre\ogre\Components\Bites\src\OgreTrays.cpp(686,66): warning C4244: “参数”: 从“int”转换到“Ogre::Real”，可能丢失数据
D:\ogre-git\ogre\ogre\Components\Bites\src\OgreTrays.cpp(870,91): warning C4244: “参数”: 从“int”转换到“Ogre::Real”，可能丢失数据
D:\ogre-git\ogre\ogre\Components\Bites\src\OgreTrays.cpp(898,48): warning C4244: “参数”: 从“T”转换到“Ogre::Real”，可能丢失数据
          with
          [
              T=int
          ]
D:\ogre-git\ogre\ogre\Components\Bites\src\OgreTrays.cpp(908,79): warning C4244: “参数”: 从“int”转换到“Ogre::Real”，可能丢失数据
D:\ogre-git\ogre\ogre\Components\Bites\src\OgreTrays.cpp(921,48): warning C4244: “参数”: 从“T”转换到“Ogre::Real”，可能丢失数据
          with
          [
              T=int
          ]
D:\ogre-git\ogre\ogre\Components\Bites\src\OgreTrays.cpp(1125,34): warning C4244: “参数”: 从“const _Ty”转换到“Ogre::Real”，可能丢失数据
          with
          [
              _Ty=int
          ]
D:\ogre-git\ogre\ogre\Components\Bites\src\OgreTrays.cpp(1135,27): warning C4146: 一元负运算符应用于无符号类型，结果仍为无符号类型
D:\ogre-git\ogre\ogre\Components\Bites\src\OgreTrays.cpp(1318,35): warning C4244: “=”: 从“const _Ty”转换到“Ogre::Real”，可能丢失数据
          with
          [
              _Ty=int
          ]
D:\ogre-git\ogre\ogre\Components\Bites\src\OgreTrays.cpp(1324,35): warning C4244: “=”: 从“const _Ty”转换到“Ogre::Real”，可能丢失数据
          with
          [
              _Ty=int
          ]
D:\ogre-git\ogre\ogre\Components\Bites\src\OgreTrays.cpp(1330,33): warning C4244: “=”: 从“const _Ty”转换到“Ogre::Real”，可能丢失数据
          with
          [
              _Ty=int
          ]
D:\ogre-git\ogre\ogre\Components\Bites\src\OgreTrays.cpp(1372,61): warning C4244: “参数”: 从“int”转换到“Ogre::Real”，可能丢失数据
D:\ogre-git\ogre\ogre\Components\Bites\src\OgreTrays.cpp(1372,43): warning C4244: “参数”: 从“int”转换到“Ogre::Real”，可能丢失数据
D:\ogre-git\ogre\ogre\Components\Bites\src\OgreTrays.cpp(1373,67): warning C4244: “参数”: 从“int”转换到“Ogre::Real”，可能丢失数据
D:\ogre-git\ogre\ogre\Components\Bites\src\OgreTrays.cpp(1373,46): warning C4244: “参数”: 从“int”转换到“Ogre::Real”，可能丢失数据
D:\ogre-git\ogre\ogre\Components\Bites\src\OgreTrays.cpp(1399,45): warning C4244: “参数”: 从“int”转换到“Ogre::Real”，可能丢失数据
D:\ogre-git\ogre\ogre\Components\Bites\src\OgreTrays.cpp(1400,39): warning C4244: “参数”: 从“int”转换到“Ogre::Real”，可能丢失数据
D:\ogre-git\ogre\ogre\Components\Bites\src\OgreTrays.cpp(1421,81): warning C4244: “参数”: 从“int”转换到“Ogre::Real”，可能丢失数据
D:\ogre-git\ogre\ogre\Components\Bites\src\OgreTrays.cpp(1421,55): warning C4244: “参数”: 从“int”转换到“Ogre::Real”，可能丢失数据
D:\ogre-git\ogre\ogre\Components\Bites\src\OgreTrays.cpp(1422,87): warning C4244: “参数”: 从“int”转换到“Ogre::Real”，可能丢失数据
D:\ogre-git\ogre\ogre\Components\Bites\src\OgreTrays.cpp(1422,58): warning C4244: “参数”: 从“int”转换到“Ogre::Real”，可能丢失数据
D:\ogre-git\ogre\ogre\Components\Bites\src\OgreTrays.cpp(1823,36): warning C4267: “+=”: 从“size_t”转换到“unsigned int”，可能丢失数据
D:\ogre-git\ogre\ogre\Components\Bites\src\OgreTrays.cpp(1929,31): warning C4244: “初始化”: 从“uint64_t”转换到“unsigned long”，可能丢失数据
D:\ogre-git\ogre\ogre\Components\Bites\src\OgreTrays.cpp(1975,31): warning C4244: “初始化”: 从“uint64_t”转换到“unsigned long”，可能丢失数据
D:\ogre-git\ogre\ogre\Components\Bites\src\OgreTrays.cpp(2136,42): warning C4244: “参数”: 从“const int”转换到“T”，可能丢失数据
          with
          [
              T=Ogre::Real
          ]
D:\ogre-git\ogre\ogre\Components\Bites\src\OgreTrays.cpp(2136,35): warning C4244: “参数”: 从“const int”转换到“T”，可能丢失数据
          with
          [
              T=Ogre::Real
          ]
D:\ogre-git\ogre\ogre\Components\Bites\src\OgreTrays.cpp(2179,52): warning C4244: “参数”: 从“const int”转换到“float”，可能丢失数据
D:\ogre-git\ogre\ogre\Components\Bites\src\OgreTrays.cpp(2194,54): warning C4244: “参数”: 从“unsigned int”转换到“Ogre::Real”，可能丢失数据
D:\ogre-git\ogre\ogre\Components\Bites\src\OgreTrays.cpp(2193,55): warning C4244: “参数”: 从“unsigned int”转换到“Ogre::Real”，可能丢失数据
D:\ogre-git\ogre\ogre\Components\RTShaderSystem\include\OgreShaderFunctionAtom.h(185,60): warning C4244: “参数”: 从“int”转换到“float”，可能丢失数据 (编译源文件 D:\ogre-git\ogre\ogre\Components\Bites\src\OgreSGTechniqueResolverListener.cpp)
D:\ogre-git\ogre\ogre\Components\Bites\src\OgreWIN32ConfigDialog.cpp(163,34): warning C4244: “=”: 从“LRESULT”转换到“int”，可能丢失数据
D:\ogre-git\ogre\ogre\Components\Bites\src\OgreWIN32ConfigDialog.cpp(170,38): warning C4244: “=”: 从“LRESULT”转换到“int”，可能丢失数据
D:\ogre-git\ogre\ogre\Components\Bites\src\OgreWIN32ConfigDialog.cpp(202,38): warning C4244: “=”: 从“LRESULT”转换到“int”，可能丢失数据
D:\ogre-git\ogre\ogre\Components\Bites\src\OgreWIN32ConfigDialog.cpp(238,38): warning C4244: “=”: 从“LRESULT”转换到“int”，可能丢失数据
D:\ogre-git\ogre\ogre\Components\Bites\src\OgreWIN32ConfigDialog.cpp(245,38): warning C4244: “=”: 从“LRESULT”转换到“int”，可能丢失数据
D:\ogre-git\ogre\ogre\Components\Bites\src\OgreWIN32ConfigDialog.cpp(327,13): warning C4244: “=”: 从“INT_PTR”转换到“int”，可能丢失数据
D:\ogre-git\ogre\ogre\Components\Bites\src\SDLInputMapping.h(65,46): warning C4244: “=”: 从“const SDL_FingerID”转换到“int”，可能丢失数据 (编译源文件 D:\ogre-git\ogre\ogre\Components\Bites\src\OgreApplicationContextSDL.cpp)
    正在创建库 D:/ogre-git/ogre/ogre/builds/lib/Debug/OgreBites_d.lib 和对象 D:/ogre-git/ogre/ogre/builds/lib/Debug/OgreBites_d.exp
  OgreBites.vcxproj -> D:\ogre-git\ogre\ogre\builds\bin\Debug\OgreBites_d.dll
