d:\ogre-git\ogre\ogre\builds\plugins\octreescenemanager\plugin_octreescenemanager.dir\debug\ogreoctreeplugin.obj
d:\ogre-git\ogre\ogre\builds\plugins\octreescenemanager\plugin_octreescenemanager.dir\debug\ogreoctree.obj
d:\ogre-git\ogre\ogre\builds\plugins\octreescenemanager\plugin_octreescenemanager.dir\debug\ogreoctreescenemanagerdll.obj
d:\ogre-git\ogre\ogre\builds\plugins\octreescenemanager\plugin_octreescenemanager.dir\debug\ogreoctreescenemanager.obj
d:\ogre-git\ogre\ogre\builds\plugins\octreescenemanager\plugin_octreescenemanager.dir\debug\ogreoctreescenequery.obj
d:\ogre-git\ogre\ogre\builds\plugins\octreescenemanager\plugin_octreescenemanager.dir\debug\ogreoctreenode.obj
d:\ogre-git\ogre\ogre\builds\plugins\octreescenemanager\plugin_octreescenemanager.dir\debug\ogreoctreecamera.obj
d:\ogre-git\ogre\ogre\builds\plugins\octreescenemanager\plugin_octreescenemanager.dir\debug\vc142.pdb
d:\ogre-git\ogre\ogre\builds\plugins\octreescenemanager\plugin_octreescenemanager.dir\debug\plugin_octreescenemanager_d.ilk
d:\ogre-git\ogre\ogre\builds\bin\debug\plugin_octreescenemanager_d.dll
d:\ogre-git\ogre\ogre\builds\bin\debug\plugin_octreescenemanager_d.pdb
d:\ogre-git\ogre\ogre\builds\lib\debug\plugin_octreescenemanager_d.lib
d:\ogre-git\ogre\ogre\builds\lib\debug\plugin_octreescenemanager_d.exp
d:\ogre-git\ogre\ogre\builds\plugins\octreescenemanager\plugin_octreescenemanager.dir\debug\plugin_o.6f794f3b.tlog\cl.20696.write.1.tlog
d:\ogre-git\ogre\ogre\builds\plugins\octreescenemanager\plugin_octreescenemanager.dir\debug\plugin_o.6f794f3b.tlog\cl.command.1.tlog
d:\ogre-git\ogre\ogre\builds\plugins\octreescenemanager\plugin_octreescenemanager.dir\debug\plugin_o.6f794f3b.tlog\cl.read.1.tlog
d:\ogre-git\ogre\ogre\builds\plugins\octreescenemanager\plugin_octreescenemanager.dir\debug\plugin_o.6f794f3b.tlog\link.command.1.tlog
d:\ogre-git\ogre\ogre\builds\plugins\octreescenemanager\plugin_octreescenemanager.dir\debug\plugin_o.6f794f3b.tlog\link.read.1.tlog
d:\ogre-git\ogre\ogre\builds\plugins\octreescenemanager\plugin_octreescenemanager.dir\debug\plugin_o.6f794f3b.tlog\link.write.1.tlog
d:\ogre-git\ogre\ogre\builds\plugins\octreescenemanager\plugin_octreescenemanager.dir\debug\plugin_o.6f794f3b.tlog\plugin_octreescenemanager.write.1u.tlog
