  VRML2mesh.cpp
  commentstream.cpp
  file.cpp
  indexed_face_set.cpp
  node.cpp
  nodes.cpp
  types.cpp
D:\ogre-git\ogre\ogre\Tools\VRMLConverter\vrmllib\src\indexed_face_set.cpp(121,53): warning C4267: “=”: 从“size_t”转换到“unsigned int”，可能丢失数据
D:\ogre-git\ogre\ogre\Tools\VRMLConverter\vrmllib\src\indexed_face_set.cpp(122,57): warning C4267: “参数”: 从“size_t”转换到“_Ty”，可能丢失数据
          with
          [
              _Ty=unsigned int
          ]
D:\ogre-git\ogre\ogre\OgreMain\include\OgreCommon.h(1,1): warning C4819: 该文件包含不能在当前代码页(936)中表示的字符。请将该文件保存为 Unicode 格式以防止数据丢失 (编译源文件 D:\ogre-git\ogre\ogre\Tools\VRMLConverter\src\VRML2mesh.cpp)
D:\ogre-git\ogre\ogre\Tools\VRMLConverter\vrmllib\src\nodes.cpp(109,1): warning C4305: “初始化”: 从“double”到“float”截断
D:\ogre-git\ogre\ogre\Tools\VRMLConverter\vrmllib\src\nodes.cpp(138,1): warning C4305: “初始化”: 从“double”到“float”截断
D:\ogre-git\ogre\ogre\OgreMain\include\OgreGpuProgramParams.h(678,1): warning C4819: 该文件包含不能在当前代码页(936)中表示的字符。请将该文件保存为 Unicode 格式以防止数据丢失 (编译源文件 D:\ogre-git\ogre\ogre\Tools\VRMLConverter\src\VRML2mesh.cpp)
D:\ogre-git\ogre\ogre\OgreMain\include\OgrePass.h(643,1): warning C4819: 该文件包含不能在当前代码页(936)中表示的字符。请将该文件保存为 Unicode 格式以防止数据丢失 (编译源文件 D:\ogre-git\ogre\ogre\Tools\VRMLConverter\src\VRML2mesh.cpp)
D:\ogre-git\ogre\ogre\OgreMain\include\OgreWorkQueue.h(194,91): warning C4244: “参数”: 从“Ogre::uint64”转换到“unsigned long”，可能丢失数据 (编译源文件 D:\ogre-git\ogre\ogre\Tools\VRMLConverter\src\VRML2mesh.cpp)
D:\ogre-git\ogre\ogre\Tools\VRMLConverter\src\VRML2mesh.cpp(331,36): warning C4267: “初始化”: 从“size_t”转换到“int”，可能丢失数据
D:\ogre-git\ogre\ogre\Tools\VRMLConverter\src\VRML2mesh.cpp(332,34): warning C4267: “初始化”: 从“size_t”转换到“int”，可能丢失数据
D:\ogre-git\ogre\ogre\Tools\VRMLConverter\src\VRML2mesh.cpp(428,20): warning C4244: “初始化”: 从“__int64”转换到“int”，可能丢失数据
D:\ogre-git\ogre\ogre\Tools\VRMLConverter\src\VRML2mesh.cpp(431,27): warning C4244: “初始化”: 从“__int64”转换到“int”，可能丢失数据
D:\ogre-git\ogre\ogre\Tools\VRMLConverter\src\VRML2mesh.cpp(449,39): warning C4267: “=”: 从“size_t”转换到“int”，可能丢失数据
D:\ogre-git\ogre\ogre\Tools\VRMLConverter\src\VRML2mesh.cpp(517,35): warning C4244: “参数”: 从“__int64”转换到“_Ty”，可能丢失数据
          with
          [
              _Ty=int
          ]
  VRMLConverter.vcxproj -> D:\ogre-git\ogre\ogre\builds\bin\Debug\VRMLConverter_d.exe
